Packages & system versions:
----------------------------------------------------------------------
display :  	NVRM version: NVIDIA UNIX x86_64 Kernel Module  450.36.06  Mon Jun  1 23:19:54 UTC 2020
	GCC version:  gcc version 4.8.5 20150623 (Red Hat 4.8.5-39) (GCC)
cuda :  NA
cudnn :  7605
platform :  Linux-3.10.0-1127.8.2.el7.x86_64-x86_64-with-glibc2.10
python :  (3, 8, 2)
torch :  1.5.0
numpy :  1.18.1
h5py :  2.10.0
json :  2.0.9
ortools :  7.6.7691
torchvision :  0.6.0a0+82fd1c8

root
datasets
splits
train
verbose
output_dir
l2_req
lr_epochs
lr
Parameters:
----------------------------------------------------------------------
[0] cuda_device: 0
[1] datasets: ['../SUM-GAN-AAE/data/SumMe/summe_i3d_mixed5c_aligned.h5', '../SUM-GAN-AAE/data/TVSum/tvsum_i3d_mixed5c_aligned.h5']
[2] epochs_max: 300
[3] l2_req: 1e-05
[4] lr: [5e-05]
[5] lr_epochs: [0]
[6] max_summary_length: 0.15
[7] output_dir: i3d_features--lr=5e-05--l2_req=1e-05
[8] root: 
[9] splits: ['splits/tvsum_splits.json', 'splits/summe_splits.json', 'splits/tvsum_aug_splits.json', 'splits/summe_aug_splits.json']
[10] train: True
[11] train_batch_size: 1
[12] use_cuda: True
[13] verbose: False

tvsum  [{'test_keys': ['video_10', 'video_20', 'video_23', 'video_29', 'video_3', 'video_32', 'video_33', 'video_35', 'video_37', 'video_41'], 'train_keys': ['video_1', 'video_11', 'video_12', 'video_13', 'video_14', 'video_15', 'video_16', 'video_17', 'video_18', 'video_19', 'video_2', 'video_21', 'video_22', 'video_24', 'video_25', 'video_26', 'video_27', 'video_28', 'video_30', 'video_31', 'video_34', 'video_36', 'video_38', 'video_39', 'video_4', 'video_40', 'video_42', 'video_43', 'video_44', 'video_45', 'video_46', 'video_47', 'video_48', 'video_49', 'video_5', 'video_50', 'video_6', 'video_7', 'video_8', 'video_9']}, {'test_keys': ['video_14', 'video_29', 'video_35', 'video_36', 'video_38', 'video_41', 'video_45', 'video_46', 'video_5', 'video_6'], 'train_keys': ['video_1', 'video_10', 'video_11', 'video_12', 'video_13', 'video_15', 'video_16', 'video_17', 'video_18', 'video_19', 'video_2', 'video_20', 'video_21', 'video_22', 'video_23', 'video_24', 'video_25', 'video_26', 'video_27', 'video_28', 'video_3', 'video_30', 'video_31', 'video_32', 'video_33', 'video_34', 'video_37', 'video_39', 'video_4', 'video_40', 'video_42', 'video_43', 'video_44', 'video_47', 'video_48', 'video_49', 'video_50', 'video_7', 'video_8', 'video_9']}, {'test_keys': ['video_11', 'video_12', 'video_13', 'video_14', 'video_19', 'video_20', 'video_25', 'video_27', 'video_35', 'video_48'], 'train_keys': ['video_1', 'video_10', 'video_15', 'video_16', 'video_17', 'video_18', 'video_2', 'video_21', 'video_22', 'video_23', 'video_24', 'video_26', 'video_28', 'video_29', 'video_3', 'video_30', 'video_31', 'video_32', 'video_33', 'video_34', 'video_36', 'video_37', 'video_38', 'video_39', 'video_4', 'video_40', 'video_41', 'video_42', 'video_43', 'video_44', 'video_45', 'video_46', 'video_47', 'video_49', 'video_5', 'video_50', 'video_6', 'video_7', 'video_8', 'video_9']}, {'test_keys': ['video_25', 'video_31', 'video_33', 'video_35', 'video_39', 'video_4', 'video_45', 'video_49', 'video_5', 'video_7'], 'train_keys': ['video_1', 'video_10', 'video_11', 'video_12', 'video_13', 'video_14', 'video_15', 'video_16', 'video_17', 'video_18', 'video_19', 'video_2', 'video_20', 'video_21', 'video_22', 'video_23', 'video_24', 'video_26', 'video_27', 'video_28', 'video_29', 'video_3', 'video_30', 'video_32', 'video_34', 'video_36', 'video_37', 'video_38', 'video_40', 'video_41', 'video_42', 'video_43', 'video_44', 'video_46', 'video_47', 'video_48', 'video_50', 'video_6', 'video_8', 'video_9']}, {'test_keys': ['video_10', 'video_14', 'video_17', 'video_2', 'video_29', 'video_31', 'video_38', 'video_48', 'video_49', 'video_5'], 'train_keys': ['video_1', 'video_11', 'video_12', 'video_13', 'video_15', 'video_16', 'video_18', 'video_19', 'video_20', 'video_21', 'video_22', 'video_23', 'video_24', 'video_25', 'video_26', 'video_27', 'video_28', 'video_3', 'video_30', 'video_32', 'video_33', 'video_34', 'video_35', 'video_36', 'video_37', 'video_39', 'video_4', 'video_40', 'video_41', 'video_42', 'video_43', 'video_44', 'video_45', 'video_46', 'video_47', 'video_50', 'video_6', 'video_7', 'video_8', 'video_9']}]
tvsum
../SUM-GAN-AAE/data/SumMe/summe_i3d_mixed5c_aligned.h5
../SUM-GAN-AAE/data/TVSum/tvsum_i3d_mixed5c_aligned.h5
Setting CUDA device:  0
['../SUM-GAN-AAE/data/TVSum/tvsum_i3d_mixed5c_aligned.h5']
../SUM-GAN-AAE/data/TVSum/tvsum_i3d_mixed5c_aligned.h5
Loading: ../SUM-GAN-AAE/data/TVSum/tvsum_i3d_mixed5c_aligned.h5
Loading splits from:  splits/tvsum_splits.json
Selecting split:  0
tvsum
../SUM-GAN-AAE/data/SumMe/summe_i3d_mixed5c_aligned.h5
../SUM-GAN-AAE/data/TVSum/tvsum_i3d_mixed5c_aligned.h5
5e-05
Initializing VASNet model and optimizer...
Starting training...
Epoch: 0/300    Train loss: 0.13727   Test F-score avg/max: 0.46458/0.46458
Epoch: 1/300    Train loss: 0.11999   Test F-score avg/max: 0.46583/0.46583
Epoch: 2/300    Train loss: 0.09937   Test F-score avg/max: 0.48761/0.48761
Epoch: 3/300    Train loss: 0.08562   Test F-score avg/max: 0.51842/0.51842
Epoch: 4/300    Train loss: 0.07442   Test F-score avg/max: 0.52936/0.52936
Epoch: 5/300    Train loss: 0.06743   Test F-score avg/max: 0.54565/0.54565
Epoch: 6/300    Train loss: 0.06138   Test F-score avg/max: 0.54311/0.54565
Epoch: 7/300    Train loss: 0.05617   Test F-score avg/max: 0.54311/0.54565
Epoch: 8/300    Train loss: 0.05424   Test F-score avg/max: 0.56817/0.56817
Epoch: 9/300    Train loss: 0.05302   Test F-score avg/max: 0.56039/0.56817
Epoch: 10/300   Train loss: 0.04947   Test F-score avg/max: 0.5674/0.56817
Epoch: 11/300   Train loss: 0.04770   Test F-score avg/max: 0.56056/0.56817
Epoch: 12/300   Train loss: 0.04651   Test F-score avg/max: 0.56056/0.56817
Epoch: 13/300   Train loss: 0.04502   Test F-score avg/max: 0.55877/0.56817
Epoch: 14/300   Train loss: 0.04282   Test F-score avg/max: 0.55591/0.56817
Epoch: 15/300   Train loss: 0.04229   Test F-score avg/max: 0.54983/0.56817
Epoch: 16/300   Train loss: 0.04143   Test F-score avg/max: 0.53521/0.56817
Epoch: 17/300   Train loss: 0.04021   Test F-score avg/max: 0.52429/0.56817
Epoch: 18/300   Train loss: 0.03878   Test F-score avg/max: 0.55205/0.56817
Epoch: 19/300   Train loss: 0.03829   Test F-score avg/max: 0.54392/0.56817
Epoch: 20/300   Train loss: 0.03717   Test F-score avg/max: 0.54511/0.56817
Epoch: 21/300   Train loss: 0.03644   Test F-score avg/max: 0.54509/0.56817
Epoch: 22/300   Train loss: 0.03638   Test F-score avg/max: 0.53532/0.56817
Epoch: 23/300   Train loss: 0.03589   Test F-score avg/max: 0.52989/0.56817
Epoch: 24/300   Train loss: 0.03527   Test F-score avg/max: 0.54381/0.56817
Epoch: 25/300   Train loss: 0.03458   Test F-score avg/max: 0.53047/0.56817
Epoch: 26/300   Train loss: 0.03444   Test F-score avg/max: 0.53073/0.56817
Epoch: 27/300   Train loss: 0.03301   Test F-score avg/max: 0.5292/0.56817
Epoch: 28/300   Train loss: 0.03281   Test F-score avg/max: 0.53974/0.56817
Epoch: 29/300   Train loss: 0.03238   Test F-score avg/max: 0.55213/0.56817
Epoch: 30/300   Train loss: 0.03256   Test F-score avg/max: 0.5494/0.56817
Epoch: 31/300   Train loss: 0.03252   Test F-score avg/max: 0.54504/0.56817
Epoch: 32/300   Train loss: 0.03207   Test F-score avg/max: 0.54875/0.56817
Epoch: 33/300   Train loss: 0.03107   Test F-score avg/max: 0.54374/0.56817
Epoch: 34/300   Train loss: 0.03085   Test F-score avg/max: 0.54925/0.56817
Epoch: 35/300   Train loss: 0.02963   Test F-score avg/max: 0.53546/0.56817
Epoch: 36/300   Train loss: 0.02958   Test F-score avg/max: 0.53954/0.56817
Epoch: 37/300   Train loss: 0.02954   Test F-score avg/max: 0.53631/0.56817
Epoch: 38/300   Train loss: 0.02901   Test F-score avg/max: 0.5415/0.56817
Epoch: 39/300   Train loss: 0.02924   Test F-score avg/max: 0.54765/0.56817
Epoch: 40/300   Train loss: 0.02842   Test F-score avg/max: 0.54932/0.56817
Epoch: 41/300   Train loss: 0.02809   Test F-score avg/max: 0.53636/0.56817
Epoch: 42/300   Train loss: 0.02862   Test F-score avg/max: 0.54221/0.56817
Epoch: 43/300   Train loss: 0.02757   Test F-score avg/max: 0.54084/0.56817
Epoch: 44/300   Train loss: 0.02722   Test F-score avg/max: 0.55383/0.56817
Epoch: 45/300   Train loss: 0.02695   Test F-score avg/max: 0.53768/0.56817
Epoch: 46/300   Train loss: 0.02654   Test F-score avg/max: 0.53719/0.56817
Epoch: 47/300   Train loss: 0.02682   Test F-score avg/max: 0.53959/0.56817
Epoch: 48/300   Train loss: 0.02611   Test F-score avg/max: 0.53772/0.56817
Epoch: 49/300   Train loss: 0.02545   Test F-score avg/max: 0.53772/0.56817
Epoch: 50/300   Train loss: 0.02580   Test F-score avg/max: 0.5401/0.56817
Epoch: 51/300   Train loss: 0.02496   Test F-score avg/max: 0.5409/0.56817
Epoch: 52/300   Train loss: 0.02498   Test F-score avg/max: 0.54187/0.56817
Epoch: 53/300   Train loss: 0.02449   Test F-score avg/max: 0.54098/0.56817
Epoch: 54/300   Train loss: 0.02481   Test F-score avg/max: 0.53944/0.56817
Epoch: 55/300   Train loss: 0.02449   Test F-score avg/max: 0.53645/0.56817
Epoch: 56/300   Train loss: 0.02410   Test F-score avg/max: 0.53911/0.56817
Epoch: 57/300   Train loss: 0.02419   Test F-score avg/max: 0.54877/0.56817
Epoch: 58/300   Train loss: 0.02387   Test F-score avg/max: 0.54212/0.56817
Epoch: 59/300   Train loss: 0.02396   Test F-score avg/max: 0.54536/0.56817
Epoch: 60/300   Train loss: 0.02403   Test F-score avg/max: 0.53672/0.56817
Epoch: 61/300   Train loss: 0.02343   Test F-score avg/max: 0.54939/0.56817
Epoch: 62/300   Train loss: 0.02349   Test F-score avg/max: 0.54922/0.56817
Epoch: 63/300   Train loss: 0.02338   Test F-score avg/max: 0.54635/0.56817
Epoch: 64/300   Train loss: 0.02330   Test F-score avg/max: 0.54132/0.56817
Epoch: 65/300   Train loss: 0.02283   Test F-score avg/max: 0.53443/0.56817
Epoch: 66/300   Train loss: 0.02273   Test F-score avg/max: 0.56475/0.56817
Epoch: 67/300   Train loss: 0.02256   Test F-score avg/max: 0.54826/0.56817
Epoch: 68/300   Train loss: 0.02257   Test F-score avg/max: 0.55664/0.56817
Epoch: 69/300   Train loss: 0.02356   Test F-score avg/max: 0.55042/0.56817
Epoch: 70/300   Train loss: 0.02276   Test F-score avg/max: 0.53584/0.56817
Epoch: 71/300   Train loss: 0.02325   Test F-score avg/max: 0.54689/0.56817
Epoch: 72/300   Train loss: 0.02217   Test F-score avg/max: 0.55109/0.56817
Epoch: 73/300   Train loss: 0.02169   Test F-score avg/max: 0.54537/0.56817
Epoch: 74/300   Train loss: 0.02188   Test F-score avg/max: 0.54638/0.56817
Epoch: 75/300   Train loss: 0.02144   Test F-score avg/max: 0.54167/0.56817
Epoch: 76/300   Train loss: 0.02144   Test F-score avg/max: 0.5508/0.56817
Epoch: 77/300   Train loss: 0.02199   Test F-score avg/max: 0.53192/0.56817
Epoch: 78/300   Train loss: 0.02157   Test F-score avg/max: 0.5211/0.56817
Epoch: 79/300   Train loss: 0.02062   Test F-score avg/max: 0.53247/0.56817
Epoch: 80/300   Train loss: 0.02011   Test F-score avg/max: 0.53576/0.56817
Epoch: 81/300   Train loss: 0.02011   Test F-score avg/max: 0.53151/0.56817
Epoch: 82/300   Train loss: 0.01972   Test F-score avg/max: 0.53706/0.56817
Epoch: 83/300   Train loss: 0.01915   Test F-score avg/max: 0.54019/0.56817
Epoch: 84/300   Train loss: 0.01932   Test F-score avg/max: 0.53192/0.56817
Epoch: 85/300   Train loss: 0.01958   Test F-score avg/max: 0.55218/0.56817
Epoch: 86/300   Train loss: 0.01925   Test F-score avg/max: 0.53555/0.56817
Epoch: 87/300   Train loss: 0.01920   Test F-score avg/max: 0.53258/0.56817
Epoch: 88/300   Train loss: 0.01889   Test F-score avg/max: 0.55182/0.56817
Epoch: 89/300   Train loss: 0.01887   Test F-score avg/max: 0.5375/0.56817
Epoch: 90/300   Train loss: 0.01924   Test F-score avg/max: 0.53689/0.56817
Epoch: 91/300   Train loss: 0.01874   Test F-score avg/max: 0.53419/0.56817
Epoch: 92/300   Train loss: 0.01842   Test F-score avg/max: 0.53403/0.56817
Epoch: 93/300   Train loss: 0.01849   Test F-score avg/max: 0.5326/0.56817
Epoch: 94/300   Train loss: 0.01832   Test F-score avg/max: 0.51989/0.56817
Epoch: 95/300   Train loss: 0.01822   Test F-score avg/max: 0.52429/0.56817
Epoch: 96/300   Train loss: 0.01809   Test F-score avg/max: 0.5164/0.56817
Epoch: 97/300   Train loss: 0.01825   Test F-score avg/max: 0.54628/0.56817
Epoch: 98/300   Train loss: 0.01829   Test F-score avg/max: 0.53185/0.56817
Epoch: 99/300   Train loss: 0.01762   Test F-score avg/max: 0.5197/0.56817
Epoch: 100/300   Train loss: 0.01783   Test F-score avg/max: 0.5359/0.56817
Epoch: 101/300   Train loss: 0.01741   Test F-score avg/max: 0.5468/0.56817
Epoch: 102/300   Train loss: 0.01736   Test F-score avg/max: 0.53125/0.56817
Epoch: 103/300   Train loss: 0.01730   Test F-score avg/max: 0.53166/0.56817
Epoch: 104/300   Train loss: 0.01709   Test F-score avg/max: 0.54499/0.56817
Epoch: 105/300   Train loss: 0.01678   Test F-score avg/max: 0.53578/0.56817
Epoch: 106/300   Train loss: 0.01688   Test F-score avg/max: 0.51945/0.56817
Epoch: 107/300   Train loss: 0.01678   Test F-score avg/max: 0.52366/0.56817
Epoch: 108/300   Train loss: 0.01666   Test F-score avg/max: 0.53855/0.56817
Epoch: 109/300   Train loss: 0.01637   Test F-score avg/max: 0.54337/0.56817
Epoch: 110/300   Train loss: 0.01663   Test F-score avg/max: 0.51928/0.56817
Epoch: 111/300   Train loss: 0.01692   Test F-score avg/max: 0.52639/0.56817
Epoch: 112/300   Train loss: 0.01702   Test F-score avg/max: 0.51595/0.56817
Epoch: 113/300   Train loss: 0.01681   Test F-score avg/max: 0.53685/0.56817
Epoch: 114/300   Train loss: 0.01683   Test F-score avg/max: 0.5275/0.56817
Epoch: 115/300   Train loss: 0.01735   Test F-score avg/max: 0.53701/0.56817
Epoch: 116/300   Train loss: 0.01718   Test F-score avg/max: 0.53989/0.56817
Epoch: 117/300   Train loss: 0.01645   Test F-score avg/max: 0.53003/0.56817
Epoch: 118/300   Train loss: 0.01642   Test F-score avg/max: 0.53331/0.56817
Epoch: 119/300   Train loss: 0.01570   Test F-score avg/max: 0.51026/0.56817
Epoch: 120/300   Train loss: 0.01549   Test F-score avg/max: 0.52892/0.56817
Epoch: 121/300   Train loss: 0.01507   Test F-score avg/max: 0.51538/0.56817
Epoch: 122/300   Train loss: 0.01494   Test F-score avg/max: 0.52892/0.56817
Epoch: 123/300   Train loss: 0.01550   Test F-score avg/max: 0.52499/0.56817
Epoch: 124/300   Train loss: 0.01536   Test F-score avg/max: 0.51642/0.56817
Epoch: 125/300   Train loss: 0.01506   Test F-score avg/max: 0.53456/0.56817
Epoch: 126/300   Train loss: 0.01539   Test F-score avg/max: 0.51682/0.56817
Epoch: 127/300   Train loss: 0.01548   Test F-score avg/max: 0.53456/0.56817
Epoch: 128/300   Train loss: 0.01578   Test F-score avg/max: 0.51666/0.56817
Epoch: 129/300   Train loss: 0.01497   Test F-score avg/max: 0.5268/0.56817
Epoch: 130/300   Train loss: 0.01468   Test F-score avg/max: 0.5215/0.56817
Epoch: 131/300   Train loss: 0.01463   Test F-score avg/max: 0.52785/0.56817
Epoch: 132/300   Train loss: 0.01457   Test F-score avg/max: 0.50389/0.56817
Epoch: 133/300   Train loss: 0.01465   Test F-score avg/max: 0.53025/0.56817
Epoch: 134/300   Train loss: 0.01424   Test F-score avg/max: 0.51227/0.56817
Epoch: 135/300   Train loss: 0.01499   Test F-score avg/max: 0.51504/0.56817
Epoch: 136/300   Train loss: 0.01416   Test F-score avg/max: 0.53864/0.56817
Epoch: 137/300   Train loss: 0.01428   Test F-score avg/max: 0.51902/0.56817
Epoch: 138/300   Train loss: 0.01367   Test F-score avg/max: 0.51132/0.56817
Epoch: 139/300   Train loss: 0.01377   Test F-score avg/max: 0.50278/0.56817
Epoch: 140/300   Train loss: 0.01404   Test F-score avg/max: 0.51155/0.56817
Epoch: 141/300   Train loss: 0.01428   Test F-score avg/max: 0.50862/0.56817
Epoch: 142/300   Train loss: 0.01362   Test F-score avg/max: 0.51586/0.56817
Epoch: 143/300   Train loss: 0.01395   Test F-score avg/max: 0.53038/0.56817
Epoch: 144/300   Train loss: 0.01353   Test F-score avg/max: 0.54968/0.56817
Epoch: 145/300   Train loss: 0.01402   Test F-score avg/max: 0.52693/0.56817
Epoch: 146/300   Train loss: 0.01356   Test F-score avg/max: 0.52156/0.56817
Epoch: 147/300   Train loss: 0.01353   Test F-score avg/max: 0.49923/0.56817
Epoch: 148/300   Train loss: 0.01333   Test F-score avg/max: 0.53429/0.56817
Epoch: 149/300   Train loss: 0.01293   Test F-score avg/max: 0.51846/0.56817
Epoch: 150/300   Train loss: 0.01295   Test F-score avg/max: 0.50473/0.56817
Epoch: 151/300   Train loss: 0.01274   Test F-score avg/max: 0.50174/0.56817
Epoch: 152/300   Train loss: 0.01322   Test F-score avg/max: 0.52612/0.56817
Epoch: 153/300   Train loss: 0.01373   Test F-score avg/max: 0.50705/0.56817
Epoch: 154/300   Train loss: 0.01358   Test F-score avg/max: 0.53912/0.56817
Epoch: 155/300   Train loss: 0.01393   Test F-score avg/max: 0.50346/0.56817
Epoch: 156/300   Train loss: 0.01485   Test F-score avg/max: 0.51758/0.56817
Epoch: 157/300   Train loss: 0.01367   Test F-score avg/max: 0.52144/0.56817
Epoch: 158/300   Train loss: 0.01325   Test F-score avg/max: 0.51649/0.56817
Epoch: 159/300   Train loss: 0.01319   Test F-score avg/max: 0.51053/0.56817
Epoch: 160/300   Train loss: 0.01210   Test F-score avg/max: 0.50061/0.56817
Epoch: 161/300   Train loss: 0.01209   Test F-score avg/max: 0.50987/0.56817
Epoch: 162/300   Train loss: 0.01210   Test F-score avg/max: 0.51247/0.56817
Epoch: 163/300   Train loss: 0.01216   Test F-score avg/max: 0.50148/0.56817
Epoch: 164/300   Train loss: 0.01234   Test F-score avg/max: 0.50206/0.56817
Epoch: 165/300   Train loss: 0.01224   Test F-score avg/max: 0.50179/0.56817
Epoch: 166/300   Train loss: 0.01203   Test F-score avg/max: 0.49949/0.56817
Epoch: 167/300   Train loss: 0.01246   Test F-score avg/max: 0.50912/0.56817
Epoch: 168/300   Train loss: 0.01279   Test F-score avg/max: 0.52662/0.56817
Epoch: 169/300   Train loss: 0.01236   Test F-score avg/max: 0.50365/0.56817
Epoch: 170/300   Train loss: 0.01210   Test F-score avg/max: 0.50824/0.56817
Epoch: 171/300   Train loss: 0.01195   Test F-score avg/max: 0.50491/0.56817
Epoch: 172/300   Train loss: 0.01216   Test F-score avg/max: 0.51409/0.56817
Epoch: 173/300   Train loss: 0.01220   Test F-score avg/max: 0.5087/0.56817
Epoch: 174/300   Train loss: 0.01263   Test F-score avg/max: 0.52099/0.56817
Epoch: 175/300   Train loss: 0.01347   Test F-score avg/max: 0.51236/0.56817
Epoch: 176/300   Train loss: 0.01302   Test F-score avg/max: 0.51882/0.56817
Epoch: 177/300   Train loss: 0.01236   Test F-score avg/max: 0.5147/0.56817
Epoch: 178/300   Train loss: 0.01153   Test F-score avg/max: 0.49788/0.56817
Epoch: 179/300   Train loss: 0.01128   Test F-score avg/max: 0.5055/0.56817
Epoch: 180/300   Train loss: 0.01117   Test F-score avg/max: 0.50473/0.56817
Epoch: 181/300   Train loss: 0.01096   Test F-score avg/max: 0.50624/0.56817
Epoch: 182/300   Train loss: 0.01079   Test F-score avg/max: 0.51352/0.56817
Epoch: 183/300   Train loss: 0.01114   Test F-score avg/max: 0.52163/0.56817
Epoch: 184/300   Train loss: 0.01156   Test F-score avg/max: 0.5073/0.56817
Epoch: 185/300   Train loss: 0.01153   Test F-score avg/max: 0.52337/0.56817
Epoch: 186/300   Train loss: 0.01136   Test F-score avg/max: 0.5235/0.56817
Epoch: 187/300   Train loss: 0.01125   Test F-score avg/max: 0.50301/0.56817
Epoch: 188/300   Train loss: 0.01111   Test F-score avg/max: 0.50697/0.56817
Epoch: 189/300   Train loss: 0.01092   Test F-score avg/max: 0.50633/0.56817
Epoch: 190/300   Train loss: 0.01089   Test F-score avg/max: 0.50027/0.56817
Epoch: 191/300   Train loss: 0.01060   Test F-score avg/max: 0.51106/0.56817
Epoch: 192/300   Train loss: 0.01093   Test F-score avg/max: 0.49052/0.56817
Epoch: 193/300   Train loss: 0.01071   Test F-score avg/max: 0.48969/0.56817
Epoch: 194/300   Train loss: 0.01059   Test F-score avg/max: 0.49276/0.56817
Epoch: 195/300   Train loss: 0.01076   Test F-score avg/max: 0.51636/0.56817
Epoch: 196/300   Train loss: 0.01079   Test F-score avg/max: 0.49433/0.56817
Epoch: 197/300   Train loss: 0.01119   Test F-score avg/max: 0.4999/0.56817
Epoch: 198/300   Train loss: 0.01144   Test F-score avg/max: 0.55621/0.56817
Epoch: 199/300   Train loss: 0.01178   Test F-score avg/max: 0.50488/0.56817
Epoch: 200/300   Train loss: 0.01202   Test F-score avg/max: 0.51138/0.56817
Epoch: 201/300   Train loss: 0.01115   Test F-score avg/max: 0.50056/0.56817
Epoch: 202/300   Train loss: 0.01232   Test F-score avg/max: 0.50516/0.56817
Epoch: 203/300   Train loss: 0.01261   Test F-score avg/max: 0.5149/0.56817
Epoch: 204/300   Train loss: 0.01181   Test F-score avg/max: 0.49732/0.56817
Epoch: 205/300   Train loss: 0.01119   Test F-score avg/max: 0.51868/0.56817
Epoch: 206/300   Train loss: 0.01045   Test F-score avg/max: 0.50103/0.56817
Epoch: 207/300   Train loss: 0.01001   Test F-score avg/max: 0.51727/0.56817
Epoch: 208/300   Train loss: 0.01007   Test F-score avg/max: 0.4957/0.56817
Epoch: 209/300   Train loss: 0.00991   Test F-score avg/max: 0.50479/0.56817
Epoch: 210/300   Train loss: 0.00982   Test F-score avg/max: 0.50124/0.56817
Epoch: 211/300   Train loss: 0.00992   Test F-score avg/max: 0.48891/0.56817
Epoch: 212/300   Train loss: 0.01017   Test F-score avg/max: 0.50124/0.56817
Epoch: 213/300   Train loss: 0.01010   Test F-score avg/max: 0.49796/0.56817
Epoch: 214/300   Train loss: 0.00980   Test F-score avg/max: 0.49091/0.56817
Epoch: 215/300   Train loss: 0.00984   Test F-score avg/max: 0.50027/0.56817
Epoch: 216/300   Train loss: 0.01001   Test F-score avg/max: 0.50134/0.56817
Epoch: 217/300   Train loss: 0.01031   Test F-score avg/max: 0.50788/0.56817
Epoch: 218/300   Train loss: 0.01026   Test F-score avg/max: 0.49963/0.56817
Epoch: 219/300   Train loss: 0.00997   Test F-score avg/max: 0.49322/0.56817
Epoch: 220/300   Train loss: 0.01003   Test F-score avg/max: 0.51465/0.56817
Epoch: 221/300   Train loss: 0.01016   Test F-score avg/max: 0.50651/0.56817
Epoch: 222/300   Train loss: 0.01006   Test F-score avg/max: 0.50351/0.56817
Epoch: 223/300   Train loss: 0.01030   Test F-score avg/max: 0.52551/0.56817
Epoch: 224/300   Train loss: 0.01061   Test F-score avg/max: 0.50977/0.56817
Epoch: 225/300   Train loss: 0.01019   Test F-score avg/max: 0.51384/0.56817
Epoch: 226/300   Train loss: 0.01019   Test F-score avg/max: 0.48876/0.56817
Epoch: 227/300   Train loss: 0.01036   Test F-score avg/max: 0.51668/0.56817
Epoch: 228/300   Train loss: 0.01023   Test F-score avg/max: 0.51642/0.56817
Epoch: 229/300   Train loss: 0.01040   Test F-score avg/max: 0.51173/0.56817
Epoch: 230/300   Train loss: 0.01040   Test F-score avg/max: 0.50132/0.56817
Epoch: 231/300   Train loss: 0.01067   Test F-score avg/max: 0.5445/0.56817
Epoch: 232/300   Train loss: 0.01079   Test F-score avg/max: 0.51613/0.56817
Epoch: 233/300   Train loss: 0.00999   Test F-score avg/max: 0.52006/0.56817
Epoch: 234/300   Train loss: 0.00943   Test F-score avg/max: 0.50315/0.56817
Epoch: 235/300   Train loss: 0.00915   Test F-score avg/max: 0.52247/0.56817
Epoch: 236/300   Train loss: 0.00906   Test F-score avg/max: 0.51384/0.56817
Epoch: 237/300   Train loss: 0.00920   Test F-score avg/max: 0.5079/0.56817
Epoch: 238/300   Train loss: 0.00929   Test F-score avg/max: 0.50637/0.56817
Epoch: 239/300   Train loss: 0.00929   Test F-score avg/max: 0.50705/0.56817
Epoch: 240/300   Train loss: 0.00920   Test F-score avg/max: 0.52132/0.56817
Epoch: 241/300   Train loss: 0.00923   Test F-score avg/max: 0.50183/0.56817
Epoch: 242/300   Train loss: 0.00917   Test F-score avg/max: 0.52213/0.56817
Epoch: 243/300   Train loss: 0.00900   Test F-score avg/max: 0.51585/0.56817
Epoch: 244/300   Train loss: 0.00928   Test F-score avg/max: 0.51682/0.56817
Epoch: 245/300   Train loss: 0.00950   Test F-score avg/max: 0.51344/0.56817
Epoch: 246/300   Train loss: 0.00944   Test F-score avg/max: 0.51998/0.56817
Epoch: 247/300   Train loss: 0.00991   Test F-score avg/max: 0.4954/0.56817
Epoch: 248/300   Train loss: 0.00966   Test F-score avg/max: 0.51594/0.56817
Epoch: 249/300   Train loss: 0.00952   Test F-score avg/max: 0.51304/0.56817
Epoch: 250/300   Train loss: 0.00968   Test F-score avg/max: 0.50637/0.56817
Epoch: 251/300   Train loss: 0.00904   Test F-score avg/max: 0.51918/0.56817
Epoch: 252/300   Train loss: 0.00901   Test F-score avg/max: 0.50339/0.56817
Epoch: 253/300   Train loss: 0.00903   Test F-score avg/max: 0.50503/0.56817
Epoch: 254/300   Train loss: 0.00914   Test F-score avg/max: 0.51825/0.56817
Epoch: 255/300   Train loss: 0.00877   Test F-score avg/max: 0.51583/0.56817
Epoch: 256/300   Train loss: 0.00885   Test F-score avg/max: 0.51011/0.56817
Epoch: 257/300   Train loss: 0.00906   Test F-score avg/max: 0.52152/0.56817
rm: cannot remove 'i3d_features--lr=5e-05--l2_req=1e-05/models_temp/tvsum_splits_0/138_51.132.pth.tar': Permission denied
Epoch: 258/300   Train loss: 0.00900   Test F-score avg/max: 0.51668/0.56817
Epoch: 259/300   Train loss: 0.00877   Test F-score avg/max: 0.51204/0.56817
Epoch: 260/300   Train loss: 0.00896   Test F-score avg/max: 0.51435/0.56817
Epoch: 261/300   Train loss: 0.00886   Test F-score avg/max: 0.52235/0.56817
Epoch: 262/300   Train loss: 0.00927   Test F-score avg/max: 0.50822/0.56817
Epoch: 263/300   Train loss: 0.00962   Test F-score avg/max: 0.5053/0.56817
Epoch: 264/300   Train loss: 0.00891   Test F-score avg/max: 0.50107/0.56817
Epoch: 265/300   Train loss: 0.00901   Test F-score avg/max: 0.51923/0.56817
Epoch: 266/300   Train loss: 0.00893   Test F-score avg/max: 0.50836/0.56817
Epoch: 267/300   Train loss: 0.00865   Test F-score avg/max: 0.51519/0.56817
Epoch: 268/300   Train loss: 0.00860   Test F-score avg/max: 0.5209/0.56817
Epoch: 269/300   Train loss: 0.00866   Test F-score avg/max: 0.51575/0.56817
Epoch: 270/300   Train loss: 0.00880   Test F-score avg/max: 0.50385/0.56817
Epoch: 271/300   Train loss: 0.00883   Test F-score avg/max: 0.51223/0.56817
Epoch: 272/300   Train loss: 0.00870   Test F-score avg/max: 0.51283/0.56817
Epoch: 273/300   Train loss: 0.00879   Test F-score avg/max: 0.51167/0.56817
Epoch: 274/300   Train loss: 0.00892   Test F-score avg/max: 0.5372/0.56817
Epoch: 275/300   Train loss: 0.00948   Test F-score avg/max: 0.54397/0.56817
Epoch: 276/300   Train loss: 0.00903   Test F-score avg/max: 0.50738/0.56817
Epoch: 277/300   Train loss: 0.00861   Test F-score avg/max: 0.50681/0.56817
Epoch: 278/300   Train loss: 0.00860   Test F-score avg/max: 0.51037/0.56817
Epoch: 279/300   Train loss: 0.00825   Test F-score avg/max: 0.51674/0.56817
Epoch: 280/300   Train loss: 0.00822   Test F-score avg/max: 0.52391/0.56817
Epoch: 281/300   Train loss: 0.00824   Test F-score avg/max: 0.50785/0.56817
Epoch: 282/300   Train loss: 0.00827   Test F-score avg/max: 0.51354/0.56817
Epoch: 283/300   Train loss: 0.00809   Test F-score avg/max: 0.51942/0.56817
Epoch: 284/300   Train loss: 0.00808   Test F-score avg/max: 0.53147/0.56817
Epoch: 285/300   Train loss: 0.00828   Test F-score avg/max: 0.52221/0.56817
Epoch: 286/300   Train loss: 0.00863   Test F-score avg/max: 0.52521/0.56817
Epoch: 287/300   Train loss: 0.00875   Test F-score avg/max: 0.52341/0.56817
Epoch: 288/300   Train loss: 0.00861   Test F-score avg/max: 0.50912/0.56817
Epoch: 289/300   Train loss: 0.00889   Test F-score avg/max: 0.51599/0.56817
Epoch: 290/300   Train loss: 0.00921   Test F-score avg/max: 0.50491/0.56817
Epoch: 291/300   Train loss: 0.00859   Test F-score avg/max: 0.51938/0.56817
Epoch: 292/300   Train loss: 0.00863   Test F-score avg/max: 0.50878/0.56817
Epoch: 293/300   Train loss: 0.00849   Test F-score avg/max: 0.51413/0.56817
Epoch: 294/300   Train loss: 0.00873   Test F-score avg/max: 0.52506/0.56817
Epoch: 295/300   Train loss: 0.00836   Test F-score avg/max: 0.50291/0.56817
Epoch: 296/300   Train loss: 0.00844   Test F-score avg/max: 0.50949/0.56817
Epoch: 297/300   Train loss: 0.00826   Test F-score avg/max: 0.5218/0.56817
Epoch: 298/300   Train loss: 0.00831   Test F-score avg/max: 0.51532/0.56817
Epoch: 299/300   Train loss: 0.00809   Test F-score avg/max: 0.51166/0.56817
Split: splits/tvsum_splits.json   Best F-score: 0.56817   Model: i3d_features--lr=5e-05--l2_req=1e-05/models/tvsum_splits_0_0.5681722824551889.tar.pth
Setting CUDA device:  0
['../SUM-GAN-AAE/data/TVSum/tvsum_i3d_mixed5c_aligned.h5']
../SUM-GAN-AAE/data/TVSum/tvsum_i3d_mixed5c_aligned.h5
Loading: ../SUM-GAN-AAE/data/TVSum/tvsum_i3d_mixed5c_aligned.h5
Loading splits from:  splits/tvsum_splits.json
Selecting split:  1
tvsum
../SUM-GAN-AAE/data/SumMe/summe_i3d_mixed5c_aligned.h5
../SUM-GAN-AAE/data/TVSum/tvsum_i3d_mixed5c_aligned.h5
5e-05
Initializing VASNet model and optimizer...
Starting training...
Epoch: 0/300    Train loss: 0.13472   Test F-score avg/max: 0.35702/0.35702
Epoch: 1/300    Train loss: 0.11280   Test F-score avg/max: 0.40645/0.40645
Epoch: 2/300    Train loss: 0.09739   Test F-score avg/max: 0.49968/0.49968
Epoch: 3/300    Train loss: 0.08247   Test F-score avg/max: 0.51686/0.51686
Epoch: 4/300    Train loss: 0.07321   Test F-score avg/max: 0.51442/0.51686
Epoch: 5/300    Train loss: 0.06666   Test F-score avg/max: 0.52524/0.52524
Epoch: 6/300    Train loss: 0.06120   Test F-score avg/max: 0.51721/0.52524
Epoch: 7/300    Train loss: 0.05623   Test F-score avg/max: 0.5028/0.52524
Epoch: 8/300    Train loss: 0.05384   Test F-score avg/max: 0.50944/0.52524
Epoch: 9/300    Train loss: 0.05135   Test F-score avg/max: 0.51325/0.52524
Epoch: 10/300   Train loss: 0.04940   Test F-score avg/max: 0.51186/0.52524
Epoch: 11/300   Train loss: 0.04724   Test F-score avg/max: 0.51321/0.52524
Epoch: 12/300   Train loss: 0.04615   Test F-score avg/max: 0.51284/0.52524
Epoch: 13/300   Train loss: 0.04524   Test F-score avg/max: 0.52467/0.52524
Epoch: 14/300   Train loss: 0.04380   Test F-score avg/max: 0.52252/0.52524
Epoch: 15/300   Train loss: 0.04280   Test F-score avg/max: 0.52823/0.52823
Epoch: 16/300   Train loss: 0.04152   Test F-score avg/max: 0.51965/0.52823
Epoch: 17/300   Train loss: 0.04065   Test F-score avg/max: 0.51988/0.52823
Epoch: 18/300   Train loss: 0.03941   Test F-score avg/max: 0.52572/0.52823
Epoch: 19/300   Train loss: 0.03859   Test F-score avg/max: 0.52456/0.52823
Epoch: 20/300   Train loss: 0.03763   Test F-score avg/max: 0.52396/0.52823
Epoch: 21/300   Train loss: 0.03744   Test F-score avg/max: 0.52802/0.52823
Epoch: 22/300   Train loss: 0.03662   Test F-score avg/max: 0.52374/0.52823
Epoch: 23/300   Train loss: 0.03572   Test F-score avg/max: 0.51328/0.52823
Epoch: 24/300   Train loss: 0.03564   Test F-score avg/max: 0.54681/0.54681
Epoch: 25/300   Train loss: 0.03454   Test F-score avg/max: 0.53032/0.54681
Epoch: 26/300   Train loss: 0.03385   Test F-score avg/max: 0.53486/0.54681
Epoch: 27/300   Train loss: 0.03357   Test F-score avg/max: 0.5356/0.54681
Epoch: 28/300   Train loss: 0.03285   Test F-score avg/max: 0.51376/0.54681
Epoch: 29/300   Train loss: 0.03300   Test F-score avg/max: 0.53518/0.54681
Epoch: 30/300   Train loss: 0.03292   Test F-score avg/max: 0.52329/0.54681
Epoch: 31/300   Train loss: 0.03230   Test F-score avg/max: 0.52287/0.54681
Epoch: 32/300   Train loss: 0.03181   Test F-score avg/max: 0.52773/0.54681
Epoch: 33/300   Train loss: 0.03065   Test F-score avg/max: 0.5241/0.54681
Epoch: 34/300   Train loss: 0.03018   Test F-score avg/max: 0.52844/0.54681
Epoch: 35/300   Train loss: 0.03016   Test F-score avg/max: 0.52516/0.54681
Epoch: 36/300   Train loss: 0.02989   Test F-score avg/max: 0.52377/0.54681
Epoch: 37/300   Train loss: 0.03000   Test F-score avg/max: 0.51165/0.54681
Epoch: 38/300   Train loss: 0.02980   Test F-score avg/max: 0.5137/0.54681
Epoch: 39/300   Train loss: 0.02958   Test F-score avg/max: 0.53175/0.54681
Epoch: 40/300   Train loss: 0.02909   Test F-score avg/max: 0.53611/0.54681
Epoch: 41/300   Train loss: 0.02869   Test F-score avg/max: 0.51189/0.54681
Epoch: 42/300   Train loss: 0.02855   Test F-score avg/max: 0.51748/0.54681
Epoch: 43/300   Train loss: 0.02828   Test F-score avg/max: 0.52215/0.54681
Epoch: 44/300   Train loss: 0.02782   Test F-score avg/max: 0.5336/0.54681
Epoch: 45/300   Train loss: 0.02766   Test F-score avg/max: 0.52106/0.54681
Epoch: 46/300   Train loss: 0.02708   Test F-score avg/max: 0.52307/0.54681
Epoch: 47/300   Train loss: 0.02695   Test F-score avg/max: 0.51876/0.54681
Epoch: 48/300   Train loss: 0.02684   Test F-score avg/max: 0.53492/0.54681
Epoch: 49/300   Train loss: 0.02631   Test F-score avg/max: 0.52113/0.54681
Epoch: 50/300   Train loss: 0.02596   Test F-score avg/max: 0.52586/0.54681
Epoch: 51/300   Train loss: 0.02576   Test F-score avg/max: 0.52047/0.54681
Epoch: 52/300   Train loss: 0.02567   Test F-score avg/max: 0.52049/0.54681
Epoch: 53/300   Train loss: 0.02594   Test F-score avg/max: 0.51324/0.54681
Epoch: 54/300   Train loss: 0.02541   Test F-score avg/max: 0.5159/0.54681
Epoch: 55/300   Train loss: 0.02547   Test F-score avg/max: 0.49837/0.54681
Epoch: 56/300   Train loss: 0.02485   Test F-score avg/max: 0.52335/0.54681
Epoch: 57/300   Train loss: 0.02443   Test F-score avg/max: 0.49646/0.54681
Epoch: 58/300   Train loss: 0.02435   Test F-score avg/max: 0.52086/0.54681
Epoch: 59/300   Train loss: 0.02462   Test F-score avg/max: 0.51205/0.54681
Epoch: 60/300   Train loss: 0.02484   Test F-score avg/max: 0.54082/0.54681
Epoch: 61/300   Train loss: 0.02502   Test F-score avg/max: 0.5415/0.54681
Epoch: 62/300   Train loss: 0.02436   Test F-score avg/max: 0.51879/0.54681
Epoch: 63/300   Train loss: 0.02441   Test F-score avg/max: 0.51514/0.54681
Epoch: 64/300   Train loss: 0.02386   Test F-score avg/max: 0.52288/0.54681
Epoch: 65/300   Train loss: 0.02311   Test F-score avg/max: 0.51677/0.54681
Epoch: 66/300   Train loss: 0.02284   Test F-score avg/max: 0.51654/0.54681
Epoch: 67/300   Train loss: 0.02246   Test F-score avg/max: 0.53273/0.54681
Epoch: 68/300   Train loss: 0.02271   Test F-score avg/max: 0.53211/0.54681
Epoch: 69/300   Train loss: 0.02221   Test F-score avg/max: 0.53178/0.54681
Epoch: 70/300   Train loss: 0.02275   Test F-score avg/max: 0.52975/0.54681
Epoch: 71/300   Train loss: 0.02233   Test F-score avg/max: 0.5133/0.54681
Epoch: 72/300   Train loss: 0.02230   Test F-score avg/max: 0.53944/0.54681
Epoch: 73/300   Train loss: 0.02246   Test F-score avg/max: 0.53059/0.54681
Epoch: 74/300   Train loss: 0.02227   Test F-score avg/max: 0.53542/0.54681
Epoch: 75/300   Train loss: 0.02231   Test F-score avg/max: 0.5261/0.54681
Epoch: 76/300   Train loss: 0.02159   Test F-score avg/max: 0.52249/0.54681
Epoch: 77/300   Train loss: 0.02098   Test F-score avg/max: 0.51672/0.54681
Epoch: 78/300   Train loss: 0.02102   Test F-score avg/max: 0.52301/0.54681
Epoch: 79/300   Train loss: 0.02077   Test F-score avg/max: 0.52371/0.54681
Epoch: 80/300   Train loss: 0.02044   Test F-score avg/max: 0.52257/0.54681
Epoch: 81/300   Train loss: 0.02038   Test F-score avg/max: 0.52046/0.54681
Epoch: 82/300   Train loss: 0.02000   Test F-score avg/max: 0.52087/0.54681
Epoch: 83/300   Train loss: 0.02025   Test F-score avg/max: 0.5193/0.54681
Epoch: 84/300   Train loss: 0.01994   Test F-score avg/max: 0.51527/0.54681
Epoch: 85/300   Train loss: 0.01969   Test F-score avg/max: 0.52375/0.54681
Epoch: 86/300   Train loss: 0.02014   Test F-score avg/max: 0.52071/0.54681
Epoch: 87/300   Train loss: 0.02047   Test F-score avg/max: 0.51644/0.54681
Epoch: 88/300   Train loss: 0.02055   Test F-score avg/max: 0.51983/0.54681
Epoch: 89/300   Train loss: 0.02007   Test F-score avg/max: 0.52375/0.54681
Epoch: 90/300   Train loss: 0.01996   Test F-score avg/max: 0.52994/0.54681
Epoch: 91/300   Train loss: 0.01932   Test F-score avg/max: 0.51544/0.54681
Epoch: 92/300   Train loss: 0.01961   Test F-score avg/max: 0.53121/0.54681
Epoch: 93/300   Train loss: 0.02026   Test F-score avg/max: 0.52788/0.54681
Epoch: 94/300   Train loss: 0.01925   Test F-score avg/max: 0.50497/0.54681
Epoch: 95/300   Train loss: 0.01964   Test F-score avg/max: 0.54957/0.54957
Epoch: 96/300   Train loss: 0.01923   Test F-score avg/max: 0.52037/0.54957
Epoch: 97/300   Train loss: 0.01930   Test F-score avg/max: 0.52915/0.54957
Epoch: 98/300   Train loss: 0.01893   Test F-score avg/max: 0.50527/0.54957
Epoch: 99/300   Train loss: 0.01815   Test F-score avg/max: 0.52914/0.54957
Epoch: 100/300   Train loss: 0.01835   Test F-score avg/max: 0.52809/0.54957
Epoch: 101/300   Train loss: 0.01798   Test F-score avg/max: 0.52628/0.54957
Epoch: 102/300   Train loss: 0.01815   Test F-score avg/max: 0.51981/0.54957
Epoch: 103/300   Train loss: 0.01791   Test F-score avg/max: 0.52344/0.54957
Epoch: 104/300   Train loss: 0.01762   Test F-score avg/max: 0.51988/0.54957
Epoch: 105/300   Train loss: 0.01744   Test F-score avg/max: 0.53222/0.54957
Epoch: 106/300   Train loss: 0.01732   Test F-score avg/max: 0.52769/0.54957
Epoch: 107/300   Train loss: 0.01742   Test F-score avg/max: 0.531/0.54957
Epoch: 108/300   Train loss: 0.01763   Test F-score avg/max: 0.53277/0.54957
Epoch: 109/300   Train loss: 0.01739   Test F-score avg/max: 0.52057/0.54957
Epoch: 110/300   Train loss: 0.01723   Test F-score avg/max: 0.52986/0.54957
Epoch: 111/300   Train loss: 0.01692   Test F-score avg/max: 0.50177/0.54957
Epoch: 112/300   Train loss: 0.01686   Test F-score avg/max: 0.52383/0.54957
Epoch: 113/300   Train loss: 0.01678   Test F-score avg/max: 0.52481/0.54957
Epoch: 114/300   Train loss: 0.01695   Test F-score avg/max: 0.52255/0.54957
Epoch: 115/300   Train loss: 0.01674   Test F-score avg/max: 0.51398/0.54957
Epoch: 116/300   Train loss: 0.01679   Test F-score avg/max: 0.52961/0.54957
Epoch: 117/300   Train loss: 0.01718   Test F-score avg/max: 0.52994/0.54957
Epoch: 118/300   Train loss: 0.01663   Test F-score avg/max: 0.52792/0.54957
Epoch: 119/300   Train loss: 0.01647   Test F-score avg/max: 0.53278/0.54957
Epoch: 120/300   Train loss: 0.01623   Test F-score avg/max: 0.51869/0.54957
Epoch: 121/300   Train loss: 0.01623   Test F-score avg/max: 0.53039/0.54957
Epoch: 122/300   Train loss: 0.01649   Test F-score avg/max: 0.52473/0.54957
Epoch: 123/300   Train loss: 0.01624   Test F-score avg/max: 0.51048/0.54957
Epoch: 124/300   Train loss: 0.01622   Test F-score avg/max: 0.52706/0.54957
Epoch: 125/300   Train loss: 0.01656   Test F-score avg/max: 0.50959/0.54957
Epoch: 126/300   Train loss: 0.01629   Test F-score avg/max: 0.52185/0.54957
Epoch: 127/300   Train loss: 0.01607   Test F-score avg/max: 0.52829/0.54957
Epoch: 128/300   Train loss: 0.01552   Test F-score avg/max: 0.51187/0.54957
Epoch: 129/300   Train loss: 0.01539   Test F-score avg/max: 0.52828/0.54957
Epoch: 130/300   Train loss: 0.01518   Test F-score avg/max: 0.53556/0.54957
Epoch: 131/300   Train loss: 0.01505   Test F-score avg/max: 0.53374/0.54957
Epoch: 132/300   Train loss: 0.01504   Test F-score avg/max: 0.53025/0.54957
Epoch: 133/300   Train loss: 0.01578   Test F-score avg/max: 0.52155/0.54957
Epoch: 134/300   Train loss: 0.01629   Test F-score avg/max: 0.52962/0.54957
Epoch: 135/300   Train loss: 0.01608   Test F-score avg/max: 0.51399/0.54957
Epoch: 136/300   Train loss: 0.01520   Test F-score avg/max: 0.53303/0.54957
Epoch: 137/300   Train loss: 0.01494   Test F-score avg/max: 0.5181/0.54957
Epoch: 138/300   Train loss: 0.01460   Test F-score avg/max: 0.53047/0.54957
Epoch: 139/300   Train loss: 0.01447   Test F-score avg/max: 0.51315/0.54957
Epoch: 140/300   Train loss: 0.01443   Test F-score avg/max: 0.53372/0.54957
Epoch: 141/300   Train loss: 0.01417   Test F-score avg/max: 0.51856/0.54957
Epoch: 142/300   Train loss: 0.01413   Test F-score avg/max: 0.51363/0.54957
Epoch: 143/300   Train loss: 0.01404   Test F-score avg/max: 0.51317/0.54957
Epoch: 144/300   Train loss: 0.01405   Test F-score avg/max: 0.51255/0.54957
Epoch: 145/300   Train loss: 0.01375   Test F-score avg/max: 0.50844/0.54957
Epoch: 146/300   Train loss: 0.01374   Test F-score avg/max: 0.5287/0.54957
Epoch: 147/300   Train loss: 0.01369   Test F-score avg/max: 0.51542/0.54957
Epoch: 148/300   Train loss: 0.01375   Test F-score avg/max: 0.52761/0.54957
Epoch: 149/300   Train loss: 0.01484   Test F-score avg/max: 0.52294/0.54957
Epoch: 150/300   Train loss: 0.01466   Test F-score avg/max: 0.51637/0.54957
Epoch: 151/300   Train loss: 0.01483   Test F-score avg/max: 0.5101/0.54957
Epoch: 152/300   Train loss: 0.01447   Test F-score avg/max: 0.51626/0.54957
Epoch: 153/300   Train loss: 0.01421   Test F-score avg/max: 0.527/0.54957
Epoch: 154/300   Train loss: 0.01535   Test F-score avg/max: 0.54625/0.54957
Epoch: 155/300   Train loss: 0.01533   Test F-score avg/max: 0.55042/0.55042
Epoch: 156/300   Train loss: 0.01515   Test F-score avg/max: 0.51153/0.55042
Epoch: 157/300   Train loss: 0.01384   Test F-score avg/max: 0.51558/0.55042
Epoch: 158/300   Train loss: 0.01346   Test F-score avg/max: 0.52622/0.55042
Epoch: 159/300   Train loss: 0.01299   Test F-score avg/max: 0.50718/0.55042
Epoch: 160/300   Train loss: 0.01291   Test F-score avg/max: 0.51033/0.55042
Epoch: 161/300   Train loss: 0.01262   Test F-score avg/max: 0.50339/0.55042
Epoch: 162/300   Train loss: 0.01244   Test F-score avg/max: 0.51203/0.55042
Epoch: 163/300   Train loss: 0.01237   Test F-score avg/max: 0.5127/0.55042
Epoch: 164/300   Train loss: 0.01236   Test F-score avg/max: 0.5123/0.55042
