Packages & system versions:
----------------------------------------------------------------------
display :  	NVRM version: NVIDIA UNIX x86_64 Kernel Module  450.36.06  Mon Jun  1 23:19:54 UTC 2020
	GCC version:  gcc version 4.8.5 20150623 (Red Hat 4.8.5-39) (GCC)
cuda :  NA
cudnn :  7605
platform :  Linux-3.10.0-1127.8.2.el7.x86_64-x86_64-with-glibc2.10
python :  (3, 8, 2)
torch :  1.5.0
numpy :  1.18.1
h5py :  2.10.0
json :  2.0.9
ortools :  7.6.7691
torchvision :  0.6.0a0+82fd1c8

root
datasets
splits
train
verbose
output_dir
l2_req
lr_epochs
lr
Parameters:
----------------------------------------------------------------------
[0] cuda_device: 0
[1] datasets: ['../SUM-GAN-AAE/data/SumMe/summe_i3d_mixed5c_aligned.h5', '../SUM-GAN-AAE/data/TVSum/tvsum_i3d_mixed5c_aligned.h5']
[2] epochs_max: 300
[3] l2_req: 0.001
[4] lr: [5e-05]
[5] lr_epochs: [0]
[6] max_summary_length: 0.15
[7] output_dir: i3d_features
[8] root: 
[9] splits: ['splits/tvsum_splits.json', 'splits/summe_splits.json', 'splits/tvsum_aug_splits.json', 'splits/summe_aug_splits.json']
[10] train: True
[11] train_batch_size: 1
[12] use_cuda: True
[13] verbose: False

tvsum  [{'test_keys': ['video_10', 'video_20', 'video_23', 'video_29', 'video_3', 'video_32', 'video_33', 'video_35', 'video_37', 'video_41'], 'train_keys': ['video_1', 'video_11', 'video_12', 'video_13', 'video_14', 'video_15', 'video_16', 'video_17', 'video_18', 'video_19', 'video_2', 'video_21', 'video_22', 'video_24', 'video_25', 'video_26', 'video_27', 'video_28', 'video_30', 'video_31', 'video_34', 'video_36', 'video_38', 'video_39', 'video_4', 'video_40', 'video_42', 'video_43', 'video_44', 'video_45', 'video_46', 'video_47', 'video_48', 'video_49', 'video_5', 'video_50', 'video_6', 'video_7', 'video_8', 'video_9']}, {'test_keys': ['video_14', 'video_29', 'video_35', 'video_36', 'video_38', 'video_41', 'video_45', 'video_46', 'video_5', 'video_6'], 'train_keys': ['video_1', 'video_10', 'video_11', 'video_12', 'video_13', 'video_15', 'video_16', 'video_17', 'video_18', 'video_19', 'video_2', 'video_20', 'video_21', 'video_22', 'video_23', 'video_24', 'video_25', 'video_26', 'video_27', 'video_28', 'video_3', 'video_30', 'video_31', 'video_32', 'video_33', 'video_34', 'video_37', 'video_39', 'video_4', 'video_40', 'video_42', 'video_43', 'video_44', 'video_47', 'video_48', 'video_49', 'video_50', 'video_7', 'video_8', 'video_9']}, {'test_keys': ['video_11', 'video_12', 'video_13', 'video_14', 'video_19', 'video_20', 'video_25', 'video_27', 'video_35', 'video_48'], 'train_keys': ['video_1', 'video_10', 'video_15', 'video_16', 'video_17', 'video_18', 'video_2', 'video_21', 'video_22', 'video_23', 'video_24', 'video_26', 'video_28', 'video_29', 'video_3', 'video_30', 'video_31', 'video_32', 'video_33', 'video_34', 'video_36', 'video_37', 'video_38', 'video_39', 'video_4', 'video_40', 'video_41', 'video_42', 'video_43', 'video_44', 'video_45', 'video_46', 'video_47', 'video_49', 'video_5', 'video_50', 'video_6', 'video_7', 'video_8', 'video_9']}, {'test_keys': ['video_25', 'video_31', 'video_33', 'video_35', 'video_39', 'video_4', 'video_45', 'video_49', 'video_5', 'video_7'], 'train_keys': ['video_1', 'video_10', 'video_11', 'video_12', 'video_13', 'video_14', 'video_15', 'video_16', 'video_17', 'video_18', 'video_19', 'video_2', 'video_20', 'video_21', 'video_22', 'video_23', 'video_24', 'video_26', 'video_27', 'video_28', 'video_29', 'video_3', 'video_30', 'video_32', 'video_34', 'video_36', 'video_37', 'video_38', 'video_40', 'video_41', 'video_42', 'video_43', 'video_44', 'video_46', 'video_47', 'video_48', 'video_50', 'video_6', 'video_8', 'video_9']}, {'test_keys': ['video_10', 'video_14', 'video_17', 'video_2', 'video_29', 'video_31', 'video_38', 'video_48', 'video_49', 'video_5'], 'train_keys': ['video_1', 'video_11', 'video_12', 'video_13', 'video_15', 'video_16', 'video_18', 'video_19', 'video_20', 'video_21', 'video_22', 'video_23', 'video_24', 'video_25', 'video_26', 'video_27', 'video_28', 'video_3', 'video_30', 'video_32', 'video_33', 'video_34', 'video_35', 'video_36', 'video_37', 'video_39', 'video_4', 'video_40', 'video_41', 'video_42', 'video_43', 'video_44', 'video_45', 'video_46', 'video_47', 'video_50', 'video_6', 'video_7', 'video_8', 'video_9']}]
tvsum
../SUM-GAN-AAE/data/SumMe/summe_i3d_mixed5c_aligned.h5
../SUM-GAN-AAE/data/TVSum/tvsum_i3d_mixed5c_aligned.h5
Setting CUDA device:  0
['../SUM-GAN-AAE/data/TVSum/tvsum_i3d_mixed5c_aligned.h5']
../SUM-GAN-AAE/data/TVSum/tvsum_i3d_mixed5c_aligned.h5
Loading: ../SUM-GAN-AAE/data/TVSum/tvsum_i3d_mixed5c_aligned.h5
Loading splits from:  splits/tvsum_splits.json
Selecting split:  0
tvsum
../SUM-GAN-AAE/data/SumMe/summe_i3d_mixed5c_aligned.h5
../SUM-GAN-AAE/data/TVSum/tvsum_i3d_mixed5c_aligned.h5
Initializing VASNet model and optimizer...
Starting training...
Epoch: 0/300    Train loss: 0.13569   Test F-score avg/max: 0.48505/0.48505
Epoch: 1/300    Train loss: 0.11886   Test F-score avg/max: 0.49414/0.49414
Epoch: 2/300    Train loss: 0.10244   Test F-score avg/max: 0.51491/0.51491
Epoch: 3/300    Train loss: 0.08977   Test F-score avg/max: 0.54123/0.54123
Epoch: 4/300    Train loss: 0.08054   Test F-score avg/max: 0.57045/0.57045
Epoch: 5/300    Train loss: 0.07450   Test F-score avg/max: 0.57322/0.57322
Epoch: 6/300    Train loss: 0.06879   Test F-score avg/max: 0.58488/0.58488
Epoch: 7/300    Train loss: 0.06538   Test F-score avg/max: 0.59138/0.59138
Epoch: 8/300    Train loss: 0.06166   Test F-score avg/max: 0.5991/0.5991
Epoch: 9/300    Train loss: 0.06011   Test F-score avg/max: 0.58736/0.5991
Epoch: 10/300   Train loss: 0.05600   Test F-score avg/max: 0.58968/0.5991
Epoch: 11/300   Train loss: 0.05606   Test F-score avg/max: 0.59357/0.5991
Epoch: 12/300   Train loss: 0.05454   Test F-score avg/max: 0.60622/0.60622
Epoch: 13/300   Train loss: 0.05459   Test F-score avg/max: 0.60353/0.60622
Epoch: 14/300   Train loss: 0.05285   Test F-score avg/max: 0.59681/0.60622
Epoch: 15/300   Train loss: 0.05163   Test F-score avg/max: 0.60527/0.60622
Epoch: 16/300   Train loss: 0.05061   Test F-score avg/max: 0.60132/0.60622
Epoch: 17/300   Train loss: 0.04986   Test F-score avg/max: 0.59934/0.60622
Epoch: 18/300   Train loss: 0.04909   Test F-score avg/max: 0.59768/0.60622
Epoch: 19/300   Train loss: 0.04875   Test F-score avg/max: 0.59625/0.60622
Epoch: 20/300   Train loss: 0.04803   Test F-score avg/max: 0.60386/0.60622
Epoch: 21/300   Train loss: 0.04791   Test F-score avg/max: 0.6065/0.6065
Epoch: 22/300   Train loss: 0.04733   Test F-score avg/max: 0.60585/0.6065
Epoch: 23/300   Train loss: 0.04650   Test F-score avg/max: 0.60842/0.60842
Epoch: 24/300   Train loss: 0.04639   Test F-score avg/max: 0.60842/0.60842
Epoch: 25/300   Train loss: 0.04590   Test F-score avg/max: 0.6065/0.60842
Epoch: 26/300   Train loss: 0.04608   Test F-score avg/max: 0.60897/0.60897
Epoch: 27/300   Train loss: 0.04535   Test F-score avg/max: 0.60588/0.60897
Epoch: 28/300   Train loss: 0.04507   Test F-score avg/max: 0.60915/0.60915
Epoch: 29/300   Train loss: 0.04507   Test F-score avg/max: 0.60642/0.60915
Epoch: 30/300   Train loss: 0.04398   Test F-score avg/max: 0.61229/0.61229
Epoch: 31/300   Train loss: 0.04383   Test F-score avg/max: 0.60576/0.61229
Epoch: 32/300   Train loss: 0.04411   Test F-score avg/max: 0.60805/0.61229
Epoch: 33/300   Train loss: 0.04327   Test F-score avg/max: 0.60782/0.61229
Epoch: 34/300   Train loss: 0.04320   Test F-score avg/max: 0.60998/0.61229
Epoch: 35/300   Train loss: 0.04272   Test F-score avg/max: 0.6087/0.61229
Epoch: 36/300   Train loss: 0.04271   Test F-score avg/max: 0.60672/0.61229
Epoch: 37/300   Train loss: 0.04249   Test F-score avg/max: 0.60398/0.61229
Epoch: 38/300   Train loss: 0.04235   Test F-score avg/max: 0.60308/0.61229
Epoch: 39/300   Train loss: 0.04118   Test F-score avg/max: 0.61188/0.61229
Epoch: 40/300   Train loss: 0.04153   Test F-score avg/max: 0.60075/0.61229
Epoch: 41/300   Train loss: 0.04076   Test F-score avg/max: 0.61348/0.61348
Epoch: 42/300   Train loss: 0.04125   Test F-score avg/max: 0.60874/0.61348
Epoch: 43/300   Train loss: 0.04027   Test F-score avg/max: 0.60182/0.61348
Epoch: 44/300   Train loss: 0.04013   Test F-score avg/max: 0.60555/0.61348
Epoch: 45/300   Train loss: 0.03970   Test F-score avg/max: 0.59504/0.61348
Epoch: 46/300   Train loss: 0.03979   Test F-score avg/max: 0.60654/0.61348
Epoch: 47/300   Train loss: 0.03893   Test F-score avg/max: 0.57979/0.61348
Epoch: 48/300   Train loss: 0.03902   Test F-score avg/max: 0.5853/0.61348
Epoch: 49/300   Train loss: 0.03877   Test F-score avg/max: 0.5879/0.61348
Epoch: 50/300   Train loss: 0.03835   Test F-score avg/max: 0.59406/0.61348
Epoch: 51/300   Train loss: 0.03830   Test F-score avg/max: 0.59023/0.61348
Epoch: 52/300   Train loss: 0.03763   Test F-score avg/max: 0.60929/0.61348
Epoch: 53/300   Train loss: 0.03764   Test F-score avg/max: 0.60043/0.61348
Epoch: 54/300   Train loss: 0.03862   Test F-score avg/max: 0.60564/0.61348
Epoch: 55/300   Train loss: 0.03697   Test F-score avg/max: 0.59696/0.61348
Epoch: 56/300   Train loss: 0.03682   Test F-score avg/max: 0.59784/0.61348
Epoch: 57/300   Train loss: 0.03683   Test F-score avg/max: 0.59395/0.61348
Epoch: 58/300   Train loss: 0.03606   Test F-score avg/max: 0.59544/0.61348
Epoch: 59/300   Train loss: 0.03569   Test F-score avg/max: 0.59488/0.61348
Epoch: 60/300   Train loss: 0.03531   Test F-score avg/max: 0.60402/0.61348
Epoch: 61/300   Train loss: 0.03569   Test F-score avg/max: 0.58895/0.61348
Epoch: 62/300   Train loss: 0.03512   Test F-score avg/max: 0.5939/0.61348
Epoch: 63/300   Train loss: 0.03503   Test F-score avg/max: 0.59453/0.61348
Epoch: 64/300   Train loss: 0.03434   Test F-score avg/max: 0.59001/0.61348
Epoch: 65/300   Train loss: 0.03408   Test F-score avg/max: 0.59962/0.61348
Epoch: 66/300   Train loss: 0.03399   Test F-score avg/max: 0.58772/0.61348
Epoch: 67/300   Train loss: 0.03391   Test F-score avg/max: 0.5991/0.61348
Epoch: 68/300   Train loss: 0.03354   Test F-score avg/max: 0.60392/0.61348
Epoch: 69/300   Train loss: 0.03324   Test F-score avg/max: 0.59849/0.61348
Epoch: 70/300   Train loss: 0.03324   Test F-score avg/max: 0.5959/0.61348
Epoch: 71/300   Train loss: 0.03257   Test F-score avg/max: 0.59244/0.61348
Epoch: 72/300   Train loss: 0.03194   Test F-score avg/max: 0.59841/0.61348
Epoch: 73/300   Train loss: 0.03183   Test F-score avg/max: 0.6092/0.61348
Epoch: 74/300   Train loss: 0.03132   Test F-score avg/max: 0.60568/0.61348
Epoch: 75/300   Train loss: 0.03228   Test F-score avg/max: 0.58943/0.61348
Epoch: 76/300   Train loss: 0.03145   Test F-score avg/max: 0.60667/0.61348
Epoch: 77/300   Train loss: 0.03138   Test F-score avg/max: 0.61065/0.61348
Epoch: 78/300   Train loss: 0.03174   Test F-score avg/max: 0.59637/0.61348
Epoch: 79/300   Train loss: 0.03027   Test F-score avg/max: 0.59319/0.61348
Epoch: 80/300   Train loss: 0.03065   Test F-score avg/max: 0.60357/0.61348
Epoch: 81/300   Train loss: 0.03000   Test F-score avg/max: 0.5979/0.61348
Epoch: 82/300   Train loss: 0.02931   Test F-score avg/max: 0.59762/0.61348
Epoch: 83/300   Train loss: 0.02941   Test F-score avg/max: 0.60307/0.61348
Epoch: 84/300   Train loss: 0.02859   Test F-score avg/max: 0.59845/0.61348
Epoch: 85/300   Train loss: 0.02877   Test F-score avg/max: 0.59243/0.61348
Epoch: 86/300   Train loss: 0.02775   Test F-score avg/max: 0.58527/0.61348
Epoch: 87/300   Train loss: 0.02785   Test F-score avg/max: 0.58942/0.61348
Epoch: 88/300   Train loss: 0.02758   Test F-score avg/max: 0.60276/0.61348
Epoch: 89/300   Train loss: 0.02759   Test F-score avg/max: 0.57839/0.61348
Epoch: 90/300   Train loss: 0.02759   Test F-score avg/max: 0.59157/0.61348
Epoch: 91/300   Train loss: 0.02666   Test F-score avg/max: 0.5939/0.61348
Epoch: 92/300   Train loss: 0.02685   Test F-score avg/max: 0.60647/0.61348
Epoch: 93/300   Train loss: 0.02662   Test F-score avg/max: 0.59431/0.61348
Epoch: 94/300   Train loss: 0.02622   Test F-score avg/max: 0.60849/0.61348
Epoch: 95/300   Train loss: 0.02622   Test F-score avg/max: 0.58307/0.61348
Epoch: 96/300   Train loss: 0.02542   Test F-score avg/max: 0.58546/0.61348
Epoch: 97/300   Train loss: 0.02550   Test F-score avg/max: 0.58506/0.61348
Epoch: 98/300   Train loss: 0.02542   Test F-score avg/max: 0.59796/0.61348
Epoch: 99/300   Train loss: 0.02456   Test F-score avg/max: 0.58709/0.61348
Epoch: 100/300   Train loss: 0.02483   Test F-score avg/max: 0.57932/0.61348
Epoch: 101/300   Train loss: 0.02477   Test F-score avg/max: 0.58056/0.61348
Epoch: 102/300   Train loss: 0.02445   Test F-score avg/max: 0.58428/0.61348
Epoch: 103/300   Train loss: 0.02407   Test F-score avg/max: 0.59113/0.61348
Epoch: 104/300   Train loss: 0.02479   Test F-score avg/max: 0.60842/0.61348
Epoch: 105/300   Train loss: 0.02391   Test F-score avg/max: 0.59041/0.61348
Epoch: 106/300   Train loss: 0.02388   Test F-score avg/max: 0.58407/0.61348
Epoch: 107/300   Train loss: 0.02343   Test F-score avg/max: 0.58437/0.61348
Epoch: 108/300   Train loss: 0.02363   Test F-score avg/max: 0.58592/0.61348
Epoch: 109/300   Train loss: 0.02479   Test F-score avg/max: 0.57744/0.61348
Epoch: 110/300   Train loss: 0.02338   Test F-score avg/max: 0.56539/0.61348
Epoch: 111/300   Train loss: 0.02213   Test F-score avg/max: 0.59436/0.61348
Epoch: 112/300   Train loss: 0.02246   Test F-score avg/max: 0.60205/0.61348
Epoch: 113/300   Train loss: 0.02183   Test F-score avg/max: 0.58197/0.61348
Epoch: 114/300   Train loss: 0.02190   Test F-score avg/max: 0.60221/0.61348
Epoch: 115/300   Train loss: 0.02189   Test F-score avg/max: 0.57814/0.61348
Epoch: 116/300   Train loss: 0.02154   Test F-score avg/max: 0.55123/0.61348
Epoch: 117/300   Train loss: 0.02195   Test F-score avg/max: 0.57671/0.61348
Epoch: 118/300   Train loss: 0.02155   Test F-score avg/max: 0.58551/0.61348
Epoch: 119/300   Train loss: 0.02153   Test F-score avg/max: 0.58367/0.61348
Epoch: 120/300   Train loss: 0.02188   Test F-score avg/max: 0.58536/0.61348
Epoch: 121/300   Train loss: 0.02120   Test F-score avg/max: 0.55499/0.61348
Epoch: 122/300   Train loss: 0.02038   Test F-score avg/max: 0.56944/0.61348
Epoch: 123/300   Train loss: 0.02113   Test F-score avg/max: 0.56627/0.61348
Epoch: 124/300   Train loss: 0.02065   Test F-score avg/max: 0.57778/0.61348
Epoch: 125/300   Train loss: 0.02044   Test F-score avg/max: 0.56624/0.61348
Epoch: 126/300   Train loss: 0.02037   Test F-score avg/max: 0.56715/0.61348
Epoch: 127/300   Train loss: 0.02041   Test F-score avg/max: 0.55905/0.61348
Epoch: 128/300   Train loss: 0.02053   Test F-score avg/max: 0.57244/0.61348
Epoch: 129/300   Train loss: 0.02018   Test F-score avg/max: 0.5625/0.61348
Epoch: 130/300   Train loss: 0.01950   Test F-score avg/max: 0.56679/0.61348
Epoch: 131/300   Train loss: 0.01961   Test F-score avg/max: 0.5684/0.61348
Epoch: 132/300   Train loss: 0.01997   Test F-score avg/max: 0.56575/0.61348
Epoch: 133/300   Train loss: 0.02005   Test F-score avg/max: 0.5651/0.61348
Epoch: 134/300   Train loss: 0.01899   Test F-score avg/max: 0.55915/0.61348
Epoch: 135/300   Train loss: 0.01880   Test F-score avg/max: 0.55305/0.61348
Epoch: 136/300   Train loss: 0.01883   Test F-score avg/max: 0.5634/0.61348
Epoch: 137/300   Train loss: 0.01856   Test F-score avg/max: 0.56084/0.61348
Epoch: 138/300   Train loss: 0.01894   Test F-score avg/max: 0.56613/0.61348
Epoch: 139/300   Train loss: 0.01897   Test F-score avg/max: 0.56616/0.61348
Epoch: 140/300   Train loss: 0.01871   Test F-score avg/max: 0.56848/0.61348
Epoch: 141/300   Train loss: 0.01816   Test F-score avg/max: 0.56835/0.61348
Epoch: 142/300   Train loss: 0.01838   Test F-score avg/max: 0.57506/0.61348
Epoch: 143/300   Train loss: 0.01861   Test F-score avg/max: 0.57619/0.61348
Epoch: 144/300   Train loss: 0.01759   Test F-score avg/max: 0.56743/0.61348
Epoch: 145/300   Train loss: 0.01745   Test F-score avg/max: 0.56786/0.61348
Epoch: 146/300   Train loss: 0.01770   Test F-score avg/max: 0.56517/0.61348
Epoch: 147/300   Train loss: 0.01747   Test F-score avg/max: 0.5737/0.61348
Epoch: 148/300   Train loss: 0.01756   Test F-score avg/max: 0.5632/0.61348
Epoch: 149/300   Train loss: 0.01766   Test F-score avg/max: 0.56519/0.61348
Epoch: 150/300   Train loss: 0.01688   Test F-score avg/max: 0.57236/0.61348
Epoch: 151/300   Train loss: 0.01717   Test F-score avg/max: 0.56714/0.61348
Epoch: 152/300   Train loss: 0.01711   Test F-score avg/max: 0.57302/0.61348
Epoch: 153/300   Train loss: 0.01664   Test F-score avg/max: 0.55365/0.61348
Epoch: 154/300   Train loss: 0.01645   Test F-score avg/max: 0.57087/0.61348
Epoch: 155/300   Train loss: 0.01708   Test F-score avg/max: 0.5733/0.61348
Epoch: 156/300   Train loss: 0.01694   Test F-score avg/max: 0.56978/0.61348
Epoch: 157/300   Train loss: 0.01689   Test F-score avg/max: 0.57068/0.61348
Epoch: 158/300   Train loss: 0.01646   Test F-score avg/max: 0.56964/0.61348
Epoch: 159/300   Train loss: 0.01644   Test F-score avg/max: 0.56108/0.61348
Epoch: 160/300   Train loss: 0.01663   Test F-score avg/max: 0.5686/0.61348
Epoch: 161/300   Train loss: 0.01702   Test F-score avg/max: 0.56121/0.61348
Epoch: 162/300   Train loss: 0.01663   Test F-score avg/max: 0.57487/0.61348
Epoch: 163/300   Train loss: 0.01633   Test F-score avg/max: 0.56235/0.61348
Epoch: 164/300   Train loss: 0.01551   Test F-score avg/max: 0.57856/0.61348
Epoch: 165/300   Train loss: 0.01528   Test F-score avg/max: 0.56014/0.61348
Epoch: 166/300   Train loss: 0.01522   Test F-score avg/max: 0.56141/0.61348
Epoch: 167/300   Train loss: 0.01566   Test F-score avg/max: 0.56216/0.61348
Epoch: 168/300   Train loss: 0.01625   Test F-score avg/max: 0.55867/0.61348
Epoch: 169/300   Train loss: 0.01607   Test F-score avg/max: 0.54178/0.61348
Epoch: 170/300   Train loss: 0.01525   Test F-score avg/max: 0.56987/0.61348
Epoch: 171/300   Train loss: 0.01550   Test F-score avg/max: 0.55688/0.61348
Epoch: 172/300   Train loss: 0.01481   Test F-score avg/max: 0.55188/0.61348
Epoch: 173/300   Train loss: 0.01466   Test F-score avg/max: 0.56286/0.61348
Epoch: 174/300   Train loss: 0.01454   Test F-score avg/max: 0.55019/0.61348
Epoch: 175/300   Train loss: 0.01522   Test F-score avg/max: 0.56011/0.61348
Epoch: 176/300   Train loss: 0.01592   Test F-score avg/max: 0.56595/0.61348
Epoch: 177/300   Train loss: 0.01471   Test F-score avg/max: 0.546/0.61348
Epoch: 178/300   Train loss: 0.01453   Test F-score avg/max: 0.56818/0.61348
Epoch: 179/300   Train loss: 0.01403   Test F-score avg/max: 0.54698/0.61348
Epoch: 180/300   Train loss: 0.01463   Test F-score avg/max: 0.57168/0.61348
Epoch: 181/300   Train loss: 0.01469   Test F-score avg/max: 0.55155/0.61348
Epoch: 182/300   Train loss: 0.01444   Test F-score avg/max: 0.56177/0.61348
Epoch: 183/300   Train loss: 0.01448   Test F-score avg/max: 0.55873/0.61348
Epoch: 184/300   Train loss: 0.01433   Test F-score avg/max: 0.56361/0.61348
Epoch: 185/300   Train loss: 0.01422   Test F-score avg/max: 0.55834/0.61348
Epoch: 186/300   Train loss: 0.01401   Test F-score avg/max: 0.56492/0.61348
Epoch: 187/300   Train loss: 0.01423   Test F-score avg/max: 0.5437/0.61348
Epoch: 188/300   Train loss: 0.01421   Test F-score avg/max: 0.55636/0.61348
Epoch: 189/300   Train loss: 0.01306   Test F-score avg/max: 0.56459/0.61348
Epoch: 190/300   Train loss: 0.01361   Test F-score avg/max: 0.55584/0.61348
Epoch: 191/300   Train loss: 0.01356   Test F-score avg/max: 0.55805/0.61348
Epoch: 192/300   Train loss: 0.01390   Test F-score avg/max: 0.54647/0.61348
Epoch: 193/300   Train loss: 0.01371   Test F-score avg/max: 0.5555/0.61348
Epoch: 194/300   Train loss: 0.01327   Test F-score avg/max: 0.55585/0.61348
Epoch: 195/300   Train loss: 0.01332   Test F-score avg/max: 0.55103/0.61348
Epoch: 196/300   Train loss: 0.01298   Test F-score avg/max: 0.56433/0.61348
Epoch: 197/300   Train loss: 0.01284   Test F-score avg/max: 0.56602/0.61348
Epoch: 198/300   Train loss: 0.01282   Test F-score avg/max: 0.54956/0.61348
Epoch: 199/300   Train loss: 0.01256   Test F-score avg/max: 0.548/0.61348
Epoch: 200/300   Train loss: 0.01246   Test F-score avg/max: 0.55473/0.61348
Epoch: 201/300   Train loss: 0.01288   Test F-score avg/max: 0.5462/0.61348
Epoch: 202/300   Train loss: 0.01314   Test F-score avg/max: 0.55236/0.61348
Epoch: 203/300   Train loss: 0.01296   Test F-score avg/max: 0.55884/0.61348
Epoch: 204/300   Train loss: 0.01222   Test F-score avg/max: 0.55284/0.61348
Epoch: 205/300   Train loss: 0.01256   Test F-score avg/max: 0.56009/0.61348
Epoch: 206/300   Train loss: 0.01245   Test F-score avg/max: 0.54275/0.61348
Epoch: 207/300   Train loss: 0.01224   Test F-score avg/max: 0.55372/0.61348
Epoch: 208/300   Train loss: 0.01229   Test F-score avg/max: 0.55216/0.61348
Epoch: 209/300   Train loss: 0.01227   Test F-score avg/max: 0.55614/0.61348
Epoch: 210/300   Train loss: 0.01256   Test F-score avg/max: 0.54751/0.61348
Epoch: 211/300   Train loss: 0.01182   Test F-score avg/max: 0.55989/0.61348
Epoch: 212/300   Train loss: 0.01196   Test F-score avg/max: 0.53712/0.61348
Epoch: 213/300   Train loss: 0.01211   Test F-score avg/max: 0.53171/0.61348
Epoch: 214/300   Train loss: 0.01207   Test F-score avg/max: 0.56512/0.61348
Epoch: 215/300   Train loss: 0.01228   Test F-score avg/max: 0.54783/0.61348
Epoch: 216/300   Train loss: 0.01202   Test F-score avg/max: 0.54654/0.61348
Epoch: 217/300   Train loss: 0.01207   Test F-score avg/max: 0.56383/0.61348
Epoch: 218/300   Train loss: 0.01202   Test F-score avg/max: 0.54881/0.61348
Epoch: 219/300   Train loss: 0.01202   Test F-score avg/max: 0.54265/0.61348
Epoch: 220/300   Train loss: 0.01166   Test F-score avg/max: 0.53858/0.61348
Epoch: 221/300   Train loss: 0.01168   Test F-score avg/max: 0.53781/0.61348
Epoch: 222/300   Train loss: 0.01194   Test F-score avg/max: 0.55247/0.61348
Epoch: 223/300   Train loss: 0.01253   Test F-score avg/max: 0.55887/0.61348
Epoch: 224/300   Train loss: 0.01200   Test F-score avg/max: 0.55691/0.61348
Epoch: 225/300   Train loss: 0.01145   Test F-score avg/max: 0.56913/0.61348
Epoch: 226/300   Train loss: 0.01132   Test F-score avg/max: 0.53576/0.61348
Epoch: 227/300   Train loss: 0.01137   Test F-score avg/max: 0.54058/0.61348
Epoch: 228/300   Train loss: 0.01149   Test F-score avg/max: 0.54374/0.61348
Epoch: 229/300   Train loss: 0.01183   Test F-score avg/max: 0.5469/0.61348
Epoch: 230/300   Train loss: 0.01137   Test F-score avg/max: 0.53332/0.61348
Epoch: 231/300   Train loss: 0.01114   Test F-score avg/max: 0.55164/0.61348
Epoch: 232/300   Train loss: 0.01121   Test F-score avg/max: 0.53715/0.61348
Epoch: 233/300   Train loss: 0.01119   Test F-score avg/max: 0.53753/0.61348
Epoch: 234/300   Train loss: 0.01127   Test F-score avg/max: 0.55588/0.61348
Epoch: 235/300   Train loss: 0.01100   Test F-score avg/max: 0.53993/0.61348
Epoch: 236/300   Train loss: 0.01093   Test F-score avg/max: 0.55825/0.61348
Epoch: 237/300   Train loss: 0.01107   Test F-score avg/max: 0.55943/0.61348
Epoch: 238/300   Train loss: 0.01097   Test F-score avg/max: 0.5516/0.61348
Epoch: 239/300   Train loss: 0.01114   Test F-score avg/max: 0.55296/0.61348
Epoch: 240/300   Train loss: 0.01129   Test F-score avg/max: 0.56217/0.61348
Epoch: 241/300   Train loss: 0.01101   Test F-score avg/max: 0.53141/0.61348
Epoch: 242/300   Train loss: 0.01100   Test F-score avg/max: 0.55428/0.61348
Epoch: 243/300   Train loss: 0.01117   Test F-score avg/max: 0.54554/0.61348
Epoch: 244/300   Train loss: 0.01133   Test F-score avg/max: 0.54518/0.61348
Epoch: 245/300   Train loss: 0.01058   Test F-score avg/max: 0.54581/0.61348
Epoch: 246/300   Train loss: 0.01078   Test F-score avg/max: 0.54069/0.61348
Epoch: 247/300   Train loss: 0.01077   Test F-score avg/max: 0.55818/0.61348
Epoch: 248/300   Train loss: 0.01114   Test F-score avg/max: 0.54887/0.61348
Epoch: 249/300   Train loss: 0.01045   Test F-score avg/max: 0.54715/0.61348
Epoch: 250/300   Train loss: 0.01048   Test F-score avg/max: 0.54902/0.61348
Epoch: 251/300   Train loss: 0.01033   Test F-score avg/max: 0.55125/0.61348
Epoch: 252/300   Train loss: 0.01043   Test F-score avg/max: 0.54776/0.61348
Epoch: 253/300   Train loss: 0.01046   Test F-score avg/max: 0.56237/0.61348
Epoch: 254/300   Train loss: 0.01053   Test F-score avg/max: 0.54214/0.61348
Epoch: 255/300   Train loss: 0.01053   Test F-score avg/max: 0.54712/0.61348
Epoch: 256/300   Train loss: 0.01065   Test F-score avg/max: 0.55538/0.61348
Epoch: 257/300   Train loss: 0.01049   Test F-score avg/max: 0.5367/0.61348
WARNING:root:NaN or Inf found in input tensor.
WARNING:root:NaN or Inf found in input tensor.
WARNING:root:NaN or Inf found in input tensor.
WARNING:root:NaN or Inf found in input tensor.
WARNING:root:NaN or Inf found in input tensor.
WARNING:root:NaN or Inf found in input tensor.
WARNING:root:NaN or Inf found in input tensor.
WARNING:root:NaN or Inf found in input tensor.
WARNING:root:NaN or Inf found in input tensor.
WARNING:root:NaN or Inf found in input tensor.
WARNING:root:NaN or Inf found in input tensor.
WARNING:root:NaN or Inf found in input tensor.
WARNING:root:NaN or Inf found in input tensor.
WARNING:root:NaN or Inf found in input tensor.
WARNING:root:NaN or Inf found in input tensor.
WARNING:root:NaN or Inf found in input tensor.
WARNING:root:NaN or Inf found in input tensor.
WARNING:root:NaN or Inf found in input tensor.
WARNING:root:NaN or Inf found in input tensor.
WARNING:root:NaN or Inf found in input tensor.
WARNING:root:NaN or Inf found in input tensor.
WARNING:root:NaN or Inf found in input tensor.
WARNING:root:NaN or Inf found in input tensor.
WARNING:root:NaN or Inf found in input tensor.
WARNING:root:NaN or Inf found in input tensor.
WARNING:root:NaN or Inf found in input tensor.
WARNING:root:NaN or Inf found in input tensor.
WARNING:root:NaN or Inf found in input tensor.
WARNING:root:NaN or Inf found in input tensor.
WARNING:root:NaN or Inf found in input tensor.
WARNING:root:NaN or Inf found in input tensor.
WARNING:root:NaN or Inf found in input tensor.
WARNING:root:NaN or Inf found in input tensor.
WARNING:root:NaN or Inf found in input tensor.
WARNING:root:NaN or Inf found in input tensor.
WARNING:root:NaN or Inf found in input tensor.
WARNING:root:NaN or Inf found in input tensor.
WARNING:root:NaN or Inf found in input tensor.
WARNING:root:NaN or Inf found in input tensor.
WARNING:root:NaN or Inf found in input tensor.
WARNING:root:NaN or Inf found in input tensor.
WARNING:root:NaN or Inf found in input tensor.
mv: target 'i3d_features/models/tvsum_splits_0_0.6134809278103031.tar.pth' is not a directory
rm: cannot remove 'i3d_features/models_temp/tvsum_splits_0/181_3.504.pth.tar': Permission denied
rm: cannot remove 'i3d_features/models_temp/tvsum_splits_0/190_3.504.pth.tar': Permission denied
rm: cannot remove 'i3d_features/models_temp/tvsum_splits_0/196_3.504.pth.tar': Permission denied
Epoch: 258/300   Train loss: nan   Test F-score avg/max: 0.035038/0.61348
Epoch: 259/300   Train loss: nan   Test F-score avg/max: 0.035038/0.61348
Epoch: 260/300   Train loss: nan   Test F-score avg/max: 0.035038/0.61348
Epoch: 261/300   Train loss: nan   Test F-score avg/max: 0.035038/0.61348
Epoch: 262/300   Train loss: nan   Test F-score avg/max: 0.035038/0.61348
Epoch: 263/300   Train loss: nan   Test F-score avg/max: 0.035038/0.61348
Epoch: 264/300   Train loss: nan   Test F-score avg/max: 0.035038/0.61348
Epoch: 265/300   Train loss: nan   Test F-score avg/max: 0.035038/0.61348
Epoch: 266/300   Train loss: nan   Test F-score avg/max: 0.035038/0.61348
Epoch: 267/300   Train loss: nan   Test F-score avg/max: 0.035038/0.61348
Epoch: 268/300   Train loss: nan   Test F-score avg/max: 0.035038/0.61348
Epoch: 269/300   Train loss: nan   Test F-score avg/max: 0.035038/0.61348
Epoch: 270/300   Train loss: nan   Test F-score avg/max: 0.035038/0.61348
Epoch: 271/300   Train loss: nan   Test F-score avg/max: 0.035038/0.61348
Epoch: 272/300   Train loss: nan   Test F-score avg/max: 0.035038/0.61348
Epoch: 273/300   Train loss: nan   Test F-score avg/max: 0.035038/0.61348
Epoch: 274/300   Train loss: nan   Test F-score avg/max: 0.035038/0.61348
Epoch: 275/300   Train loss: nan   Test F-score avg/max: 0.035038/0.61348
Epoch: 276/300   Train loss: nan   Test F-score avg/max: 0.035038/0.61348
Epoch: 277/300   Train loss: nan   Test F-score avg/max: 0.035038/0.61348
Epoch: 278/300   Train loss: nan   Test F-score avg/max: 0.035038/0.61348
Epoch: 279/300   Train loss: nan   Test F-score avg/max: 0.035038/0.61348
Epoch: 280/300   Train loss: nan   Test F-score avg/max: 0.035038/0.61348
Epoch: 281/300   Train loss: nan   Test F-score avg/max: 0.035038/0.61348
Epoch: 282/300   Train loss: nan   Test F-score avg/max: 0.035038/0.61348
Epoch: 283/300   Train loss: nan   Test F-score avg/max: 0.035038/0.61348
Epoch: 284/300   Train loss: nan   Test F-score avg/max: 0.035038/0.61348
Epoch: 285/300   Train loss: nan   Test F-score avg/max: 0.035038/0.61348
Epoch: 286/300   Train loss: nan   Test F-score avg/max: 0.035038/0.61348
Epoch: 287/300   Train loss: nan   Test F-score avg/max: 0.035038/0.61348
Epoch: 288/300   Train loss: nan   Test F-score avg/max: 0.035038/0.61348
Epoch: 289/300   Train loss: nan   Test F-score avg/max: 0.035038/0.61348
Epoch: 290/300   Train loss: nan   Test F-score avg/max: 0.035038/0.61348
Epoch: 291/300   Train loss: nan   Test F-score avg/max: 0.035038/0.61348
Epoch: 292/300   Train loss: nan   Test F-score avg/max: 0.035038/0.61348
Epoch: 293/300   Train loss: nan   Test F-score avg/max: 0.035038/0.61348
Epoch: 294/300   Train loss: nan   Test F-score avg/max: 0.035038/0.61348
Epoch: 295/300   Train loss: nan   Test F-score avg/max: 0.035038/0.61348
Epoch: 296/300   Train loss: nan   Test F-score avg/max: 0.035038/0.61348
Epoch: 297/300   Train loss: nan   Test F-score avg/max: 0.035038/0.61348
Epoch: 298/300   Train loss: nan   Test F-score avg/max: 0.035038/0.61348
Epoch: 299/300   Train loss: nan   Test F-score avg/max: 0.035038/0.61348
Split: splits/tvsum_splits.json   Best F-score: 0.61348   Model: i3d_features/models/tvsum_splits_0_0.6134809278103031.tar.pth
Setting CUDA device:  0
['../SUM-GAN-AAE/data/TVSum/tvsum_i3d_mixed5c_aligned.h5']
../SUM-GAN-AAE/data/TVSum/tvsum_i3d_mixed5c_aligned.h5
Loading: ../SUM-GAN-AAE/data/TVSum/tvsum_i3d_mixed5c_aligned.h5
Loading splits from:  splits/tvsum_splits.json
Selecting split:  1
tvsum
../SUM-GAN-AAE/data/SumMe/summe_i3d_mixed5c_aligned.h5
../SUM-GAN-AAE/data/TVSum/tvsum_i3d_mixed5c_aligned.h5
Initializing VASNet model and optimizer...
Starting training...
Epoch: 0/300    Train loss: 0.13362   Test F-score avg/max: 0.4531/0.4531
Epoch: 1/300    Train loss: 0.11423   Test F-score avg/max: 0.49214/0.49214
Epoch: 2/300    Train loss: 0.10134   Test F-score avg/max: 0.52932/0.52932
Epoch: 3/300    Train loss: 0.09228   Test F-score avg/max: 0.55042/0.55042
Epoch: 4/300    Train loss: 0.08004   Test F-score avg/max: 0.59382/0.59382
Epoch: 5/300    Train loss: 0.07322   Test F-score avg/max: 0.62158/0.62158
Epoch: 6/300    Train loss: 0.06830   Test F-score avg/max: 0.62179/0.62179
Epoch: 7/300    Train loss: 0.06447   Test F-score avg/max: 0.61782/0.62179
Epoch: 8/300    Train loss: 0.06219   Test F-score avg/max: 0.62505/0.62505
Epoch: 9/300    Train loss: 0.05972   Test F-score avg/max: 0.61569/0.62505
Epoch: 10/300   Train loss: 0.05872   Test F-score avg/max: 0.61725/0.62505
Epoch: 11/300   Train loss: 0.05648   Test F-score avg/max: 0.61846/0.62505
Epoch: 12/300   Train loss: 0.05534   Test F-score avg/max: 0.62129/0.62505
Epoch: 13/300   Train loss: 0.05477   Test F-score avg/max: 0.61576/0.62505
Epoch: 14/300   Train loss: 0.05252   Test F-score avg/max: 0.61443/0.62505
Epoch: 15/300   Train loss: 0.05181   Test F-score avg/max: 0.61828/0.62505
Epoch: 16/300   Train loss: 0.05065   Test F-score avg/max: 0.62168/0.62505
Epoch: 17/300   Train loss: 0.05094   Test F-score avg/max: 0.61915/0.62505
Epoch: 18/300   Train loss: 0.05035   Test F-score avg/max: 0.61345/0.62505
Epoch: 19/300   Train loss: 0.04951   Test F-score avg/max: 0.62231/0.62505
Epoch: 20/300   Train loss: 0.04847   Test F-score avg/max: 0.61345/0.62505
Epoch: 21/300   Train loss: 0.04793   Test F-score avg/max: 0.61708/0.62505
Epoch: 22/300   Train loss: 0.04834   Test F-score avg/max: 0.61473/0.62505
Epoch: 23/300   Train loss: 0.04758   Test F-score avg/max: 0.62416/0.62505
Epoch: 24/300   Train loss: 0.04703   Test F-score avg/max: 0.61413/0.62505
Epoch: 25/300   Train loss: 0.04589   Test F-score avg/max: 0.62284/0.62505
Epoch: 26/300   Train loss: 0.04619   Test F-score avg/max: 0.61473/0.62505
Epoch: 27/300   Train loss: 0.04557   Test F-score avg/max: 0.61418/0.62505
Epoch: 28/300   Train loss: 0.04548   Test F-score avg/max: 0.61473/0.62505
Epoch: 29/300   Train loss: 0.04458   Test F-score avg/max: 0.62106/0.62505
Epoch: 30/300   Train loss: 0.04472   Test F-score avg/max: 0.62231/0.62505
Epoch: 31/300   Train loss: 0.04406   Test F-score avg/max: 0.61805/0.62505
Epoch: 32/300   Train loss: 0.04375   Test F-score avg/max: 0.61395/0.62505
Epoch: 33/300   Train loss: 0.04292   Test F-score avg/max: 0.60833/0.62505
Epoch: 34/300   Train loss: 0.04302   Test F-score avg/max: 0.62039/0.62505
Epoch: 35/300   Train loss: 0.04272   Test F-score avg/max: 0.61798/0.62505
Epoch: 36/300   Train loss: 0.04267   Test F-score avg/max: 0.62114/0.62505
Epoch: 37/300   Train loss: 0.04290   Test F-score avg/max: 0.61744/0.62505
Epoch: 38/300   Train loss: 0.04219   Test F-score avg/max: 0.60911/0.62505
Epoch: 39/300   Train loss: 0.04141   Test F-score avg/max: 0.62039/0.62505
Epoch: 40/300   Train loss: 0.04132   Test F-score avg/max: 0.60911/0.62505
Epoch: 41/300   Train loss: 0.04063   Test F-score avg/max: 0.60853/0.62505
Epoch: 42/300   Train loss: 0.04068   Test F-score avg/max: 0.62362/0.62505
Epoch: 43/300   Train loss: 0.04044   Test F-score avg/max: 0.62509/0.62509
Epoch: 44/300   Train loss: 0.04039   Test F-score avg/max: 0.60981/0.62509
Epoch: 45/300   Train loss: 0.04023   Test F-score avg/max: 0.61379/0.62509
Epoch: 46/300   Train loss: 0.03956   Test F-score avg/max: 0.6278/0.6278
Epoch: 47/300   Train loss: 0.03959   Test F-score avg/max: 0.62665/0.6278
Epoch: 48/300   Train loss: 0.03896   Test F-score avg/max: 0.6227/0.6278
Epoch: 49/300   Train loss: 0.03837   Test F-score avg/max: 0.62968/0.62968
Epoch: 50/300   Train loss: 0.03808   Test F-score avg/max: 0.62391/0.62968
Epoch: 51/300   Train loss: 0.03837   Test F-score avg/max: 0.61734/0.62968
Epoch: 52/300   Train loss: 0.03729   Test F-score avg/max: 0.61269/0.62968
Epoch: 53/300   Train loss: 0.03797   Test F-score avg/max: 0.61456/0.62968
Epoch: 54/300   Train loss: 0.03990   Test F-score avg/max: 0.62576/0.62968
Epoch: 55/300   Train loss: 0.03726   Test F-score avg/max: 0.62131/0.62968
Epoch: 56/300   Train loss: 0.03677   Test F-score avg/max: 0.62198/0.62968
Epoch: 57/300   Train loss: 0.03638   Test F-score avg/max: 0.62628/0.62968
Epoch: 58/300   Train loss: 0.03621   Test F-score avg/max: 0.6198/0.62968
Epoch: 59/300   Train loss: 0.03561   Test F-score avg/max: 0.60394/0.62968
Epoch: 60/300   Train loss: 0.03537   Test F-score avg/max: 0.61609/0.62968
Epoch: 61/300   Train loss: 0.03556   Test F-score avg/max: 0.61609/0.62968
Epoch: 62/300   Train loss: 0.03505   Test F-score avg/max: 0.61281/0.62968
Epoch: 63/300   Train loss: 0.03450   Test F-score avg/max: 0.59177/0.62968
Epoch: 64/300   Train loss: 0.03453   Test F-score avg/max: 0.62116/0.62968
Epoch: 65/300   Train loss: 0.03442   Test F-score avg/max: 0.61657/0.62968
Epoch: 66/300   Train loss: 0.03367   Test F-score avg/max: 0.62009/0.62968
Epoch: 67/300   Train loss: 0.03349   Test F-score avg/max: 0.61508/0.62968
Epoch: 68/300   Train loss: 0.03300   Test F-score avg/max: 0.61895/0.62968
Epoch: 69/300   Train loss: 0.03293   Test F-score avg/max: 0.61758/0.62968
Epoch: 70/300   Train loss: 0.03305   Test F-score avg/max: 0.60871/0.62968
Epoch: 71/300   Train loss: 0.03226   Test F-score avg/max: 0.59144/0.62968
Epoch: 72/300   Train loss: 0.03382   Test F-score avg/max: 0.59918/0.62968
Epoch: 73/300   Train loss: 0.03268   Test F-score avg/max: 0.61162/0.62968
Epoch: 74/300   Train loss: 0.03123   Test F-score avg/max: 0.58915/0.62968
Epoch: 75/300   Train loss: 0.03167   Test F-score avg/max: 0.59738/0.62968
Epoch: 76/300   Train loss: 0.03203   Test F-score avg/max: 0.61717/0.62968
Epoch: 77/300   Train loss: 0.03138   Test F-score avg/max: 0.6079/0.62968
Epoch: 78/300   Train loss: 0.03033   Test F-score avg/max: 0.60549/0.62968
Epoch: 79/300   Train loss: 0.03015   Test F-score avg/max: 0.60234/0.62968
Epoch: 80/300   Train loss: 0.02961   Test F-score avg/max: 0.59289/0.62968
Epoch: 81/300   Train loss: 0.02932   Test F-score avg/max: 0.58435/0.62968
Epoch: 82/300   Train loss: 0.02903   Test F-score avg/max: 0.61376/0.62968
Epoch: 83/300   Train loss: 0.02885   Test F-score avg/max: 0.59073/0.62968
Epoch: 84/300   Train loss: 0.02863   Test F-score avg/max: 0.57549/0.62968
Epoch: 85/300   Train loss: 0.02822   Test F-score avg/max: 0.59852/0.62968
Epoch: 86/300   Train loss: 0.02783   Test F-score avg/max: 0.56433/0.62968
Epoch: 87/300   Train loss: 0.02827   Test F-score avg/max: 0.59778/0.62968
Epoch: 88/300   Train loss: 0.02769   Test F-score avg/max: 0.56854/0.62968
Epoch: 89/300   Train loss: 0.02749   Test F-score avg/max: 0.59117/0.62968
Epoch: 90/300   Train loss: 0.02711   Test F-score avg/max: 0.5536/0.62968
Epoch: 91/300   Train loss: 0.02682   Test F-score avg/max: 0.57335/0.62968
Epoch: 92/300   Train loss: 0.02718   Test F-score avg/max: 0.62528/0.62968
Epoch: 93/300   Train loss: 0.02731   Test F-score avg/max: 0.55204/0.62968
Epoch: 94/300   Train loss: 0.02687   Test F-score avg/max: 0.57961/0.62968
Epoch: 95/300   Train loss: 0.02652   Test F-score avg/max: 0.55993/0.62968
Epoch: 96/300   Train loss: 0.02653   Test F-score avg/max: 0.58455/0.62968
Epoch: 97/300   Train loss: 0.02610   Test F-score avg/max: 0.5743/0.62968
Epoch: 98/300   Train loss: 0.02587   Test F-score avg/max: 0.58049/0.62968
Epoch: 99/300   Train loss: 0.02510   Test F-score avg/max: 0.57906/0.62968
Epoch: 100/300   Train loss: 0.02429   Test F-score avg/max: 0.5613/0.62968
Epoch: 101/300   Train loss: 0.02493   Test F-score avg/max: 0.56121/0.62968
Epoch: 102/300   Train loss: 0.02454   Test F-score avg/max: 0.56055/0.62968
Epoch: 103/300   Train loss: 0.02423   Test F-score avg/max: 0.57311/0.62968
Epoch: 104/300   Train loss: 0.02411   Test F-score avg/max: 0.60899/0.62968
Epoch: 105/300   Train loss: 0.02439   Test F-score avg/max: 0.57273/0.62968
Epoch: 106/300   Train loss: 0.02424   Test F-score avg/max: 0.5407/0.62968
Epoch: 107/300   Train loss: 0.02419   Test F-score avg/max: 0.5565/0.62968
Epoch: 108/300   Train loss: 0.02367   Test F-score avg/max: 0.5677/0.62968
Epoch: 109/300   Train loss: 0.02401   Test F-score avg/max: 0.5492/0.62968
Epoch: 110/300   Train loss: 0.02324   Test F-score avg/max: 0.58019/0.62968
Epoch: 111/300   Train loss: 0.02284   Test F-score avg/max: 0.59942/0.62968
Epoch: 112/300   Train loss: 0.02312   Test F-score avg/max: 0.58116/0.62968
Epoch: 113/300   Train loss: 0.02278   Test F-score avg/max: 0.57539/0.62968
Epoch: 114/300   Train loss: 0.02197   Test F-score avg/max: 0.59765/0.62968
Epoch: 115/300   Train loss: 0.02236   Test F-score avg/max: 0.61538/0.62968
Epoch: 116/300   Train loss: 0.02164   Test F-score avg/max: 0.56261/0.62968
Epoch: 117/300   Train loss: 0.02217   Test F-score avg/max: 0.57885/0.62968
Epoch: 118/300   Train loss: 0.02198   Test F-score avg/max: 0.59899/0.62968
Epoch: 119/300   Train loss: 0.02200   Test F-score avg/max: 0.59207/0.62968
Epoch: 120/300   Train loss: 0.02142   Test F-score avg/max: 0.59307/0.62968
Epoch: 121/300   Train loss: 0.02168   Test F-score avg/max: 0.5634/0.62968
Epoch: 122/300   Train loss: 0.02140   Test F-score avg/max: 0.61422/0.62968
Epoch: 123/300   Train loss: 0.02142   Test F-score avg/max: 0.60097/0.62968
Epoch: 124/300   Train loss: 0.02019   Test F-score avg/max: 0.57871/0.62968
Epoch: 125/300   Train loss: 0.02037   Test F-score avg/max: 0.57359/0.62968
Epoch: 126/300   Train loss: 0.02048   Test F-score avg/max: 0.57772/0.62968
Epoch: 127/300   Train loss: 0.02055   Test F-score avg/max: 0.57824/0.62968
Epoch: 128/300   Train loss: 0.02001   Test F-score avg/max: 0.56727/0.62968
Epoch: 129/300   Train loss: 0.02068   Test F-score avg/max: 0.60172/0.62968
Epoch: 130/300   Train loss: 0.02013   Test F-score avg/max: 0.56256/0.62968
Epoch: 131/300   Train loss: 0.01945   Test F-score avg/max: 0.59136/0.62968
Epoch: 132/300   Train loss: 0.01924   Test F-score avg/max: 0.56116/0.62968
Epoch: 133/300   Train loss: 0.01950   Test F-score avg/max: 0.58851/0.62968
Epoch: 134/300   Train loss: 0.01908   Test F-score avg/max: 0.54922/0.62968
Epoch: 135/300   Train loss: 0.01910   Test F-score avg/max: 0.60437/0.62968
Epoch: 136/300   Train loss: 0.01891   Test F-score avg/max: 0.55384/0.62968
Epoch: 137/300   Train loss: 0.01894   Test F-score avg/max: 0.58125/0.62968
Epoch: 138/300   Train loss: 0.01836   Test F-score avg/max: 0.57562/0.62968
Epoch: 139/300   Train loss: 0.01824   Test F-score avg/max: 0.55726/0.62968
Epoch: 140/300   Train loss: 0.01850   Test F-score avg/max: 0.57106/0.62968
Epoch: 141/300   Train loss: 0.01830   Test F-score avg/max: 0.54075/0.62968
Epoch: 142/300   Train loss: 0.01822   Test F-score avg/max: 0.59985/0.62968
Epoch: 143/300   Train loss: 0.01890   Test F-score avg/max: 0.58799/0.62968
Epoch: 144/300   Train loss: 0.01898   Test F-score avg/max: 0.56596/0.62968
Epoch: 145/300   Train loss: 0.01847   Test F-score avg/max: 0.60991/0.62968
Epoch: 146/300   Train loss: 0.01780   Test F-score avg/max: 0.56153/0.62968
Epoch: 147/300   Train loss: 0.01774   Test F-score avg/max: 0.55997/0.62968
Epoch: 148/300   Train loss: 0.01748   Test F-score avg/max: 0.5593/0.62968
Epoch: 149/300   Train loss: 0.01704   Test F-score avg/max: 0.56475/0.62968
Epoch: 150/300   Train loss: 0.01696   Test F-score avg/max: 0.55676/0.62968
Epoch: 151/300   Train loss: 0.01689   Test F-score avg/max: 0.55625/0.62968
Epoch: 152/300   Train loss: 0.01728   Test F-score avg/max: 0.55272/0.62968
Epoch: 153/300   Train loss: 0.01747   Test F-score avg/max: 0.57597/0.62968
Epoch: 154/300   Train loss: 0.01802   Test F-score avg/max: 0.55751/0.62968
Epoch: 155/300   Train loss: 0.01731   Test F-score avg/max: 0.58238/0.62968
Epoch: 156/300   Train loss: 0.01731   Test F-score avg/max: 0.54926/0.62968
Epoch: 157/300   Train loss: 0.01648   Test F-score avg/max: 0.5792/0.62968
Epoch: 158/300   Train loss: 0.01624   Test F-score avg/max: 0.58364/0.62968
Epoch: 159/300   Train loss: 0.01620   Test F-score avg/max: 0.57407/0.62968
Epoch: 160/300   Train loss: 0.01583   Test F-score avg/max: 0.54737/0.62968
Epoch: 161/300   Train loss: 0.01583   Test F-score avg/max: 0.57182/0.62968
Epoch: 162/300   Train loss: 0.01586   Test F-score avg/max: 0.55315/0.62968
Epoch: 163/300   Train loss: 0.01615   Test F-score avg/max: 0.57252/0.62968
Epoch: 164/300   Train loss: 0.01548   Test F-score avg/max: 0.56066/0.62968
Epoch: 165/300   Train loss: 0.01581   Test F-score avg/max: 0.56975/0.62968
Epoch: 166/300   Train loss: 0.01515   Test F-score avg/max: 0.56322/0.62968
WARNING:root:NaN or Inf found in input tensor.
WARNING:root:NaN or Inf found in input tensor.
WARNING:root:NaN or Inf found in input tensor.
Epoch: 167/300   Train loss: 0.01585   Test F-score avg/max: 0.56577/0.62968
Epoch: 168/300   Train loss: 0.01602   Test F-score avg/max: 0.57258/0.62968
Epoch: 169/300   Train loss: 0.01628   Test F-score avg/max: 0.56478/0.62968
Epoch: 170/300   Train loss: 0.01643   Test F-score avg/max: 0.58184/0.62968
Epoch: 171/300   Train loss: 0.01572   Test F-score avg/max: 0.54779/0.62968
Epoch: 172/300   Train loss: 0.01464   Test F-score avg/max: 0.5819/0.62968
Epoch: 173/300   Train loss: 0.01482   Test F-score avg/max: 0.5662/0.62968
Epoch: 174/300   Train loss: 0.01465   Test F-score avg/max: 0.55391/0.62968
Epoch: 175/300   Train loss: 0.01457   Test F-score avg/max: 0.56331/0.62968
Epoch: 176/300   Train loss: 0.01511   Test F-score avg/max: 0.55514/0.62968
Epoch: 177/300   Train loss: 0.01599   Test F-score avg/max: 0.56077/0.62968
Epoch: 178/300   Train loss: 0.01505   Test F-score avg/max: 0.56569/0.62968
Epoch: 179/300   Train loss: 0.01466   Test F-score avg/max: 0.5685/0.62968
Epoch: 180/300   Train loss: 0.01494   Test F-score avg/max: 0.55461/0.62968
Epoch: 181/300   Train loss: 0.01419   Test F-score avg/max: 0.55506/0.62968
Epoch: 182/300   Train loss: 0.01406   Test F-score avg/max: 0.55971/0.62968
Epoch: 183/300   Train loss: 0.01400   Test F-score avg/max: 0.55881/0.62968
Epoch: 184/300   Train loss: 0.01368   Test F-score avg/max: 0.56679/0.62968
Epoch: 185/300   Train loss: 0.01372   Test F-score avg/max: 0.59136/0.62968
Epoch: 186/300   Train loss: 0.01364   Test F-score avg/max: 0.55485/0.62968
Epoch: 187/300   Train loss: 0.01339   Test F-score avg/max: 0.56172/0.62968
Epoch: 188/300   Train loss: 0.01327   Test F-score avg/max: 0.55294/0.62968
Epoch: 189/300   Train loss: 0.01376   Test F-score avg/max: 0.5677/0.62968
Epoch: 190/300   Train loss: 0.01394   Test F-score avg/max: 0.56341/0.62968
Epoch: 191/300   Train loss: 0.01333   Test F-score avg/max: 0.5687/0.62968
Epoch: 192/300   Train loss: 0.01382   Test F-score avg/max: 0.56228/0.62968
Epoch: 193/300   Train loss: 0.01377   Test F-score avg/max: 0.55008/0.62968
Epoch: 194/300   Train loss: 0.01371   Test F-score avg/max: 0.52657/0.62968
Epoch: 195/300   Train loss: 0.01426   Test F-score avg/max: 0.55391/0.62968
Epoch: 196/300   Train loss: 0.01322   Test F-score avg/max: 0.56076/0.62968
Epoch: 197/300   Train loss: 0.01314   Test F-score avg/max: 0.55074/0.62968
Epoch: 198/300   Train loss: 0.01305   Test F-score avg/max: 0.55488/0.62968
Epoch: 199/300   Train loss: 0.01300   Test F-score avg/max: 0.56044/0.62968
Epoch: 200/300   Train loss: 0.01305   Test F-score avg/max: 0.5566/0.62968
Epoch: 201/300   Train loss: 0.01292   Test F-score avg/max: 0.55587/0.62968
Epoch: 202/300   Train loss: 0.01262   Test F-score avg/max: 0.55899/0.62968
Epoch: 203/300   Train loss: 0.01259   Test F-score avg/max: 0.5668/0.62968
Epoch: 204/300   Train loss: 0.01268   Test F-score avg/max: 0.55088/0.62968
Epoch: 205/300   Train loss: 0.01253   Test F-score avg/max: 0.55355/0.62968
Epoch: 206/300   Train loss: 0.01259   Test F-score avg/max: 0.54677/0.62968
Epoch: 207/300   Train loss: 0.01229   Test F-score avg/max: 0.56901/0.62968
Epoch: 208/300   Train loss: 0.01224   Test F-score avg/max: 0.54784/0.62968
Epoch: 209/300   Train loss: 0.01254   Test F-score avg/max: 0.55179/0.62968
Epoch: 210/300   Train loss: 0.01247   Test F-score avg/max: 0.54541/0.62968
Epoch: 211/300   Train loss: 0.01257   Test F-score avg/max: 0.57408/0.62968
Epoch: 212/300   Train loss: 0.01238   Test F-score avg/max: 0.55954/0.62968
Epoch: 213/300   Train loss: 0.01182   Test F-score avg/max: 0.55304/0.62968
Epoch: 214/300   Train loss: 0.01191   Test F-score avg/max: 0.55651/0.62968
Epoch: 215/300   Train loss: 0.01195   Test F-score avg/max: 0.57244/0.62968
Epoch: 216/300   Train loss: 0.01200   Test F-score avg/max: 0.55015/0.62968
Epoch: 217/300   Train loss: 0.01222   Test F-score avg/max: 0.54705/0.62968
Epoch: 218/300   Train loss: 0.01232   Test F-score avg/max: 0.55655/0.62968
Epoch: 219/300   Train loss: 0.01292   Test F-score avg/max: 0.55962/0.62968
Epoch: 220/300   Train loss: 0.01308   Test F-score avg/max: 0.57678/0.62968
Epoch: 221/300   Train loss: 0.01251   Test F-score avg/max: 0.55665/0.62968
Epoch: 222/300   Train loss: 0.01168   Test F-score avg/max: 0.55286/0.62968
Epoch: 223/300   Train loss: 0.01197   Test F-score avg/max: 0.5466/0.62968
Epoch: 224/300   Train loss: 0.01166   Test F-score avg/max: 0.56349/0.62968
Epoch: 225/300   Train loss: 0.01125   Test F-score avg/max: 0.55444/0.62968
Epoch: 226/300   Train loss: 0.01149   Test F-score avg/max: 0.55294/0.62968
Epoch: 227/300   Train loss: 0.01132   Test F-score avg/max: 0.55682/0.62968
Epoch: 228/300   Train loss: 0.01122   Test F-score avg/max: 0.54578/0.62968
Epoch: 229/300   Train loss: 0.01106   Test F-score avg/max: 0.5489/0.62968
Epoch: 230/300   Train loss: 0.01148   Test F-score avg/max: 0.54131/0.62968
Epoch: 231/300   Train loss: 0.01177   Test F-score avg/max: 0.5585/0.62968
Epoch: 232/300   Train loss: 0.01115   Test F-score avg/max: 0.55422/0.62968
Epoch: 233/300   Train loss: 0.01135   Test F-score avg/max: 0.55064/0.62968
Epoch: 234/300   Train loss: 0.01118   Test F-score avg/max: 0.54183/0.62968
Epoch: 235/300   Train loss: 0.01101   Test F-score avg/max: 0.553/0.62968
Epoch: 236/300   Train loss: 0.01075   Test F-score avg/max: 0.54683/0.62968
Epoch: 237/300   Train loss: 0.01105   Test F-score avg/max: 0.54052/0.62968
Epoch: 238/300   Train loss: 0.01135   Test F-score avg/max: 0.57522/0.62968
Epoch: 239/300   Train loss: 0.01113   Test F-score avg/max: 0.56293/0.62968
Epoch: 240/300   Train loss: 0.01105   Test F-score avg/max: 0.55091/0.62968
Epoch: 241/300   Train loss: 0.01116   Test F-score avg/max: 0.58227/0.62968
Epoch: 242/300   Train loss: 0.01112   Test F-score avg/max: 0.55103/0.62968
Epoch: 243/300   Train loss: 0.01082   Test F-score avg/max: 0.54357/0.62968
Epoch: 244/300   Train loss: 0.01063   Test F-score avg/max: 0.56718/0.62968
Epoch: 245/300   Train loss: 0.01040   Test F-score avg/max: 0.54502/0.62968
Epoch: 246/300   Train loss: 0.01067   Test F-score avg/max: 0.55376/0.62968
Epoch: 247/300   Train loss: 0.01069   Test F-score avg/max: 0.55015/0.62968
Epoch: 248/300   Train loss: 0.01154   Test F-score avg/max: 0.55069/0.62968
Epoch: 249/300   Train loss: 0.01097   Test F-score avg/max: 0.54993/0.62968
Epoch: 250/300   Train loss: 0.01049   Test F-score avg/max: 0.58218/0.62968
Epoch: 251/300   Train loss: 0.01050   Test F-score avg/max: 0.5545/0.62968
Epoch: 252/300   Train loss: 0.01070   Test F-score avg/max: 0.57778/0.62968
Epoch: 253/300   Train loss: 0.01085   Test F-score avg/max: 0.56105/0.62968
Epoch: 254/300   Train loss: 0.01066   Test F-score avg/max: 0.55258/0.62968
Epoch: 255/300   Train loss: 0.01084   Test F-score avg/max: 0.56266/0.62968
Epoch: 256/300   Train loss: 0.01041   Test F-score avg/max: 0.58024/0.62968
Epoch: 257/300   Train loss: 0.01051   Test F-score avg/max: 0.54362/0.62968
Epoch: 258/300   Train loss: 0.01050   Test F-score avg/max: 0.55126/0.62968
Epoch: 259/300   Train loss: 0.01066   Test F-score avg/max: 0.55763/0.62968
Epoch: 260/300   Train loss: 0.01052   Test F-score avg/max: 0.55514/0.62968
Epoch: 261/300   Train loss: 0.01008   Test F-score avg/max: 0.55609/0.62968
Epoch: 262/300   Train loss: 0.01038   Test F-score avg/max: 0.55298/0.62968
Epoch: 263/300   Train loss: 0.01014   Test F-score avg/max: 0.55111/0.62968
Epoch: 264/300   Train loss: 0.01010   Test F-score avg/max: 0.54821/0.62968
Epoch: 265/300   Train loss: 0.01023   Test F-score avg/max: 0.54726/0.62968
Epoch: 266/300   Train loss: 0.01050   Test F-score avg/max: 0.55188/0.62968
Epoch: 267/300   Train loss: 0.01043   Test F-score avg/max: 0.58179/0.62968
Epoch: 268/300   Train loss: 0.01044   Test F-score avg/max: 0.57047/0.62968
Epoch: 269/300   Train loss: 0.01010   Test F-score avg/max: 0.54104/0.62968
Epoch: 270/300   Train loss: 0.00994   Test F-score avg/max: 0.55605/0.62968
Epoch: 271/300   Train loss: nan   Test F-score avg/max: 0.02655/0.62968
Epoch: 272/300   Train loss: nan   Test F-score avg/max: 0.02655/0.62968
Epoch: 273/300   Train loss: nan   Test F-score avg/max: 0.02655/0.62968
WARNING:root:NaN or Inf found in input tensor.
WARNING:root:NaN or Inf found in input tensor.
WARNING:root:NaN or Inf found in input tensor.
WARNING:root:NaN or Inf found in input tensor.
WARNING:root:NaN or Inf found in input tensor.
WARNING:root:NaN or Inf found in input tensor.
WARNING:root:NaN or Inf found in input tensor.
WARNING:root:NaN or Inf found in input tensor.
WARNING:root:NaN or Inf found in input tensor.
WARNING:root:NaN or Inf found in input tensor.
WARNING:root:NaN or Inf found in input tensor.
WARNING:root:NaN or Inf found in input tensor.
WARNING:root:NaN or Inf found in input tensor.
WARNING:root:NaN or Inf found in input tensor.
WARNING:root:NaN or Inf found in input tensor.
WARNING:root:NaN or Inf found in input tensor.
WARNING:root:NaN or Inf found in input tensor.
WARNING:root:NaN or Inf found in input tensor.
WARNING:root:NaN or Inf found in input tensor.
WARNING:root:NaN or Inf found in input tensor.
WARNING:root:NaN or Inf found in input tensor.
WARNING:root:NaN or Inf found in input tensor.
WARNING:root:NaN or Inf found in input tensor.
WARNING:root:NaN or Inf found in input tensor.
WARNING:root:NaN or Inf found in input tensor.
WARNING:root:NaN or Inf found in input tensor.
mv: target 'i3d_features/models/tvsum_splits_1_0.6296796102576697.tar.pth' is not a directory
rm: cannot remove 'i3d_features/models_temp/tvsum_splits_1': Directory not empty
Epoch: 274/300   Train loss: nan   Test F-score avg/max: 0.02655/0.62968
Epoch: 275/300   Train loss: nan   Test F-score avg/max: 0.02655/0.62968
Epoch: 276/300   Train loss: nan   Test F-score avg/max: 0.02655/0.62968
Epoch: 277/300   Train loss: nan   Test F-score avg/max: 0.02655/0.62968
Epoch: 278/300   Train loss: nan   Test F-score avg/max: 0.02655/0.62968
Epoch: 279/300   Train loss: nan   Test F-score avg/max: 0.02655/0.62968
Epoch: 280/300   Train loss: nan   Test F-score avg/max: 0.02655/0.62968
Epoch: 281/300   Train loss: nan   Test F-score avg/max: 0.02655/0.62968
Epoch: 282/300   Train loss: nan   Test F-score avg/max: 0.02655/0.62968
Epoch: 283/300   Train loss: nan   Test F-score avg/max: 0.02655/0.62968
Epoch: 284/300   Train loss: nan   Test F-score avg/max: 0.02655/0.62968
Epoch: 285/300   Train loss: nan   Test F-score avg/max: 0.02655/0.62968
Epoch: 286/300   Train loss: nan   Test F-score avg/max: 0.02655/0.62968
Epoch: 287/300   Train loss: nan   Test F-score avg/max: 0.02655/0.62968
Epoch: 288/300   Train loss: nan   Test F-score avg/max: 0.02655/0.62968
Epoch: 289/300   Train loss: nan   Test F-score avg/max: 0.02655/0.62968
Epoch: 290/300   Train loss: nan   Test F-score avg/max: 0.02655/0.62968
Epoch: 291/300   Train loss: nan   Test F-score avg/max: 0.02655/0.62968
Epoch: 292/300   Train loss: nan   Test F-score avg/max: 0.02655/0.62968
Epoch: 293/300   Train loss: nan   Test F-score avg/max: 0.02655/0.62968
Epoch: 294/300   Train loss: nan   Test F-score avg/max: 0.02655/0.62968
Epoch: 295/300   Train loss: nan   Test F-score avg/max: 0.02655/0.62968
Epoch: 296/300   Train loss: nan   Test F-score avg/max: 0.02655/0.62968
Epoch: 297/300   Train loss: nan   Test F-score avg/max: 0.02655/0.62968
Epoch: 298/300   Train loss: nan   Test F-score avg/max: 0.02655/0.62968
Epoch: 299/300   Train loss: nan   Test F-score avg/max: 0.02655/0.62968
Split: splits/tvsum_splits.json   Best F-score: 0.62968   Model: i3d_features/models/tvsum_splits_1_0.6296796102576697.tar.pth
Setting CUDA device:  0
['../SUM-GAN-AAE/data/TVSum/tvsum_i3d_mixed5c_aligned.h5']
../SUM-GAN-AAE/data/TVSum/tvsum_i3d_mixed5c_aligned.h5
Loading: ../SUM-GAN-AAE/data/TVSum/tvsum_i3d_mixed5c_aligned.h5
Loading splits from:  splits/tvsum_splits.json
Selecting split:  2
tvsum
../SUM-GAN-AAE/data/SumMe/summe_i3d_mixed5c_aligned.h5
../SUM-GAN-AAE/data/TVSum/tvsum_i3d_mixed5c_aligned.h5
Initializing VASNet model and optimizer...
Starting training...
Epoch: 0/300    Train loss: 0.13986   Test F-score avg/max: 0.37165/0.37165
Epoch: 1/300    Train loss: 0.11677   Test F-score avg/max: 0.45814/0.45814
Epoch: 2/300    Train loss: 0.10172   Test F-score avg/max: 0.46057/0.46057
Epoch: 3/300    Train loss: 0.09021   Test F-score avg/max: 0.517/0.517
Epoch: 4/300    Train loss: 0.08038   Test F-score avg/max: 0.52436/0.52436
Epoch: 5/300    Train loss: 0.07476   Test F-score avg/max: 0.56603/0.56603
Epoch: 6/300    Train loss: 0.06972   Test F-score avg/max: 0.56394/0.56603
Epoch: 7/300    Train loss: 0.06600   Test F-score avg/max: 0.57691/0.57691
Epoch: 8/300    Train loss: 0.06205   Test F-score avg/max: 0.57138/0.57691
Epoch: 9/300    Train loss: 0.05952   Test F-score avg/max: 0.57251/0.57691
Epoch: 10/300   Train loss: 0.05686   Test F-score avg/max: 0.57408/0.57691
Epoch: 11/300   Train loss: 0.05557   Test F-score avg/max: 0.56681/0.57691
Epoch: 12/300   Train loss: 0.05508   Test F-score avg/max: 0.5705/0.57691
Epoch: 13/300   Train loss: 0.05394   Test F-score avg/max: 0.57295/0.57691
Epoch: 14/300   Train loss: 0.05258   Test F-score avg/max: 0.57339/0.57691
Epoch: 15/300   Train loss: 0.05172   Test F-score avg/max: 0.57409/0.57691
Epoch: 16/300   Train loss: 0.05041   Test F-score avg/max: 0.57478/0.57691
Epoch: 17/300   Train loss: 0.05031   Test F-score avg/max: 0.57478/0.57691
Epoch: 18/300   Train loss: 0.04974   Test F-score avg/max: 0.57417/0.57691
Epoch: 19/300   Train loss: 0.04847   Test F-score avg/max: 0.57762/0.57762
Epoch: 20/300   Train loss: 0.04810   Test F-score avg/max: 0.58008/0.58008
Epoch: 21/300   Train loss: 0.04762   Test F-score avg/max: 0.57409/0.58008
Epoch: 22/300   Train loss: 0.04686   Test F-score avg/max: 0.57912/0.58008
Epoch: 23/300   Train loss: 0.04695   Test F-score avg/max: 0.57767/0.58008
Epoch: 24/300   Train loss: 0.04525   Test F-score avg/max: 0.57767/0.58008
Epoch: 25/300   Train loss: 0.04547   Test F-score avg/max: 0.57767/0.58008
Epoch: 26/300   Train loss: 0.04567   Test F-score avg/max: 0.57767/0.58008
Epoch: 27/300   Train loss: 0.04443   Test F-score avg/max: 0.58135/0.58135
Epoch: 28/300   Train loss: 0.04400   Test F-score avg/max: 0.58289/0.58289
Epoch: 29/300   Train loss: 0.04388   Test F-score avg/max: 0.57767/0.58289
Epoch: 30/300   Train loss: 0.04339   Test F-score avg/max: 0.57912/0.58289
Epoch: 31/300   Train loss: 0.04278   Test F-score avg/max: 0.57912/0.58289
Epoch: 32/300   Train loss: 0.04263   Test F-score avg/max: 0.57471/0.58289
Epoch: 33/300   Train loss: 0.04255   Test F-score avg/max: 0.58361/0.58361
Epoch: 34/300   Train loss: 0.04189   Test F-score avg/max: 0.57983/0.58361
Epoch: 35/300   Train loss: 0.04188   Test F-score avg/max: 0.57621/0.58361
Epoch: 36/300   Train loss: 0.04154   Test F-score avg/max: 0.57467/0.58361
Epoch: 37/300   Train loss: 0.04146   Test F-score avg/max: 0.57722/0.58361
Epoch: 38/300   Train loss: 0.04108   Test F-score avg/max: 0.57699/0.58361
Epoch: 39/300   Train loss: 0.04097   Test F-score avg/max: 0.57559/0.58361
Epoch: 40/300   Train loss: 0.04038   Test F-score avg/max: 0.57125/0.58361
Epoch: 41/300   Train loss: 0.04011   Test F-score avg/max: 0.57425/0.58361
Epoch: 42/300   Train loss: 0.03979   Test F-score avg/max: 0.56784/0.58361
Epoch: 43/300   Train loss: 0.03963   Test F-score avg/max: 0.57951/0.58361
Epoch: 44/300   Train loss: 0.03927   Test F-score avg/max: 0.5721/0.58361
Epoch: 45/300   Train loss: 0.03947   Test F-score avg/max: 0.56776/0.58361
Epoch: 46/300   Train loss: 0.03940   Test F-score avg/max: 0.57018/0.58361
Epoch: 47/300   Train loss: 0.03844   Test F-score avg/max: 0.55484/0.58361
Epoch: 48/300   Train loss: 0.03805   Test F-score avg/max: 0.56816/0.58361
Epoch: 49/300   Train loss: 0.03816   Test F-score avg/max: 0.56606/0.58361
Epoch: 50/300   Train loss: 0.03798   Test F-score avg/max: 0.56586/0.58361
Epoch: 51/300   Train loss: 0.03724   Test F-score avg/max: 0.55236/0.58361
Epoch: 52/300   Train loss: 0.03692   Test F-score avg/max: 0.56035/0.58361
Epoch: 53/300   Train loss: 0.03698   Test F-score avg/max: 0.55879/0.58361
Epoch: 54/300   Train loss: 0.03712   Test F-score avg/max: 0.55957/0.58361
Epoch: 55/300   Train loss: 0.03682   Test F-score avg/max: 0.56094/0.58361
Epoch: 56/300   Train loss: 0.03638   Test F-score avg/max: 0.55645/0.58361
Epoch: 57/300   Train loss: 0.03530   Test F-score avg/max: 0.56512/0.58361
Epoch: 58/300   Train loss: 0.03608   Test F-score avg/max: 0.56127/0.58361
Epoch: 59/300   Train loss: 0.03541   Test F-score avg/max: 0.55388/0.58361
Epoch: 60/300   Train loss: 0.03484   Test F-score avg/max: 0.55597/0.58361
Epoch: 61/300   Train loss: 0.03463   Test F-score avg/max: 0.55244/0.58361
Epoch: 62/300   Train loss: 0.03469   Test F-score avg/max: 0.5413/0.58361
Epoch: 63/300   Train loss: 0.03409   Test F-score avg/max: 0.55764/0.58361
Epoch: 64/300   Train loss: 0.03386   Test F-score avg/max: 0.5636/0.58361
Epoch: 65/300   Train loss: 0.03407   Test F-score avg/max: 0.56227/0.58361
Epoch: 66/300   Train loss: 0.03400   Test F-score avg/max: 0.5604/0.58361
Epoch: 67/300   Train loss: 0.03404   Test F-score avg/max: 0.55942/0.58361
Epoch: 68/300   Train loss: 0.03325   Test F-score avg/max: 0.56451/0.58361
Epoch: 69/300   Train loss: 0.03253   Test F-score avg/max: 0.54946/0.58361
Epoch: 70/300   Train loss: 0.03256   Test F-score avg/max: 0.5626/0.58361
Epoch: 71/300   Train loss: 0.03211   Test F-score avg/max: 0.54916/0.58361
Epoch: 72/300   Train loss: 0.03163   Test F-score avg/max: 0.55316/0.58361
Epoch: 73/300   Train loss: 0.03221   Test F-score avg/max: 0.54889/0.58361
Epoch: 74/300   Train loss: 0.03173   Test F-score avg/max: 0.55314/0.58361
Epoch: 75/300   Train loss: 0.03255   Test F-score avg/max: 0.55582/0.58361
Epoch: 76/300   Train loss: 0.03173   Test F-score avg/max: 0.54743/0.58361
Epoch: 77/300   Train loss: 0.03178   Test F-score avg/max: 0.5519/0.58361
Epoch: 78/300   Train loss: 0.03084   Test F-score avg/max: 0.52681/0.58361
Epoch: 79/300   Train loss: 0.03061   Test F-score avg/max: 0.54645/0.58361
Epoch: 80/300   Train loss: 0.02984   Test F-score avg/max: 0.55586/0.58361
Epoch: 81/300   Train loss: 0.02982   Test F-score avg/max: 0.54326/0.58361
Epoch: 82/300   Train loss: 0.02938   Test F-score avg/max: 0.53311/0.58361
Epoch: 83/300   Train loss: 0.02911   Test F-score avg/max: 0.54154/0.58361
Epoch: 84/300   Train loss: 0.02868   Test F-score avg/max: 0.54618/0.58361
Epoch: 85/300   Train loss: 0.02841   Test F-score avg/max: 0.54574/0.58361
Epoch: 86/300   Train loss: 0.02780   Test F-score avg/max: 0.56051/0.58361
Epoch: 87/300   Train loss: 0.02829   Test F-score avg/max: 0.54411/0.58361
Epoch: 88/300   Train loss: 0.02758   Test F-score avg/max: 0.54403/0.58361
Epoch: 89/300   Train loss: 0.02784   Test F-score avg/max: 0.55067/0.58361
Epoch: 90/300   Train loss: 0.02881   Test F-score avg/max: 0.54478/0.58361
Epoch: 91/300   Train loss: 0.02717   Test F-score avg/max: 0.54508/0.58361
Epoch: 92/300   Train loss: 0.02716   Test F-score avg/max: 0.53864/0.58361
Epoch: 93/300   Train loss: 0.02663   Test F-score avg/max: 0.52991/0.58361
Epoch: 94/300   Train loss: 0.02662   Test F-score avg/max: 0.53864/0.58361
Epoch: 95/300   Train loss: 0.02606   Test F-score avg/max: 0.52462/0.58361
Epoch: 96/300   Train loss: 0.02631   Test F-score avg/max: 0.55361/0.58361
Epoch: 97/300   Train loss: 0.02561   Test F-score avg/max: 0.5224/0.58361
Epoch: 98/300   Train loss: 0.02536   Test F-score avg/max: 0.5623/0.58361
Epoch: 99/300   Train loss: 0.02532   Test F-score avg/max: 0.54162/0.58361
Epoch: 100/300   Train loss: 0.02491   Test F-score avg/max: 0.54573/0.58361
Epoch: 101/300   Train loss: 0.02541   Test F-score avg/max: 0.54742/0.58361
Epoch: 102/300   Train loss: 0.02560   Test F-score avg/max: 0.52889/0.58361
Epoch: 103/300   Train loss: 0.02416   Test F-score avg/max: 0.54228/0.58361
Epoch: 104/300   Train loss: 0.02405   Test F-score avg/max: 0.51623/0.58361
Epoch: 105/300   Train loss: 0.02369   Test F-score avg/max: 0.53313/0.58361
Epoch: 106/300   Train loss: 0.02365   Test F-score avg/max: 0.53145/0.58361
Epoch: 107/300   Train loss: 0.02362   Test F-score avg/max: 0.53309/0.58361
Epoch: 108/300   Train loss: 0.02342   Test F-score avg/max: 0.52559/0.58361
Epoch: 109/300   Train loss: 0.02314   Test F-score avg/max: 0.52295/0.58361
Epoch: 110/300   Train loss: 0.02314   Test F-score avg/max: 0.54091/0.58361
Epoch: 111/300   Train loss: 0.02304   Test F-score avg/max: 0.53307/0.58361
Epoch: 112/300   Train loss: 0.02296   Test F-score avg/max: 0.52842/0.58361
Epoch: 113/300   Train loss: 0.02235   Test F-score avg/max: 0.51445/0.58361
Epoch: 114/300   Train loss: 0.02197   Test F-score avg/max: 0.52588/0.58361
Epoch: 115/300   Train loss: 0.02193   Test F-score avg/max: 0.53538/0.58361
Epoch: 116/300   Train loss: 0.02207   Test F-score avg/max: 0.54474/0.58361
Epoch: 117/300   Train loss: 0.02184   Test F-score avg/max: 0.53456/0.58361
Epoch: 118/300   Train loss: 0.02146   Test F-score avg/max: 0.54408/0.58361
Epoch: 119/300   Train loss: 0.02175   Test F-score avg/max: 0.55184/0.58361
Epoch: 120/300   Train loss: 0.02178   Test F-score avg/max: 0.52995/0.58361
Epoch: 121/300   Train loss: 0.02161   Test F-score avg/max: 0.55304/0.58361
Epoch: 122/300   Train loss: 0.02080   Test F-score avg/max: 0.53121/0.58361
Epoch: 123/300   Train loss: 0.02060   Test F-score avg/max: 0.53604/0.58361
Epoch: 124/300   Train loss: 0.02107   Test F-score avg/max: 0.53164/0.58361
Epoch: 125/300   Train loss: 0.02094   Test F-score avg/max: 0.52493/0.58361
Epoch: 126/300   Train loss: 0.02073   Test F-score avg/max: 0.52973/0.58361
Epoch: 127/300   Train loss: 0.01991   Test F-score avg/max: 0.52816/0.58361
Epoch: 128/300   Train loss: 0.01989   Test F-score avg/max: 0.54338/0.58361
Epoch: 129/300   Train loss: 0.02016   Test F-score avg/max: 0.52478/0.58361
Epoch: 130/300   Train loss: 0.01964   Test F-score avg/max: 0.52596/0.58361
Epoch: 131/300   Train loss: 0.01966   Test F-score avg/max: 0.52199/0.58361
Epoch: 132/300   Train loss: 0.01972   Test F-score avg/max: 0.53413/0.58361
Epoch: 133/300   Train loss: 0.01990   Test F-score avg/max: 0.52323/0.58361
Epoch: 134/300   Train loss: 0.01925   Test F-score avg/max: 0.5276/0.58361
Epoch: 135/300   Train loss: 0.01925   Test F-score avg/max: 0.53751/0.58361
Epoch: 136/300   Train loss: 0.01940   Test F-score avg/max: 0.52935/0.58361
Epoch: 137/300   Train loss: 0.01886   Test F-score avg/max: 0.52996/0.58361
Epoch: 138/300   Train loss: 0.01901   Test F-score avg/max: 0.53137/0.58361
Epoch: 139/300   Train loss: 0.01838   Test F-score avg/max: 0.5347/0.58361
Epoch: 140/300   Train loss: 0.01853   Test F-score avg/max: 0.53035/0.58361
Epoch: 141/300   Train loss: 0.01853   Test F-score avg/max: 0.55517/0.58361
Epoch: 142/300   Train loss: 0.01881   Test F-score avg/max: 0.55009/0.58361
Epoch: 143/300   Train loss: 0.01811   Test F-score avg/max: 0.53351/0.58361
Epoch: 144/300   Train loss: 0.01811   Test F-score avg/max: 0.52765/0.58361
Epoch: 145/300   Train loss: 0.01819   Test F-score avg/max: 0.51878/0.58361
Epoch: 146/300   Train loss: 0.01787   Test F-score avg/max: 0.55539/0.58361
Epoch: 147/300   Train loss: 0.01797   Test F-score avg/max: 0.53451/0.58361
Epoch: 148/300   Train loss: 0.01768   Test F-score avg/max: 0.50225/0.58361
Epoch: 149/300   Train loss: 0.01766   Test F-score avg/max: 0.54685/0.58361
Epoch: 150/300   Train loss: 0.01754   Test F-score avg/max: 0.5352/0.58361
Epoch: 151/300   Train loss: 0.01751   Test F-score avg/max: 0.52509/0.58361
Epoch: 152/300   Train loss: 0.01752   Test F-score avg/max: 0.52849/0.58361
Epoch: 153/300   Train loss: 0.01833   Test F-score avg/max: 0.54054/0.58361
Epoch: 154/300   Train loss: 0.01788   Test F-score avg/max: 0.53947/0.58361
Epoch: 155/300   Train loss: 0.01720   Test F-score avg/max: 0.53272/0.58361
Epoch: 156/300   Train loss: 0.01725   Test F-score avg/max: 0.52457/0.58361
Epoch: 157/300   Train loss: 0.01731   Test F-score avg/max: 0.54868/0.58361
Epoch: 158/300   Train loss: 0.01743   Test F-score avg/max: 0.52782/0.58361
Epoch: 159/300   Train loss: 0.01717   Test F-score avg/max: 0.54045/0.58361
Epoch: 160/300   Train loss: 0.01711   Test F-score avg/max: 0.54323/0.58361
Epoch: 161/300   Train loss: 0.01674   Test F-score avg/max: 0.51676/0.58361
Epoch: 162/300   Train loss: 0.01633   Test F-score avg/max: 0.52187/0.58361
Epoch: 163/300   Train loss: 0.01637   Test F-score avg/max: 0.52778/0.58361
Epoch: 164/300   Train loss: 0.01573   Test F-score avg/max: 0.52003/0.58361
Epoch: 165/300   Train loss: 0.01543   Test F-score avg/max: 0.51362/0.58361
Epoch: 166/300   Train loss: 0.01518   Test F-score avg/max: 0.52414/0.58361
Epoch: 167/300   Train loss: 0.01560   Test F-score avg/max: 0.52982/0.58361
Epoch: 168/300   Train loss: 0.01576   Test F-score avg/max: 0.51231/0.58361
Epoch: 169/300   Train loss: 0.01625   Test F-score avg/max: 0.52086/0.58361
Epoch: 170/300   Train loss: 0.01605   Test F-score avg/max: 0.52402/0.58361
Epoch: 171/300   Train loss: 0.01541   Test F-score avg/max: 0.52406/0.58361
Epoch: 172/300   Train loss: 0.01504   Test F-score avg/max: 0.52487/0.58361
Epoch: 173/300   Train loss: 0.01496   Test F-score avg/max: 0.51618/0.58361
Epoch: 174/300   Train loss: 0.01479   Test F-score avg/max: 0.54462/0.58361
Epoch: 175/300   Train loss: 0.01476   Test F-score avg/max: 0.53372/0.58361
Epoch: 176/300   Train loss: 0.01491   Test F-score avg/max: 0.54649/0.58361
Epoch: 177/300   Train loss: 0.01476   Test F-score avg/max: 0.52045/0.58361
Epoch: 178/300   Train loss: 0.01461   Test F-score avg/max: 0.52233/0.58361
Epoch: 179/300   Train loss: 0.01413   Test F-score avg/max: 0.53957/0.58361
Epoch: 180/300   Train loss: 0.01444   Test F-score avg/max: 0.52207/0.58361
Epoch: 181/300   Train loss: 0.01468   Test F-score avg/max: 0.51009/0.58361
Epoch: 182/300   Train loss: 0.01528   Test F-score avg/max: 0.55496/0.58361
