Packages & system versions:
----------------------------------------------------------------------
display :  	NVRM version: NVIDIA UNIX x86_64 Kernel Module  450.36.06  Mon Jun  1 23:19:54 UTC 2020
	GCC version:  gcc version 4.8.5 20150623 (Red Hat 4.8.5-39) (GCC)
cuda :  NA
cudnn :  7605
platform :  Linux-3.10.0-1127.8.2.el7.x86_64-x86_64-with-glibc2.10
python :  (3, 8, 2)
torch :  1.5.0
numpy :  1.18.1
h5py :  2.10.0
json :  2.0.9
ortools :  7.6.7691
torchvision :  0.6.0a0+82fd1c8

root
datasets
splits
train
verbose
output_dir
l2_req
lr_epochs
lr
Parameters:
----------------------------------------------------------------------
[0] cuda_device: 0
[1] datasets: ['../SUM-GAN-AAE/data/SumMe/summe_i3d_mixed5c_aligned.h5', '../SUM-GAN-AAE/data/TVSum/tvsum_i3d_mixed5c_aligned.h5']
[2] epochs_max: 300
[3] l2_req: 1e-05
[4] lr: [0.005]
[5] lr_epochs: [0]
[6] max_summary_length: 0.15
[7] output_dir: i3d_features_lr0.005_l2req1e-05
[8] root: 
[9] splits: ['splits/tvsum_splits.json', 'splits/summe_splits.json', 'splits/tvsum_aug_splits.json', 'splits/summe_aug_splits.json']
[10] train: True
[11] train_batch_size: 1
[12] use_cuda: True
[13] verbose: False

tvsum  [{'test_keys': ['video_10', 'video_20', 'video_23', 'video_29', 'video_3', 'video_32', 'video_33', 'video_35', 'video_37', 'video_41'], 'train_keys': ['video_1', 'video_11', 'video_12', 'video_13', 'video_14', 'video_15', 'video_16', 'video_17', 'video_18', 'video_19', 'video_2', 'video_21', 'video_22', 'video_24', 'video_25', 'video_26', 'video_27', 'video_28', 'video_30', 'video_31', 'video_34', 'video_36', 'video_38', 'video_39', 'video_4', 'video_40', 'video_42', 'video_43', 'video_44', 'video_45', 'video_46', 'video_47', 'video_48', 'video_49', 'video_5', 'video_50', 'video_6', 'video_7', 'video_8', 'video_9']}, {'test_keys': ['video_14', 'video_29', 'video_35', 'video_36', 'video_38', 'video_41', 'video_45', 'video_46', 'video_5', 'video_6'], 'train_keys': ['video_1', 'video_10', 'video_11', 'video_12', 'video_13', 'video_15', 'video_16', 'video_17', 'video_18', 'video_19', 'video_2', 'video_20', 'video_21', 'video_22', 'video_23', 'video_24', 'video_25', 'video_26', 'video_27', 'video_28', 'video_3', 'video_30', 'video_31', 'video_32', 'video_33', 'video_34', 'video_37', 'video_39', 'video_4', 'video_40', 'video_42', 'video_43', 'video_44', 'video_47', 'video_48', 'video_49', 'video_50', 'video_7', 'video_8', 'video_9']}, {'test_keys': ['video_11', 'video_12', 'video_13', 'video_14', 'video_19', 'video_20', 'video_25', 'video_27', 'video_35', 'video_48'], 'train_keys': ['video_1', 'video_10', 'video_15', 'video_16', 'video_17', 'video_18', 'video_2', 'video_21', 'video_22', 'video_23', 'video_24', 'video_26', 'video_28', 'video_29', 'video_3', 'video_30', 'video_31', 'video_32', 'video_33', 'video_34', 'video_36', 'video_37', 'video_38', 'video_39', 'video_4', 'video_40', 'video_41', 'video_42', 'video_43', 'video_44', 'video_45', 'video_46', 'video_47', 'video_49', 'video_5', 'video_50', 'video_6', 'video_7', 'video_8', 'video_9']}, {'test_keys': ['video_25', 'video_31', 'video_33', 'video_35', 'video_39', 'video_4', 'video_45', 'video_49', 'video_5', 'video_7'], 'train_keys': ['video_1', 'video_10', 'video_11', 'video_12', 'video_13', 'video_14', 'video_15', 'video_16', 'video_17', 'video_18', 'video_19', 'video_2', 'video_20', 'video_21', 'video_22', 'video_23', 'video_24', 'video_26', 'video_27', 'video_28', 'video_29', 'video_3', 'video_30', 'video_32', 'video_34', 'video_36', 'video_37', 'video_38', 'video_40', 'video_41', 'video_42', 'video_43', 'video_44', 'video_46', 'video_47', 'video_48', 'video_50', 'video_6', 'video_8', 'video_9']}, {'test_keys': ['video_10', 'video_14', 'video_17', 'video_2', 'video_29', 'video_31', 'video_38', 'video_48', 'video_49', 'video_5'], 'train_keys': ['video_1', 'video_11', 'video_12', 'video_13', 'video_15', 'video_16', 'video_18', 'video_19', 'video_20', 'video_21', 'video_22', 'video_23', 'video_24', 'video_25', 'video_26', 'video_27', 'video_28', 'video_3', 'video_30', 'video_32', 'video_33', 'video_34', 'video_35', 'video_36', 'video_37', 'video_39', 'video_4', 'video_40', 'video_41', 'video_42', 'video_43', 'video_44', 'video_45', 'video_46', 'video_47', 'video_50', 'video_6', 'video_7', 'video_8', 'video_9']}]
tvsum
../SUM-GAN-AAE/data/SumMe/summe_i3d_mixed5c_aligned.h5
../SUM-GAN-AAE/data/TVSum/tvsum_i3d_mixed5c_aligned.h5
Setting CUDA device:  0
['../SUM-GAN-AAE/data/TVSum/tvsum_i3d_mixed5c_aligned.h5']
../SUM-GAN-AAE/data/TVSum/tvsum_i3d_mixed5c_aligned.h5
Loading: ../SUM-GAN-AAE/data/TVSum/tvsum_i3d_mixed5c_aligned.h5
Loading splits from:  splits/tvsum_splits.json
Selecting split:  0
tvsum
../SUM-GAN-AAE/data/SumMe/summe_i3d_mixed5c_aligned.h5
../SUM-GAN-AAE/data/TVSum/tvsum_i3d_mixed5c_aligned.h5
Initializing VASNet model and optimizer...
Starting training...
Epoch: 0/300    Train loss: 0.18295   Test F-score avg/max: 0.14187/0.14187
Epoch: 1/300    Train loss: 0.17786   Test F-score avg/max: 0.24389/0.24389
Epoch: 2/300    Train loss: 0.15473   Test F-score avg/max: 0.37546/0.37546
Epoch: 3/300    Train loss: 0.14068   Test F-score avg/max: 0.52266/0.52266
Epoch: 4/300    Train loss: 0.07182   Test F-score avg/max: 0.569/0.569
Epoch: 5/300    Train loss: 0.05404   Test F-score avg/max: 0.57888/0.57888
Epoch: 6/300    Train loss: 0.04513   Test F-score avg/max: 0.56986/0.57888
Epoch: 7/300    Train loss: 0.04480   Test F-score avg/max: 0.57666/0.57888
Epoch: 8/300    Train loss: 0.04452   Test F-score avg/max: 0.57191/0.57888
Epoch: 9/300    Train loss: 0.04330   Test F-score avg/max: 0.5795/0.5795
Epoch: 10/300   Train loss: 0.04052   Test F-score avg/max: 0.54733/0.5795
Epoch: 11/300   Train loss: 0.03924   Test F-score avg/max: 0.56268/0.5795
Epoch: 12/300   Train loss: 0.04149   Test F-score avg/max: 0.57702/0.5795
Epoch: 13/300   Train loss: 0.04142   Test F-score avg/max: 0.57509/0.5795
Epoch: 14/300   Train loss: 0.03911   Test F-score avg/max: 0.54793/0.5795
Epoch: 15/300   Train loss: 0.03787   Test F-score avg/max: 0.57618/0.5795
Epoch: 16/300   Train loss: 0.04394   Test F-score avg/max: 0.54287/0.5795
Epoch: 17/300   Train loss: 0.03917   Test F-score avg/max: 0.54343/0.5795
Epoch: 18/300   Train loss: 0.03481   Test F-score avg/max: 0.54711/0.5795
Epoch: 19/300   Train loss: 0.03423   Test F-score avg/max: 0.56369/0.5795
Epoch: 20/300   Train loss: 0.03494   Test F-score avg/max: 0.54218/0.5795
Epoch: 21/300   Train loss: 0.03418   Test F-score avg/max: 0.56103/0.5795
Epoch: 22/300   Train loss: 0.03447   Test F-score avg/max: 0.54684/0.5795
Epoch: 23/300   Train loss: 0.03201   Test F-score avg/max: 0.53641/0.5795
Epoch: 24/300   Train loss: 0.03173   Test F-score avg/max: 0.56189/0.5795
Epoch: 25/300   Train loss: 0.03293   Test F-score avg/max: 0.53908/0.5795
Epoch: 26/300   Train loss: 0.03069   Test F-score avg/max: 0.53376/0.5795
Epoch: 27/300   Train loss: 0.03282   Test F-score avg/max: 0.52447/0.5795
Epoch: 28/300   Train loss: 0.03412   Test F-score avg/max: 0.50438/0.5795
Epoch: 29/300   Train loss: 0.03240   Test F-score avg/max: 0.55908/0.5795
Epoch: 30/300   Train loss: 0.03225   Test F-score avg/max: 0.53341/0.5795
Epoch: 31/300   Train loss: 0.02938   Test F-score avg/max: 0.49409/0.5795
Epoch: 32/300   Train loss: 0.03135   Test F-score avg/max: 0.53846/0.5795
Epoch: 33/300   Train loss: 0.02960   Test F-score avg/max: 0.55279/0.5795
Epoch: 34/300   Train loss: 0.03133   Test F-score avg/max: 0.55534/0.5795
Epoch: 35/300   Train loss: 0.02885   Test F-score avg/max: 0.47723/0.5795
Epoch: 36/300   Train loss: 0.03049   Test F-score avg/max: 0.54068/0.5795
Epoch: 37/300   Train loss: 0.03054   Test F-score avg/max: 0.54218/0.5795
Epoch: 38/300   Train loss: 0.02891   Test F-score avg/max: 0.55102/0.5795
Epoch: 39/300   Train loss: 0.03176   Test F-score avg/max: 0.55905/0.5795
Epoch: 40/300   Train loss: 0.03064   Test F-score avg/max: 0.51759/0.5795
Epoch: 41/300   Train loss: 0.02868   Test F-score avg/max: 0.52331/0.5795
Epoch: 42/300   Train loss: 0.02754   Test F-score avg/max: 0.51285/0.5795
Epoch: 43/300   Train loss: 0.03050   Test F-score avg/max: 0.54598/0.5795
WARNING:root:NaN or Inf found in input tensor.
WARNING:root:NaN or Inf found in input tensor.
WARNING:root:NaN or Inf found in input tensor.
WARNING:root:NaN or Inf found in input tensor.
WARNING:root:NaN or Inf found in input tensor.
WARNING:root:NaN or Inf found in input tensor.
WARNING:root:NaN or Inf found in input tensor.
WARNING:root:NaN or Inf found in input tensor.
WARNING:root:NaN or Inf found in input tensor.
WARNING:root:NaN or Inf found in input tensor.
WARNING:root:NaN or Inf found in input tensor.
WARNING:root:NaN or Inf found in input tensor.
WARNING:root:NaN or Inf found in input tensor.
WARNING:root:NaN or Inf found in input tensor.
WARNING:root:NaN or Inf found in input tensor.
WARNING:root:NaN or Inf found in input tensor.
WARNING:root:NaN or Inf found in input tensor.
WARNING:root:NaN or Inf found in input tensor.
WARNING:root:NaN or Inf found in input tensor.
WARNING:root:NaN or Inf found in input tensor.
WARNING:root:NaN or Inf found in input tensor.
WARNING:root:NaN or Inf found in input tensor.
WARNING:root:NaN or Inf found in input tensor.
WARNING:root:NaN or Inf found in input tensor.
WARNING:root:NaN or Inf found in input tensor.
WARNING:root:NaN or Inf found in input tensor.
WARNING:root:NaN or Inf found in input tensor.
WARNING:root:NaN or Inf found in input tensor.
WARNING:root:NaN or Inf found in input tensor.
WARNING:root:NaN or Inf found in input tensor.
WARNING:root:NaN or Inf found in input tensor.
WARNING:root:NaN or Inf found in input tensor.
WARNING:root:NaN or Inf found in input tensor.
WARNING:root:NaN or Inf found in input tensor.
WARNING:root:NaN or Inf found in input tensor.
WARNING:root:NaN or Inf found in input tensor.
Epoch: 44/300   Train loss: 0.02962   Test F-score avg/max: 0.5407/0.5795
Epoch: 45/300   Train loss: 0.02924   Test F-score avg/max: 0.52405/0.5795
Epoch: 46/300   Train loss: 0.02823   Test F-score avg/max: 0.52409/0.5795
Epoch: 47/300   Train loss: 0.02838   Test F-score avg/max: 0.50488/0.5795
Epoch: 48/300   Train loss: 0.02733   Test F-score avg/max: 0.52754/0.5795
Epoch: 49/300   Train loss: 0.02783   Test F-score avg/max: 0.5324/0.5795
Epoch: 50/300   Train loss: 0.02835   Test F-score avg/max: 0.54258/0.5795
Epoch: 51/300   Train loss: 0.02823   Test F-score avg/max: 0.51733/0.5795
Epoch: 52/300   Train loss: 0.02796   Test F-score avg/max: 0.55417/0.5795
Epoch: 53/300   Train loss: 0.02758   Test F-score avg/max: 0.52153/0.5795
Epoch: 54/300   Train loss: 0.02865   Test F-score avg/max: 0.54066/0.5795
Epoch: 55/300   Train loss: 0.02694   Test F-score avg/max: 0.50652/0.5795
Epoch: 56/300   Train loss: 0.02633   Test F-score avg/max: 0.53332/0.5795
Epoch: 57/300   Train loss: 0.03022   Test F-score avg/max: 0.53088/0.5795
Epoch: 58/300   Train loss: 0.03048   Test F-score avg/max: 0.5397/0.5795
Epoch: 59/300   Train loss: 0.02829   Test F-score avg/max: 0.53073/0.5795
Epoch: 60/300   Train loss: 0.02733   Test F-score avg/max: 0.54115/0.5795
Epoch: 61/300   Train loss: 0.02606   Test F-score avg/max: 0.52116/0.5795
Epoch: 62/300   Train loss: 0.02673   Test F-score avg/max: 0.53992/0.5795
Epoch: 63/300   Train loss: 0.02792   Test F-score avg/max: 0.53359/0.5795
Epoch: 64/300   Train loss: 0.02627   Test F-score avg/max: 0.5388/0.5795
Epoch: 65/300   Train loss: 0.02581   Test F-score avg/max: 0.51613/0.5795
Epoch: 66/300   Train loss: 0.02615   Test F-score avg/max: 0.53776/0.5795
Epoch: 67/300   Train loss: 0.02757   Test F-score avg/max: 0.50442/0.5795
Epoch: 68/300   Train loss: 0.02803   Test F-score avg/max: 0.52241/0.5795
Epoch: 69/300   Train loss: 0.02660   Test F-score avg/max: 0.50809/0.5795
Epoch: 70/300   Train loss: 0.02626   Test F-score avg/max: 0.49924/0.5795
Epoch: 71/300   Train loss: 0.02646   Test F-score avg/max: 0.53557/0.5795
Epoch: 72/300   Train loss: 0.02623   Test F-score avg/max: 0.53457/0.5795
Epoch: 73/300   Train loss: 0.02566   Test F-score avg/max: 0.51193/0.5795
Epoch: 74/300   Train loss: 0.02648   Test F-score avg/max: 0.52362/0.5795
Epoch: 75/300   Train loss: 0.02792   Test F-score avg/max: 0.5284/0.5795
Epoch: 76/300   Train loss: 0.02631   Test F-score avg/max: 0.55221/0.5795
Epoch: 77/300   Train loss: 0.02606   Test F-score avg/max: 0.52084/0.5795
Epoch: 78/300   Train loss: 0.02623   Test F-score avg/max: 0.51336/0.5795
Epoch: 79/300   Train loss: 0.02704   Test F-score avg/max: 0.52303/0.5795
Epoch: 80/300   Train loss: 0.02561   Test F-score avg/max: 0.53959/0.5795
Epoch: 81/300   Train loss: 0.02601   Test F-score avg/max: 0.52298/0.5795
Epoch: 82/300   Train loss: 0.02707   Test F-score avg/max: 0.5369/0.5795
Epoch: 83/300   Train loss: 0.02840   Test F-score avg/max: 0.5092/0.5795
Epoch: 84/300   Train loss: 0.02774   Test F-score avg/max: 0.5047/0.5795
Epoch: 85/300   Train loss: 0.02650   Test F-score avg/max: 0.5252/0.5795
Epoch: 86/300   Train loss: 0.02661   Test F-score avg/max: 0.49894/0.5795
Epoch: 87/300   Train loss: 0.02554   Test F-score avg/max: 0.48577/0.5795
Epoch: 88/300   Train loss: 0.02656   Test F-score avg/max: 0.53128/0.5795
Epoch: 89/300   Train loss: 0.02785   Test F-score avg/max: 0.53215/0.5795
Epoch: 90/300   Train loss: 0.02603   Test F-score avg/max: 0.50583/0.5795
Epoch: 91/300   Train loss: 0.02578   Test F-score avg/max: 0.55034/0.5795
Epoch: 92/300   Train loss: 0.02572   Test F-score avg/max: 0.5319/0.5795
Epoch: 93/300   Train loss: 0.02728   Test F-score avg/max: 0.53492/0.5795
Epoch: 94/300   Train loss: 0.02637   Test F-score avg/max: 0.55316/0.5795
Epoch: 95/300   Train loss: 0.02560   Test F-score avg/max: 0.52203/0.5795
Epoch: 96/300   Train loss: 0.02532   Test F-score avg/max: 0.52428/0.5795
Epoch: 97/300   Train loss: 0.02572   Test F-score avg/max: 0.53851/0.5795
Epoch: 98/300   Train loss: 0.02497   Test F-score avg/max: 0.53648/0.5795
Epoch: 99/300   Train loss: 0.02528   Test F-score avg/max: 0.52192/0.5795
Epoch: 100/300   Train loss: 0.02686   Test F-score avg/max: 0.54575/0.5795
Epoch: 101/300   Train loss: 0.02571   Test F-score avg/max: 0.51008/0.5795
Epoch: 102/300   Train loss: 0.02579   Test F-score avg/max: 0.52377/0.5795
Epoch: 103/300   Train loss: 0.02538   Test F-score avg/max: 0.55238/0.5795
Epoch: 104/300   Train loss: 0.02424   Test F-score avg/max: 0.52391/0.5795
Epoch: 105/300   Train loss: 0.02613   Test F-score avg/max: 0.51638/0.5795
Epoch: 106/300   Train loss: 0.02477   Test F-score avg/max: 0.51995/0.5795
Epoch: 107/300   Train loss: 0.02466   Test F-score avg/max: 0.5435/0.5795
Epoch: 108/300   Train loss: 0.02630   Test F-score avg/max: 0.51723/0.5795
Epoch: 109/300   Train loss: 0.02585   Test F-score avg/max: 0.49947/0.5795
Epoch: 110/300   Train loss: 0.02581   Test F-score avg/max: 0.51965/0.5795
Epoch: 111/300   Train loss: 0.02584   Test F-score avg/max: 0.5318/0.5795
Epoch: 112/300   Train loss: 0.02573   Test F-score avg/max: 0.51129/0.5795
Epoch: 113/300   Train loss: 0.02404   Test F-score avg/max: 0.52109/0.5795
Epoch: 114/300   Train loss: 0.02492   Test F-score avg/max: 0.52169/0.5795
Epoch: 115/300   Train loss: 0.02504   Test F-score avg/max: 0.51918/0.5795
Epoch: 116/300   Train loss: 0.02408   Test F-score avg/max: 0.52497/0.5795
Epoch: 117/300   Train loss: 0.02454   Test F-score avg/max: 0.52882/0.5795
Epoch: 118/300   Train loss: nan   Test F-score avg/max: 0.035038/0.5795
Epoch: 119/300   Train loss: nan   Test F-score avg/max: 0.035038/0.5795
Epoch: 120/300   Train loss: nan   Test F-score avg/max: 0.035038/0.5795
Epoch: 121/300   Train loss: nan   Test F-score avg/max: 0.035038/0.5795
Epoch: 122/300   Train loss: nan   Test F-score avg/max: 0.035038/0.5795
Epoch: 123/300   Train loss: nan   Test F-score avg/max: 0.035038/0.5795
Epoch: 124/300   Train loss: nan   Test F-score avg/max: 0.035038/0.5795
Epoch: 125/300   Train loss: nan   Test F-score avg/max: 0.035038/0.5795
Epoch: 126/300   Train loss: nan   Test F-score avg/max: 0.035038/0.5795
Epoch: 127/300   Train loss: nan   Test F-score avg/max: 0.035038/0.5795
Epoch: 128/300   Train loss: nan   Test F-score avg/max: 0.035038/0.5795
Epoch: 129/300   Train loss: nan   Test F-score avg/max: 0.035038/0.5795
Epoch: 130/300   Train loss: nan   Test F-score avg/max: 0.035038/0.5795
Epoch: 131/300   Train loss: nan   Test F-score avg/max: 0.035038/0.5795
Epoch: 132/300   Train loss: nan   Test F-score avg/max: 0.035038/0.5795
Epoch: 133/300   Train loss: nan   Test F-score avg/max: 0.035038/0.5795
Epoch: 134/300   Train loss: nan   Test F-score avg/max: 0.035038/0.5795
Epoch: 135/300   Train loss: nan   Test F-score avg/max: 0.035038/0.5795
Epoch: 136/300   Train loss: nan   Test F-score avg/max: 0.035038/0.5795
Epoch: 137/300   Train loss: nan   Test F-score avg/max: 0.035038/0.5795
Epoch: 138/300   Train loss: nan   Test F-score avg/max: 0.035038/0.5795
Epoch: 139/300   Train loss: nan   Test F-score avg/max: 0.035038/0.5795
Epoch: 140/300   Train loss: nan   Test F-score avg/max: 0.035038/0.5795
Epoch: 141/300   Train loss: nan   Test F-score avg/max: 0.035038/0.5795
Epoch: 142/300   Train loss: nan   Test F-score avg/max: 0.035038/0.5795
Epoch: 143/300   Train loss: nan   Test F-score avg/max: 0.035038/0.5795
Epoch: 144/300   Train loss: nan   Test F-score avg/max: 0.035038/0.5795
Epoch: 145/300   Train loss: nan   Test F-score avg/max: 0.035038/0.5795
Epoch: 146/300   Train loss: nan   Test F-score avg/max: 0.035038/0.5795
Epoch: 147/300   Train loss: nan   Test F-score avg/max: 0.035038/0.5795
Epoch: 148/300   Train loss: nan   Test F-score avg/max: 0.035038/0.5795
Epoch: 149/300   Train loss: nan   Test F-score avg/max: 0.035038/0.5795
Epoch: 150/300   Train loss: nan   Test F-score avg/max: 0.035038/0.5795
Epoch: 151/300   Train loss: nan   Test F-score avg/max: 0.035038/0.5795
Epoch: 152/300   Train loss: nan   Test F-score avg/max: 0.035038/0.5795
Epoch: 153/300   Train loss: nan   Test F-score avg/max: 0.035038/0.5795
WARNING:root:NaN or Inf found in input tensor.
WARNING:root:NaN or Inf found in input tensor.
WARNING:root:NaN or Inf found in input tensor.
WARNING:root:NaN or Inf found in input tensor.
WARNING:root:NaN or Inf found in input tensor.
WARNING:root:NaN or Inf found in input tensor.
WARNING:root:NaN or Inf found in input tensor.
WARNING:root:NaN or Inf found in input tensor.
WARNING:root:NaN or Inf found in input tensor.
WARNING:root:NaN or Inf found in input tensor.
WARNING:root:NaN or Inf found in input tensor.
WARNING:root:NaN or Inf found in input tensor.
WARNING:root:NaN or Inf found in input tensor.
WARNING:root:NaN or Inf found in input tensor.
WARNING:root:NaN or Inf found in input tensor.
WARNING:root:NaN or Inf found in input tensor.
WARNING:root:NaN or Inf found in input tensor.
WARNING:root:NaN or Inf found in input tensor.
