Packages & system versions:
----------------------------------------------------------------------
display :  	NVRM version: NVIDIA UNIX x86_64 Kernel Module  450.36.06  Mon Jun  1 23:19:54 UTC 2020
	GCC version:  gcc version 4.8.5 20150623 (Red Hat 4.8.5-39) (GCC)
cuda :  NA
cudnn :  7605
platform :  Linux-3.10.0-1127.8.2.el7.x86_64-x86_64-with-glibc2.10
python :  (3, 8, 2)
torch :  1.5.0
numpy :  1.18.1
h5py :  2.10.0
json :  2.0.9
ortools :  7.6.7691
torchvision :  0.6.0a0+82fd1c8

root
datasets
splits
train
verbose
output_dir
l2_req
lr_epochs
lr
Parameters:
----------------------------------------------------------------------
[0] cuda_device: 0
[1] datasets: ['../SUM-GAN-AAE/data/SumMe/summe_i3d_mixed5c_aligned.h5', '../SUM-GAN-AAE/data/TVSum/tvsum_i3d_mixed5c_aligned.h5']
[2] epochs_max: 300
[3] l2_req: 1e-05
[4] lr: [5e-05]
[5] lr_epochs: [0]
[6] max_summary_length: 0.15
[7] output_dir: i3d_features
[8] root: 
[9] splits: ['splits/tvsum_splits.json', 'splits/summe_splits.json', 'splits/tvsum_aug_splits.json', 'splits/summe_aug_splits.json']
[10] train: True
[11] train_batch_size: 1
[12] use_cuda: True
[13] verbose: False

tvsum  [{'test_keys': ['video_10', 'video_20', 'video_23', 'video_29', 'video_3', 'video_32', 'video_33', 'video_35', 'video_37', 'video_41'], 'train_keys': ['video_1', 'video_11', 'video_12', 'video_13', 'video_14', 'video_15', 'video_16', 'video_17', 'video_18', 'video_19', 'video_2', 'video_21', 'video_22', 'video_24', 'video_25', 'video_26', 'video_27', 'video_28', 'video_30', 'video_31', 'video_34', 'video_36', 'video_38', 'video_39', 'video_4', 'video_40', 'video_42', 'video_43', 'video_44', 'video_45', 'video_46', 'video_47', 'video_48', 'video_49', 'video_5', 'video_50', 'video_6', 'video_7', 'video_8', 'video_9']}, {'test_keys': ['video_14', 'video_29', 'video_35', 'video_36', 'video_38', 'video_41', 'video_45', 'video_46', 'video_5', 'video_6'], 'train_keys': ['video_1', 'video_10', 'video_11', 'video_12', 'video_13', 'video_15', 'video_16', 'video_17', 'video_18', 'video_19', 'video_2', 'video_20', 'video_21', 'video_22', 'video_23', 'video_24', 'video_25', 'video_26', 'video_27', 'video_28', 'video_3', 'video_30', 'video_31', 'video_32', 'video_33', 'video_34', 'video_37', 'video_39', 'video_4', 'video_40', 'video_42', 'video_43', 'video_44', 'video_47', 'video_48', 'video_49', 'video_50', 'video_7', 'video_8', 'video_9']}, {'test_keys': ['video_11', 'video_12', 'video_13', 'video_14', 'video_19', 'video_20', 'video_25', 'video_27', 'video_35', 'video_48'], 'train_keys': ['video_1', 'video_10', 'video_15', 'video_16', 'video_17', 'video_18', 'video_2', 'video_21', 'video_22', 'video_23', 'video_24', 'video_26', 'video_28', 'video_29', 'video_3', 'video_30', 'video_31', 'video_32', 'video_33', 'video_34', 'video_36', 'video_37', 'video_38', 'video_39', 'video_4', 'video_40', 'video_41', 'video_42', 'video_43', 'video_44', 'video_45', 'video_46', 'video_47', 'video_49', 'video_5', 'video_50', 'video_6', 'video_7', 'video_8', 'video_9']}, {'test_keys': ['video_25', 'video_31', 'video_33', 'video_35', 'video_39', 'video_4', 'video_45', 'video_49', 'video_5', 'video_7'], 'train_keys': ['video_1', 'video_10', 'video_11', 'video_12', 'video_13', 'video_14', 'video_15', 'video_16', 'video_17', 'video_18', 'video_19', 'video_2', 'video_20', 'video_21', 'video_22', 'video_23', 'video_24', 'video_26', 'video_27', 'video_28', 'video_29', 'video_3', 'video_30', 'video_32', 'video_34', 'video_36', 'video_37', 'video_38', 'video_40', 'video_41', 'video_42', 'video_43', 'video_44', 'video_46', 'video_47', 'video_48', 'video_50', 'video_6', 'video_8', 'video_9']}, {'test_keys': ['video_10', 'video_14', 'video_17', 'video_2', 'video_29', 'video_31', 'video_38', 'video_48', 'video_49', 'video_5'], 'train_keys': ['video_1', 'video_11', 'video_12', 'video_13', 'video_15', 'video_16', 'video_18', 'video_19', 'video_20', 'video_21', 'video_22', 'video_23', 'video_24', 'video_25', 'video_26', 'video_27', 'video_28', 'video_3', 'video_30', 'video_32', 'video_33', 'video_34', 'video_35', 'video_36', 'video_37', 'video_39', 'video_4', 'video_40', 'video_41', 'video_42', 'video_43', 'video_44', 'video_45', 'video_46', 'video_47', 'video_50', 'video_6', 'video_7', 'video_8', 'video_9']}]
tvsum
../SUM-GAN-AAE/data/SumMe/summe_i3d_mixed5c_aligned.h5
../SUM-GAN-AAE/data/TVSum/tvsum_i3d_mixed5c_aligned.h5
Setting CUDA device:  0
['../SUM-GAN-AAE/data/TVSum/tvsum_i3d_mixed5c_aligned.h5']
../SUM-GAN-AAE/data/TVSum/tvsum_i3d_mixed5c_aligned.h5
Loading: ../SUM-GAN-AAE/data/TVSum/tvsum_i3d_mixed5c_aligned.h5
Loading splits from:  splits/tvsum_splits.json
Selecting split:  0
tvsum
../SUM-GAN-AAE/data/SumMe/summe_i3d_mixed5c_aligned.h5
../SUM-GAN-AAE/data/TVSum/tvsum_i3d_mixed5c_aligned.h5
Initializing VASNet model and optimizer...
Starting training...
Epoch: 0/300    Train loss: 0.13484   Test F-score avg/max: 0.47045/0.47045
Epoch: 1/300    Train loss: 0.11544   Test F-score avg/max: 0.48009/0.48009
Epoch: 2/300    Train loss: 0.09782   Test F-score avg/max: 0.50776/0.50776
Epoch: 3/300    Train loss: 0.08310   Test F-score avg/max: 0.51768/0.51768
Epoch: 4/300    Train loss: 0.07341   Test F-score avg/max: 0.54461/0.54461
Epoch: 5/300    Train loss: 0.06630   Test F-score avg/max: 0.53191/0.54461
Epoch: 6/300    Train loss: 0.06087   Test F-score avg/max: 0.53831/0.54461
Epoch: 7/300    Train loss: 0.05681   Test F-score avg/max: 0.55358/0.55358
Epoch: 8/300    Train loss: 0.05350   Test F-score avg/max: 0.54288/0.55358
Epoch: 9/300    Train loss: 0.05182   Test F-score avg/max: 0.55502/0.55502
Epoch: 10/300   Train loss: 0.04789   Test F-score avg/max: 0.55408/0.55502
Epoch: 11/300   Train loss: 0.04759   Test F-score avg/max: 0.55619/0.55619
Epoch: 12/300   Train loss: 0.04582   Test F-score avg/max: 0.55652/0.55652
Epoch: 13/300   Train loss: 0.04452   Test F-score avg/max: 0.55415/0.55652
Epoch: 14/300   Train loss: 0.04407   Test F-score avg/max: 0.55602/0.55652
Epoch: 15/300   Train loss: 0.04261   Test F-score avg/max: 0.55127/0.55652
Epoch: 16/300   Train loss: 0.04164   Test F-score avg/max: 0.554/0.55652
Epoch: 17/300   Train loss: 0.04056   Test F-score avg/max: 0.55127/0.55652
Epoch: 18/300   Train loss: 0.03928   Test F-score avg/max: 0.54934/0.55652
Epoch: 19/300   Train loss: 0.03839   Test F-score avg/max: 0.55203/0.55652
Epoch: 20/300   Train loss: 0.03756   Test F-score avg/max: 0.54137/0.55652
Epoch: 21/300   Train loss: 0.03689   Test F-score avg/max: 0.54149/0.55652
Epoch: 22/300   Train loss: 0.03622   Test F-score avg/max: 0.53978/0.55652
Epoch: 23/300   Train loss: 0.03518   Test F-score avg/max: 0.53919/0.55652
Epoch: 24/300   Train loss: 0.03533   Test F-score avg/max: 0.54505/0.55652
Epoch: 25/300   Train loss: 0.03420   Test F-score avg/max: 0.53822/0.55652
Epoch: 26/300   Train loss: 0.03395   Test F-score avg/max: 0.54539/0.55652
Epoch: 27/300   Train loss: 0.03294   Test F-score avg/max: 0.54357/0.55652
Epoch: 28/300   Train loss: 0.03250   Test F-score avg/max: 0.5442/0.55652
Epoch: 29/300   Train loss: 0.03234   Test F-score avg/max: 0.54579/0.55652
Epoch: 30/300   Train loss: 0.03243   Test F-score avg/max: 0.54491/0.55652
Epoch: 31/300   Train loss: 0.03148   Test F-score avg/max: 0.54796/0.55652
Epoch: 32/300   Train loss: 0.03155   Test F-score avg/max: 0.54119/0.55652
Epoch: 33/300   Train loss: 0.03067   Test F-score avg/max: 0.54793/0.55652
Epoch: 34/300   Train loss: 0.03029   Test F-score avg/max: 0.54238/0.55652
Epoch: 35/300   Train loss: 0.02993   Test F-score avg/max: 0.52549/0.55652
Epoch: 36/300   Train loss: 0.02972   Test F-score avg/max: 0.54151/0.55652
Epoch: 37/300   Train loss: 0.02989   Test F-score avg/max: 0.53869/0.55652
Epoch: 38/300   Train loss: 0.02972   Test F-score avg/max: 0.52665/0.55652
Epoch: 39/300   Train loss: 0.02918   Test F-score avg/max: 0.5489/0.55652
Epoch: 40/300   Train loss: 0.02839   Test F-score avg/max: 0.54912/0.55652
Epoch: 41/300   Train loss: 0.02820   Test F-score avg/max: 0.53583/0.55652
Epoch: 42/300   Train loss: 0.02829   Test F-score avg/max: 0.55422/0.55652
Epoch: 43/300   Train loss: 0.02743   Test F-score avg/max: 0.55171/0.55652
Epoch: 44/300   Train loss: 0.02725   Test F-score avg/max: 0.54989/0.55652
Epoch: 45/300   Train loss: 0.02692   Test F-score avg/max: 0.55327/0.55652
Epoch: 46/300   Train loss: 0.02704   Test F-score avg/max: 0.53794/0.55652
Epoch: 47/300   Train loss: 0.02670   Test F-score avg/max: 0.55146/0.55652
Epoch: 48/300   Train loss: 0.02646   Test F-score avg/max: 0.55542/0.55652
Epoch: 49/300   Train loss: 0.02608   Test F-score avg/max: 0.55188/0.55652
Epoch: 50/300   Train loss: 0.02577   Test F-score avg/max: 0.55252/0.55652
Epoch: 51/300   Train loss: 0.02535   Test F-score avg/max: 0.55182/0.55652
Epoch: 52/300   Train loss: 0.02522   Test F-score avg/max: 0.54581/0.55652
Epoch: 53/300   Train loss: 0.02558   Test F-score avg/max: 0.54563/0.55652
Epoch: 54/300   Train loss: 0.02516   Test F-score avg/max: 0.52769/0.55652
Epoch: 55/300   Train loss: 0.02494   Test F-score avg/max: 0.5306/0.55652
Epoch: 56/300   Train loss: 0.02496   Test F-score avg/max: 0.5302/0.55652
Epoch: 57/300   Train loss: 0.02434   Test F-score avg/max: 0.55165/0.55652
Epoch: 58/300   Train loss: 0.02386   Test F-score avg/max: 0.54669/0.55652
Epoch: 59/300   Train loss: 0.02389   Test F-score avg/max: 0.54875/0.55652
Epoch: 60/300   Train loss: 0.02389   Test F-score avg/max: 0.54931/0.55652
Epoch: 61/300   Train loss: 0.02305   Test F-score avg/max: 0.55059/0.55652
Epoch: 62/300   Train loss: 0.02289   Test F-score avg/max: 0.55082/0.55652
Epoch: 63/300   Train loss: 0.02271   Test F-score avg/max: 0.53334/0.55652
Epoch: 64/300   Train loss: 0.02257   Test F-score avg/max: 0.53506/0.55652
Epoch: 65/300   Train loss: 0.02234   Test F-score avg/max: 0.51895/0.55652
Epoch: 66/300   Train loss: 0.02217   Test F-score avg/max: 0.5546/0.55652
Epoch: 67/300   Train loss: 0.02290   Test F-score avg/max: 0.53523/0.55652
Epoch: 68/300   Train loss: 0.02265   Test F-score avg/max: 0.5269/0.55652
Epoch: 69/300   Train loss: 0.02281   Test F-score avg/max: 0.53753/0.55652
Epoch: 70/300   Train loss: 0.02241   Test F-score avg/max: 0.53307/0.55652
Epoch: 71/300   Train loss: 0.02204   Test F-score avg/max: 0.52599/0.55652
Epoch: 72/300   Train loss: 0.02175   Test F-score avg/max: 0.53149/0.55652
Epoch: 73/300   Train loss: 0.02186   Test F-score avg/max: 0.52947/0.55652
Epoch: 74/300   Train loss: 0.02219   Test F-score avg/max: 0.53008/0.55652
Epoch: 75/300   Train loss: 0.02158   Test F-score avg/max: 0.53058/0.55652
Epoch: 76/300   Train loss: 0.02117   Test F-score avg/max: 0.54542/0.55652
Epoch: 77/300   Train loss: 0.02068   Test F-score avg/max: 0.55028/0.55652
Epoch: 78/300   Train loss: 0.02036   Test F-score avg/max: 0.51801/0.55652
Epoch: 79/300   Train loss: 0.01992   Test F-score avg/max: 0.51827/0.55652
Epoch: 80/300   Train loss: 0.01991   Test F-score avg/max: 0.53155/0.55652
Epoch: 81/300   Train loss: 0.01968   Test F-score avg/max: 0.54518/0.55652
Epoch: 82/300   Train loss: 0.01969   Test F-score avg/max: 0.53445/0.55652
Epoch: 83/300   Train loss: 0.01986   Test F-score avg/max: 0.5459/0.55652
Epoch: 84/300   Train loss: 0.01998   Test F-score avg/max: 0.51767/0.55652
Epoch: 85/300   Train loss: 0.02036   Test F-score avg/max: 0.54793/0.55652
Epoch: 86/300   Train loss: 0.02024   Test F-score avg/max: 0.53512/0.55652
Epoch: 87/300   Train loss: 0.02010   Test F-score avg/max: 0.5342/0.55652
Epoch: 88/300   Train loss: 0.01976   Test F-score avg/max: 0.53879/0.55652
Epoch: 89/300   Train loss: 0.01976   Test F-score avg/max: 0.53213/0.55652
Epoch: 90/300   Train loss: 0.01922   Test F-score avg/max: 0.52146/0.55652
Epoch: 91/300   Train loss: 0.01872   Test F-score avg/max: 0.51312/0.55652
Epoch: 92/300   Train loss: 0.01862   Test F-score avg/max: 0.5284/0.55652
Epoch: 93/300   Train loss: 0.01829   Test F-score avg/max: 0.53253/0.55652
Epoch: 94/300   Train loss: 0.01835   Test F-score avg/max: 0.5169/0.55652
Epoch: 95/300   Train loss: 0.01792   Test F-score avg/max: 0.51961/0.55652
Epoch: 96/300   Train loss: 0.01772   Test F-score avg/max: 0.52054/0.55652
Epoch: 97/300   Train loss: 0.01760   Test F-score avg/max: 0.51019/0.55652
Epoch: 98/300   Train loss: 0.01834   Test F-score avg/max: 0.50671/0.55652
Epoch: 99/300   Train loss: 0.01762   Test F-score avg/max: 0.53039/0.55652
Epoch: 100/300   Train loss: 0.01796   Test F-score avg/max: 0.51285/0.55652
Epoch: 101/300   Train loss: 0.01732   Test F-score avg/max: 0.54242/0.55652
Epoch: 102/300   Train loss: 0.01763   Test F-score avg/max: 0.52905/0.55652
Epoch: 103/300   Train loss: 0.01764   Test F-score avg/max: 0.50962/0.55652
Epoch: 104/300   Train loss: 0.01728   Test F-score avg/max: 0.53578/0.55652
Epoch: 105/300   Train loss: 0.01740   Test F-score avg/max: 0.52449/0.55652
Epoch: 106/300   Train loss: 0.01793   Test F-score avg/max: 0.53094/0.55652
Epoch: 107/300   Train loss: 0.01712   Test F-score avg/max: 0.51952/0.55652
Epoch: 108/300   Train loss: 0.01696   Test F-score avg/max: 0.52445/0.55652
Epoch: 109/300   Train loss: 0.01659   Test F-score avg/max: 0.52366/0.55652
Epoch: 110/300   Train loss: 0.01660   Test F-score avg/max: 0.52335/0.55652
Epoch: 111/300   Train loss: 0.01618   Test F-score avg/max: 0.52708/0.55652
Epoch: 112/300   Train loss: 0.01635   Test F-score avg/max: 0.52895/0.55652
Epoch: 113/300   Train loss: 0.01604   Test F-score avg/max: 0.51739/0.55652
Epoch: 114/300   Train loss: 0.01583   Test F-score avg/max: 0.51884/0.55652
Epoch: 115/300   Train loss: 0.01634   Test F-score avg/max: 0.52204/0.55652
Epoch: 116/300   Train loss: 0.01702   Test F-score avg/max: 0.52302/0.55652
Epoch: 117/300   Train loss: 0.01708   Test F-score avg/max: 0.54141/0.55652
Epoch: 118/300   Train loss: 0.01684   Test F-score avg/max: 0.52424/0.55652
Epoch: 119/300   Train loss: 0.01641   Test F-score avg/max: 0.51887/0.55652
Epoch: 120/300   Train loss: 0.01609   Test F-score avg/max: 0.5327/0.55652
Epoch: 121/300   Train loss: 0.01538   Test F-score avg/max: 0.51438/0.55652
Epoch: 122/300   Train loss: 0.01536   Test F-score avg/max: 0.52567/0.55652
Epoch: 123/300   Train loss: 0.01516   Test F-score avg/max: 0.52123/0.55652
Epoch: 124/300   Train loss: 0.01492   Test F-score avg/max: 0.5124/0.55652
Epoch: 125/300   Train loss: 0.01520   Test F-score avg/max: 0.52652/0.55652
Epoch: 126/300   Train loss: 0.01464   Test F-score avg/max: 0.52039/0.55652
Epoch: 127/300   Train loss: 0.01481   Test F-score avg/max: 0.52572/0.55652
Epoch: 128/300   Train loss: 0.01493   Test F-score avg/max: 0.53326/0.55652
Epoch: 129/300   Train loss: 0.01491   Test F-score avg/max: 0.51563/0.55652
Epoch: 130/300   Train loss: 0.01493   Test F-score avg/max: 0.52031/0.55652
Epoch: 131/300   Train loss: 0.01476   Test F-score avg/max: 0.53522/0.55652
Epoch: 132/300   Train loss: 0.01515   Test F-score avg/max: 0.51122/0.55652
Epoch: 133/300   Train loss: 0.01490   Test F-score avg/max: 0.50743/0.55652
Epoch: 134/300   Train loss: 0.01472   Test F-score avg/max: 0.52555/0.55652
Epoch: 135/300   Train loss: 0.01553   Test F-score avg/max: 0.52882/0.55652
Epoch: 136/300   Train loss: 0.01471   Test F-score avg/max: 0.53701/0.55652
Epoch: 137/300   Train loss: 0.01483   Test F-score avg/max: 0.53155/0.55652
Epoch: 138/300   Train loss: 0.01459   Test F-score avg/max: 0.51637/0.55652
Epoch: 139/300   Train loss: 0.01430   Test F-score avg/max: 0.50137/0.55652
Epoch: 140/300   Train loss: 0.01420   Test F-score avg/max: 0.51129/0.55652
Epoch: 141/300   Train loss: 0.01415   Test F-score avg/max: 0.51938/0.55652
Epoch: 142/300   Train loss: 0.01358   Test F-score avg/max: 0.51586/0.55652
Epoch: 143/300   Train loss: 0.01356   Test F-score avg/max: 0.50981/0.55652
Epoch: 144/300   Train loss: 0.01323   Test F-score avg/max: 0.51817/0.55652
Epoch: 145/300   Train loss: 0.01301   Test F-score avg/max: 0.51586/0.55652
Epoch: 146/300   Train loss: 0.01335   Test F-score avg/max: 0.51331/0.55652
Epoch: 147/300   Train loss: 0.01333   Test F-score avg/max: 0.50159/0.55652
Epoch: 148/300   Train loss: 0.01322   Test F-score avg/max: 0.51817/0.55652
Epoch: 149/300   Train loss: 0.01316   Test F-score avg/max: 0.52602/0.55652
Epoch: 150/300   Train loss: 0.01312   Test F-score avg/max: 0.51271/0.55652
Epoch: 151/300   Train loss: 0.01337   Test F-score avg/max: 0.5063/0.55652
Epoch: 152/300   Train loss: 0.01329   Test F-score avg/max: 0.54033/0.55652
Epoch: 153/300   Train loss: 0.01340   Test F-score avg/max: 0.50883/0.55652
Epoch: 154/300   Train loss: 0.01288   Test F-score avg/max: 0.5093/0.55652
Epoch: 155/300   Train loss: 0.01296   Test F-score avg/max: 0.51463/0.55652
Epoch: 156/300   Train loss: 0.01293   Test F-score avg/max: 0.50545/0.55652
Epoch: 157/300   Train loss: 0.01239   Test F-score avg/max: 0.51317/0.55652
Epoch: 158/300   Train loss: 0.01223   Test F-score avg/max: 0.5122/0.55652
Epoch: 159/300   Train loss: 0.01269   Test F-score avg/max: 0.51232/0.55652
Epoch: 160/300   Train loss: 0.01329   Test F-score avg/max: 0.50616/0.55652
Epoch: 161/300   Train loss: 0.01317   Test F-score avg/max: 0.5135/0.55652
Epoch: 162/300   Train loss: 0.01426   Test F-score avg/max: 0.53547/0.55652
Epoch: 163/300   Train loss: 0.01339   Test F-score avg/max: 0.51202/0.55652
Epoch: 164/300   Train loss: 0.01246   Test F-score avg/max: 0.51334/0.55652
Epoch: 165/300   Train loss: 0.01199   Test F-score avg/max: 0.50909/0.55652
Epoch: 166/300   Train loss: 0.01210   Test F-score avg/max: 0.50625/0.55652
Epoch: 167/300   Train loss: 0.01217   Test F-score avg/max: 0.52157/0.55652
Epoch: 168/300   Train loss: 0.01209   Test F-score avg/max: 0.51329/0.55652
Epoch: 169/300   Train loss: 0.01181   Test F-score avg/max: 0.50428/0.55652
Epoch: 170/300   Train loss: 0.01178   Test F-score avg/max: 0.50788/0.55652
Epoch: 171/300   Train loss: 0.01166   Test F-score avg/max: 0.51079/0.55652
Epoch: 172/300   Train loss: 0.01175   Test F-score avg/max: 0.50568/0.55652
Epoch: 173/300   Train loss: 0.01169   Test F-score avg/max: 0.52135/0.55652
Epoch: 174/300   Train loss: 0.01198   Test F-score avg/max: 0.51176/0.55652
Epoch: 175/300   Train loss: 0.01276   Test F-score avg/max: 0.50852/0.55652
Epoch: 176/300   Train loss: 0.01313   Test F-score avg/max: 0.50361/0.55652
Epoch: 177/300   Train loss: 0.01231   Test F-score avg/max: 0.49971/0.55652
Epoch: 178/300   Train loss: 0.01148   Test F-score avg/max: 0.53149/0.55652
Epoch: 179/300   Train loss: 0.01176   Test F-score avg/max: 0.50391/0.55652
Epoch: 180/300   Train loss: 0.01156   Test F-score avg/max: 0.51601/0.55652
Epoch: 181/300   Train loss: 0.01110   Test F-score avg/max: 0.5171/0.55652
Epoch: 182/300   Train loss: 0.01104   Test F-score avg/max: 0.51315/0.55652
Epoch: 183/300   Train loss: 0.01141   Test F-score avg/max: 0.49551/0.55652
Epoch: 184/300   Train loss: 0.01119   Test F-score avg/max: 0.50293/0.55652
Epoch: 185/300   Train loss: 0.01117   Test F-score avg/max: 0.50671/0.55652
Epoch: 186/300   Train loss: 0.01129   Test F-score avg/max: 0.50742/0.55652
Epoch: 187/300   Train loss: 0.01138   Test F-score avg/max: 0.50485/0.55652
Epoch: 188/300   Train loss: 0.01127   Test F-score avg/max: 0.52144/0.55652
Epoch: 189/300   Train loss: 0.01102   Test F-score avg/max: 0.49938/0.55652
Epoch: 190/300   Train loss: 0.01084   Test F-score avg/max: 0.50536/0.55652
Epoch: 191/300   Train loss: 0.01070   Test F-score avg/max: 0.49863/0.55652
Epoch: 192/300   Train loss: 0.01080   Test F-score avg/max: 0.49848/0.55652
Epoch: 193/300   Train loss: 0.01053   Test F-score avg/max: 0.51023/0.55652
Epoch: 194/300   Train loss: 0.01077   Test F-score avg/max: 0.5122/0.55652
Epoch: 195/300   Train loss: 0.01096   Test F-score avg/max: 0.49013/0.55652
Epoch: 196/300   Train loss: 0.01082   Test F-score avg/max: 0.50854/0.55652
Epoch: 197/300   Train loss: 0.01048   Test F-score avg/max: 0.51389/0.55652
Epoch: 198/300   Train loss: 0.01048   Test F-score avg/max: 0.50466/0.55652
Epoch: 199/300   Train loss: 0.01078   Test F-score avg/max: 0.50227/0.55652
Epoch: 200/300   Train loss: 0.01055   Test F-score avg/max: 0.50912/0.55652
Epoch: 201/300   Train loss: 0.01076   Test F-score avg/max: 0.51697/0.55652
Epoch: 202/300   Train loss: 0.01041   Test F-score avg/max: 0.50414/0.55652
Epoch: 203/300   Train loss: 0.01041   Test F-score avg/max: 0.50036/0.55652
Epoch: 204/300   Train loss: 0.01108   Test F-score avg/max: 0.50828/0.55652
Epoch: 205/300   Train loss: 0.01138   Test F-score avg/max: 0.51228/0.55652
Epoch: 206/300   Train loss: 0.01106   Test F-score avg/max: 0.50912/0.55652
Epoch: 207/300   Train loss: 0.01075   Test F-score avg/max: 0.51609/0.55652
Epoch: 208/300   Train loss: 0.01061   Test F-score avg/max: 0.51301/0.55652
Epoch: 209/300   Train loss: 0.01053   Test F-score avg/max: 0.50537/0.55652
Epoch: 210/300   Train loss: 0.01064   Test F-score avg/max: 0.51729/0.55652
Epoch: 211/300   Train loss: 0.01105   Test F-score avg/max: 0.52148/0.55652
Epoch: 212/300   Train loss: 0.01187   Test F-score avg/max: 0.49589/0.55652
Epoch: 213/300   Train loss: 0.01202   Test F-score avg/max: 0.51252/0.55652
Epoch: 214/300   Train loss: 0.01161   Test F-score avg/max: 0.51461/0.55652
Epoch: 215/300   Train loss: 0.01043   Test F-score avg/max: 0.50444/0.55652
Epoch: 216/300   Train loss: 0.00992   Test F-score avg/max: 0.51347/0.55652
Epoch: 217/300   Train loss: 0.01004   Test F-score avg/max: 0.49925/0.55652
Epoch: 218/300   Train loss: 0.00987   Test F-score avg/max: 0.50479/0.55652
Epoch: 219/300   Train loss: 0.00960   Test F-score avg/max: 0.52252/0.55652
Epoch: 220/300   Train loss: 0.00982   Test F-score avg/max: 0.51254/0.55652
Epoch: 221/300   Train loss: 0.00968   Test F-score avg/max: 0.51626/0.55652
Epoch: 222/300   Train loss: 0.00977   Test F-score avg/max: 0.5217/0.55652
Epoch: 223/300   Train loss: 0.00980   Test F-score avg/max: 0.51402/0.55652
Epoch: 224/300   Train loss: 0.00982   Test F-score avg/max: 0.50957/0.55652
Epoch: 225/300   Train loss: 0.00967   Test F-score avg/max: 0.50662/0.55652
Epoch: 226/300   Train loss: 0.00965   Test F-score avg/max: 0.49649/0.55652
Epoch: 227/300   Train loss: 0.00995   Test F-score avg/max: 0.51164/0.55652
Epoch: 228/300   Train loss: 0.01032   Test F-score avg/max: 0.50683/0.55652
Epoch: 229/300   Train loss: 0.01030   Test F-score avg/max: 0.49778/0.55652
Epoch: 230/300   Train loss: 0.00997   Test F-score avg/max: 0.4991/0.55652
Epoch: 231/300   Train loss: 0.01006   Test F-score avg/max: 0.49891/0.55652
Epoch: 232/300   Train loss: 0.01014   Test F-score avg/max: 0.50633/0.55652
Epoch: 233/300   Train loss: 0.00996   Test F-score avg/max: 0.50049/0.55652
Epoch: 234/300   Train loss: 0.00981   Test F-score avg/max: 0.50745/0.55652
Epoch: 235/300   Train loss: 0.00963   Test F-score avg/max: 0.50247/0.55652
Epoch: 236/300   Train loss: 0.00947   Test F-score avg/max: 0.52076/0.55652
Epoch: 237/300   Train loss: 0.00955   Test F-score avg/max: 0.48854/0.55652
Epoch: 238/300   Train loss: 0.00943   Test F-score avg/max: 0.51576/0.55652
Epoch: 239/300   Train loss: 0.00912   Test F-score avg/max: 0.50349/0.55652
Epoch: 240/300   Train loss: 0.00909   Test F-score avg/max: 0.51205/0.55652
Epoch: 241/300   Train loss: 0.00910   Test F-score avg/max: 0.51621/0.55652
Epoch: 242/300   Train loss: 0.00914   Test F-score avg/max: 0.50077/0.55652
Epoch: 243/300   Train loss: 0.00940   Test F-score avg/max: 0.50063/0.55652
Epoch: 244/300   Train loss: 0.00948   Test F-score avg/max: 0.49862/0.55652
Epoch: 245/300   Train loss: 0.00965   Test F-score avg/max: 0.51513/0.55652
Epoch: 246/300   Train loss: 0.00928   Test F-score avg/max: 0.51765/0.55652
Epoch: 247/300   Train loss: 0.00921   Test F-score avg/max: 0.51486/0.55652
Epoch: 248/300   Train loss: 0.00944   Test F-score avg/max: 0.51602/0.55652
Epoch: 249/300   Train loss: 0.00936   Test F-score avg/max: 0.5099/0.55652
Epoch: 250/300   Train loss: 0.00900   Test F-score avg/max: 0.50031/0.55652
Epoch: 251/300   Train loss: 0.00900   Test F-score avg/max: 0.50628/0.55652
Epoch: 252/300   Train loss: 0.00905   Test F-score avg/max: 0.51519/0.55652
Epoch: 253/300   Train loss: 0.00913   Test F-score avg/max: 0.52363/0.55652
Epoch: 254/300   Train loss: 0.00948   Test F-score avg/max: 0.51248/0.55652
Epoch: 255/300   Train loss: 0.00910   Test F-score avg/max: 0.52235/0.55652
Epoch: 256/300   Train loss: 0.00901   Test F-score avg/max: 0.52278/0.55652
mv: cannot stat 'i3d_features/models_temp/tvsum_splits_0/12_*.pth.tar': No such file or directory
rm: cannot remove 'i3d_features/models_temp/tvsum_splits_0/219_3.504.pth.tar': Permission denied
Epoch: 257/300   Train loss: 0.00896   Test F-score avg/max: 0.51167/0.55652
Epoch: 258/300   Train loss: 0.00914   Test F-score avg/max: 0.50445/0.55652
Epoch: 259/300   Train loss: 0.00875   Test F-score avg/max: 0.50847/0.55652
Epoch: 260/300   Train loss: 0.00877   Test F-score avg/max: 0.51621/0.55652
Epoch: 261/300   Train loss: 0.00867   Test F-score avg/max: 0.51423/0.55652
Epoch: 262/300   Train loss: 0.00881   Test F-score avg/max: 0.5077/0.55652
Epoch: 263/300   Train loss: 0.00887   Test F-score avg/max: 0.51955/0.55652
Epoch: 264/300   Train loss: 0.00863   Test F-score avg/max: 0.50234/0.55652
Epoch: 265/300   Train loss: 0.00872   Test F-score avg/max: 0.50903/0.55652
Epoch: 266/300   Train loss: 0.00849   Test F-score avg/max: 0.51574/0.55652
Epoch: 267/300   Train loss: 0.00902   Test F-score avg/max: 0.51313/0.55652
Epoch: 268/300   Train loss: 0.00902   Test F-score avg/max: 0.51384/0.55652
Epoch: 269/300   Train loss: 0.00878   Test F-score avg/max: 0.49905/0.55652
Epoch: 270/300   Train loss: 0.00887   Test F-score avg/max: 0.50119/0.55652
Epoch: 271/300   Train loss: 0.00893   Test F-score avg/max: 0.51677/0.55652
Epoch: 272/300   Train loss: 0.00910   Test F-score avg/max: 0.51037/0.55652
Epoch: 273/300   Train loss: 0.00928   Test F-score avg/max: 0.4924/0.55652
Epoch: 274/300   Train loss: 0.00939   Test F-score avg/max: 0.5312/0.55652
Epoch: 275/300   Train loss: 0.00947   Test F-score avg/max: 0.5266/0.55652
Epoch: 276/300   Train loss: 0.00896   Test F-score avg/max: 0.50357/0.55652
Epoch: 277/300   Train loss: 0.00867   Test F-score avg/max: 0.52623/0.55652
Epoch: 278/300   Train loss: 0.00840   Test F-score avg/max: 0.5058/0.55652
Epoch: 279/300   Train loss: 0.00816   Test F-score avg/max: 0.51524/0.55652
Epoch: 280/300   Train loss: 0.00823   Test F-score avg/max: 0.5094/0.55652
Epoch: 281/300   Train loss: 0.00824   Test F-score avg/max: 0.50748/0.55652
Epoch: 282/300   Train loss: 0.00816   Test F-score avg/max: 0.51286/0.55652
Epoch: 283/300   Train loss: 0.00813   Test F-score avg/max: 0.51932/0.55652
Epoch: 284/300   Train loss: 0.00807   Test F-score avg/max: 0.50201/0.55652
Epoch: 285/300   Train loss: 0.00796   Test F-score avg/max: 0.5094/0.55652
Epoch: 286/300   Train loss: 0.00804   Test F-score avg/max: 0.51057/0.55652
Epoch: 287/300   Train loss: 0.00808   Test F-score avg/max: 0.52118/0.55652
Epoch: 288/300   Train loss: 0.00832   Test F-score avg/max: 0.51099/0.55652
Epoch: 289/300   Train loss: 0.00840   Test F-score avg/max: 0.51372/0.55652
Epoch: 290/300   Train loss: 0.00854   Test F-score avg/max: 0.51456/0.55652
Epoch: 291/300   Train loss: 0.00862   Test F-score avg/max: 0.51456/0.55652
Epoch: 292/300   Train loss: 0.00825   Test F-score avg/max: 0.50685/0.55652
Epoch: 293/300   Train loss: 0.00811   Test F-score avg/max: 0.51677/0.55652
Epoch: 294/300   Train loss: 0.00842   Test F-score avg/max: 0.51453/0.55652
Epoch: 295/300   Train loss: 0.00846   Test F-score avg/max: 0.51515/0.55652
Epoch: 296/300   Train loss: 0.00850   Test F-score avg/max: 0.50178/0.55652
Epoch: 297/300   Train loss: 0.00848   Test F-score avg/max: 0.5035/0.55652
Epoch: 298/300   Train loss: 0.00860   Test F-score avg/max: 0.51671/0.55652
Epoch: 299/300   Train loss: 0.00820   Test F-score avg/max: 0.51683/0.55652
Split: splits/tvsum_splits.json   Best F-score: 0.55652   Model: i3d_features/models/tvsum_splits_0_0.5565223722209951.tar.pth
Setting CUDA device:  0
['../SUM-GAN-AAE/data/TVSum/tvsum_i3d_mixed5c_aligned.h5']
../SUM-GAN-AAE/data/TVSum/tvsum_i3d_mixed5c_aligned.h5
Loading: ../SUM-GAN-AAE/data/TVSum/tvsum_i3d_mixed5c_aligned.h5
Loading splits from:  splits/tvsum_splits.json
Selecting split:  1
tvsum
../SUM-GAN-AAE/data/SumMe/summe_i3d_mixed5c_aligned.h5
../SUM-GAN-AAE/data/TVSum/tvsum_i3d_mixed5c_aligned.h5
Initializing VASNet model and optimizer...
Starting training...
Epoch: 0/300    Train loss: 0.13295   Test F-score avg/max: 0.46752/0.46752
Epoch: 1/300    Train loss: 0.11099   Test F-score avg/max: 0.46085/0.46752
Epoch: 2/300    Train loss: 0.09605   Test F-score avg/max: 0.51929/0.51929
Epoch: 3/300    Train loss: 0.08447   Test F-score avg/max: 0.51925/0.51929
Epoch: 4/300    Train loss: 0.07180   Test F-score avg/max: 0.52507/0.52507
Epoch: 5/300    Train loss: 0.06483   Test F-score avg/max: 0.50573/0.52507
Epoch: 6/300    Train loss: 0.06061   Test F-score avg/max: 0.51287/0.52507
Epoch: 7/300    Train loss: 0.05582   Test F-score avg/max: 0.51262/0.52507
Epoch: 8/300    Train loss: 0.05370   Test F-score avg/max: 0.50534/0.52507
Epoch: 9/300    Train loss: 0.05146   Test F-score avg/max: 0.51249/0.52507
Epoch: 10/300   Train loss: 0.04977   Test F-score avg/max: 0.51248/0.52507
Epoch: 11/300   Train loss: 0.04759   Test F-score avg/max: 0.51217/0.52507
Epoch: 12/300   Train loss: 0.04579   Test F-score avg/max: 0.5137/0.52507
Epoch: 13/300   Train loss: 0.04486   Test F-score avg/max: 0.50645/0.52507
Epoch: 14/300   Train loss: 0.04254   Test F-score avg/max: 0.52386/0.52507
Epoch: 15/300   Train loss: 0.04209   Test F-score avg/max: 0.52459/0.52507
Epoch: 16/300   Train loss: 0.04047   Test F-score avg/max: 0.52499/0.52507
Epoch: 17/300   Train loss: 0.03998   Test F-score avg/max: 0.52896/0.52896
Epoch: 18/300   Train loss: 0.03928   Test F-score avg/max: 0.52548/0.52896
Epoch: 19/300   Train loss: 0.03827   Test F-score avg/max: 0.52891/0.52896
Epoch: 20/300   Train loss: 0.03722   Test F-score avg/max: 0.51309/0.52896
Epoch: 21/300   Train loss: 0.03659   Test F-score avg/max: 0.53746/0.53746
Epoch: 22/300   Train loss: 0.03653   Test F-score avg/max: 0.51229/0.53746
Epoch: 23/300   Train loss: 0.03543   Test F-score avg/max: 0.51653/0.53746
Epoch: 24/300   Train loss: 0.03496   Test F-score avg/max: 0.54105/0.54105
Epoch: 25/300   Train loss: 0.03408   Test F-score avg/max: 0.51877/0.54105
Epoch: 26/300   Train loss: 0.03423   Test F-score avg/max: 0.5319/0.54105
Epoch: 27/300   Train loss: 0.03376   Test F-score avg/max: 0.53696/0.54105
Epoch: 28/300   Train loss: 0.03355   Test F-score avg/max: 0.52043/0.54105
Epoch: 29/300   Train loss: 0.03281   Test F-score avg/max: 0.52705/0.54105
Epoch: 30/300   Train loss: 0.03204   Test F-score avg/max: 0.51828/0.54105
Epoch: 31/300   Train loss: 0.03192   Test F-score avg/max: 0.51732/0.54105
Epoch: 32/300   Train loss: 0.03092   Test F-score avg/max: 0.52296/0.54105
Epoch: 33/300   Train loss: 0.03092   Test F-score avg/max: 0.53604/0.54105
Epoch: 34/300   Train loss: 0.03076   Test F-score avg/max: 0.54757/0.54757
Epoch: 35/300   Train loss: 0.03031   Test F-score avg/max: 0.52713/0.54757
Epoch: 36/300   Train loss: 0.03006   Test F-score avg/max: 0.54653/0.54757
Epoch: 37/300   Train loss: 0.02912   Test F-score avg/max: 0.51675/0.54757
Epoch: 38/300   Train loss: 0.02890   Test F-score avg/max: 0.52964/0.54757
Epoch: 39/300   Train loss: 0.02891   Test F-score avg/max: 0.51653/0.54757
Epoch: 40/300   Train loss: 0.02867   Test F-score avg/max: 0.54747/0.54757
Epoch: 41/300   Train loss: 0.02842   Test F-score avg/max: 0.52683/0.54757
Epoch: 42/300   Train loss: 0.02854   Test F-score avg/max: 0.54671/0.54757
Epoch: 43/300   Train loss: 0.02841   Test F-score avg/max: 0.53918/0.54757
Epoch: 44/300   Train loss: 0.02756   Test F-score avg/max: 0.52401/0.54757
Epoch: 45/300   Train loss: 0.02716   Test F-score avg/max: 0.51721/0.54757
Epoch: 46/300   Train loss: 0.02726   Test F-score avg/max: 0.54466/0.54757
Epoch: 47/300   Train loss: 0.02718   Test F-score avg/max: 0.51884/0.54757
Epoch: 48/300   Train loss: 0.02693   Test F-score avg/max: 0.54456/0.54757
Epoch: 49/300   Train loss: 0.02640   Test F-score avg/max: 0.5203/0.54757
Epoch: 50/300   Train loss: 0.02624   Test F-score avg/max: 0.541/0.54757
Epoch: 51/300   Train loss: 0.02613   Test F-score avg/max: 0.5256/0.54757
Epoch: 52/300   Train loss: 0.02609   Test F-score avg/max: 0.52422/0.54757
Epoch: 53/300   Train loss: 0.02660   Test F-score avg/max: 0.53127/0.54757
Epoch: 54/300   Train loss: 0.02662   Test F-score avg/max: 0.5423/0.54757
Epoch: 55/300   Train loss: 0.02557   Test F-score avg/max: 0.5301/0.54757
Epoch: 56/300   Train loss: 0.02526   Test F-score avg/max: 0.54806/0.54806
Epoch: 57/300   Train loss: 0.02461   Test F-score avg/max: 0.52713/0.54806
Epoch: 58/300   Train loss: 0.02446   Test F-score avg/max: 0.52033/0.54806
Epoch: 59/300   Train loss: 0.02425   Test F-score avg/max: 0.54841/0.54841
Epoch: 60/300   Train loss: 0.02472   Test F-score avg/max: 0.54285/0.54841
Epoch: 61/300   Train loss: 0.02420   Test F-score avg/max: 0.51279/0.54841
Epoch: 62/300   Train loss: 0.02406   Test F-score avg/max: 0.53852/0.54841
Epoch: 63/300   Train loss: 0.02402   Test F-score avg/max: 0.53366/0.54841
Epoch: 64/300   Train loss: 0.02366   Test F-score avg/max: 0.52731/0.54841
Epoch: 65/300   Train loss: 0.02307   Test F-score avg/max: 0.52203/0.54841
Epoch: 66/300   Train loss: 0.02248   Test F-score avg/max: 0.50227/0.54841
Epoch: 67/300   Train loss: 0.02238   Test F-score avg/max: 0.53664/0.54841
Epoch: 68/300   Train loss: 0.02198   Test F-score avg/max: 0.54456/0.54841
Epoch: 69/300   Train loss: 0.02226   Test F-score avg/max: 0.53698/0.54841
Epoch: 70/300   Train loss: 0.02216   Test F-score avg/max: 0.52914/0.54841
Epoch: 71/300   Train loss: 0.02242   Test F-score avg/max: 0.52637/0.54841
Epoch: 72/300   Train loss: 0.02223   Test F-score avg/max: 0.54543/0.54841
Epoch: 73/300   Train loss: 0.02199   Test F-score avg/max: 0.53723/0.54841
Epoch: 74/300   Train loss: 0.02200   Test F-score avg/max: 0.52772/0.54841
Epoch: 75/300   Train loss: 0.02144   Test F-score avg/max: 0.52658/0.54841
Epoch: 76/300   Train loss: 0.02184   Test F-score avg/max: 0.54067/0.54841
Epoch: 77/300   Train loss: 0.02157   Test F-score avg/max: 0.54064/0.54841
Epoch: 78/300   Train loss: 0.02186   Test F-score avg/max: 0.51872/0.54841
Epoch: 79/300   Train loss: 0.02167   Test F-score avg/max: 0.53171/0.54841
Epoch: 80/300   Train loss: 0.02060   Test F-score avg/max: 0.54275/0.54841
Epoch: 81/300   Train loss: 0.02043   Test F-score avg/max: 0.54887/0.54887
Epoch: 82/300   Train loss: 0.02099   Test F-score avg/max: 0.52116/0.54887
Epoch: 83/300   Train loss: 0.02110   Test F-score avg/max: 0.53927/0.54887
Epoch: 84/300   Train loss: 0.02144   Test F-score avg/max: 0.52014/0.54887
Epoch: 85/300   Train loss: 0.02078   Test F-score avg/max: 0.53025/0.54887
Epoch: 86/300   Train loss: 0.02006   Test F-score avg/max: 0.52967/0.54887
Epoch: 87/300   Train loss: 0.01998   Test F-score avg/max: 0.53911/0.54887
Epoch: 88/300   Train loss: 0.01963   Test F-score avg/max: 0.52657/0.54887
Epoch: 89/300   Train loss: 0.01987   Test F-score avg/max: 0.5203/0.54887
Epoch: 90/300   Train loss: 0.01942   Test F-score avg/max: 0.52548/0.54887
Epoch: 91/300   Train loss: 0.01993   Test F-score avg/max: 0.52378/0.54887
Epoch: 92/300   Train loss: 0.01917   Test F-score avg/max: 0.52718/0.54887
Epoch: 93/300   Train loss: 0.01910   Test F-score avg/max: 0.52322/0.54887
Epoch: 94/300   Train loss: 0.01892   Test F-score avg/max: 0.50287/0.54887
Epoch: 95/300   Train loss: 0.01920   Test F-score avg/max: 0.5476/0.54887
Epoch: 96/300   Train loss: 0.01929   Test F-score avg/max: 0.5333/0.54887
Epoch: 97/300   Train loss: 0.01857   Test F-score avg/max: 0.52522/0.54887
Epoch: 98/300   Train loss: 0.01873   Test F-score avg/max: 0.53115/0.54887
Epoch: 99/300   Train loss: 0.01875   Test F-score avg/max: 0.52635/0.54887
Epoch: 100/300   Train loss: 0.01904   Test F-score avg/max: 0.5387/0.54887
Epoch: 101/300   Train loss: 0.01833   Test F-score avg/max: 0.52853/0.54887
Epoch: 102/300   Train loss: 0.01829   Test F-score avg/max: 0.50523/0.54887
Epoch: 103/300   Train loss: 0.01786   Test F-score avg/max: 0.53277/0.54887
Epoch: 104/300   Train loss: 0.01866   Test F-score avg/max: 0.52649/0.54887
Epoch: 105/300   Train loss: 0.01797   Test F-score avg/max: 0.52661/0.54887
Epoch: 106/300   Train loss: 0.01754   Test F-score avg/max: 0.52234/0.54887
Epoch: 107/300   Train loss: 0.01795   Test F-score avg/max: 0.53285/0.54887
Epoch: 108/300   Train loss: 0.01761   Test F-score avg/max: 0.52917/0.54887
Epoch: 109/300   Train loss: 0.01756   Test F-score avg/max: 0.51212/0.54887
Epoch: 110/300   Train loss: 0.01711   Test F-score avg/max: 0.50951/0.54887
Epoch: 111/300   Train loss: 0.01700   Test F-score avg/max: 0.50032/0.54887
Epoch: 112/300   Train loss: 0.01683   Test F-score avg/max: 0.50806/0.54887
Epoch: 113/300   Train loss: 0.01705   Test F-score avg/max: 0.52968/0.54887
Epoch: 114/300   Train loss: 0.01691   Test F-score avg/max: 0.51021/0.54887
Epoch: 115/300   Train loss: 0.01705   Test F-score avg/max: 0.52825/0.54887
Epoch: 116/300   Train loss: 0.01739   Test F-score avg/max: 0.52535/0.54887
Epoch: 117/300   Train loss: 0.01790   Test F-score avg/max: 0.53019/0.54887
Epoch: 118/300   Train loss: 0.01774   Test F-score avg/max: 0.53482/0.54887
Epoch: 119/300   Train loss: 0.01702   Test F-score avg/max: 0.52011/0.54887
Epoch: 120/300   Train loss: 0.01677   Test F-score avg/max: 0.50943/0.54887
Epoch: 121/300   Train loss: 0.01623   Test F-score avg/max: 0.52778/0.54887
Epoch: 122/300   Train loss: 0.01661   Test F-score avg/max: 0.5227/0.54887
Epoch: 123/300   Train loss: 0.01648   Test F-score avg/max: 0.5199/0.54887
Epoch: 124/300   Train loss: 0.01648   Test F-score avg/max: 0.55158/0.55158
Epoch: 125/300   Train loss: 0.01755   Test F-score avg/max: 0.52799/0.55158
Epoch: 126/300   Train loss: 0.01600   Test F-score avg/max: 0.51287/0.55158
Epoch: 127/300   Train loss: 0.01577   Test F-score avg/max: 0.52876/0.55158
Epoch: 128/300   Train loss: 0.01543   Test F-score avg/max: 0.51229/0.55158
Epoch: 129/300   Train loss: 0.01545   Test F-score avg/max: 0.52922/0.55158
Epoch: 130/300   Train loss: 0.01557   Test F-score avg/max: 0.53249/0.55158
Epoch: 131/300   Train loss: 0.01536   Test F-score avg/max: 0.5302/0.55158
Epoch: 132/300   Train loss: 0.01489   Test F-score avg/max: 0.51362/0.55158
Epoch: 133/300   Train loss: 0.01493   Test F-score avg/max: 0.52701/0.55158
Epoch: 134/300   Train loss: 0.01509   Test F-score avg/max: 0.51514/0.55158
Epoch: 135/300   Train loss: 0.01512   Test F-score avg/max: 0.53343/0.55158
Epoch: 136/300   Train loss: 0.01505   Test F-score avg/max: 0.51772/0.55158
Epoch: 137/300   Train loss: 0.01520   Test F-score avg/max: 0.52598/0.55158
Epoch: 138/300   Train loss: 0.01489   Test F-score avg/max: 0.51841/0.55158
Epoch: 139/300   Train loss: 0.01511   Test F-score avg/max: 0.51898/0.55158
Epoch: 140/300   Train loss: 0.01487   Test F-score avg/max: 0.50017/0.55158
Epoch: 141/300   Train loss: 0.01491   Test F-score avg/max: 0.50917/0.55158
Epoch: 142/300   Train loss: 0.01481   Test F-score avg/max: 0.53571/0.55158
Epoch: 143/300   Train loss: 0.01461   Test F-score avg/max: 0.50495/0.55158
Epoch: 144/300   Train loss: 0.01451   Test F-score avg/max: 0.50968/0.55158
Epoch: 145/300   Train loss: 0.01445   Test F-score avg/max: 0.53489/0.55158
Epoch: 146/300   Train loss: 0.01424   Test F-score avg/max: 0.52929/0.55158
Epoch: 147/300   Train loss: 0.01431   Test F-score avg/max: 0.51369/0.55158
Epoch: 148/300   Train loss: 0.01413   Test F-score avg/max: 0.51575/0.55158
Epoch: 149/300   Train loss: 0.01444   Test F-score avg/max: 0.52918/0.55158
Epoch: 150/300   Train loss: 0.01544   Test F-score avg/max: 0.50496/0.55158
Epoch: 151/300   Train loss: 0.01544   Test F-score avg/max: 0.51386/0.55158
Epoch: 152/300   Train loss: 0.01496   Test F-score avg/max: 0.53042/0.55158
Epoch: 153/300   Train loss: 0.01485   Test F-score avg/max: 0.51233/0.55158
Epoch: 154/300   Train loss: 0.01425   Test F-score avg/max: 0.50999/0.55158
Epoch: 155/300   Train loss: 0.01383   Test F-score avg/max: 0.51626/0.55158
Epoch: 156/300   Train loss: 0.01367   Test F-score avg/max: 0.50345/0.55158
Epoch: 157/300   Train loss: 0.01342   Test F-score avg/max: 0.51089/0.55158
Epoch: 158/300   Train loss: 0.01303   Test F-score avg/max: 0.50453/0.55158
Epoch: 159/300   Train loss: 0.01286   Test F-score avg/max: 0.50984/0.55158
Epoch: 160/300   Train loss: 0.01298   Test F-score avg/max: 0.51354/0.55158
Epoch: 161/300   Train loss: 0.01267   Test F-score avg/max: 0.51233/0.55158
Epoch: 162/300   Train loss: 0.01281   Test F-score avg/max: 0.50359/0.55158
Epoch: 163/300   Train loss: 0.01261   Test F-score avg/max: 0.50177/0.55158
Epoch: 164/300   Train loss: 0.01296   Test F-score avg/max: 0.51011/0.55158
Epoch: 165/300   Train loss: 0.01290   Test F-score avg/max: 0.51003/0.55158
Epoch: 166/300   Train loss: 0.01297   Test F-score avg/max: 0.51601/0.55158
Epoch: 167/300   Train loss: 0.01358   Test F-score avg/max: 0.50274/0.55158
Epoch: 168/300   Train loss: 0.01352   Test F-score avg/max: 0.5238/0.55158
Epoch: 169/300   Train loss: 0.01283   Test F-score avg/max: 0.51684/0.55158
Epoch: 170/300   Train loss: 0.01255   Test F-score avg/max: 0.51309/0.55158
Epoch: 171/300   Train loss: 0.01240   Test F-score avg/max: 0.50777/0.55158
Epoch: 172/300   Train loss: 0.01220   Test F-score avg/max: 0.51737/0.55158
Epoch: 173/300   Train loss: 0.01247   Test F-score avg/max: 0.50304/0.55158
Epoch: 174/300   Train loss: 0.01252   Test F-score avg/max: 0.51629/0.55158
Epoch: 175/300   Train loss: 0.01269   Test F-score avg/max: 0.51124/0.55158
Epoch: 176/300   Train loss: 0.01482   Test F-score avg/max: 0.53481/0.55158
Epoch: 177/300   Train loss: 0.01733   Test F-score avg/max: 0.50278/0.55158
Epoch: 178/300   Train loss: 0.01528   Test F-score avg/max: 0.52667/0.55158
Epoch: 179/300   Train loss: 0.01346   Test F-score avg/max: 0.51275/0.55158
Epoch: 180/300   Train loss: 0.01294   Test F-score avg/max: 0.50077/0.55158
Epoch: 181/300   Train loss: 0.01238   Test F-score avg/max: 0.51706/0.55158
Epoch: 182/300   Train loss: 0.01188   Test F-score avg/max: 0.505/0.55158
Epoch: 183/300   Train loss: 0.01155   Test F-score avg/max: 0.49562/0.55158
Epoch: 184/300   Train loss: 0.01163   Test F-score avg/max: 0.5005/0.55158
Epoch: 185/300   Train loss: 0.01157   Test F-score avg/max: 0.49597/0.55158
Epoch: 186/300   Train loss: 0.01135   Test F-score avg/max: 0.49544/0.55158
Epoch: 187/300   Train loss: 0.01146   Test F-score avg/max: 0.49783/0.55158
Epoch: 188/300   Train loss: 0.01149   Test F-score avg/max: 0.49758/0.55158
Epoch: 189/300   Train loss: 0.01152   Test F-score avg/max: 0.5071/0.55158
Epoch: 190/300   Train loss: 0.01164   Test F-score avg/max: 0.4949/0.55158
Epoch: 191/300   Train loss: 0.01158   Test F-score avg/max: 0.49933/0.55158
Epoch: 192/300   Train loss: 0.01128   Test F-score avg/max: 0.49669/0.55158
Epoch: 193/300   Train loss: 0.01115   Test F-score avg/max: 0.49933/0.55158
Epoch: 194/300   Train loss: 0.01125   Test F-score avg/max: 0.50682/0.55158
Epoch: 195/300   Train loss: 0.01119   Test F-score avg/max: 0.49317/0.55158
Epoch: 196/300   Train loss: 0.01116   Test F-score avg/max: 0.50873/0.55158
Epoch: 197/300   Train loss: 0.01105   Test F-score avg/max: 0.49861/0.55158
Epoch: 198/300   Train loss: 0.01147   Test F-score avg/max: 0.50258/0.55158
Epoch: 199/300   Train loss: 0.01147   Test F-score avg/max: 0.48766/0.55158
Epoch: 200/300   Train loss: 0.01162   Test F-score avg/max: 0.49363/0.55158
Epoch: 201/300   Train loss: 0.01214   Test F-score avg/max: 0.51068/0.55158
Epoch: 202/300   Train loss: 0.01174   Test F-score avg/max: 0.49731/0.55158
Epoch: 203/300   Train loss: 0.01150   Test F-score avg/max: 0.51435/0.55158
Epoch: 204/300   Train loss: 0.01130   Test F-score avg/max: 0.49044/0.55158
Epoch: 205/300   Train loss: 0.01102   Test F-score avg/max: 0.50297/0.55158
Epoch: 206/300   Train loss: 0.01084   Test F-score avg/max: 0.50862/0.55158
Epoch: 207/300   Train loss: 0.01075   Test F-score avg/max: 0.50169/0.55158
Epoch: 208/300   Train loss: 0.01067   Test F-score avg/max: 0.49382/0.55158
Epoch: 209/300   Train loss: 0.01063   Test F-score avg/max: 0.48906/0.55158
Epoch: 210/300   Train loss: 0.01067   Test F-score avg/max: 0.49621/0.55158
Epoch: 211/300   Train loss: 0.01080   Test F-score avg/max: 0.48683/0.55158
Epoch: 212/300   Train loss: 0.01122   Test F-score avg/max: 0.48875/0.55158
Epoch: 213/300   Train loss: 0.01095   Test F-score avg/max: 0.53701/0.55158
Epoch: 214/300   Train loss: 0.01146   Test F-score avg/max: 0.51667/0.55158
Epoch: 215/300   Train loss: 0.01094   Test F-score avg/max: 0.48421/0.55158
Epoch: 216/300   Train loss: 0.01066   Test F-score avg/max: 0.49336/0.55158
Epoch: 217/300   Train loss: 0.01049   Test F-score avg/max: 0.49679/0.55158
Epoch: 218/300   Train loss: 0.01139   Test F-score avg/max: 0.50088/0.55158
Epoch: 219/300   Train loss: 0.01081   Test F-score avg/max: 0.48616/0.55158
Epoch: 220/300   Train loss: 0.01095   Test F-score avg/max: 0.49254/0.55158
Epoch: 221/300   Train loss: 0.01040   Test F-score avg/max: 0.49099/0.55158
Epoch: 222/300   Train loss: 0.01125   Test F-score avg/max: 0.51521/0.55158
Epoch: 223/300   Train loss: 0.01115   Test F-score avg/max: 0.49311/0.55158
Epoch: 224/300   Train loss: 0.01101   Test F-score avg/max: 0.47565/0.55158
Epoch: 225/300   Train loss: 0.01090   Test F-score avg/max: 0.50722/0.55158
Epoch: 226/300   Train loss: 0.01059   Test F-score avg/max: 0.50399/0.55158
Epoch: 227/300   Train loss: 0.01020   Test F-score avg/max: 0.50338/0.55158
Epoch: 228/300   Train loss: 0.01035   Test F-score avg/max: 0.48563/0.55158
Epoch: 229/300   Train loss: 0.01014   Test F-score avg/max: 0.49248/0.55158
Epoch: 230/300   Train loss: 0.00990   Test F-score avg/max: 0.48557/0.55158
Epoch: 231/300   Train loss: 0.01038   Test F-score avg/max: 0.49003/0.55158
Epoch: 232/300   Train loss: 0.01009   Test F-score avg/max: 0.48668/0.55158
Epoch: 233/300   Train loss: 0.01024   Test F-score avg/max: 0.49032/0.55158
Epoch: 234/300   Train loss: 0.01002   Test F-score avg/max: 0.49619/0.55158
Epoch: 235/300   Train loss: 0.01005   Test F-score avg/max: 0.48426/0.55158
Epoch: 236/300   Train loss: 0.00992   Test F-score avg/max: 0.51083/0.55158
Epoch: 237/300   Train loss: 0.00988   Test F-score avg/max: 0.48767/0.55158
Epoch: 238/300   Train loss: 0.00969   Test F-score avg/max: 0.47116/0.55158
Epoch: 239/300   Train loss: 0.00995   Test F-score avg/max: 0.51181/0.55158
Epoch: 240/300   Train loss: 0.00988   Test F-score avg/max: 0.49897/0.55158
Epoch: 241/300   Train loss: 0.00963   Test F-score avg/max: 0.4988/0.55158
Epoch: 242/300   Train loss: 0.00978   Test F-score avg/max: 0.50172/0.55158
Epoch: 243/300   Train loss: 0.00979   Test F-score avg/max: 0.50318/0.55158
Epoch: 244/300   Train loss: 0.00964   Test F-score avg/max: 0.48547/0.55158
Epoch: 245/300   Train loss: 0.00951   Test F-score avg/max: 0.49692/0.55158
Epoch: 246/300   Train loss: 0.00974   Test F-score avg/max: 0.49749/0.55158
Epoch: 247/300   Train loss: 0.00985   Test F-score avg/max: 0.46865/0.55158
Epoch: 248/300   Train loss: 0.01001   Test F-score avg/max: 0.50721/0.55158
Epoch: 249/300   Train loss: 0.01017   Test F-score avg/max: 0.5051/0.55158
Epoch: 250/300   Train loss: 0.00967   Test F-score avg/max: 0.4932/0.55158
Epoch: 251/300   Train loss: 0.00999   Test F-score avg/max: 0.49127/0.55158
Epoch: 252/300   Train loss: 0.00976   Test F-score avg/max: 0.48811/0.55158
Epoch: 253/300   Train loss: 0.00979   Test F-score avg/max: 0.47203/0.55158
Epoch: 254/300   Train loss: 0.00967   Test F-score avg/max: 0.49211/0.55158
Epoch: 255/300   Train loss: 0.00947   Test F-score avg/max: 0.48865/0.55158
Epoch: 256/300   Train loss: 0.00946   Test F-score avg/max: 0.48663/0.55158
Epoch: 257/300   Train loss: 0.00947   Test F-score avg/max: 0.50079/0.55158
Epoch: 258/300   Train loss: 0.00931   Test F-score avg/max: 0.49329/0.55158
Epoch: 259/300   Train loss: 0.00946   Test F-score avg/max: 0.50631/0.55158
Epoch: 260/300   Train loss: 0.00951   Test F-score avg/max: 0.50206/0.55158
Epoch: 261/300   Train loss: 0.00941   Test F-score avg/max: 0.48579/0.55158
Epoch: 262/300   Train loss: 0.00963   Test F-score avg/max: 0.49337/0.55158
Epoch: 263/300   Train loss: 0.00938   Test F-score avg/max: 0.4956/0.55158
Epoch: 264/300   Train loss: 0.00925   Test F-score avg/max: 0.52276/0.55158
Epoch: 265/300   Train loss: 0.00970   Test F-score avg/max: 0.47961/0.55158
Epoch: 266/300   Train loss: 0.00935   Test F-score avg/max: 0.4973/0.55158
Epoch: 267/300   Train loss: 0.00924   Test F-score avg/max: 0.48232/0.55158
Epoch: 268/300   Train loss: 0.00919   Test F-score avg/max: 0.50307/0.55158
Epoch: 269/300   Train loss: 0.00931   Test F-score avg/max: 0.49622/0.55158
Epoch: 270/300   Train loss: 0.00900   Test F-score avg/max: 0.50463/0.55158
mv: cannot stat 'i3d_features/models_temp/tvsum_splits_1/124_*.pth.tar': No such file or directory
rm: cannot remove 'i3d_features/models_temp/tvsum_splits_1/53_62.024.pth.tar': Permission denied
Epoch: 271/300   Train loss: 0.00884   Test F-score avg/max: 0.48349/0.55158
Epoch: 272/300   Train loss: 0.00886   Test F-score avg/max: 0.50254/0.55158
Epoch: 273/300   Train loss: 0.00888   Test F-score avg/max: 0.50622/0.55158
Epoch: 274/300   Train loss: 0.00871   Test F-score avg/max: 0.49269/0.55158
Epoch: 275/300   Train loss: 0.00880   Test F-score avg/max: 0.48294/0.55158
Epoch: 276/300   Train loss: 0.00881   Test F-score avg/max: 0.50356/0.55158
Epoch: 277/300   Train loss: 0.00880   Test F-score avg/max: 0.48672/0.55158
Epoch: 278/300   Train loss: 0.00926   Test F-score avg/max: 0.49133/0.55158
Epoch: 279/300   Train loss: 0.00904   Test F-score avg/max: 0.48641/0.55158
Epoch: 280/300   Train loss: 0.00929   Test F-score avg/max: 0.49628/0.55158
Epoch: 281/300   Train loss: 0.00976   Test F-score avg/max: 0.48011/0.55158
Epoch: 282/300   Train loss: 0.00938   Test F-score avg/max: 0.51253/0.55158
Epoch: 283/300   Train loss: 0.00905   Test F-score avg/max: 0.49972/0.55158
Epoch: 284/300   Train loss: 0.00874   Test F-score avg/max: 0.49551/0.55158
Epoch: 285/300   Train loss: 0.00857   Test F-score avg/max: 0.4874/0.55158
Epoch: 286/300   Train loss: 0.00851   Test F-score avg/max: 0.49672/0.55158
Epoch: 287/300   Train loss: 0.00835   Test F-score avg/max: 0.49913/0.55158
Epoch: 288/300   Train loss: 0.00847   Test F-score avg/max: 0.4816/0.55158
Epoch: 289/300   Train loss: 0.00882   Test F-score avg/max: 0.50387/0.55158
Epoch: 290/300   Train loss: 0.00870   Test F-score avg/max: 0.51451/0.55158
Epoch: 291/300   Train loss: 0.00875   Test F-score avg/max: 0.49931/0.55158
Epoch: 292/300   Train loss: 0.00847   Test F-score avg/max: 0.48613/0.55158
Epoch: 293/300   Train loss: 0.00843   Test F-score avg/max: 0.50783/0.55158
Epoch: 294/300   Train loss: 0.00890   Test F-score avg/max: 0.4808/0.55158
Epoch: 295/300   Train loss: 0.00912   Test F-score avg/max: 0.50689/0.55158
Epoch: 296/300   Train loss: 0.00887   Test F-score avg/max: 0.49456/0.55158
Epoch: 297/300   Train loss: 0.00814   Test F-score avg/max: 0.48862/0.55158
Epoch: 298/300   Train loss: 0.00828   Test F-score avg/max: 0.48292/0.55158
Epoch: 299/300   Train loss: 0.00814   Test F-score avg/max: 0.49863/0.55158
Split: splits/tvsum_splits.json   Best F-score: 0.55158   Model: i3d_features/models/tvsum_splits_1_0.5515798537870304.tar.pth
Setting CUDA device:  0
['../SUM-GAN-AAE/data/TVSum/tvsum_i3d_mixed5c_aligned.h5']
../SUM-GAN-AAE/data/TVSum/tvsum_i3d_mixed5c_aligned.h5
Loading: ../SUM-GAN-AAE/data/TVSum/tvsum_i3d_mixed5c_aligned.h5
Loading splits from:  splits/tvsum_splits.json
Selecting split:  2
tvsum
../SUM-GAN-AAE/data/SumMe/summe_i3d_mixed5c_aligned.h5
../SUM-GAN-AAE/data/TVSum/tvsum_i3d_mixed5c_aligned.h5
Initializing VASNet model and optimizer...
Starting training...
Epoch: 0/300    Train loss: 0.13866   Test F-score avg/max: 0.36408/0.36408
Epoch: 1/300    Train loss: 0.11329   Test F-score avg/max: 0.40769/0.40769
Epoch: 2/300    Train loss: 0.09690   Test F-score avg/max: 0.41765/0.41765
Epoch: 3/300    Train loss: 0.08352   Test F-score avg/max: 0.45728/0.45728
Epoch: 4/300    Train loss: 0.07258   Test F-score avg/max: 0.48891/0.48891
Epoch: 5/300    Train loss: 0.06609   Test F-score avg/max: 0.51913/0.51913
Epoch: 6/300    Train loss: 0.06107   Test F-score avg/max: 0.52179/0.52179
Epoch: 7/300    Train loss: 0.05697   Test F-score avg/max: 0.52552/0.52552
Epoch: 8/300    Train loss: 0.05240   Test F-score avg/max: 0.50148/0.52552
Epoch: 9/300    Train loss: 0.05075   Test F-score avg/max: 0.51106/0.52552
Epoch: 10/300   Train loss: 0.04800   Test F-score avg/max: 0.47677/0.52552
Epoch: 11/300   Train loss: 0.04611   Test F-score avg/max: 0.46858/0.52552
Epoch: 12/300   Train loss: 0.04476   Test F-score avg/max: 0.44915/0.52552
Epoch: 13/300   Train loss: 0.04396   Test F-score avg/max: 0.44698/0.52552
Epoch: 14/300   Train loss: 0.04232   Test F-score avg/max: 0.45051/0.52552
Epoch: 15/300   Train loss: 0.04154   Test F-score avg/max: 0.47233/0.52552
Epoch: 16/300   Train loss: 0.03926   Test F-score avg/max: 0.47747/0.52552
Epoch: 17/300   Train loss: 0.03941   Test F-score avg/max: 0.47807/0.52552
Epoch: 18/300   Train loss: 0.03877   Test F-score avg/max: 0.48241/0.52552
Epoch: 19/300   Train loss: 0.03737   Test F-score avg/max: 0.48476/0.52552
Epoch: 20/300   Train loss: 0.03728   Test F-score avg/max: 0.48828/0.52552
Epoch: 21/300   Train loss: 0.03653   Test F-score avg/max: 0.49011/0.52552
Epoch: 22/300   Train loss: 0.03559   Test F-score avg/max: 0.48376/0.52552
Epoch: 23/300   Train loss: 0.03519   Test F-score avg/max: 0.4773/0.52552
Epoch: 24/300   Train loss: 0.03394   Test F-score avg/max: 0.47368/0.52552
Epoch: 25/300   Train loss: 0.03406   Test F-score avg/max: 0.47546/0.52552
Epoch: 26/300   Train loss: 0.03334   Test F-score avg/max: 0.48035/0.52552
Epoch: 27/300   Train loss: 0.03271   Test F-score avg/max: 0.47677/0.52552
Epoch: 28/300   Train loss: 0.03246   Test F-score avg/max: 0.48946/0.52552
Epoch: 29/300   Train loss: 0.03234   Test F-score avg/max: 0.48785/0.52552
Epoch: 30/300   Train loss: 0.03198   Test F-score avg/max: 0.49274/0.52552
Epoch: 31/300   Train loss: 0.03098   Test F-score avg/max: 0.48413/0.52552
Epoch: 32/300   Train loss: 0.03092   Test F-score avg/max: 0.49171/0.52552
Epoch: 33/300   Train loss: 0.03098   Test F-score avg/max: 0.50702/0.52552
Epoch: 34/300   Train loss: 0.03043   Test F-score avg/max: 0.49884/0.52552
Epoch: 35/300   Train loss: 0.02949   Test F-score avg/max: 0.49547/0.52552
Epoch: 36/300   Train loss: 0.02946   Test F-score avg/max: 0.49943/0.52552
Epoch: 37/300   Train loss: 0.02897   Test F-score avg/max: 0.49887/0.52552
Epoch: 38/300   Train loss: 0.02896   Test F-score avg/max: 0.49032/0.52552
Epoch: 39/300   Train loss: 0.02873   Test F-score avg/max: 0.49889/0.52552
Epoch: 40/300   Train loss: 0.02866   Test F-score avg/max: 0.49722/0.52552
Epoch: 41/300   Train loss: 0.02855   Test F-score avg/max: 0.49656/0.52552
Epoch: 42/300   Train loss: 0.02829   Test F-score avg/max: 0.51075/0.52552
Epoch: 43/300   Train loss: 0.02778   Test F-score avg/max: 0.50035/0.52552
Epoch: 44/300   Train loss: 0.02732   Test F-score avg/max: 0.49797/0.52552
Epoch: 45/300   Train loss: 0.02661   Test F-score avg/max: 0.49356/0.52552
Epoch: 46/300   Train loss: 0.02652   Test F-score avg/max: 0.49155/0.52552
Epoch: 47/300   Train loss: 0.02599   Test F-score avg/max: 0.4955/0.52552
Epoch: 48/300   Train loss: 0.02599   Test F-score avg/max: 0.48917/0.52552
Epoch: 49/300   Train loss: 0.02547   Test F-score avg/max: 0.50065/0.52552
Epoch: 50/300   Train loss: 0.02553   Test F-score avg/max: 0.50873/0.52552
Epoch: 51/300   Train loss: 0.02484   Test F-score avg/max: 0.49467/0.52552
Epoch: 52/300   Train loss: 0.02497   Test F-score avg/max: 0.48862/0.52552
Epoch: 53/300   Train loss: 0.02448   Test F-score avg/max: 0.49287/0.52552
Epoch: 54/300   Train loss: 0.02426   Test F-score avg/max: 0.49532/0.52552
Epoch: 55/300   Train loss: 0.02444   Test F-score avg/max: 0.50462/0.52552
Epoch: 56/300   Train loss: 0.02477   Test F-score avg/max: 0.50505/0.52552
Epoch: 57/300   Train loss: 0.02484   Test F-score avg/max: 0.50306/0.52552
Epoch: 58/300   Train loss: 0.02460   Test F-score avg/max: 0.48818/0.52552
Epoch: 59/300   Train loss: 0.02388   Test F-score avg/max: 0.50104/0.52552
Epoch: 60/300   Train loss: 0.02419   Test F-score avg/max: 0.49393/0.52552
Epoch: 61/300   Train loss: 0.02394   Test F-score avg/max: 0.48988/0.52552
Epoch: 62/300   Train loss: 0.02371   Test F-score avg/max: 0.5051/0.52552
Epoch: 63/300   Train loss: 0.02283   Test F-score avg/max: 0.48663/0.52552
Epoch: 64/300   Train loss: 0.02267   Test F-score avg/max: 0.49081/0.52552
Epoch: 65/300   Train loss: 0.02259   Test F-score avg/max: 0.50654/0.52552
Epoch: 66/300   Train loss: 0.02292   Test F-score avg/max: 0.48663/0.52552
Epoch: 67/300   Train loss: 0.02232   Test F-score avg/max: 0.49418/0.52552
Epoch: 68/300   Train loss: 0.02244   Test F-score avg/max: 0.50892/0.52552
Epoch: 69/300   Train loss: 0.02153   Test F-score avg/max: 0.48228/0.52552
Epoch: 70/300   Train loss: 0.02143   Test F-score avg/max: 0.48424/0.52552
Epoch: 71/300   Train loss: 0.02114   Test F-score avg/max: 0.48501/0.52552
Epoch: 72/300   Train loss: 0.02145   Test F-score avg/max: 0.48663/0.52552
Epoch: 73/300   Train loss: 0.02120   Test F-score avg/max: 0.48771/0.52552
Epoch: 74/300   Train loss: 0.02078   Test F-score avg/max: 0.4697/0.52552
Epoch: 75/300   Train loss: 0.02140   Test F-score avg/max: 0.48989/0.52552
Epoch: 76/300   Train loss: 0.02202   Test F-score avg/max: 0.49274/0.52552
Epoch: 77/300   Train loss: 0.02094   Test F-score avg/max: 0.50589/0.52552
Epoch: 78/300   Train loss: 0.02042   Test F-score avg/max: 0.48738/0.52552
Epoch: 79/300   Train loss: 0.02087   Test F-score avg/max: 0.47188/0.52552
Epoch: 80/300   Train loss: 0.02023   Test F-score avg/max: 0.49047/0.52552
Epoch: 81/300   Train loss: 0.01975   Test F-score avg/max: 0.46278/0.52552
Epoch: 82/300   Train loss: 0.01935   Test F-score avg/max: 0.47447/0.52552
Epoch: 83/300   Train loss: 0.01914   Test F-score avg/max: 0.48468/0.52552
Epoch: 84/300   Train loss: 0.01856   Test F-score avg/max: 0.45932/0.52552
Epoch: 85/300   Train loss: 0.01906   Test F-score avg/max: 0.47066/0.52552
Epoch: 86/300   Train loss: 0.01870   Test F-score avg/max: 0.45578/0.52552
Epoch: 87/300   Train loss: 0.01882   Test F-score avg/max: 0.47503/0.52552
Epoch: 88/300   Train loss: 0.01839   Test F-score avg/max: 0.44769/0.52552
Epoch: 89/300   Train loss: 0.01807   Test F-score avg/max: 0.46297/0.52552
Epoch: 90/300   Train loss: 0.01869   Test F-score avg/max: 0.48599/0.52552
Epoch: 91/300   Train loss: 0.01815   Test F-score avg/max: 0.45856/0.52552
Epoch: 92/300   Train loss: 0.01823   Test F-score avg/max: 0.48038/0.52552
Epoch: 93/300   Train loss: 0.01799   Test F-score avg/max: 0.43188/0.52552
Epoch: 94/300   Train loss: 0.01790   Test F-score avg/max: 0.44658/0.52552
Epoch: 95/300   Train loss: 0.01784   Test F-score avg/max: 0.48797/0.52552
Epoch: 96/300   Train loss: 0.01809   Test F-score avg/max: 0.44674/0.52552
Epoch: 97/300   Train loss: 0.01774   Test F-score avg/max: 0.48487/0.52552
Epoch: 98/300   Train loss: 0.01774   Test F-score avg/max: 0.49656/0.52552
Epoch: 99/300   Train loss: 0.01769   Test F-score avg/max: 0.46673/0.52552
Epoch: 100/300   Train loss: 0.01705   Test F-score avg/max: 0.48352/0.52552
Epoch: 101/300   Train loss: 0.01726   Test F-score avg/max: 0.46218/0.52552
Epoch: 102/300   Train loss: 0.01757   Test F-score avg/max: 0.47786/0.52552
Epoch: 103/300   Train loss: 0.01709   Test F-score avg/max: 0.46778/0.52552
Epoch: 104/300   Train loss: 0.01907   Test F-score avg/max: 0.48669/0.52552
Epoch: 105/300   Train loss: 0.01906   Test F-score avg/max: 0.45826/0.52552
Epoch: 106/300   Train loss: 0.01713   Test F-score avg/max: 0.47773/0.52552
Epoch: 107/300   Train loss: 0.01627   Test F-score avg/max: 0.46934/0.52552
Epoch: 108/300   Train loss: 0.01606   Test F-score avg/max: 0.47725/0.52552
Epoch: 109/300   Train loss: 0.01575   Test F-score avg/max: 0.47725/0.52552
Epoch: 110/300   Train loss: 0.01558   Test F-score avg/max: 0.45837/0.52552
Epoch: 111/300   Train loss: 0.01553   Test F-score avg/max: 0.47847/0.52552
Epoch: 112/300   Train loss: 0.01548   Test F-score avg/max: 0.45671/0.52552
Epoch: 113/300   Train loss: 0.01545   Test F-score avg/max: 0.47567/0.52552
Epoch: 114/300   Train loss: 0.01523   Test F-score avg/max: 0.47797/0.52552
Epoch: 115/300   Train loss: 0.01563   Test F-score avg/max: 0.48478/0.52552
Epoch: 116/300   Train loss: 0.01588   Test F-score avg/max: 0.47351/0.52552
Epoch: 117/300   Train loss: 0.01580   Test F-score avg/max: 0.49459/0.52552
Epoch: 118/300   Train loss: 0.01584   Test F-score avg/max: 0.4858/0.52552
Epoch: 119/300   Train loss: 0.01537   Test F-score avg/max: 0.49008/0.52552
Epoch: 120/300   Train loss: 0.01496   Test F-score avg/max: 0.48253/0.52552
Epoch: 121/300   Train loss: 0.01462   Test F-score avg/max: 0.48011/0.52552
Epoch: 122/300   Train loss: 0.01434   Test F-score avg/max: 0.49384/0.52552
Epoch: 123/300   Train loss: 0.01462   Test F-score avg/max: 0.47892/0.52552
Epoch: 124/300   Train loss: 0.01447   Test F-score avg/max: 0.48088/0.52552
Epoch: 125/300   Train loss: 0.01472   Test F-score avg/max: 0.47031/0.52552
Epoch: 126/300   Train loss: 0.01533   Test F-score avg/max: 0.48324/0.52552
Epoch: 127/300   Train loss: 0.01648   Test F-score avg/max: 0.46923/0.52552
Epoch: 128/300   Train loss: 0.01570   Test F-score avg/max: 0.49752/0.52552
Epoch: 129/300   Train loss: 0.01663   Test F-score avg/max: 0.49474/0.52552
Epoch: 130/300   Train loss: 0.01543   Test F-score avg/max: 0.49118/0.52552
Epoch: 131/300   Train loss: 0.01471   Test F-score avg/max: 0.50132/0.52552
Epoch: 132/300   Train loss: 0.01465   Test F-score avg/max: 0.4819/0.52552
Epoch: 133/300   Train loss: 0.01409   Test F-score avg/max: 0.47581/0.52552
Epoch: 134/300   Train loss: 0.01392   Test F-score avg/max: 0.47994/0.52552
Epoch: 135/300   Train loss: 0.01376   Test F-score avg/max: 0.46729/0.52552
Epoch: 136/300   Train loss: 0.01389   Test F-score avg/max: 0.48863/0.52552
Epoch: 137/300   Train loss: 0.01363   Test F-score avg/max: 0.47316/0.52552
Epoch: 138/300   Train loss: 0.01351   Test F-score avg/max: 0.47994/0.52552
Epoch: 139/300   Train loss: 0.01301   Test F-score avg/max: 0.47731/0.52552
Epoch: 140/300   Train loss: 0.01317   Test F-score avg/max: 0.4802/0.52552
Epoch: 141/300   Train loss: 0.01307   Test F-score avg/max: 0.47355/0.52552
Epoch: 142/300   Train loss: 0.01306   Test F-score avg/max: 0.47105/0.52552
Epoch: 143/300   Train loss: 0.01284   Test F-score avg/max: 0.49045/0.52552
Epoch: 144/300   Train loss: 0.01288   Test F-score avg/max: 0.48054/0.52552
Epoch: 145/300   Train loss: 0.01283   Test F-score avg/max: 0.44958/0.52552
Epoch: 146/300   Train loss: 0.01291   Test F-score avg/max: 0.46649/0.52552
Epoch: 147/300   Train loss: 0.01310   Test F-score avg/max: 0.45126/0.52552
Epoch: 148/300   Train loss: 0.01319   Test F-score avg/max: 0.45906/0.52552
Epoch: 149/300   Train loss: 0.01280   Test F-score avg/max: 0.46485/0.52552
Epoch: 150/300   Train loss: 0.01250   Test F-score avg/max: 0.45939/0.52552
Epoch: 151/300   Train loss: 0.01271   Test F-score avg/max: 0.45191/0.52552
Epoch: 152/300   Train loss: 0.01269   Test F-score avg/max: 0.47348/0.52552
Epoch: 153/300   Train loss: 0.01273   Test F-score avg/max: 0.45661/0.52552
Epoch: 154/300   Train loss: 0.01293   Test F-score avg/max: 0.49377/0.52552
Epoch: 155/300   Train loss: 0.01329   Test F-score avg/max: 0.46127/0.52552
Epoch: 156/300   Train loss: 0.01304   Test F-score avg/max: 0.46395/0.52552
Epoch: 157/300   Train loss: 0.01257   Test F-score avg/max: 0.46247/0.52552
Epoch: 158/300   Train loss: 0.01245   Test F-score avg/max: 0.45453/0.52552
Epoch: 159/300   Train loss: 0.01277   Test F-score avg/max: 0.48612/0.52552
Epoch: 160/300   Train loss: 0.01305   Test F-score avg/max: 0.46724/0.52552
Epoch: 161/300   Train loss: 0.01243   Test F-score avg/max: 0.48144/0.52552
Epoch: 162/300   Train loss: 0.01224   Test F-score avg/max: 0.46458/0.52552
Epoch: 163/300   Train loss: 0.01256   Test F-score avg/max: 0.45867/0.52552
Epoch: 164/300   Train loss: 0.01219   Test F-score avg/max: 0.46494/0.52552
Epoch: 165/300   Train loss: 0.01197   Test F-score avg/max: 0.47113/0.52552
Epoch: 166/300   Train loss: 0.01254   Test F-score avg/max: 0.49417/0.52552
Epoch: 167/300   Train loss: 0.01244   Test F-score avg/max: 0.4467/0.52552
Epoch: 168/300   Train loss: 0.01259   Test F-score avg/max: 0.47357/0.52552
Epoch: 169/300   Train loss: 0.01209   Test F-score avg/max: 0.44397/0.52552
Epoch: 170/300   Train loss: 0.01143   Test F-score avg/max: 0.47008/0.52552
Epoch: 171/300   Train loss: 0.01134   Test F-score avg/max: 0.44915/0.52552
Epoch: 172/300   Train loss: 0.01133   Test F-score avg/max: 0.45631/0.52552
Epoch: 173/300   Train loss: 0.01139   Test F-score avg/max: 0.47035/0.52552
Epoch: 174/300   Train loss: 0.01159   Test F-score avg/max: 0.47296/0.52552
Epoch: 175/300   Train loss: 0.01178   Test F-score avg/max: 0.45505/0.52552
Epoch: 176/300   Train loss: 0.01262   Test F-score avg/max: 0.45299/0.52552
Epoch: 177/300   Train loss: 0.01243   Test F-score avg/max: 0.45631/0.52552
