Packages & system versions:
----------------------------------------------------------------------
display :  	NVRM version: NVIDIA UNIX x86_64 Kernel Module  450.36.06  Mon Jun  1 23:19:54 UTC 2020
	GCC version:  gcc version 4.8.5 20150623 (Red Hat 4.8.5-39) (GCC)
cuda :  NA
cudnn :  7605
platform :  Linux-3.10.0-1127.8.2.el7.x86_64-x86_64-with-glibc2.10
python :  (3, 8, 2)
torch :  1.5.0
numpy :  1.18.1
h5py :  2.10.0
json :  2.0.9
ortools :  7.6.7691
torchvision :  0.6.0a0+82fd1c8

root
datasets
splits
train
verbose
output_dir
l2_req
lr_epochs
lr
Parameters:
----------------------------------------------------------------------
[0] cuda_device: 0
[1] datasets: ['../SUM-GAN-AAE/data/SumMe/summe_i3d_mixed5c_aligned.h5', '../SUM-GAN-AAE/data/TVSum/tvsum_i3d_mixed5c_aligned.h5']
[2] epochs_max: 300
[3] l2_req: 0.0001
[4] lr: [0.005]
[5] lr_epochs: [0]
[6] max_summary_length: 0.15
[7] output_dir: i3d_features
[8] root: 
[9] splits: ['splits/tvsum_splits.json', 'splits/summe_splits.json', 'splits/tvsum_aug_splits.json', 'splits/summe_aug_splits.json']
[10] train: True
[11] train_batch_size: 1
[12] use_cuda: True
[13] verbose: False

tvsum  [{'test_keys': ['video_10', 'video_20', 'video_23', 'video_29', 'video_3', 'video_32', 'video_33', 'video_35', 'video_37', 'video_41'], 'train_keys': ['video_1', 'video_11', 'video_12', 'video_13', 'video_14', 'video_15', 'video_16', 'video_17', 'video_18', 'video_19', 'video_2', 'video_21', 'video_22', 'video_24', 'video_25', 'video_26', 'video_27', 'video_28', 'video_30', 'video_31', 'video_34', 'video_36', 'video_38', 'video_39', 'video_4', 'video_40', 'video_42', 'video_43', 'video_44', 'video_45', 'video_46', 'video_47', 'video_48', 'video_49', 'video_5', 'video_50', 'video_6', 'video_7', 'video_8', 'video_9']}, {'test_keys': ['video_14', 'video_29', 'video_35', 'video_36', 'video_38', 'video_41', 'video_45', 'video_46', 'video_5', 'video_6'], 'train_keys': ['video_1', 'video_10', 'video_11', 'video_12', 'video_13', 'video_15', 'video_16', 'video_17', 'video_18', 'video_19', 'video_2', 'video_20', 'video_21', 'video_22', 'video_23', 'video_24', 'video_25', 'video_26', 'video_27', 'video_28', 'video_3', 'video_30', 'video_31', 'video_32', 'video_33', 'video_34', 'video_37', 'video_39', 'video_4', 'video_40', 'video_42', 'video_43', 'video_44', 'video_47', 'video_48', 'video_49', 'video_50', 'video_7', 'video_8', 'video_9']}, {'test_keys': ['video_11', 'video_12', 'video_13', 'video_14', 'video_19', 'video_20', 'video_25', 'video_27', 'video_35', 'video_48'], 'train_keys': ['video_1', 'video_10', 'video_15', 'video_16', 'video_17', 'video_18', 'video_2', 'video_21', 'video_22', 'video_23', 'video_24', 'video_26', 'video_28', 'video_29', 'video_3', 'video_30', 'video_31', 'video_32', 'video_33', 'video_34', 'video_36', 'video_37', 'video_38', 'video_39', 'video_4', 'video_40', 'video_41', 'video_42', 'video_43', 'video_44', 'video_45', 'video_46', 'video_47', 'video_49', 'video_5', 'video_50', 'video_6', 'video_7', 'video_8', 'video_9']}, {'test_keys': ['video_25', 'video_31', 'video_33', 'video_35', 'video_39', 'video_4', 'video_45', 'video_49', 'video_5', 'video_7'], 'train_keys': ['video_1', 'video_10', 'video_11', 'video_12', 'video_13', 'video_14', 'video_15', 'video_16', 'video_17', 'video_18', 'video_19', 'video_2', 'video_20', 'video_21', 'video_22', 'video_23', 'video_24', 'video_26', 'video_27', 'video_28', 'video_29', 'video_3', 'video_30', 'video_32', 'video_34', 'video_36', 'video_37', 'video_38', 'video_40', 'video_41', 'video_42', 'video_43', 'video_44', 'video_46', 'video_47', 'video_48', 'video_50', 'video_6', 'video_8', 'video_9']}, {'test_keys': ['video_10', 'video_14', 'video_17', 'video_2', 'video_29', 'video_31', 'video_38', 'video_48', 'video_49', 'video_5'], 'train_keys': ['video_1', 'video_11', 'video_12', 'video_13', 'video_15', 'video_16', 'video_18', 'video_19', 'video_20', 'video_21', 'video_22', 'video_23', 'video_24', 'video_25', 'video_26', 'video_27', 'video_28', 'video_3', 'video_30', 'video_32', 'video_33', 'video_34', 'video_35', 'video_36', 'video_37', 'video_39', 'video_4', 'video_40', 'video_41', 'video_42', 'video_43', 'video_44', 'video_45', 'video_46', 'video_47', 'video_50', 'video_6', 'video_7', 'video_8', 'video_9']}]
tvsum
../SUM-GAN-AAE/data/SumMe/summe_i3d_mixed5c_aligned.h5
../SUM-GAN-AAE/data/TVSum/tvsum_i3d_mixed5c_aligned.h5
Setting CUDA device:  0
['../SUM-GAN-AAE/data/TVSum/tvsum_i3d_mixed5c_aligned.h5']
../SUM-GAN-AAE/data/TVSum/tvsum_i3d_mixed5c_aligned.h5
Loading: ../SUM-GAN-AAE/data/TVSum/tvsum_i3d_mixed5c_aligned.h5
Loading splits from:  splits/tvsum_splits.json
Selecting split:  0
tvsum
../SUM-GAN-AAE/data/SumMe/summe_i3d_mixed5c_aligned.h5
../SUM-GAN-AAE/data/TVSum/tvsum_i3d_mixed5c_aligned.h5
Initializing VASNet model and optimizer...
Starting training...
Epoch: 0/300    Train loss: 0.43007   Test F-score avg/max: 0.54869/0.54869
Epoch: 1/300    Train loss: 0.47633   Test F-score avg/max: 0.54869/0.54869
Epoch: 2/300    Train loss: 0.47633   Test F-score avg/max: 0.54869/0.54869
Epoch: 3/300    Train loss: 0.47633   Test F-score avg/max: 0.54869/0.54869
Epoch: 4/300    Train loss: 0.22133   Test F-score avg/max: 0.035038/0.54869
Epoch: 5/300    Train loss: 0.18277   Test F-score avg/max: 0.035038/0.54869
Epoch: 6/300    Train loss: 0.18277   Test F-score avg/max: 0.035038/0.54869
Epoch: 7/300    Train loss: 0.18275   Test F-score avg/max: 0.035038/0.54869
Epoch: 8/300    Train loss: 0.10502   Test F-score avg/max: 0.54386/0.54869
Epoch: 9/300    Train loss: 0.06169   Test F-score avg/max: 0.54869/0.54869
Epoch: 10/300   Train loss: 0.05899   Test F-score avg/max: 0.54869/0.54869
Epoch: 11/300   Train loss: 0.05905   Test F-score avg/max: 0.54814/0.54869
Epoch: 12/300   Train loss: 0.05857   Test F-score avg/max: 0.56298/0.56298
Epoch: 13/300   Train loss: 0.05962   Test F-score avg/max: 0.55695/0.56298
Epoch: 14/300   Train loss: 0.05877   Test F-score avg/max: 0.57952/0.57952
Epoch: 15/300   Train loss: 0.05846   Test F-score avg/max: 0.56746/0.57952
Epoch: 16/300   Train loss: 0.05902   Test F-score avg/max: 0.54869/0.57952
Epoch: 17/300   Train loss: 0.05860   Test F-score avg/max: 0.54869/0.57952
Epoch: 18/300   Train loss: 0.05885   Test F-score avg/max: 0.54869/0.57952
Epoch: 19/300   Train loss: 0.05845   Test F-score avg/max: 0.57255/0.57952
Epoch: 20/300   Train loss: 0.05856   Test F-score avg/max: 0.55919/0.57952
Epoch: 21/300   Train loss: 0.05809   Test F-score avg/max: 0.56991/0.57952
Epoch: 22/300   Train loss: 0.05893   Test F-score avg/max: 0.56502/0.57952
Epoch: 23/300   Train loss: 0.05819   Test F-score avg/max: 0.54911/0.57952
Epoch: 24/300   Train loss: 0.05934   Test F-score avg/max: 0.56218/0.57952
Epoch: 25/300   Train loss: 0.05888   Test F-score avg/max: 0.56091/0.57952
Epoch: 26/300   Train loss: 0.05846   Test F-score avg/max: 0.56299/0.57952
Epoch: 27/300   Train loss: 0.05867   Test F-score avg/max: 0.58663/0.58663
Epoch: 28/300   Train loss: 0.05868   Test F-score avg/max: 0.54869/0.58663
Epoch: 29/300   Train loss: 0.05897   Test F-score avg/max: 0.54869/0.58663
Epoch: 30/300   Train loss: 0.05840   Test F-score avg/max: 0.54869/0.58663
Epoch: 31/300   Train loss: 0.05832   Test F-score avg/max: 0.58042/0.58663
Epoch: 32/300   Train loss: 0.05800   Test F-score avg/max: 0.55988/0.58663
Epoch: 33/300   Train loss: 0.05861   Test F-score avg/max: 0.56655/0.58663
Epoch: 34/300   Train loss: 0.05885   Test F-score avg/max: 0.57568/0.58663
Epoch: 35/300   Train loss: 0.05787   Test F-score avg/max: 0.57541/0.58663
Epoch: 36/300   Train loss: 0.05862   Test F-score avg/max: 0.5596/0.58663
Epoch: 37/300   Train loss: 0.05854   Test F-score avg/max: 0.56014/0.58663
Epoch: 38/300   Train loss: 0.05860   Test F-score avg/max: 0.54869/0.58663
Epoch: 39/300   Train loss: 0.05828   Test F-score avg/max: 0.54869/0.58663
Epoch: 40/300   Train loss: 0.05850   Test F-score avg/max: 0.58918/0.58918
Epoch: 41/300   Train loss: 0.05824   Test F-score avg/max: 0.56583/0.58918
Epoch: 42/300   Train loss: 0.05944   Test F-score avg/max: 0.54869/0.58918
Epoch: 43/300   Train loss: 0.05899   Test F-score avg/max: 0.57/0.58918
WARNING:root:NaN or Inf found in input tensor.
WARNING:root:NaN or Inf found in input tensor.
WARNING:root:NaN or Inf found in input tensor.
WARNING:root:NaN or Inf found in input tensor.
WARNING:root:NaN or Inf found in input tensor.
WARNING:root:NaN or Inf found in input tensor.
WARNING:root:NaN or Inf found in input tensor.
WARNING:root:NaN or Inf found in input tensor.
WARNING:root:NaN or Inf found in input tensor.
WARNING:root:NaN or Inf found in input tensor.
WARNING:root:NaN or Inf found in input tensor.
WARNING:root:NaN or Inf found in input tensor.
WARNING:root:NaN or Inf found in input tensor.
WARNING:root:NaN or Inf found in input tensor.
WARNING:root:NaN or Inf found in input tensor.
WARNING:root:NaN or Inf found in input tensor.
WARNING:root:NaN or Inf found in input tensor.
WARNING:root:NaN or Inf found in input tensor.
WARNING:root:NaN or Inf found in input tensor.
WARNING:root:NaN or Inf found in input tensor.
WARNING:root:NaN or Inf found in input tensor.
WARNING:root:NaN or Inf found in input tensor.
WARNING:root:NaN or Inf found in input tensor.
WARNING:root:NaN or Inf found in input tensor.
WARNING:root:NaN or Inf found in input tensor.
WARNING:root:NaN or Inf found in input tensor.
WARNING:root:NaN or Inf found in input tensor.
WARNING:root:NaN or Inf found in input tensor.
WARNING:root:NaN or Inf found in input tensor.
WARNING:root:NaN or Inf found in input tensor.
WARNING:root:NaN or Inf found in input tensor.
WARNING:root:NaN or Inf found in input tensor.
WARNING:root:NaN or Inf found in input tensor.
WARNING:root:NaN or Inf found in input tensor.
WARNING:root:NaN or Inf found in input tensor.
WARNING:root:NaN or Inf found in input tensor.
WARNING:root:NaN or Inf found in input tensor.
WARNING:root:NaN or Inf found in input tensor.
WARNING:root:NaN or Inf found in input tensor.
WARNING:root:NaN or Inf found in input tensor.
WARNING:root:NaN or Inf found in input tensor.
WARNING:root:NaN or Inf found in input tensor.
WARNING:root:NaN or Inf found in input tensor.
WARNING:root:NaN or Inf found in input tensor.
WARNING:root:NaN or Inf found in input tensor.
WARNING:root:NaN or Inf found in input tensor.
WARNING:root:NaN or Inf found in input tensor.
WARNING:root:NaN or Inf found in input tensor.
WARNING:root:NaN or Inf found in input tensor.
WARNING:root:NaN or Inf found in input tensor.
WARNING:root:NaN or Inf found in input tensor.
WARNING:root:NaN or Inf found in input tensor.
WARNING:root:NaN or Inf found in input tensor.
WARNING:root:NaN or Inf found in input tensor.
WARNING:root:NaN or Inf found in input tensor.
WARNING:root:NaN or Inf found in input tensor.
WARNING:root:NaN or Inf found in input tensor.
WARNING:root:NaN or Inf found in input tensor.
WARNING:root:NaN or Inf found in input tensor.
WARNING:root:NaN or Inf found in input tensor.
WARNING:root:NaN or Inf found in input tensor.
WARNING:root:NaN or Inf found in input tensor.
WARNING:root:NaN or Inf found in input tensor.
WARNING:root:NaN or Inf found in input tensor.
WARNING:root:NaN or Inf found in input tensor.
WARNING:root:NaN or Inf found in input tensor.
WARNING:root:NaN or Inf found in input tensor.
WARNING:root:NaN or Inf found in input tensor.
WARNING:root:NaN or Inf found in input tensor.
WARNING:root:NaN or Inf found in input tensor.
WARNING:root:NaN or Inf found in input tensor.
WARNING:root:NaN or Inf found in input tensor.
WARNING:root:NaN or Inf found in input tensor.
WARNING:root:NaN or Inf found in input tensor.
WARNING:root:NaN or Inf found in input tensor.
WARNING:root:NaN or Inf found in input tensor.
Epoch: 44/300   Train loss: 0.05861   Test F-score avg/max: 0.58806/0.58918
Epoch: 45/300   Train loss: 0.05870   Test F-score avg/max: 0.56577/0.58918
Epoch: 46/300   Train loss: 0.05857   Test F-score avg/max: 0.59197/0.59197
Epoch: 47/300   Train loss: 0.05822   Test F-score avg/max: 0.55854/0.59197
Epoch: 48/300   Train loss: 0.05834   Test F-score avg/max: 0.58107/0.59197
Epoch: 49/300   Train loss: 0.05833   Test F-score avg/max: 0.59612/0.59612
Epoch: 50/300   Train loss: 0.05864   Test F-score avg/max: 0.54869/0.59612
Epoch: 51/300   Train loss: 0.05851   Test F-score avg/max: 0.57078/0.59612
Epoch: 52/300   Train loss: 0.05840   Test F-score avg/max: 0.56556/0.59612
Epoch: 53/300   Train loss: 0.05852   Test F-score avg/max: 0.55778/0.59612
Epoch: 54/300   Train loss: 0.05889   Test F-score avg/max: 0.54912/0.59612
Epoch: 55/300   Train loss: 0.05837   Test F-score avg/max: 0.5645/0.59612
Epoch: 56/300   Train loss: 0.05831   Test F-score avg/max: 0.5697/0.59612
Epoch: 57/300   Train loss: 0.05853   Test F-score avg/max: 0.55668/0.59612
Epoch: 58/300   Train loss: 0.05881   Test F-score avg/max: 0.54869/0.59612
Epoch: 59/300   Train loss: 0.05826   Test F-score avg/max: 0.54981/0.59612
Epoch: 60/300   Train loss: 0.05887   Test F-score avg/max: 0.56743/0.59612
Epoch: 61/300   Train loss: 0.05851   Test F-score avg/max: 0.57211/0.59612
Epoch: 62/300   Train loss: 0.05857   Test F-score avg/max: 0.57518/0.59612
Epoch: 63/300   Train loss: 0.05844   Test F-score avg/max: 0.58331/0.59612
Epoch: 64/300   Train loss: 0.05891   Test F-score avg/max: 0.54869/0.59612
Epoch: 65/300   Train loss: 0.05837   Test F-score avg/max: 0.58505/0.59612
Epoch: 66/300   Train loss: 0.05832   Test F-score avg/max: 0.57001/0.59612
Epoch: 67/300   Train loss: 0.05834   Test F-score avg/max: 0.56692/0.59612
Epoch: 68/300   Train loss: 0.05829   Test F-score avg/max: 0.58511/0.59612
Epoch: 69/300   Train loss: 0.05859   Test F-score avg/max: 0.57165/0.59612
Epoch: 70/300   Train loss: 0.05825   Test F-score avg/max: 0.57877/0.59612
Epoch: 71/300   Train loss: 0.05686   Test F-score avg/max: 0.59604/0.59612
Epoch: 72/300   Train loss: 0.05458   Test F-score avg/max: 0.593/0.59612
Epoch: 73/300   Train loss: 0.05204   Test F-score avg/max: 0.60393/0.60393
Epoch: 74/300   Train loss: 0.05143   Test F-score avg/max: 0.59161/0.60393
Epoch: 75/300   Train loss: 0.05231   Test F-score avg/max: 0.5956/0.60393
Epoch: 76/300   Train loss: 0.05055   Test F-score avg/max: 0.57915/0.60393
Epoch: 77/300   Train loss: 0.05035   Test F-score avg/max: 0.59329/0.60393
Epoch: 78/300   Train loss: nan   Test F-score avg/max: 0.035038/0.60393
Epoch: 79/300   Train loss: nan   Test F-score avg/max: 0.035038/0.60393
Epoch: 80/300   Train loss: nan   Test F-score avg/max: 0.035038/0.60393
Epoch: 81/300   Train loss: nan   Test F-score avg/max: 0.035038/0.60393
Epoch: 82/300   Train loss: nan   Test F-score avg/max: 0.035038/0.60393
Epoch: 83/300   Train loss: nan   Test F-score avg/max: 0.035038/0.60393
Epoch: 84/300   Train loss: nan   Test F-score avg/max: 0.035038/0.60393
Epoch: 85/300   Train loss: nan   Test F-score avg/max: 0.035038/0.60393
Epoch: 86/300   Train loss: nan   Test F-score avg/max: 0.035038/0.60393
Epoch: 87/300   Train loss: nan   Test F-score avg/max: 0.035038/0.60393
Epoch: 88/300   Train loss: nan   Test F-score avg/max: 0.035038/0.60393
Epoch: 89/300   Train loss: nan   Test F-score avg/max: 0.035038/0.60393
Epoch: 90/300   Train loss: nan   Test F-score avg/max: 0.035038/0.60393
Epoch: 91/300   Train loss: nan   Test F-score avg/max: 0.035038/0.60393
Epoch: 92/300   Train loss: nan   Test F-score avg/max: 0.035038/0.60393
Epoch: 93/300   Train loss: nan   Test F-score avg/max: 0.035038/0.60393
Epoch: 94/300   Train loss: nan   Test F-score avg/max: 0.035038/0.60393
Epoch: 95/300   Train loss: nan   Test F-score avg/max: 0.035038/0.60393
Epoch: 96/300   Train loss: nan   Test F-score avg/max: 0.035038/0.60393
Epoch: 97/300   Train loss: nan   Test F-score avg/max: 0.035038/0.60393
Epoch: 98/300   Train loss: nan   Test F-score avg/max: 0.035038/0.60393
Epoch: 99/300   Train loss: nan   Test F-score avg/max: 0.035038/0.60393
Epoch: 100/300   Train loss: nan   Test F-score avg/max: 0.035038/0.60393
Epoch: 101/300   Train loss: nan   Test F-score avg/max: 0.035038/0.60393
Epoch: 102/300   Train loss: nan   Test F-score avg/max: 0.035038/0.60393
Epoch: 103/300   Train loss: nan   Test F-score avg/max: 0.035038/0.60393
Epoch: 104/300   Train loss: nan   Test F-score avg/max: 0.035038/0.60393
Epoch: 105/300   Train loss: nan   Test F-score avg/max: 0.035038/0.60393
Epoch: 106/300   Train loss: nan   Test F-score avg/max: 0.035038/0.60393
Epoch: 107/300   Train loss: nan   Test F-score avg/max: 0.035038/0.60393
Epoch: 108/300   Train loss: nan   Test F-score avg/max: 0.035038/0.60393
Epoch: 109/300   Train loss: nan   Test F-score avg/max: 0.035038/0.60393
Epoch: 110/300   Train loss: nan   Test F-score avg/max: 0.035038/0.60393
Epoch: 111/300   Train loss: nan   Test F-score avg/max: 0.035038/0.60393
Epoch: 112/300   Train loss: nan   Test F-score avg/max: 0.035038/0.60393
Epoch: 113/300   Train loss: nan   Test F-score avg/max: 0.035038/0.60393
Epoch: 114/300   Train loss: nan   Test F-score avg/max: 0.035038/0.60393
Epoch: 115/300   Train loss: nan   Test F-score avg/max: 0.035038/0.60393
Epoch: 116/300   Train loss: nan   Test F-score avg/max: 0.035038/0.60393
Epoch: 117/300   Train loss: nan   Test F-score avg/max: 0.035038/0.60393
Epoch: 118/300   Train loss: nan   Test F-score avg/max: 0.035038/0.60393
Epoch: 119/300   Train loss: nan   Test F-score avg/max: 0.035038/0.60393
Epoch: 120/300   Train loss: nan   Test F-score avg/max: 0.035038/0.60393
Epoch: 121/300   Train loss: nan   Test F-score avg/max: 0.035038/0.60393
Epoch: 122/300   Train loss: nan   Test F-score avg/max: 0.035038/0.60393
Epoch: 123/300   Train loss: nan   Test F-score avg/max: 0.035038/0.60393
Epoch: 124/300   Train loss: nan   Test F-score avg/max: 0.035038/0.60393
Epoch: 125/300   Train loss: nan   Test F-score avg/max: 0.035038/0.60393
Epoch: 126/300   Train loss: nan   Test F-score avg/max: 0.035038/0.60393
Epoch: 127/300   Train loss: nan   Test F-score avg/max: 0.035038/0.60393
Epoch: 128/300   Train loss: nan   Test F-score avg/max: 0.035038/0.60393
Epoch: 129/300   Train loss: nan   Test F-score avg/max: 0.035038/0.60393
Epoch: 130/300   Train loss: nan   Test F-score avg/max: 0.035038/0.60393
Epoch: 131/300   Train loss: nan   Test F-score avg/max: 0.035038/0.60393
Epoch: 132/300   Train loss: nan   Test F-score avg/max: 0.035038/0.60393
Epoch: 133/300   Train loss: nan   Test F-score avg/max: 0.035038/0.60393
Epoch: 134/300   Train loss: nan   Test F-score avg/max: 0.035038/0.60393
Epoch: 135/300   Train loss: nan   Test F-score avg/max: 0.035038/0.60393
Epoch: 136/300   Train loss: nan   Test F-score avg/max: 0.035038/0.60393
Epoch: 137/300   Train loss: nan   Test F-score avg/max: 0.035038/0.60393
Epoch: 138/300   Train loss: nan   Test F-score avg/max: 0.035038/0.60393
Epoch: 139/300   Train loss: nan   Test F-score avg/max: 0.035038/0.60393
Epoch: 140/300   Train loss: nan   Test F-score avg/max: 0.035038/0.60393
Epoch: 141/300   Train loss: nan   Test F-score avg/max: 0.035038/0.60393
Epoch: 142/300   Train loss: nan   Test F-score avg/max: 0.035038/0.60393
Epoch: 143/300   Train loss: nan   Test F-score avg/max: 0.035038/0.60393
Epoch: 144/300   Train loss: nan   Test F-score avg/max: 0.035038/0.60393
Epoch: 145/300   Train loss: nan   Test F-score avg/max: 0.035038/0.60393
Epoch: 146/300   Train loss: nan   Test F-score avg/max: 0.035038/0.60393
Epoch: 147/300   Train loss: nan   Test F-score avg/max: 0.035038/0.60393
Epoch: 148/300   Train loss: nan   Test F-score avg/max: 0.035038/0.60393
Epoch: 149/300   Train loss: nan   Test F-score avg/max: 0.035038/0.60393
Epoch: 150/300   Train loss: nan   Test F-score avg/max: 0.035038/0.60393
Epoch: 151/300   Train loss: nan   Test F-score avg/max: 0.035038/0.60393
Epoch: 152/300   Train loss: nan   Test F-score avg/max: 0.035038/0.60393
Epoch: 153/300   Train loss: nan   Test F-score avg/max: 0.035038/0.60393
WARNING:root:NaN or Inf found in input tensor.
WARNING:root:NaN or Inf found in input tensor.
WARNING:root:NaN or Inf found in input tensor.
WARNING:root:NaN or Inf found in input tensor.
WARNING:root:NaN or Inf found in input tensor.
WARNING:root:NaN or Inf found in input tensor.
WARNING:root:NaN or Inf found in input tensor.
WARNING:root:NaN or Inf found in input tensor.
WARNING:root:NaN or Inf found in input tensor.
WARNING:root:NaN or Inf found in input tensor.
WARNING:root:NaN or Inf found in input tensor.
WARNING:root:NaN or Inf found in input tensor.
WARNING:root:NaN or Inf found in input tensor.
WARNING:root:NaN or Inf found in input tensor.
WARNING:root:NaN or Inf found in input tensor.
WARNING:root:NaN or Inf found in input tensor.
WARNING:root:NaN or Inf found in input tensor.
WARNING:root:NaN or Inf found in input tensor.
WARNING:root:NaN or Inf found in input tensor.
WARNING:root:NaN or Inf found in input tensor.
WARNING:root:NaN or Inf found in input tensor.
WARNING:root:NaN or Inf found in input tensor.
WARNING:root:NaN or Inf found in input tensor.
WARNING:root:NaN or Inf found in input tensor.
WARNING:root:NaN or Inf found in input tensor.
WARNING:root:NaN or Inf found in input tensor.
WARNING:root:NaN or Inf found in input tensor.
WARNING:root:NaN or Inf found in input tensor.
WARNING:root:NaN or Inf found in input tensor.
WARNING:root:NaN or Inf found in input tensor.
WARNING:root:NaN or Inf found in input tensor.
WARNING:root:NaN or Inf found in input tensor.
WARNING:root:NaN or Inf found in input tensor.
WARNING:root:NaN or Inf found in input tensor.
WARNING:root:NaN or Inf found in input tensor.
WARNING:root:NaN or Inf found in input tensor.
WARNING:root:NaN or Inf found in input tensor.
WARNING:root:NaN or Inf found in input tensor.
WARNING:root:NaN or Inf found in input tensor.
WARNING:root:NaN or Inf found in input tensor.
WARNING:root:NaN or Inf found in input tensor.
WARNING:root:NaN or Inf found in input tensor.
WARNING:root:NaN or Inf found in input tensor.
WARNING:root:NaN or Inf found in input tensor.
WARNING:root:NaN or Inf found in input tensor.
WARNING:root:NaN or Inf found in input tensor.
WARNING:root:NaN or Inf found in input tensor.
WARNING:root:NaN or Inf found in input tensor.
WARNING:root:NaN or Inf found in input tensor.
WARNING:root:NaN or Inf found in input tensor.
WARNING:root:NaN or Inf found in input tensor.
WARNING:root:NaN or Inf found in input tensor.
WARNING:root:NaN or Inf found in input tensor.
WARNING:root:NaN or Inf found in input tensor.
WARNING:root:NaN or Inf found in input tensor.
WARNING:root:NaN or Inf found in input tensor.
WARNING:root:NaN or Inf found in input tensor.
WARNING:root:NaN or Inf found in input tensor.
WARNING:root:NaN or Inf found in input tensor.
WARNING:root:NaN or Inf found in input tensor.
WARNING:root:NaN or Inf found in input tensor.
WARNING:root:NaN or Inf found in input tensor.
WARNING:root:NaN or Inf found in input tensor.
WARNING:root:NaN or Inf found in input tensor.
WARNING:root:NaN or Inf found in input tensor.
WARNING:root:NaN or Inf found in input tensor.
WARNING:root:NaN or Inf found in input tensor.
WARNING:root:NaN or Inf found in input tensor.
WARNING:root:NaN or Inf found in input tensor.
WARNING:root:NaN or Inf found in input tensor.
WARNING:root:NaN or Inf found in input tensor.
WARNING:root:NaN or Inf found in input tensor.
WARNING:root:NaN or Inf found in input tensor.
WARNING:root:NaN or Inf found in input tensor.
WARNING:root:NaN or Inf found in input tensor.
WARNING:root:NaN or Inf found in input tensor.
WARNING:root:NaN or Inf found in input tensor.
WARNING:root:NaN or Inf found in input tensor.
WARNING:root:NaN or Inf found in input tensor.
WARNING:root:NaN or Inf found in input tensor.
WARNING:root:NaN or Inf found in input tensor.
WARNING:root:NaN or Inf found in input tensor.
WARNING:root:NaN or Inf found in input tensor.
WARNING:root:NaN or Inf found in input tensor.
WARNING:root:NaN or Inf found in input tensor.
WARNING:root:NaN or Inf found in input tensor.
WARNING:root:NaN or Inf found in input tensor.
WARNING:root:NaN or Inf found in input tensor.
WARNING:root:NaN or Inf found in input tensor.
WARNING:root:NaN or Inf found in input tensor.
WARNING:root:NaN or Inf found in input tensor.
WARNING:root:NaN or Inf found in input tensor.
WARNING:root:NaN or Inf found in input tensor.
WARNING:root:NaN or Inf found in input tensor.
WARNING:root:NaN or Inf found in input tensor.
WARNING:root:NaN or Inf found in input tensor.
WARNING:root:NaN or Inf found in input tensor.
WARNING:root:NaN or Inf found in input tensor.
WARNING:root:NaN or Inf found in input tensor.
WARNING:root:NaN or Inf found in input tensor.
WARNING:root:NaN or Inf found in input tensor.
WARNING:root:NaN or Inf found in input tensor.
WARNING:root:NaN or Inf found in input tensor.
WARNING:root:NaN or Inf found in input tensor.
WARNING:root:NaN or Inf found in input tensor.
WARNING:root:NaN or Inf found in input tensor.
WARNING:root:NaN or Inf found in input tensor.
WARNING:root:NaN or Inf found in input tensor.
WARNING:root:NaN or Inf found in input tensor.
WARNING:root:NaN or Inf found in input tensor.
WARNING:root:NaN or Inf found in input tensor.
Epoch: 154/300   Train loss: nan   Test F-score avg/max: 0.035038/0.60393
Epoch: 155/300   Train loss: nan   Test F-score avg/max: 0.035038/0.60393
Epoch: 156/300   Train loss: nan   Test F-score avg/max: 0.035038/0.60393
Epoch: 157/300   Train loss: nan   Test F-score avg/max: 0.035038/0.60393
Epoch: 158/300   Train loss: nan   Test F-score avg/max: 0.035038/0.60393
Epoch: 159/300   Train loss: nan   Test F-score avg/max: 0.035038/0.60393
Epoch: 160/300   Train loss: nan   Test F-score avg/max: 0.035038/0.60393
Epoch: 161/300   Train loss: nan   Test F-score avg/max: 0.035038/0.60393
Epoch: 162/300   Train loss: nan   Test F-score avg/max: 0.035038/0.60393
Epoch: 163/300   Train loss: nan   Test F-score avg/max: 0.035038/0.60393
Epoch: 164/300   Train loss: nan   Test F-score avg/max: 0.035038/0.60393
Epoch: 165/300   Train loss: nan   Test F-score avg/max: 0.035038/0.60393
Epoch: 166/300   Train loss: nan   Test F-score avg/max: 0.035038/0.60393
Epoch: 167/300   Train loss: nan   Test F-score avg/max: 0.035038/0.60393
Epoch: 168/300   Train loss: nan   Test F-score avg/max: 0.035038/0.60393
Epoch: 169/300   Train loss: nan   Test F-score avg/max: 0.035038/0.60393
Epoch: 170/300   Train loss: nan   Test F-score avg/max: 0.035038/0.60393
Epoch: 171/300   Train loss: nan   Test F-score avg/max: 0.035038/0.60393
Epoch: 172/300   Train loss: nan   Test F-score avg/max: 0.035038/0.60393
Epoch: 173/300   Train loss: nan   Test F-score avg/max: 0.035038/0.60393
Epoch: 174/300   Train loss: nan   Test F-score avg/max: 0.035038/0.60393
Epoch: 175/300   Train loss: nan   Test F-score avg/max: 0.035038/0.60393
Epoch: 176/300   Train loss: nan   Test F-score avg/max: 0.035038/0.60393
Epoch: 177/300   Train loss: nan   Test F-score avg/max: 0.035038/0.60393
Epoch: 178/300   Train loss: nan   Test F-score avg/max: 0.035038/0.60393
Epoch: 179/300   Train loss: nan   Test F-score avg/max: 0.035038/0.60393
Epoch: 180/300   Train loss: nan   Test F-score avg/max: 0.035038/0.60393
Epoch: 181/300   Train loss: nan   Test F-score avg/max: 0.035038/0.60393
Epoch: 182/300   Train loss: nan   Test F-score avg/max: 0.035038/0.60393
Epoch: 183/300   Train loss: nan   Test F-score avg/max: 0.035038/0.60393
Epoch: 184/300   Train loss: nan   Test F-score avg/max: 0.035038/0.60393
Epoch: 185/300   Train loss: nan   Test F-score avg/max: 0.035038/0.60393
Epoch: 186/300   Train loss: nan   Test F-score avg/max: 0.035038/0.60393
Epoch: 187/300   Train loss: nan   Test F-score avg/max: 0.035038/0.60393
Epoch: 188/300   Train loss: nan   Test F-score avg/max: 0.035038/0.60393
Epoch: 189/300   Train loss: nan   Test F-score avg/max: 0.035038/0.60393
Epoch: 190/300   Train loss: nan   Test F-score avg/max: 0.035038/0.60393
Epoch: 191/300   Train loss: nan   Test F-score avg/max: 0.035038/0.60393
Epoch: 192/300   Train loss: nan   Test F-score avg/max: 0.035038/0.60393
Epoch: 193/300   Train loss: nan   Test F-score avg/max: 0.035038/0.60393
Epoch: 194/300   Train loss: nan   Test F-score avg/max: 0.035038/0.60393
Epoch: 195/300   Train loss: nan   Test F-score avg/max: 0.035038/0.60393
Epoch: 196/300   Train loss: nan   Test F-score avg/max: 0.035038/0.60393
Epoch: 197/300   Train loss: nan   Test F-score avg/max: 0.035038/0.60393
Epoch: 198/300   Train loss: nan   Test F-score avg/max: 0.035038/0.60393
Epoch: 199/300   Train loss: nan   Test F-score avg/max: 0.035038/0.60393
Epoch: 200/300   Train loss: nan   Test F-score avg/max: 0.035038/0.60393
Epoch: 201/300   Train loss: nan   Test F-score avg/max: 0.035038/0.60393
Epoch: 202/300   Train loss: nan   Test F-score avg/max: 0.035038/0.60393
Epoch: 203/300   Train loss: nan   Test F-score avg/max: 0.035038/0.60393
Epoch: 204/300   Train loss: nan   Test F-score avg/max: 0.035038/0.60393
Epoch: 205/300   Train loss: nan   Test F-score avg/max: 0.035038/0.60393
Epoch: 206/300   Train loss: nan   Test F-score avg/max: 0.035038/0.60393
Epoch: 207/300   Train loss: nan   Test F-score avg/max: 0.035038/0.60393
Epoch: 208/300   Train loss: nan   Test F-score avg/max: 0.035038/0.60393
Epoch: 209/300   Train loss: nan   Test F-score avg/max: 0.035038/0.60393
Epoch: 210/300   Train loss: nan   Test F-score avg/max: 0.035038/0.60393
Epoch: 211/300   Train loss: nan   Test F-score avg/max: 0.035038/0.60393
Epoch: 212/300   Train loss: nan   Test F-score avg/max: 0.035038/0.60393
Epoch: 213/300   Train loss: nan   Test F-score avg/max: 0.035038/0.60393
Epoch: 214/300   Train loss: nan   Test F-score avg/max: 0.035038/0.60393
Epoch: 215/300   Train loss: nan   Test F-score avg/max: 0.035038/0.60393
Epoch: 216/300   Train loss: nan   Test F-score avg/max: 0.035038/0.60393
Epoch: 217/300   Train loss: nan   Test F-score avg/max: 0.035038/0.60393
Epoch: 218/300   Train loss: nan   Test F-score avg/max: 0.035038/0.60393
Epoch: 219/300   Train loss: nan   Test F-score avg/max: 0.035038/0.60393
Epoch: 220/300   Train loss: nan   Test F-score avg/max: 0.035038/0.60393
Epoch: 221/300   Train loss: nan   Test F-score avg/max: 0.035038/0.60393
Epoch: 222/300   Train loss: nan   Test F-score avg/max: 0.035038/0.60393
Epoch: 223/300   Train loss: nan   Test F-score avg/max: 0.035038/0.60393
Epoch: 224/300   Train loss: nan   Test F-score avg/max: 0.035038/0.60393
Epoch: 225/300   Train loss: nan   Test F-score avg/max: 0.035038/0.60393
Epoch: 226/300   Train loss: nan   Test F-score avg/max: 0.035038/0.60393
Epoch: 227/300   Train loss: nan   Test F-score avg/max: 0.035038/0.60393
Epoch: 228/300   Train loss: nan   Test F-score avg/max: 0.035038/0.60393
Epoch: 229/300   Train loss: nan   Test F-score avg/max: 0.035038/0.60393
Epoch: 230/300   Train loss: nan   Test F-score avg/max: 0.035038/0.60393
Epoch: 231/300   Train loss: nan   Test F-score avg/max: 0.035038/0.60393
Epoch: 232/300   Train loss: nan   Test F-score avg/max: 0.035038/0.60393
Epoch: 233/300   Train loss: nan   Test F-score avg/max: 0.035038/0.60393
Epoch: 234/300   Train loss: nan   Test F-score avg/max: 0.035038/0.60393
Epoch: 235/300   Train loss: nan   Test F-score avg/max: 0.035038/0.60393
Epoch: 236/300   Train loss: nan   Test F-score avg/max: 0.035038/0.60393
Epoch: 237/300   Train loss: nan   Test F-score avg/max: 0.035038/0.60393
Epoch: 238/300   Train loss: nan   Test F-score avg/max: 0.035038/0.60393
Epoch: 239/300   Train loss: nan   Test F-score avg/max: 0.035038/0.60393
Epoch: 240/300   Train loss: nan   Test F-score avg/max: 0.035038/0.60393
Epoch: 241/300   Train loss: nan   Test F-score avg/max: 0.035038/0.60393
Epoch: 242/300   Train loss: nan   Test F-score avg/max: 0.035038/0.60393
Epoch: 243/300   Train loss: nan   Test F-score avg/max: 0.035038/0.60393
Epoch: 244/300   Train loss: nan   Test F-score avg/max: 0.035038/0.60393
Epoch: 245/300   Train loss: nan   Test F-score avg/max: 0.035038/0.60393
Epoch: 246/300   Train loss: nan   Test F-score avg/max: 0.035038/0.60393
Epoch: 247/300   Train loss: nan   Test F-score avg/max: 0.035038/0.60393
Epoch: 248/300   Train loss: nan   Test F-score avg/max: 0.035038/0.60393
Epoch: 249/300   Train loss: nan   Test F-score avg/max: 0.035038/0.60393
Epoch: 250/300   Train loss: nan   Test F-score avg/max: 0.035038/0.60393
Epoch: 251/300   Train loss: nan   Test F-score avg/max: 0.035038/0.60393
Epoch: 252/300   Train loss: nan   Test F-score avg/max: 0.035038/0.60393
Epoch: 253/300   Train loss: nan   Test F-score avg/max: 0.035038/0.60393
Epoch: 254/300   Train loss: nan   Test F-score avg/max: 0.035038/0.60393
Epoch: 255/300   Train loss: nan   Test F-score avg/max: 0.035038/0.60393
Epoch: 256/300   Train loss: nan   Test F-score avg/max: 0.035038/0.60393
Epoch: 257/300   Train loss: nan   Test F-score avg/max: 0.035038/0.60393
Epoch: 258/300   Train loss: nan   Test F-score avg/max: 0.035038/0.60393
Epoch: 259/300   Train loss: nan   Test F-score avg/max: 0.035038/0.60393
Epoch: 260/300   Train loss: nan   Test F-score avg/max: 0.035038/0.60393
Epoch: 261/300   Train loss: nan   Test F-score avg/max: 0.035038/0.60393
Epoch: 262/300   Train loss: nan   Test F-score avg/max: 0.035038/0.60393
Epoch: 263/300   Train loss: nan   Test F-score avg/max: 0.035038/0.60393
Epoch: 264/300   Train loss: nan   Test F-score avg/max: 0.035038/0.60393
WARNING:root:NaN or Inf found in input tensor.
WARNING:root:NaN or Inf found in input tensor.
WARNING:root:NaN or Inf found in input tensor.
WARNING:root:NaN or Inf found in input tensor.
WARNING:root:NaN or Inf found in input tensor.
WARNING:root:NaN or Inf found in input tensor.
WARNING:root:NaN or Inf found in input tensor.
WARNING:root:NaN or Inf found in input tensor.
WARNING:root:NaN or Inf found in input tensor.
WARNING:root:NaN or Inf found in input tensor.
WARNING:root:NaN or Inf found in input tensor.
WARNING:root:NaN or Inf found in input tensor.
WARNING:root:NaN or Inf found in input tensor.
WARNING:root:NaN or Inf found in input tensor.
WARNING:root:NaN or Inf found in input tensor.
WARNING:root:NaN or Inf found in input tensor.
WARNING:root:NaN or Inf found in input tensor.
WARNING:root:NaN or Inf found in input tensor.
WARNING:root:NaN or Inf found in input tensor.
WARNING:root:NaN or Inf found in input tensor.
WARNING:root:NaN or Inf found in input tensor.
WARNING:root:NaN or Inf found in input tensor.
WARNING:root:NaN or Inf found in input tensor.
WARNING:root:NaN or Inf found in input tensor.
WARNING:root:NaN or Inf found in input tensor.
WARNING:root:NaN or Inf found in input tensor.
WARNING:root:NaN or Inf found in input tensor.
WARNING:root:NaN or Inf found in input tensor.
WARNING:root:NaN or Inf found in input tensor.
WARNING:root:NaN or Inf found in input tensor.
WARNING:root:NaN or Inf found in input tensor.
WARNING:root:NaN or Inf found in input tensor.
WARNING:root:NaN or Inf found in input tensor.
WARNING:root:NaN or Inf found in input tensor.
WARNING:root:NaN or Inf found in input tensor.
mv: cannot stat 'i3d_features/models_temp/tvsum_splits_0/73_*.pth.tar': No such file or directory
Epoch: 265/300   Train loss: nan   Test F-score avg/max: 0.035038/0.60393
Epoch: 266/300   Train loss: nan   Test F-score avg/max: 0.035038/0.60393
Epoch: 267/300   Train loss: nan   Test F-score avg/max: 0.035038/0.60393
Epoch: 268/300   Train loss: nan   Test F-score avg/max: 0.035038/0.60393
Epoch: 269/300   Train loss: nan   Test F-score avg/max: 0.035038/0.60393
Epoch: 270/300   Train loss: nan   Test F-score avg/max: 0.035038/0.60393
Epoch: 271/300   Train loss: nan   Test F-score avg/max: 0.035038/0.60393
Epoch: 272/300   Train loss: nan   Test F-score avg/max: 0.035038/0.60393
Epoch: 273/300   Train loss: nan   Test F-score avg/max: 0.035038/0.60393
Epoch: 274/300   Train loss: nan   Test F-score avg/max: 0.035038/0.60393
Epoch: 275/300   Train loss: nan   Test F-score avg/max: 0.035038/0.60393
Epoch: 276/300   Train loss: nan   Test F-score avg/max: 0.035038/0.60393
Epoch: 277/300   Train loss: nan   Test F-score avg/max: 0.035038/0.60393
Epoch: 278/300   Train loss: nan   Test F-score avg/max: 0.035038/0.60393
Epoch: 279/300   Train loss: nan   Test F-score avg/max: 0.035038/0.60393
Epoch: 280/300   Train loss: nan   Test F-score avg/max: 0.035038/0.60393
Epoch: 281/300   Train loss: nan   Test F-score avg/max: 0.035038/0.60393
Epoch: 282/300   Train loss: nan   Test F-score avg/max: 0.035038/0.60393
Epoch: 283/300   Train loss: nan   Test F-score avg/max: 0.035038/0.60393
Epoch: 284/300   Train loss: nan   Test F-score avg/max: 0.035038/0.60393
Epoch: 285/300   Train loss: nan   Test F-score avg/max: 0.035038/0.60393
Epoch: 286/300   Train loss: nan   Test F-score avg/max: 0.035038/0.60393
Epoch: 287/300   Train loss: nan   Test F-score avg/max: 0.035038/0.60393
Epoch: 288/300   Train loss: nan   Test F-score avg/max: 0.035038/0.60393
Epoch: 289/300   Train loss: nan   Test F-score avg/max: 0.035038/0.60393
Epoch: 290/300   Train loss: nan   Test F-score avg/max: 0.035038/0.60393
Epoch: 291/300   Train loss: nan   Test F-score avg/max: 0.035038/0.60393
Epoch: 292/300   Train loss: nan   Test F-score avg/max: 0.035038/0.60393
Epoch: 293/300   Train loss: nan   Test F-score avg/max: 0.035038/0.60393
Epoch: 294/300   Train loss: nan   Test F-score avg/max: 0.035038/0.60393
Epoch: 295/300   Train loss: nan   Test F-score avg/max: 0.035038/0.60393
Epoch: 296/300   Train loss: nan   Test F-score avg/max: 0.035038/0.60393
Epoch: 297/300   Train loss: nan   Test F-score avg/max: 0.035038/0.60393
Epoch: 298/300   Train loss: nan   Test F-score avg/max: 0.035038/0.60393
Epoch: 299/300   Train loss: nan   Test F-score avg/max: 0.035038/0.60393
Split: splits/tvsum_splits.json   Best F-score: 0.60393   Model: i3d_features/models/tvsum_splits_0_0.6039326477867952.tar.pth
Setting CUDA device:  0
['../SUM-GAN-AAE/data/TVSum/tvsum_i3d_mixed5c_aligned.h5']
../SUM-GAN-AAE/data/TVSum/tvsum_i3d_mixed5c_aligned.h5
Loading: ../SUM-GAN-AAE/data/TVSum/tvsum_i3d_mixed5c_aligned.h5
Loading splits from:  splits/tvsum_splits.json
Selecting split:  1
tvsum
../SUM-GAN-AAE/data/SumMe/summe_i3d_mixed5c_aligned.h5
../SUM-GAN-AAE/data/TVSum/tvsum_i3d_mixed5c_aligned.h5
Initializing VASNet model and optimizer...
Starting training...
Epoch: 0/300    Train loss: 0.18835   Test F-score avg/max: 0.02655/0.02655
Epoch: 1/300    Train loss: 0.18338   Test F-score avg/max: 0.02655/0.02655
Epoch: 2/300    Train loss: 0.18334   Test F-score avg/max: 0.02655/0.02655
Epoch: 3/300    Train loss: 0.18334   Test F-score avg/max: 0.02655/0.02655
Epoch: 4/300    Train loss: 0.18334   Test F-score avg/max: 0.02655/0.02655
Epoch: 5/300    Train loss: 0.18334   Test F-score avg/max: 0.02655/0.02655
Epoch: 6/300    Train loss: 0.18334   Test F-score avg/max: 0.02655/0.02655
Epoch: 7/300    Train loss: 0.18590   Test F-score avg/max: 0.02655/0.02655
Epoch: 8/300    Train loss: 0.18334   Test F-score avg/max: 0.02655/0.02655
Epoch: 9/300    Train loss: 0.18334   Test F-score avg/max: 0.02655/0.02655
Epoch: 10/300   Train loss: 0.18332   Test F-score avg/max: 0.02655/0.02655
Epoch: 11/300   Train loss: 0.18319   Test F-score avg/max: 0.02655/0.02655
Epoch: 12/300   Train loss: 0.11393   Test F-score avg/max: 0.60251/0.60251
Epoch: 13/300   Train loss: 0.05799   Test F-score avg/max: 0.59343/0.60251
Epoch: 14/300   Train loss: 0.05735   Test F-score avg/max: 0.59343/0.60251
Epoch: 15/300   Train loss: 0.05790   Test F-score avg/max: 0.59813/0.60251
Epoch: 16/300   Train loss: 0.05779   Test F-score avg/max: 0.63251/0.63251
Epoch: 17/300   Train loss: 0.05771   Test F-score avg/max: 0.59854/0.63251
Epoch: 18/300   Train loss: 0.05682   Test F-score avg/max: 0.59343/0.63251
Epoch: 19/300   Train loss: 0.05848   Test F-score avg/max: 0.5906/0.63251
Epoch: 20/300   Train loss: 0.05711   Test F-score avg/max: 0.59343/0.63251
Epoch: 21/300   Train loss: 0.05779   Test F-score avg/max: 0.59832/0.63251
Epoch: 22/300   Train loss: 0.05719   Test F-score avg/max: 0.60496/0.63251
Epoch: 23/300   Train loss: 0.05708   Test F-score avg/max: 0.61757/0.63251
Epoch: 24/300   Train loss: 0.05718   Test F-score avg/max: 0.59343/0.63251
Epoch: 25/300   Train loss: 0.05674   Test F-score avg/max: 0.59937/0.63251
Epoch: 26/300   Train loss: 0.05716   Test F-score avg/max: 0.61275/0.63251
Epoch: 27/300   Train loss: 0.05828   Test F-score avg/max: 0.59343/0.63251
Epoch: 28/300   Train loss: 0.05767   Test F-score avg/max: 0.59343/0.63251
Epoch: 29/300   Train loss: 0.05720   Test F-score avg/max: 0.60763/0.63251
Epoch: 30/300   Train loss: 0.05742   Test F-score avg/max: 0.60235/0.63251
Epoch: 31/300   Train loss: 0.05731   Test F-score avg/max: 0.61283/0.63251
Epoch: 32/300   Train loss: 0.05758   Test F-score avg/max: 0.62447/0.63251
Epoch: 33/300   Train loss: 0.05717   Test F-score avg/max: 0.62407/0.63251
Epoch: 34/300   Train loss: 0.05720   Test F-score avg/max: 0.59343/0.63251
Epoch: 35/300   Train loss: 0.05724   Test F-score avg/max: 0.61961/0.63251
Epoch: 36/300   Train loss: 0.05750   Test F-score avg/max: 0.6386/0.6386
Epoch: 37/300   Train loss: 0.05742   Test F-score avg/max: 0.59343/0.6386
Epoch: 38/300   Train loss: 0.05758   Test F-score avg/max: 0.60365/0.6386
Epoch: 39/300   Train loss: 0.05746   Test F-score avg/max: 0.6197/0.6386
Epoch: 40/300   Train loss: 0.05808   Test F-score avg/max: 0.5954/0.6386
Epoch: 41/300   Train loss: 0.05756   Test F-score avg/max: 0.59343/0.6386
Epoch: 42/300   Train loss: 0.05706   Test F-score avg/max: 0.61237/0.6386
Epoch: 43/300   Train loss: 0.05757   Test F-score avg/max: 0.61695/0.6386
Epoch: 44/300   Train loss: 0.05716   Test F-score avg/max: 0.60772/0.6386
Epoch: 45/300   Train loss: 0.05748   Test F-score avg/max: 0.61814/0.6386
Epoch: 46/300   Train loss: 0.05721   Test F-score avg/max: 0.6085/0.6386
Epoch: 47/300   Train loss: 0.05778   Test F-score avg/max: 0.60124/0.6386
Epoch: 48/300   Train loss: 0.05711   Test F-score avg/max: 0.60392/0.6386
Epoch: 49/300   Train loss: 0.05706   Test F-score avg/max: 0.60914/0.6386
Epoch: 50/300   Train loss: 0.05726   Test F-score avg/max: 0.62434/0.6386
Epoch: 51/300   Train loss: 0.05703   Test F-score avg/max: 0.59343/0.6386
Epoch: 52/300   Train loss: 0.05709   Test F-score avg/max: 0.59182/0.6386
Epoch: 53/300   Train loss: 0.05687   Test F-score avg/max: 0.62024/0.6386
Epoch: 54/300   Train loss: 0.05672   Test F-score avg/max: 0.63494/0.6386
Epoch: 55/300   Train loss: 0.05734   Test F-score avg/max: 0.59437/0.6386
Epoch: 56/300   Train loss: 0.05721   Test F-score avg/max: 0.58914/0.6386
Epoch: 57/300   Train loss: 0.05713   Test F-score avg/max: 0.64247/0.64247
Epoch: 58/300   Train loss: 0.05698   Test F-score avg/max: 0.62205/0.64247
Epoch: 59/300   Train loss: 0.05733   Test F-score avg/max: 0.59549/0.64247
Epoch: 60/300   Train loss: 0.05722   Test F-score avg/max: 0.62508/0.64247
Epoch: 61/300   Train loss: 0.05743   Test F-score avg/max: 0.59505/0.64247
Epoch: 62/300   Train loss: 0.05726   Test F-score avg/max: 0.60679/0.64247
Epoch: 63/300   Train loss: 0.05703   Test F-score avg/max: 0.59928/0.64247
Epoch: 64/300   Train loss: 0.05752   Test F-score avg/max: 0.61974/0.64247
Epoch: 65/300   Train loss: 0.05729   Test F-score avg/max: 0.61218/0.64247
