Packages & system versions:
----------------------------------------------------------------------
display :  	NVRM version: NVIDIA UNIX x86_64 Kernel Module  450.36.06  Mon Jun  1 23:19:54 UTC 2020
	GCC version:  gcc version 4.8.5 20150623 (Red Hat 4.8.5-39) (GCC)
cuda :  NA
cudnn :  7605
platform :  Linux-3.10.0-1127.8.2.el7.x86_64-x86_64-with-glibc2.10
python :  (3, 8, 2)
torch :  1.5.0
numpy :  1.18.1
h5py :  2.10.0
json :  2.0.9
ortools :  7.6.7691
torchvision :  0.6.0a0+82fd1c8

root
datasets
splits
train
verbose
output_dir
l2_req
lr_epochs
lr
Parameters:
----------------------------------------------------------------------
[0] cuda_device: 0
[1] datasets: ['../SUM-GAN-AAE/data/SumMe/summe_i3d_mixed5c_aligned.h5', '../SUM-GAN-AAE/data/TVSum/tvsum_i3d_mixed5c_aligned.h5']
[2] epochs_max: 300
[3] l2_req: 0.001
[4] lr: [0.0005]
[5] lr_epochs: [0]
[6] max_summary_length: 0.15
[7] output_dir: i3d_features
[8] root: 
[9] splits: ['splits/tvsum_splits.json', 'splits/summe_splits.json', 'splits/tvsum_aug_splits.json', 'splits/summe_aug_splits.json']
[10] train: True
[11] train_batch_size: 1
[12] use_cuda: True
[13] verbose: False

tvsum  [{'test_keys': ['video_10', 'video_20', 'video_23', 'video_29', 'video_3', 'video_32', 'video_33', 'video_35', 'video_37', 'video_41'], 'train_keys': ['video_1', 'video_11', 'video_12', 'video_13', 'video_14', 'video_15', 'video_16', 'video_17', 'video_18', 'video_19', 'video_2', 'video_21', 'video_22', 'video_24', 'video_25', 'video_26', 'video_27', 'video_28', 'video_30', 'video_31', 'video_34', 'video_36', 'video_38', 'video_39', 'video_4', 'video_40', 'video_42', 'video_43', 'video_44', 'video_45', 'video_46', 'video_47', 'video_48', 'video_49', 'video_5', 'video_50', 'video_6', 'video_7', 'video_8', 'video_9']}, {'test_keys': ['video_14', 'video_29', 'video_35', 'video_36', 'video_38', 'video_41', 'video_45', 'video_46', 'video_5', 'video_6'], 'train_keys': ['video_1', 'video_10', 'video_11', 'video_12', 'video_13', 'video_15', 'video_16', 'video_17', 'video_18', 'video_19', 'video_2', 'video_20', 'video_21', 'video_22', 'video_23', 'video_24', 'video_25', 'video_26', 'video_27', 'video_28', 'video_3', 'video_30', 'video_31', 'video_32', 'video_33', 'video_34', 'video_37', 'video_39', 'video_4', 'video_40', 'video_42', 'video_43', 'video_44', 'video_47', 'video_48', 'video_49', 'video_50', 'video_7', 'video_8', 'video_9']}, {'test_keys': ['video_11', 'video_12', 'video_13', 'video_14', 'video_19', 'video_20', 'video_25', 'video_27', 'video_35', 'video_48'], 'train_keys': ['video_1', 'video_10', 'video_15', 'video_16', 'video_17', 'video_18', 'video_2', 'video_21', 'video_22', 'video_23', 'video_24', 'video_26', 'video_28', 'video_29', 'video_3', 'video_30', 'video_31', 'video_32', 'video_33', 'video_34', 'video_36', 'video_37', 'video_38', 'video_39', 'video_4', 'video_40', 'video_41', 'video_42', 'video_43', 'video_44', 'video_45', 'video_46', 'video_47', 'video_49', 'video_5', 'video_50', 'video_6', 'video_7', 'video_8', 'video_9']}, {'test_keys': ['video_25', 'video_31', 'video_33', 'video_35', 'video_39', 'video_4', 'video_45', 'video_49', 'video_5', 'video_7'], 'train_keys': ['video_1', 'video_10', 'video_11', 'video_12', 'video_13', 'video_14', 'video_15', 'video_16', 'video_17', 'video_18', 'video_19', 'video_2', 'video_20', 'video_21', 'video_22', 'video_23', 'video_24', 'video_26', 'video_27', 'video_28', 'video_29', 'video_3', 'video_30', 'video_32', 'video_34', 'video_36', 'video_37', 'video_38', 'video_40', 'video_41', 'video_42', 'video_43', 'video_44', 'video_46', 'video_47', 'video_48', 'video_50', 'video_6', 'video_8', 'video_9']}, {'test_keys': ['video_10', 'video_14', 'video_17', 'video_2', 'video_29', 'video_31', 'video_38', 'video_48', 'video_49', 'video_5'], 'train_keys': ['video_1', 'video_11', 'video_12', 'video_13', 'video_15', 'video_16', 'video_18', 'video_19', 'video_20', 'video_21', 'video_22', 'video_23', 'video_24', 'video_25', 'video_26', 'video_27', 'video_28', 'video_3', 'video_30', 'video_32', 'video_33', 'video_34', 'video_35', 'video_36', 'video_37', 'video_39', 'video_4', 'video_40', 'video_41', 'video_42', 'video_43', 'video_44', 'video_45', 'video_46', 'video_47', 'video_50', 'video_6', 'video_7', 'video_8', 'video_9']}]
tvsum
../SUM-GAN-AAE/data/SumMe/summe_i3d_mixed5c_aligned.h5
../SUM-GAN-AAE/data/TVSum/tvsum_i3d_mixed5c_aligned.h5
Setting CUDA device:  0
['../SUM-GAN-AAE/data/TVSum/tvsum_i3d_mixed5c_aligned.h5']
../SUM-GAN-AAE/data/TVSum/tvsum_i3d_mixed5c_aligned.h5
Loading: ../SUM-GAN-AAE/data/TVSum/tvsum_i3d_mixed5c_aligned.h5
Loading splits from:  splits/tvsum_splits.json
Selecting split:  0
tvsum
../SUM-GAN-AAE/data/SumMe/summe_i3d_mixed5c_aligned.h5
../SUM-GAN-AAE/data/TVSum/tvsum_i3d_mixed5c_aligned.h5
Initializing VASNet model and optimizer...
Starting training...
Epoch: 0/300    Train loss: 0.18267   Test F-score avg/max: 0.035038/0.035038
Epoch: 1/300    Train loss: 0.18277   Test F-score avg/max: 0.035038/0.035038
Epoch: 2/300    Train loss: 0.18277   Test F-score avg/max: 0.035038/0.035038
Epoch: 3/300    Train loss: 0.18261   Test F-score avg/max: 0.2172/0.2172
Epoch: 4/300    Train loss: 0.18102   Test F-score avg/max: 0.035038/0.2172
Epoch: 5/300    Train loss: 0.18277   Test F-score avg/max: 0.035038/0.2172
Epoch: 6/300    Train loss: 0.18277   Test F-score avg/max: 0.035038/0.2172
Epoch: 7/300    Train loss: 0.18596   Test F-score avg/max: 0.035038/0.2172
Epoch: 8/300    Train loss: 0.18332   Test F-score avg/max: 0.035038/0.2172
Epoch: 9/300    Train loss: 0.18277   Test F-score avg/max: 0.035038/0.2172
Epoch: 10/300   Train loss: 0.18277   Test F-score avg/max: 0.035038/0.2172
Epoch: 11/300   Train loss: 0.18277   Test F-score avg/max: 0.035038/0.2172
Epoch: 12/300   Train loss: 0.18277   Test F-score avg/max: 0.035038/0.2172
Epoch: 13/300   Train loss: 0.18277   Test F-score avg/max: 0.035038/0.2172
Epoch: 14/300   Train loss: 0.18277   Test F-score avg/max: 0.035038/0.2172
Epoch: 15/300   Train loss: 0.18277   Test F-score avg/max: 0.035038/0.2172
Epoch: 16/300   Train loss: 0.18277   Test F-score avg/max: 0.035038/0.2172
Epoch: 17/300   Train loss: 0.18277   Test F-score avg/max: 0.035038/0.2172
Epoch: 18/300   Train loss: 0.18225   Test F-score avg/max: 0.56014/0.56014
Epoch: 19/300   Train loss: 0.09539   Test F-score avg/max: 0.56779/0.56779
Epoch: 20/300   Train loss: 0.05917   Test F-score avg/max: 0.58739/0.58739
Epoch: 21/300   Train loss: 0.05535   Test F-score avg/max: 0.59275/0.59275
Epoch: 22/300   Train loss: 0.05310   Test F-score avg/max: 0.60236/0.60236
Epoch: 23/300   Train loss: 0.05035   Test F-score avg/max: 0.59138/0.60236
Epoch: 24/300   Train loss: 0.05024   Test F-score avg/max: 0.61549/0.61549
Epoch: 25/300   Train loss: 0.04781   Test F-score avg/max: 0.58777/0.61549
Epoch: 26/300   Train loss: 0.04758   Test F-score avg/max: 0.59546/0.61549
Epoch: 27/300   Train loss: 0.04841   Test F-score avg/max: 0.60326/0.61549
Epoch: 28/300   Train loss: 0.04751   Test F-score avg/max: 0.55826/0.61549
Epoch: 29/300   Train loss: 0.04479   Test F-score avg/max: 0.58468/0.61549
Epoch: 30/300   Train loss: 0.04334   Test F-score avg/max: 0.58966/0.61549
Epoch: 31/300   Train loss: 0.04355   Test F-score avg/max: 0.60385/0.61549
Epoch: 32/300   Train loss: 0.04348   Test F-score avg/max: 0.5854/0.61549
Epoch: 33/300   Train loss: 0.04039   Test F-score avg/max: 0.57802/0.61549
Epoch: 34/300   Train loss: 0.04073   Test F-score avg/max: 0.57994/0.61549
Epoch: 35/300   Train loss: 0.04163   Test F-score avg/max: 0.55058/0.61549
Epoch: 36/300   Train loss: 0.04124   Test F-score avg/max: 0.58215/0.61549
Epoch: 37/300   Train loss: 0.05406   Test F-score avg/max: 0.59056/0.61549
Epoch: 38/300   Train loss: 0.05777   Test F-score avg/max: 0.60686/0.61549
Epoch: 39/300   Train loss: 0.05694   Test F-score avg/max: 0.60283/0.61549
Epoch: 40/300   Train loss: 0.05496   Test F-score avg/max: 0.59488/0.61549
Epoch: 41/300   Train loss: 0.04863   Test F-score avg/max: 0.58129/0.61549
Epoch: 42/300   Train loss: 0.04385   Test F-score avg/max: 0.60005/0.61549
Epoch: 43/300   Train loss: 0.04182   Test F-score avg/max: 0.58989/0.61549
WARNING:root:NaN or Inf found in input tensor.
WARNING:root:NaN or Inf found in input tensor.
WARNING:root:NaN or Inf found in input tensor.
WARNING:root:NaN or Inf found in input tensor.
WARNING:root:NaN or Inf found in input tensor.
WARNING:root:NaN or Inf found in input tensor.
WARNING:root:NaN or Inf found in input tensor.
WARNING:root:NaN or Inf found in input tensor.
WARNING:root:NaN or Inf found in input tensor.
WARNING:root:NaN or Inf found in input tensor.
WARNING:root:NaN or Inf found in input tensor.
WARNING:root:NaN or Inf found in input tensor.
WARNING:root:NaN or Inf found in input tensor.
WARNING:root:NaN or Inf found in input tensor.
WARNING:root:NaN or Inf found in input tensor.
WARNING:root:NaN or Inf found in input tensor.
WARNING:root:NaN or Inf found in input tensor.
WARNING:root:NaN or Inf found in input tensor.
WARNING:root:NaN or Inf found in input tensor.
WARNING:root:NaN or Inf found in input tensor.
WARNING:root:NaN or Inf found in input tensor.
WARNING:root:NaN or Inf found in input tensor.
WARNING:root:NaN or Inf found in input tensor.
WARNING:root:NaN or Inf found in input tensor.
WARNING:root:NaN or Inf found in input tensor.
WARNING:root:NaN or Inf found in input tensor.
WARNING:root:NaN or Inf found in input tensor.
WARNING:root:NaN or Inf found in input tensor.
WARNING:root:NaN or Inf found in input tensor.
WARNING:root:NaN or Inf found in input tensor.
WARNING:root:NaN or Inf found in input tensor.
WARNING:root:NaN or Inf found in input tensor.
WARNING:root:NaN or Inf found in input tensor.
WARNING:root:NaN or Inf found in input tensor.
WARNING:root:NaN or Inf found in input tensor.
WARNING:root:NaN or Inf found in input tensor.
WARNING:root:NaN or Inf found in input tensor.
WARNING:root:NaN or Inf found in input tensor.
WARNING:root:NaN or Inf found in input tensor.
WARNING:root:NaN or Inf found in input tensor.
WARNING:root:NaN or Inf found in input tensor.
WARNING:root:NaN or Inf found in input tensor.
WARNING:root:NaN or Inf found in input tensor.
WARNING:root:NaN or Inf found in input tensor.
WARNING:root:NaN or Inf found in input tensor.
WARNING:root:NaN or Inf found in input tensor.
WARNING:root:NaN or Inf found in input tensor.
WARNING:root:NaN or Inf found in input tensor.
WARNING:root:NaN or Inf found in input tensor.
WARNING:root:NaN or Inf found in input tensor.
WARNING:root:NaN or Inf found in input tensor.
WARNING:root:NaN or Inf found in input tensor.
WARNING:root:NaN or Inf found in input tensor.
WARNING:root:NaN or Inf found in input tensor.
WARNING:root:NaN or Inf found in input tensor.
WARNING:root:NaN or Inf found in input tensor.
WARNING:root:NaN or Inf found in input tensor.
WARNING:root:NaN or Inf found in input tensor.
WARNING:root:NaN or Inf found in input tensor.
WARNING:root:NaN or Inf found in input tensor.
WARNING:root:NaN or Inf found in input tensor.
WARNING:root:NaN or Inf found in input tensor.
WARNING:root:NaN or Inf found in input tensor.
WARNING:root:NaN or Inf found in input tensor.
WARNING:root:NaN or Inf found in input tensor.
WARNING:root:NaN or Inf found in input tensor.
WARNING:root:NaN or Inf found in input tensor.
WARNING:root:NaN or Inf found in input tensor.
WARNING:root:NaN or Inf found in input tensor.
WARNING:root:NaN or Inf found in input tensor.
WARNING:root:NaN or Inf found in input tensor.
WARNING:root:NaN or Inf found in input tensor.
WARNING:root:NaN or Inf found in input tensor.
WARNING:root:NaN or Inf found in input tensor.
WARNING:root:NaN or Inf found in input tensor.
WARNING:root:NaN or Inf found in input tensor.
WARNING:root:NaN or Inf found in input tensor.
WARNING:root:NaN or Inf found in input tensor.
WARNING:root:NaN or Inf found in input tensor.
WARNING:root:NaN or Inf found in input tensor.
WARNING:root:NaN or Inf found in input tensor.
WARNING:root:NaN or Inf found in input tensor.
WARNING:root:NaN or Inf found in input tensor.
WARNING:root:NaN or Inf found in input tensor.
WARNING:root:NaN or Inf found in input tensor.
WARNING:root:NaN or Inf found in input tensor.
Epoch: 44/300   Train loss: 0.03931   Test F-score avg/max: 0.57866/0.61549
Epoch: 45/300   Train loss: 0.03696   Test F-score avg/max: 0.58773/0.61549
Epoch: 46/300   Train loss: 0.03552   Test F-score avg/max: 0.55381/0.61549
Epoch: 47/300   Train loss: 0.03527   Test F-score avg/max: 0.56226/0.61549
Epoch: 48/300   Train loss: 0.03579   Test F-score avg/max: 0.55819/0.61549
Epoch: 49/300   Train loss: 0.03434   Test F-score avg/max: 0.5437/0.61549
Epoch: 50/300   Train loss: 0.03476   Test F-score avg/max: 0.55831/0.61549
Epoch: 51/300   Train loss: 0.03261   Test F-score avg/max: 0.56786/0.61549
Epoch: 52/300   Train loss: 0.03153   Test F-score avg/max: 0.5547/0.61549
Epoch: 53/300   Train loss: 0.03211   Test F-score avg/max: 0.5624/0.61549
Epoch: 54/300   Train loss: 0.03516   Test F-score avg/max: 0.54693/0.61549
Epoch: 55/300   Train loss: 0.03568   Test F-score avg/max: 0.56842/0.61549
Epoch: 56/300   Train loss: 0.03327   Test F-score avg/max: 0.54905/0.61549
Epoch: 57/300   Train loss: 0.03086   Test F-score avg/max: 0.56211/0.61549
Epoch: 58/300   Train loss: 0.02896   Test F-score avg/max: 0.56073/0.61549
Epoch: 59/300   Train loss: 0.02916   Test F-score avg/max: 0.54927/0.61549
Epoch: 60/300   Train loss: 0.02783   Test F-score avg/max: 0.55187/0.61549
Epoch: 61/300   Train loss: 0.02843   Test F-score avg/max: 0.56552/0.61549
Epoch: 62/300   Train loss: 0.03171   Test F-score avg/max: 0.55948/0.61549
Epoch: 63/300   Train loss: 0.03041   Test F-score avg/max: 0.56346/0.61549
Epoch: 64/300   Train loss: 0.02719   Test F-score avg/max: 0.56504/0.61549
Epoch: 65/300   Train loss: 0.02760   Test F-score avg/max: 0.57077/0.61549
Epoch: 66/300   Train loss: 0.02869   Test F-score avg/max: 0.55084/0.61549
Epoch: 67/300   Train loss: 0.02896   Test F-score avg/max: 0.56567/0.61549
Epoch: 68/300   Train loss: nan   Test F-score avg/max: 0.035038/0.61549
Epoch: 69/300   Train loss: nan   Test F-score avg/max: 0.035038/0.61549
Epoch: 70/300   Train loss: nan   Test F-score avg/max: 0.035038/0.61549
Epoch: 71/300   Train loss: nan   Test F-score avg/max: 0.035038/0.61549
Epoch: 72/300   Train loss: nan   Test F-score avg/max: 0.035038/0.61549
Epoch: 73/300   Train loss: nan   Test F-score avg/max: 0.035038/0.61549
Epoch: 74/300   Train loss: nan   Test F-score avg/max: 0.035038/0.61549
Epoch: 75/300   Train loss: nan   Test F-score avg/max: 0.035038/0.61549
Epoch: 76/300   Train loss: nan   Test F-score avg/max: 0.035038/0.61549
Epoch: 77/300   Train loss: nan   Test F-score avg/max: 0.035038/0.61549
Epoch: 78/300   Train loss: nan   Test F-score avg/max: 0.035038/0.61549
Epoch: 79/300   Train loss: nan   Test F-score avg/max: 0.035038/0.61549
Epoch: 80/300   Train loss: nan   Test F-score avg/max: 0.035038/0.61549
Epoch: 81/300   Train loss: nan   Test F-score avg/max: 0.035038/0.61549
Epoch: 82/300   Train loss: nan   Test F-score avg/max: 0.035038/0.61549
Epoch: 83/300   Train loss: nan   Test F-score avg/max: 0.035038/0.61549
Epoch: 84/300   Train loss: nan   Test F-score avg/max: 0.035038/0.61549
Epoch: 85/300   Train loss: nan   Test F-score avg/max: 0.035038/0.61549
Epoch: 86/300   Train loss: nan   Test F-score avg/max: 0.035038/0.61549
Epoch: 87/300   Train loss: nan   Test F-score avg/max: 0.035038/0.61549
Epoch: 88/300   Train loss: nan   Test F-score avg/max: 0.035038/0.61549
Epoch: 89/300   Train loss: nan   Test F-score avg/max: 0.035038/0.61549
Epoch: 90/300   Train loss: nan   Test F-score avg/max: 0.035038/0.61549
Epoch: 91/300   Train loss: nan   Test F-score avg/max: 0.035038/0.61549
Epoch: 92/300   Train loss: nan   Test F-score avg/max: 0.035038/0.61549
Epoch: 93/300   Train loss: nan   Test F-score avg/max: 0.035038/0.61549
Epoch: 94/300   Train loss: nan   Test F-score avg/max: 0.035038/0.61549
Epoch: 95/300   Train loss: nan   Test F-score avg/max: 0.035038/0.61549
Epoch: 96/300   Train loss: nan   Test F-score avg/max: 0.035038/0.61549
Epoch: 97/300   Train loss: nan   Test F-score avg/max: 0.035038/0.61549
Epoch: 98/300   Train loss: nan   Test F-score avg/max: 0.035038/0.61549
Epoch: 99/300   Train loss: nan   Test F-score avg/max: 0.035038/0.61549
Epoch: 100/300   Train loss: nan   Test F-score avg/max: 0.035038/0.61549
Epoch: 101/300   Train loss: nan   Test F-score avg/max: 0.035038/0.61549
Epoch: 102/300   Train loss: nan   Test F-score avg/max: 0.035038/0.61549
Epoch: 103/300   Train loss: nan   Test F-score avg/max: 0.035038/0.61549
Epoch: 104/300   Train loss: nan   Test F-score avg/max: 0.035038/0.61549
Epoch: 105/300   Train loss: nan   Test F-score avg/max: 0.035038/0.61549
Epoch: 106/300   Train loss: nan   Test F-score avg/max: 0.035038/0.61549
Epoch: 107/300   Train loss: nan   Test F-score avg/max: 0.035038/0.61549
Epoch: 108/300   Train loss: nan   Test F-score avg/max: 0.035038/0.61549
Epoch: 109/300   Train loss: nan   Test F-score avg/max: 0.035038/0.61549
Epoch: 110/300   Train loss: nan   Test F-score avg/max: 0.035038/0.61549
Epoch: 111/300   Train loss: nan   Test F-score avg/max: 0.035038/0.61549
Epoch: 112/300   Train loss: nan   Test F-score avg/max: 0.035038/0.61549
Epoch: 113/300   Train loss: nan   Test F-score avg/max: 0.035038/0.61549
Epoch: 114/300   Train loss: nan   Test F-score avg/max: 0.035038/0.61549
Epoch: 115/300   Train loss: nan   Test F-score avg/max: 0.035038/0.61549
Epoch: 116/300   Train loss: nan   Test F-score avg/max: 0.035038/0.61549
Epoch: 117/300   Train loss: nan   Test F-score avg/max: 0.035038/0.61549
Epoch: 118/300   Train loss: nan   Test F-score avg/max: 0.035038/0.61549
Epoch: 119/300   Train loss: nan   Test F-score avg/max: 0.035038/0.61549
Epoch: 120/300   Train loss: nan   Test F-score avg/max: 0.035038/0.61549
Epoch: 121/300   Train loss: nan   Test F-score avg/max: 0.035038/0.61549
Epoch: 122/300   Train loss: nan   Test F-score avg/max: 0.035038/0.61549
Epoch: 123/300   Train loss: nan   Test F-score avg/max: 0.035038/0.61549
Epoch: 124/300   Train loss: nan   Test F-score avg/max: 0.035038/0.61549
Epoch: 125/300   Train loss: nan   Test F-score avg/max: 0.035038/0.61549
Epoch: 126/300   Train loss: nan   Test F-score avg/max: 0.035038/0.61549
Epoch: 127/300   Train loss: nan   Test F-score avg/max: 0.035038/0.61549
Epoch: 128/300   Train loss: nan   Test F-score avg/max: 0.035038/0.61549
Epoch: 129/300   Train loss: nan   Test F-score avg/max: 0.035038/0.61549
Epoch: 130/300   Train loss: nan   Test F-score avg/max: 0.035038/0.61549
Epoch: 131/300   Train loss: nan   Test F-score avg/max: 0.035038/0.61549
Epoch: 132/300   Train loss: nan   Test F-score avg/max: 0.035038/0.61549
Epoch: 133/300   Train loss: nan   Test F-score avg/max: 0.035038/0.61549
Epoch: 134/300   Train loss: nan   Test F-score avg/max: 0.035038/0.61549
Epoch: 135/300   Train loss: nan   Test F-score avg/max: 0.035038/0.61549
Epoch: 136/300   Train loss: nan   Test F-score avg/max: 0.035038/0.61549
Epoch: 137/300   Train loss: nan   Test F-score avg/max: 0.035038/0.61549
Epoch: 138/300   Train loss: nan   Test F-score avg/max: 0.035038/0.61549
Epoch: 139/300   Train loss: nan   Test F-score avg/max: 0.035038/0.61549
Epoch: 140/300   Train loss: nan   Test F-score avg/max: 0.035038/0.61549
Epoch: 141/300   Train loss: nan   Test F-score avg/max: 0.035038/0.61549
Epoch: 142/300   Train loss: nan   Test F-score avg/max: 0.035038/0.61549
Epoch: 143/300   Train loss: nan   Test F-score avg/max: 0.035038/0.61549
Epoch: 144/300   Train loss: nan   Test F-score avg/max: 0.035038/0.61549
Epoch: 145/300   Train loss: nan   Test F-score avg/max: 0.035038/0.61549
Epoch: 146/300   Train loss: nan   Test F-score avg/max: 0.035038/0.61549
Epoch: 147/300   Train loss: nan   Test F-score avg/max: 0.035038/0.61549
Epoch: 148/300   Train loss: nan   Test F-score avg/max: 0.035038/0.61549
Epoch: 149/300   Train loss: nan   Test F-score avg/max: 0.035038/0.61549
Epoch: 150/300   Train loss: nan   Test F-score avg/max: 0.035038/0.61549
Epoch: 151/300   Train loss: nan   Test F-score avg/max: 0.035038/0.61549
Epoch: 152/300   Train loss: nan   Test F-score avg/max: 0.035038/0.61549
Epoch: 153/300   Train loss: nan   Test F-score avg/max: 0.035038/0.61549
WARNING:root:NaN or Inf found in input tensor.
WARNING:root:NaN or Inf found in input tensor.
WARNING:root:NaN or Inf found in input tensor.
WARNING:root:NaN or Inf found in input tensor.
WARNING:root:NaN or Inf found in input tensor.
WARNING:root:NaN or Inf found in input tensor.
WARNING:root:NaN or Inf found in input tensor.
WARNING:root:NaN or Inf found in input tensor.
WARNING:root:NaN or Inf found in input tensor.
WARNING:root:NaN or Inf found in input tensor.
WARNING:root:NaN or Inf found in input tensor.
WARNING:root:NaN or Inf found in input tensor.
WARNING:root:NaN or Inf found in input tensor.
WARNING:root:NaN or Inf found in input tensor.
WARNING:root:NaN or Inf found in input tensor.
WARNING:root:NaN or Inf found in input tensor.
WARNING:root:NaN or Inf found in input tensor.
WARNING:root:NaN or Inf found in input tensor.
WARNING:root:NaN or Inf found in input tensor.
WARNING:root:NaN or Inf found in input tensor.
WARNING:root:NaN or Inf found in input tensor.
WARNING:root:NaN or Inf found in input tensor.
WARNING:root:NaN or Inf found in input tensor.
WARNING:root:NaN or Inf found in input tensor.
WARNING:root:NaN or Inf found in input tensor.
WARNING:root:NaN or Inf found in input tensor.
WARNING:root:NaN or Inf found in input tensor.
WARNING:root:NaN or Inf found in input tensor.
WARNING:root:NaN or Inf found in input tensor.
WARNING:root:NaN or Inf found in input tensor.
WARNING:root:NaN or Inf found in input tensor.
WARNING:root:NaN or Inf found in input tensor.
WARNING:root:NaN or Inf found in input tensor.
WARNING:root:NaN or Inf found in input tensor.
WARNING:root:NaN or Inf found in input tensor.
WARNING:root:NaN or Inf found in input tensor.
WARNING:root:NaN or Inf found in input tensor.
WARNING:root:NaN or Inf found in input tensor.
WARNING:root:NaN or Inf found in input tensor.
WARNING:root:NaN or Inf found in input tensor.
WARNING:root:NaN or Inf found in input tensor.
WARNING:root:NaN or Inf found in input tensor.
WARNING:root:NaN or Inf found in input tensor.
WARNING:root:NaN or Inf found in input tensor.
WARNING:root:NaN or Inf found in input tensor.
WARNING:root:NaN or Inf found in input tensor.
WARNING:root:NaN or Inf found in input tensor.
WARNING:root:NaN or Inf found in input tensor.
WARNING:root:NaN or Inf found in input tensor.
WARNING:root:NaN or Inf found in input tensor.
WARNING:root:NaN or Inf found in input tensor.
WARNING:root:NaN or Inf found in input tensor.
WARNING:root:NaN or Inf found in input tensor.
WARNING:root:NaN or Inf found in input tensor.
WARNING:root:NaN or Inf found in input tensor.
WARNING:root:NaN or Inf found in input tensor.
WARNING:root:NaN or Inf found in input tensor.
WARNING:root:NaN or Inf found in input tensor.
WARNING:root:NaN or Inf found in input tensor.
WARNING:root:NaN or Inf found in input tensor.
WARNING:root:NaN or Inf found in input tensor.
WARNING:root:NaN or Inf found in input tensor.
WARNING:root:NaN or Inf found in input tensor.
WARNING:root:NaN or Inf found in input tensor.
WARNING:root:NaN or Inf found in input tensor.
WARNING:root:NaN or Inf found in input tensor.
WARNING:root:NaN or Inf found in input tensor.
WARNING:root:NaN or Inf found in input tensor.
WARNING:root:NaN or Inf found in input tensor.
WARNING:root:NaN or Inf found in input tensor.
WARNING:root:NaN or Inf found in input tensor.
WARNING:root:NaN or Inf found in input tensor.
WARNING:root:NaN or Inf found in input tensor.
WARNING:root:NaN or Inf found in input tensor.
WARNING:root:NaN or Inf found in input tensor.
WARNING:root:NaN or Inf found in input tensor.
WARNING:root:NaN or Inf found in input tensor.
WARNING:root:NaN or Inf found in input tensor.
WARNING:root:NaN or Inf found in input tensor.
WARNING:root:NaN or Inf found in input tensor.
WARNING:root:NaN or Inf found in input tensor.
WARNING:root:NaN or Inf found in input tensor.
WARNING:root:NaN or Inf found in input tensor.
WARNING:root:NaN or Inf found in input tensor.
WARNING:root:NaN or Inf found in input tensor.
WARNING:root:NaN or Inf found in input tensor.
WARNING:root:NaN or Inf found in input tensor.
WARNING:root:NaN or Inf found in input tensor.
WARNING:root:NaN or Inf found in input tensor.
WARNING:root:NaN or Inf found in input tensor.
WARNING:root:NaN or Inf found in input tensor.
WARNING:root:NaN or Inf found in input tensor.
WARNING:root:NaN or Inf found in input tensor.
WARNING:root:NaN or Inf found in input tensor.
WARNING:root:NaN or Inf found in input tensor.
WARNING:root:NaN or Inf found in input tensor.
WARNING:root:NaN or Inf found in input tensor.
WARNING:root:NaN or Inf found in input tensor.
WARNING:root:NaN or Inf found in input tensor.
WARNING:root:NaN or Inf found in input tensor.
WARNING:root:NaN or Inf found in input tensor.
WARNING:root:NaN or Inf found in input tensor.
WARNING:root:NaN or Inf found in input tensor.
WARNING:root:NaN or Inf found in input tensor.
WARNING:root:NaN or Inf found in input tensor.
WARNING:root:NaN or Inf found in input tensor.
WARNING:root:NaN or Inf found in input tensor.
WARNING:root:NaN or Inf found in input tensor.
WARNING:root:NaN or Inf found in input tensor.
WARNING:root:NaN or Inf found in input tensor.
WARNING:root:NaN or Inf found in input tensor.
Epoch: 154/300   Train loss: nan   Test F-score avg/max: 0.035038/0.61549
Epoch: 155/300   Train loss: nan   Test F-score avg/max: 0.035038/0.61549
Epoch: 156/300   Train loss: nan   Test F-score avg/max: 0.035038/0.61549
Epoch: 157/300   Train loss: nan   Test F-score avg/max: 0.035038/0.61549
Epoch: 158/300   Train loss: nan   Test F-score avg/max: 0.035038/0.61549
Epoch: 159/300   Train loss: nan   Test F-score avg/max: 0.035038/0.61549
Epoch: 160/300   Train loss: nan   Test F-score avg/max: 0.035038/0.61549
Epoch: 161/300   Train loss: nan   Test F-score avg/max: 0.035038/0.61549
Epoch: 162/300   Train loss: nan   Test F-score avg/max: 0.035038/0.61549
Epoch: 163/300   Train loss: nan   Test F-score avg/max: 0.035038/0.61549
Epoch: 164/300   Train loss: nan   Test F-score avg/max: 0.035038/0.61549
Epoch: 165/300   Train loss: nan   Test F-score avg/max: 0.035038/0.61549
Epoch: 166/300   Train loss: nan   Test F-score avg/max: 0.035038/0.61549
Epoch: 167/300   Train loss: nan   Test F-score avg/max: 0.035038/0.61549
Epoch: 168/300   Train loss: nan   Test F-score avg/max: 0.035038/0.61549
Epoch: 169/300   Train loss: nan   Test F-score avg/max: 0.035038/0.61549
Epoch: 170/300   Train loss: nan   Test F-score avg/max: 0.035038/0.61549
Epoch: 171/300   Train loss: nan   Test F-score avg/max: 0.035038/0.61549
Epoch: 172/300   Train loss: nan   Test F-score avg/max: 0.035038/0.61549
Epoch: 173/300   Train loss: nan   Test F-score avg/max: 0.035038/0.61549
Epoch: 174/300   Train loss: nan   Test F-score avg/max: 0.035038/0.61549
Epoch: 175/300   Train loss: nan   Test F-score avg/max: 0.035038/0.61549
Epoch: 176/300   Train loss: nan   Test F-score avg/max: 0.035038/0.61549
Epoch: 177/300   Train loss: nan   Test F-score avg/max: 0.035038/0.61549
Epoch: 178/300   Train loss: nan   Test F-score avg/max: 0.035038/0.61549
Epoch: 179/300   Train loss: nan   Test F-score avg/max: 0.035038/0.61549
Epoch: 180/300   Train loss: nan   Test F-score avg/max: 0.035038/0.61549
Epoch: 181/300   Train loss: nan   Test F-score avg/max: 0.035038/0.61549
Epoch: 182/300   Train loss: nan   Test F-score avg/max: 0.035038/0.61549
Epoch: 183/300   Train loss: nan   Test F-score avg/max: 0.035038/0.61549
Epoch: 184/300   Train loss: nan   Test F-score avg/max: 0.035038/0.61549
Epoch: 185/300   Train loss: nan   Test F-score avg/max: 0.035038/0.61549
Epoch: 186/300   Train loss: nan   Test F-score avg/max: 0.035038/0.61549
Epoch: 187/300   Train loss: nan   Test F-score avg/max: 0.035038/0.61549
Epoch: 188/300   Train loss: nan   Test F-score avg/max: 0.035038/0.61549
Epoch: 189/300   Train loss: nan   Test F-score avg/max: 0.035038/0.61549
Epoch: 190/300   Train loss: nan   Test F-score avg/max: 0.035038/0.61549
Epoch: 191/300   Train loss: nan   Test F-score avg/max: 0.035038/0.61549
Epoch: 192/300   Train loss: nan   Test F-score avg/max: 0.035038/0.61549
Epoch: 193/300   Train loss: nan   Test F-score avg/max: 0.035038/0.61549
Epoch: 194/300   Train loss: nan   Test F-score avg/max: 0.035038/0.61549
Epoch: 195/300   Train loss: nan   Test F-score avg/max: 0.035038/0.61549
Epoch: 196/300   Train loss: nan   Test F-score avg/max: 0.035038/0.61549
Epoch: 197/300   Train loss: nan   Test F-score avg/max: 0.035038/0.61549
Epoch: 198/300   Train loss: nan   Test F-score avg/max: 0.035038/0.61549
Epoch: 199/300   Train loss: nan   Test F-score avg/max: 0.035038/0.61549
Epoch: 200/300   Train loss: nan   Test F-score avg/max: 0.035038/0.61549
Epoch: 201/300   Train loss: nan   Test F-score avg/max: 0.035038/0.61549
Epoch: 202/300   Train loss: nan   Test F-score avg/max: 0.035038/0.61549
Epoch: 203/300   Train loss: nan   Test F-score avg/max: 0.035038/0.61549
Epoch: 204/300   Train loss: nan   Test F-score avg/max: 0.035038/0.61549
Epoch: 205/300   Train loss: nan   Test F-score avg/max: 0.035038/0.61549
Epoch: 206/300   Train loss: nan   Test F-score avg/max: 0.035038/0.61549
Epoch: 207/300   Train loss: nan   Test F-score avg/max: 0.035038/0.61549
Epoch: 208/300   Train loss: nan   Test F-score avg/max: 0.035038/0.61549
Epoch: 209/300   Train loss: nan   Test F-score avg/max: 0.035038/0.61549
Epoch: 210/300   Train loss: nan   Test F-score avg/max: 0.035038/0.61549
Epoch: 211/300   Train loss: nan   Test F-score avg/max: 0.035038/0.61549
Epoch: 212/300   Train loss: nan   Test F-score avg/max: 0.035038/0.61549
Epoch: 213/300   Train loss: nan   Test F-score avg/max: 0.035038/0.61549
Epoch: 214/300   Train loss: nan   Test F-score avg/max: 0.035038/0.61549
Epoch: 215/300   Train loss: nan   Test F-score avg/max: 0.035038/0.61549
Epoch: 216/300   Train loss: nan   Test F-score avg/max: 0.035038/0.61549
Epoch: 217/300   Train loss: nan   Test F-score avg/max: 0.035038/0.61549
Epoch: 218/300   Train loss: nan   Test F-score avg/max: 0.035038/0.61549
Epoch: 219/300   Train loss: nan   Test F-score avg/max: 0.035038/0.61549
Epoch: 220/300   Train loss: nan   Test F-score avg/max: 0.035038/0.61549
Epoch: 221/300   Train loss: nan   Test F-score avg/max: 0.035038/0.61549
Epoch: 222/300   Train loss: nan   Test F-score avg/max: 0.035038/0.61549
Epoch: 223/300   Train loss: nan   Test F-score avg/max: 0.035038/0.61549
Epoch: 224/300   Train loss: nan   Test F-score avg/max: 0.035038/0.61549
Epoch: 225/300   Train loss: nan   Test F-score avg/max: 0.035038/0.61549
Epoch: 226/300   Train loss: nan   Test F-score avg/max: 0.035038/0.61549
Epoch: 227/300   Train loss: nan   Test F-score avg/max: 0.035038/0.61549
Epoch: 228/300   Train loss: nan   Test F-score avg/max: 0.035038/0.61549
Epoch: 229/300   Train loss: nan   Test F-score avg/max: 0.035038/0.61549
Epoch: 230/300   Train loss: nan   Test F-score avg/max: 0.035038/0.61549
Epoch: 231/300   Train loss: nan   Test F-score avg/max: 0.035038/0.61549
Epoch: 232/300   Train loss: nan   Test F-score avg/max: 0.035038/0.61549
Epoch: 233/300   Train loss: nan   Test F-score avg/max: 0.035038/0.61549
Epoch: 234/300   Train loss: nan   Test F-score avg/max: 0.035038/0.61549
Epoch: 235/300   Train loss: nan   Test F-score avg/max: 0.035038/0.61549
Epoch: 236/300   Train loss: nan   Test F-score avg/max: 0.035038/0.61549
Epoch: 237/300   Train loss: nan   Test F-score avg/max: 0.035038/0.61549
Epoch: 238/300   Train loss: nan   Test F-score avg/max: 0.035038/0.61549
Epoch: 239/300   Train loss: nan   Test F-score avg/max: 0.035038/0.61549
Epoch: 240/300   Train loss: nan   Test F-score avg/max: 0.035038/0.61549
Epoch: 241/300   Train loss: nan   Test F-score avg/max: 0.035038/0.61549
Epoch: 242/300   Train loss: nan   Test F-score avg/max: 0.035038/0.61549
Epoch: 243/300   Train loss: nan   Test F-score avg/max: 0.035038/0.61549
Epoch: 244/300   Train loss: nan   Test F-score avg/max: 0.035038/0.61549
Epoch: 245/300   Train loss: nan   Test F-score avg/max: 0.035038/0.61549
Epoch: 246/300   Train loss: nan   Test F-score avg/max: 0.035038/0.61549
Epoch: 247/300   Train loss: nan   Test F-score avg/max: 0.035038/0.61549
Epoch: 248/300   Train loss: nan   Test F-score avg/max: 0.035038/0.61549
Epoch: 249/300   Train loss: nan   Test F-score avg/max: 0.035038/0.61549
Epoch: 250/300   Train loss: nan   Test F-score avg/max: 0.035038/0.61549
Epoch: 251/300   Train loss: nan   Test F-score avg/max: 0.035038/0.61549
Epoch: 252/300   Train loss: nan   Test F-score avg/max: 0.035038/0.61549
Epoch: 253/300   Train loss: nan   Test F-score avg/max: 0.035038/0.61549
Epoch: 254/300   Train loss: nan   Test F-score avg/max: 0.035038/0.61549
Epoch: 255/300   Train loss: nan   Test F-score avg/max: 0.035038/0.61549
Epoch: 256/300   Train loss: nan   Test F-score avg/max: 0.035038/0.61549
Epoch: 257/300   Train loss: nan   Test F-score avg/max: 0.035038/0.61549
Epoch: 258/300   Train loss: nan   Test F-score avg/max: 0.035038/0.61549
Epoch: 259/300   Train loss: nan   Test F-score avg/max: 0.035038/0.61549
Epoch: 260/300   Train loss: nan   Test F-score avg/max: 0.035038/0.61549
Epoch: 261/300   Train loss: nan   Test F-score avg/max: 0.035038/0.61549
Epoch: 262/300   Train loss: nan   Test F-score avg/max: 0.035038/0.61549
Epoch: 263/300   Train loss: nan   Test F-score avg/max: 0.035038/0.61549
Epoch: 264/300   Train loss: nan   Test F-score avg/max: 0.035038/0.61549
WARNING:root:NaN or Inf found in input tensor.
WARNING:root:NaN or Inf found in input tensor.
WARNING:root:NaN or Inf found in input tensor.
WARNING:root:NaN or Inf found in input tensor.
WARNING:root:NaN or Inf found in input tensor.
WARNING:root:NaN or Inf found in input tensor.
WARNING:root:NaN or Inf found in input tensor.
WARNING:root:NaN or Inf found in input tensor.
WARNING:root:NaN or Inf found in input tensor.
WARNING:root:NaN or Inf found in input tensor.
WARNING:root:NaN or Inf found in input tensor.
WARNING:root:NaN or Inf found in input tensor.
WARNING:root:NaN or Inf found in input tensor.
WARNING:root:NaN or Inf found in input tensor.
WARNING:root:NaN or Inf found in input tensor.
WARNING:root:NaN or Inf found in input tensor.
WARNING:root:NaN or Inf found in input tensor.
WARNING:root:NaN or Inf found in input tensor.
WARNING:root:NaN or Inf found in input tensor.
WARNING:root:NaN or Inf found in input tensor.
WARNING:root:NaN or Inf found in input tensor.
WARNING:root:NaN or Inf found in input tensor.
WARNING:root:NaN or Inf found in input tensor.
WARNING:root:NaN or Inf found in input tensor.
WARNING:root:NaN or Inf found in input tensor.
WARNING:root:NaN or Inf found in input tensor.
WARNING:root:NaN or Inf found in input tensor.
WARNING:root:NaN or Inf found in input tensor.
WARNING:root:NaN or Inf found in input tensor.
WARNING:root:NaN or Inf found in input tensor.
WARNING:root:NaN or Inf found in input tensor.
WARNING:root:NaN or Inf found in input tensor.
WARNING:root:NaN or Inf found in input tensor.
WARNING:root:NaN or Inf found in input tensor.
WARNING:root:NaN or Inf found in input tensor.
mv: cannot stat 'i3d_features/models_temp/tvsum_splits_0/24_*.pth.tar': No such file or directory
WARNING:root:NaN or Inf found in input tensor.
WARNING:root:NaN or Inf found in input tensor.
Epoch: 265/300   Train loss: nan   Test F-score avg/max: 0.035038/0.61549
Epoch: 266/300   Train loss: nan   Test F-score avg/max: 0.035038/0.61549
Epoch: 267/300   Train loss: nan   Test F-score avg/max: 0.035038/0.61549
Epoch: 268/300   Train loss: nan   Test F-score avg/max: 0.035038/0.61549
Epoch: 269/300   Train loss: nan   Test F-score avg/max: 0.035038/0.61549
Epoch: 270/300   Train loss: nan   Test F-score avg/max: 0.035038/0.61549
Epoch: 271/300   Train loss: nan   Test F-score avg/max: 0.035038/0.61549
Epoch: 272/300   Train loss: nan   Test F-score avg/max: 0.035038/0.61549
Epoch: 273/300   Train loss: nan   Test F-score avg/max: 0.035038/0.61549
Epoch: 274/300   Train loss: nan   Test F-score avg/max: 0.035038/0.61549
Epoch: 275/300   Train loss: nan   Test F-score avg/max: 0.035038/0.61549
Epoch: 276/300   Train loss: nan   Test F-score avg/max: 0.035038/0.61549
Epoch: 277/300   Train loss: nan   Test F-score avg/max: 0.035038/0.61549
Epoch: 278/300   Train loss: nan   Test F-score avg/max: 0.035038/0.61549
Epoch: 279/300   Train loss: nan   Test F-score avg/max: 0.035038/0.61549
Epoch: 280/300   Train loss: nan   Test F-score avg/max: 0.035038/0.61549
Epoch: 281/300   Train loss: nan   Test F-score avg/max: 0.035038/0.61549
Epoch: 282/300   Train loss: nan   Test F-score avg/max: 0.035038/0.61549
Epoch: 283/300   Train loss: nan   Test F-score avg/max: 0.035038/0.61549
Epoch: 284/300   Train loss: nan   Test F-score avg/max: 0.035038/0.61549
Epoch: 285/300   Train loss: nan   Test F-score avg/max: 0.035038/0.61549
Epoch: 286/300   Train loss: nan   Test F-score avg/max: 0.035038/0.61549
Epoch: 287/300   Train loss: nan   Test F-score avg/max: 0.035038/0.61549
Epoch: 288/300   Train loss: nan   Test F-score avg/max: 0.035038/0.61549
Epoch: 289/300   Train loss: nan   Test F-score avg/max: 0.035038/0.61549
Epoch: 290/300   Train loss: nan   Test F-score avg/max: 0.035038/0.61549
Epoch: 291/300   Train loss: nan   Test F-score avg/max: 0.035038/0.61549
Epoch: 292/300   Train loss: nan   Test F-score avg/max: 0.035038/0.61549
Epoch: 293/300   Train loss: nan   Test F-score avg/max: 0.035038/0.61549
Epoch: 294/300   Train loss: nan   Test F-score avg/max: 0.035038/0.61549
Epoch: 295/300   Train loss: nan   Test F-score avg/max: 0.035038/0.61549
Epoch: 296/300   Train loss: nan   Test F-score avg/max: 0.035038/0.61549
Epoch: 297/300   Train loss: nan   Test F-score avg/max: 0.035038/0.61549
Epoch: 298/300   Train loss: nan   Test F-score avg/max: 0.035038/0.61549
Epoch: 299/300   Train loss: nan   Test F-score avg/max: 0.035038/0.61549
Split: splits/tvsum_splits.json   Best F-score: 0.61549   Model: i3d_features/models/tvsum_splits_0_0.6154850813751853.tar.pth
Setting CUDA device:  0
['../SUM-GAN-AAE/data/TVSum/tvsum_i3d_mixed5c_aligned.h5']
../SUM-GAN-AAE/data/TVSum/tvsum_i3d_mixed5c_aligned.h5
Loading: ../SUM-GAN-AAE/data/TVSum/tvsum_i3d_mixed5c_aligned.h5
Loading splits from:  splits/tvsum_splits.json
Selecting split:  1
tvsum
../SUM-GAN-AAE/data/SumMe/summe_i3d_mixed5c_aligned.h5
../SUM-GAN-AAE/data/TVSum/tvsum_i3d_mixed5c_aligned.h5
Initializing VASNet model and optimizer...
Starting training...
Epoch: 0/300    Train loss: 0.18528   Test F-score avg/max: 0.02655/0.02655
Epoch: 1/300    Train loss: 0.18334   Test F-score avg/max: 0.02655/0.02655
Epoch: 2/300    Train loss: 0.18334   Test F-score avg/max: 0.02655/0.02655
Epoch: 3/300    Train loss: 0.18334   Test F-score avg/max: 0.02655/0.02655
Epoch: 4/300    Train loss: 0.19339   Test F-score avg/max: 0.02655/0.02655
Epoch: 5/300    Train loss: 0.19351   Test F-score avg/max: 0.02655/0.02655
Epoch: 6/300    Train loss: 0.18334   Test F-score avg/max: 0.02655/0.02655
Epoch: 7/300    Train loss: 0.18334   Test F-score avg/max: 0.02655/0.02655
Epoch: 8/300    Train loss: 0.18334   Test F-score avg/max: 0.02655/0.02655
Epoch: 9/300    Train loss: 0.18334   Test F-score avg/max: 0.02655/0.02655
Epoch: 10/300   Train loss: 0.18334   Test F-score avg/max: 0.02655/0.02655
Epoch: 11/300   Train loss: 0.18334   Test F-score avg/max: 0.02655/0.02655
Epoch: 12/300   Train loss: 0.18334   Test F-score avg/max: 0.02655/0.02655
Epoch: 13/300   Train loss: 0.18334   Test F-score avg/max: 0.02655/0.02655
Epoch: 14/300   Train loss: 0.18334   Test F-score avg/max: 0.02655/0.02655
Epoch: 15/300   Train loss: 0.18333   Test F-score avg/max: 0.02655/0.02655
Epoch: 16/300   Train loss: 0.18046   Test F-score avg/max: 0.02655/0.02655
Epoch: 17/300   Train loss: 0.18334   Test F-score avg/max: 0.02655/0.02655
Epoch: 18/300   Train loss: 0.18334   Test F-score avg/max: 0.02655/0.02655
Epoch: 19/300   Train loss: 0.18334   Test F-score avg/max: 0.02655/0.02655
Epoch: 20/300   Train loss: 0.18333   Test F-score avg/max: 0.02655/0.02655
Epoch: 21/300   Train loss: 0.14416   Test F-score avg/max: 0.61543/0.61543
Epoch: 22/300   Train loss: 0.06097   Test F-score avg/max: 0.62652/0.62652
Epoch: 23/300   Train loss: 0.05978   Test F-score avg/max: 0.63689/0.63689
Epoch: 24/300   Train loss: 0.05479   Test F-score avg/max: 0.63193/0.63689
Epoch: 25/300   Train loss: 0.05287   Test F-score avg/max: 0.5978/0.63689
Epoch: 26/300   Train loss: 0.05060   Test F-score avg/max: 0.57121/0.63689
Epoch: 27/300   Train loss: 0.04912   Test F-score avg/max: 0.60069/0.63689
Epoch: 28/300   Train loss: 0.04773   Test F-score avg/max: 0.56929/0.63689
Epoch: 29/300   Train loss: 0.04644   Test F-score avg/max: 0.64281/0.64281
Epoch: 30/300   Train loss: 0.05001   Test F-score avg/max: 0.57712/0.64281
Epoch: 31/300   Train loss: 0.04649   Test F-score avg/max: 0.61517/0.64281
Epoch: 32/300   Train loss: 0.04601   Test F-score avg/max: 0.57714/0.64281
Epoch: 33/300   Train loss: 0.04477   Test F-score avg/max: 0.5758/0.64281
Epoch: 34/300   Train loss: 0.04145   Test F-score avg/max: 0.57944/0.64281
Epoch: 35/300   Train loss: 0.04139   Test F-score avg/max: 0.55192/0.64281
Epoch: 36/300   Train loss: 0.04355   Test F-score avg/max: 0.57468/0.64281
Epoch: 37/300   Train loss: 0.04128   Test F-score avg/max: 0.5986/0.64281
Epoch: 38/300   Train loss: 0.04409   Test F-score avg/max: 0.61493/0.64281
Epoch: 39/300   Train loss: 0.04902   Test F-score avg/max: 0.62246/0.64281
Epoch: 40/300   Train loss: 0.04953   Test F-score avg/max: 0.5618/0.64281
Epoch: 41/300   Train loss: 0.04130   Test F-score avg/max: 0.57198/0.64281
Epoch: 42/300   Train loss: 0.03727   Test F-score avg/max: 0.54693/0.64281
Epoch: 43/300   Train loss: 0.03936   Test F-score avg/max: 0.60455/0.64281
Epoch: 44/300   Train loss: 0.04131   Test F-score avg/max: 0.56631/0.64281
Epoch: 45/300   Train loss: 0.03829   Test F-score avg/max: 0.56674/0.64281
Epoch: 46/300   Train loss: 0.03613   Test F-score avg/max: 0.56199/0.64281
Epoch: 47/300   Train loss: 0.03294   Test F-score avg/max: 0.57429/0.64281
Epoch: 48/300   Train loss: 0.03297   Test F-score avg/max: 0.5728/0.64281
Epoch: 49/300   Train loss: 0.03143   Test F-score avg/max: 0.57452/0.64281
Epoch: 50/300   Train loss: 0.03064   Test F-score avg/max: 0.56532/0.64281
Epoch: 51/300   Train loss: 0.03254   Test F-score avg/max: 0.59291/0.64281
Epoch: 52/300   Train loss: 0.03151   Test F-score avg/max: 0.59048/0.64281
Epoch: 53/300   Train loss: 0.03178   Test F-score avg/max: 0.54667/0.64281
Epoch: 54/300   Train loss: 0.03124   Test F-score avg/max: 0.56054/0.64281
Epoch: 55/300   Train loss: 0.02995   Test F-score avg/max: 0.53672/0.64281
Epoch: 56/300   Train loss: 0.03071   Test F-score avg/max: 0.56293/0.64281
Epoch: 57/300   Train loss: 0.03044   Test F-score avg/max: 0.59235/0.64281
Epoch: 58/300   Train loss: 0.03073   Test F-score avg/max: 0.56727/0.64281
Epoch: 59/300   Train loss: 0.02920   Test F-score avg/max: 0.58563/0.64281
Epoch: 60/300   Train loss: 0.03003   Test F-score avg/max: 0.54339/0.64281
Epoch: 61/300   Train loss: 0.03198   Test F-score avg/max: 0.55002/0.64281
Epoch: 62/300   Train loss: 0.02930   Test F-score avg/max: 0.5529/0.64281
Epoch: 63/300   Train loss: 0.02891   Test F-score avg/max: 0.58587/0.64281
Epoch: 64/300   Train loss: 0.02746   Test F-score avg/max: 0.5535/0.64281
Epoch: 65/300   Train loss: nan   Test F-score avg/max: 0.02655/0.64281
Epoch: 66/300   Train loss: nan   Test F-score avg/max: 0.02655/0.64281
WARNING:root:NaN or Inf found in input tensor.
WARNING:root:NaN or Inf found in input tensor.
WARNING:root:NaN or Inf found in input tensor.
WARNING:root:NaN or Inf found in input tensor.
WARNING:root:NaN or Inf found in input tensor.
WARNING:root:NaN or Inf found in input tensor.
WARNING:root:NaN or Inf found in input tensor.
WARNING:root:NaN or Inf found in input tensor.
WARNING:root:NaN or Inf found in input tensor.
WARNING:root:NaN or Inf found in input tensor.
WARNING:root:NaN or Inf found in input tensor.
WARNING:root:NaN or Inf found in input tensor.
WARNING:root:NaN or Inf found in input tensor.
WARNING:root:NaN or Inf found in input tensor.
WARNING:root:NaN or Inf found in input tensor.
WARNING:root:NaN or Inf found in input tensor.
WARNING:root:NaN or Inf found in input tensor.
WARNING:root:NaN or Inf found in input tensor.
WARNING:root:NaN or Inf found in input tensor.
WARNING:root:NaN or Inf found in input tensor.
WARNING:root:NaN or Inf found in input tensor.
WARNING:root:NaN or Inf found in input tensor.
WARNING:root:NaN or Inf found in input tensor.
WARNING:root:NaN or Inf found in input tensor.
WARNING:root:NaN or Inf found in input tensor.
WARNING:root:NaN or Inf found in input tensor.
WARNING:root:NaN or Inf found in input tensor.
WARNING:root:NaN or Inf found in input tensor.
WARNING:root:NaN or Inf found in input tensor.
WARNING:root:NaN or Inf found in input tensor.
WARNING:root:NaN or Inf found in input tensor.
WARNING:root:NaN or Inf found in input tensor.
WARNING:root:NaN or Inf found in input tensor.
WARNING:root:NaN or Inf found in input tensor.
WARNING:root:NaN or Inf found in input tensor.
WARNING:root:NaN or Inf found in input tensor.
WARNING:root:NaN or Inf found in input tensor.
WARNING:root:NaN or Inf found in input tensor.
WARNING:root:NaN or Inf found in input tensor.
WARNING:root:NaN or Inf found in input tensor.
WARNING:root:NaN or Inf found in input tensor.
WARNING:root:NaN or Inf found in input tensor.
WARNING:root:NaN or Inf found in input tensor.
WARNING:root:NaN or Inf found in input tensor.
WARNING:root:NaN or Inf found in input tensor.
WARNING:root:NaN or Inf found in input tensor.
WARNING:root:NaN or Inf found in input tensor.
WARNING:root:NaN or Inf found in input tensor.
WARNING:root:NaN or Inf found in input tensor.
WARNING:root:NaN or Inf found in input tensor.
WARNING:root:NaN or Inf found in input tensor.
WARNING:root:NaN or Inf found in input tensor.
WARNING:root:NaN or Inf found in input tensor.
WARNING:root:NaN or Inf found in input tensor.
WARNING:root:NaN or Inf found in input tensor.
WARNING:root:NaN or Inf found in input tensor.
WARNING:root:NaN or Inf found in input tensor.
WARNING:root:NaN or Inf found in input tensor.
WARNING:root:NaN or Inf found in input tensor.
WARNING:root:NaN or Inf found in input tensor.
WARNING:root:NaN or Inf found in input tensor.
WARNING:root:NaN or Inf found in input tensor.
WARNING:root:NaN or Inf found in input tensor.
WARNING:root:NaN or Inf found in input tensor.
WARNING:root:NaN or Inf found in input tensor.
WARNING:root:NaN or Inf found in input tensor.
WARNING:root:NaN or Inf found in input tensor.
WARNING:root:NaN or Inf found in input tensor.
WARNING:root:NaN or Inf found in input tensor.
WARNING:root:NaN or Inf found in input tensor.
WARNING:root:NaN or Inf found in input tensor.
WARNING:root:NaN or Inf found in input tensor.
WARNING:root:NaN or Inf found in input tensor.
WARNING:root:NaN or Inf found in input tensor.
WARNING:root:NaN or Inf found in input tensor.
WARNING:root:NaN or Inf found in input tensor.
WARNING:root:NaN or Inf found in input tensor.
WARNING:root:NaN or Inf found in input tensor.
WARNING:root:NaN or Inf found in input tensor.
WARNING:root:NaN or Inf found in input tensor.
WARNING:root:NaN or Inf found in input tensor.
WARNING:root:NaN or Inf found in input tensor.
WARNING:root:NaN or Inf found in input tensor.
WARNING:root:NaN or Inf found in input tensor.
WARNING:root:NaN or Inf found in input tensor.
WARNING:root:NaN or Inf found in input tensor.
WARNING:root:NaN or Inf found in input tensor.
WARNING:root:NaN or Inf found in input tensor.
WARNING:root:NaN or Inf found in input tensor.
WARNING:root:NaN or Inf found in input tensor.
WARNING:root:NaN or Inf found in input tensor.
WARNING:root:NaN or Inf found in input tensor.
WARNING:root:NaN or Inf found in input tensor.
WARNING:root:NaN or Inf found in input tensor.
WARNING:root:NaN or Inf found in input tensor.
WARNING:root:NaN or Inf found in input tensor.
WARNING:root:NaN or Inf found in input tensor.
WARNING:root:NaN or Inf found in input tensor.
WARNING:root:NaN or Inf found in input tensor.
WARNING:root:NaN or Inf found in input tensor.
WARNING:root:NaN or Inf found in input tensor.
WARNING:root:NaN or Inf found in input tensor.
WARNING:root:NaN or Inf found in input tensor.
WARNING:root:NaN or Inf found in input tensor.
WARNING:root:NaN or Inf found in input tensor.
WARNING:root:NaN or Inf found in input tensor.
WARNING:root:NaN or Inf found in input tensor.
WARNING:root:NaN or Inf found in input tensor.
WARNING:root:NaN or Inf found in input tensor.
WARNING:root:NaN or Inf found in input tensor.
WARNING:root:NaN or Inf found in input tensor.
WARNING:root:NaN or Inf found in input tensor.
WARNING:root:NaN or Inf found in input tensor.
Epoch: 67/300   Train loss: nan   Test F-score avg/max: 0.02655/0.64281
Epoch: 68/300   Train loss: nan   Test F-score avg/max: 0.02655/0.64281
Epoch: 69/300   Train loss: nan   Test F-score avg/max: 0.02655/0.64281
Epoch: 70/300   Train loss: nan   Test F-score avg/max: 0.02655/0.64281
Epoch: 71/300   Train loss: nan   Test F-score avg/max: 0.02655/0.64281
Epoch: 72/300   Train loss: nan   Test F-score avg/max: 0.02655/0.64281
Epoch: 73/300   Train loss: nan   Test F-score avg/max: 0.02655/0.64281
Epoch: 74/300   Train loss: nan   Test F-score avg/max: 0.02655/0.64281
Epoch: 75/300   Train loss: nan   Test F-score avg/max: 0.02655/0.64281
Epoch: 76/300   Train loss: nan   Test F-score avg/max: 0.02655/0.64281
Epoch: 77/300   Train loss: nan   Test F-score avg/max: 0.02655/0.64281
Epoch: 78/300   Train loss: nan   Test F-score avg/max: 0.02655/0.64281
Epoch: 79/300   Train loss: nan   Test F-score avg/max: 0.02655/0.64281
Epoch: 80/300   Train loss: nan   Test F-score avg/max: 0.02655/0.64281
Epoch: 81/300   Train loss: nan   Test F-score avg/max: 0.02655/0.64281
Epoch: 82/300   Train loss: nan   Test F-score avg/max: 0.02655/0.64281
Epoch: 83/300   Train loss: nan   Test F-score avg/max: 0.02655/0.64281
Epoch: 84/300   Train loss: nan   Test F-score avg/max: 0.02655/0.64281
Epoch: 85/300   Train loss: nan   Test F-score avg/max: 0.02655/0.64281
Epoch: 86/300   Train loss: nan   Test F-score avg/max: 0.02655/0.64281
Epoch: 87/300   Train loss: nan   Test F-score avg/max: 0.02655/0.64281
Epoch: 88/300   Train loss: nan   Test F-score avg/max: 0.02655/0.64281
Epoch: 89/300   Train loss: nan   Test F-score avg/max: 0.02655/0.64281
Epoch: 90/300   Train loss: nan   Test F-score avg/max: 0.02655/0.64281
Epoch: 91/300   Train loss: nan   Test F-score avg/max: 0.02655/0.64281
Epoch: 92/300   Train loss: nan   Test F-score avg/max: 0.02655/0.64281
Epoch: 93/300   Train loss: nan   Test F-score avg/max: 0.02655/0.64281
Epoch: 94/300   Train loss: nan   Test F-score avg/max: 0.02655/0.64281
Epoch: 95/300   Train loss: nan   Test F-score avg/max: 0.02655/0.64281
Epoch: 96/300   Train loss: nan   Test F-score avg/max: 0.02655/0.64281
Epoch: 97/300   Train loss: nan   Test F-score avg/max: 0.02655/0.64281
Epoch: 98/300   Train loss: nan   Test F-score avg/max: 0.02655/0.64281
Epoch: 99/300   Train loss: nan   Test F-score avg/max: 0.02655/0.64281
Epoch: 100/300   Train loss: nan   Test F-score avg/max: 0.02655/0.64281
Epoch: 101/300   Train loss: nan   Test F-score avg/max: 0.02655/0.64281
Epoch: 102/300   Train loss: nan   Test F-score avg/max: 0.02655/0.64281
Epoch: 103/300   Train loss: nan   Test F-score avg/max: 0.02655/0.64281
Epoch: 104/300   Train loss: nan   Test F-score avg/max: 0.02655/0.64281
Epoch: 105/300   Train loss: nan   Test F-score avg/max: 0.02655/0.64281
Epoch: 106/300   Train loss: nan   Test F-score avg/max: 0.02655/0.64281
Epoch: 107/300   Train loss: nan   Test F-score avg/max: 0.02655/0.64281
Epoch: 108/300   Train loss: nan   Test F-score avg/max: 0.02655/0.64281
Epoch: 109/300   Train loss: nan   Test F-score avg/max: 0.02655/0.64281
Epoch: 110/300   Train loss: nan   Test F-score avg/max: 0.02655/0.64281
Epoch: 111/300   Train loss: nan   Test F-score avg/max: 0.02655/0.64281
Epoch: 112/300   Train loss: nan   Test F-score avg/max: 0.02655/0.64281
Epoch: 113/300   Train loss: nan   Test F-score avg/max: 0.02655/0.64281
Epoch: 114/300   Train loss: nan   Test F-score avg/max: 0.02655/0.64281
Epoch: 115/300   Train loss: nan   Test F-score avg/max: 0.02655/0.64281
Epoch: 116/300   Train loss: nan   Test F-score avg/max: 0.02655/0.64281
Epoch: 117/300   Train loss: nan   Test F-score avg/max: 0.02655/0.64281
Epoch: 118/300   Train loss: nan   Test F-score avg/max: 0.02655/0.64281
Epoch: 119/300   Train loss: nan   Test F-score avg/max: 0.02655/0.64281
Epoch: 120/300   Train loss: nan   Test F-score avg/max: 0.02655/0.64281
Epoch: 121/300   Train loss: nan   Test F-score avg/max: 0.02655/0.64281
Epoch: 122/300   Train loss: nan   Test F-score avg/max: 0.02655/0.64281
Epoch: 123/300   Train loss: nan   Test F-score avg/max: 0.02655/0.64281
Epoch: 124/300   Train loss: nan   Test F-score avg/max: 0.02655/0.64281
Epoch: 125/300   Train loss: nan   Test F-score avg/max: 0.02655/0.64281
Epoch: 126/300   Train loss: nan   Test F-score avg/max: 0.02655/0.64281
Epoch: 127/300   Train loss: nan   Test F-score avg/max: 0.02655/0.64281
Epoch: 128/300   Train loss: nan   Test F-score avg/max: 0.02655/0.64281
Epoch: 129/300   Train loss: nan   Test F-score avg/max: 0.02655/0.64281
Epoch: 130/300   Train loss: nan   Test F-score avg/max: 0.02655/0.64281
Epoch: 131/300   Train loss: nan   Test F-score avg/max: 0.02655/0.64281
Epoch: 132/300   Train loss: nan   Test F-score avg/max: 0.02655/0.64281
Epoch: 133/300   Train loss: nan   Test F-score avg/max: 0.02655/0.64281
Epoch: 134/300   Train loss: nan   Test F-score avg/max: 0.02655/0.64281
Epoch: 135/300   Train loss: nan   Test F-score avg/max: 0.02655/0.64281
Epoch: 136/300   Train loss: nan   Test F-score avg/max: 0.02655/0.64281
Epoch: 137/300   Train loss: nan   Test F-score avg/max: 0.02655/0.64281
Epoch: 138/300   Train loss: nan   Test F-score avg/max: 0.02655/0.64281
Epoch: 139/300   Train loss: nan   Test F-score avg/max: 0.02655/0.64281
Epoch: 140/300   Train loss: nan   Test F-score avg/max: 0.02655/0.64281
Epoch: 141/300   Train loss: nan   Test F-score avg/max: 0.02655/0.64281
Epoch: 142/300   Train loss: nan   Test F-score avg/max: 0.02655/0.64281
Epoch: 143/300   Train loss: nan   Test F-score avg/max: 0.02655/0.64281
Epoch: 144/300   Train loss: nan   Test F-score avg/max: 0.02655/0.64281
Epoch: 145/300   Train loss: nan   Test F-score avg/max: 0.02655/0.64281
Epoch: 146/300   Train loss: nan   Test F-score avg/max: 0.02655/0.64281
Epoch: 147/300   Train loss: nan   Test F-score avg/max: 0.02655/0.64281
Epoch: 148/300   Train loss: nan   Test F-score avg/max: 0.02655/0.64281
Epoch: 149/300   Train loss: nan   Test F-score avg/max: 0.02655/0.64281
Epoch: 150/300   Train loss: nan   Test F-score avg/max: 0.02655/0.64281
Epoch: 151/300   Train loss: nan   Test F-score avg/max: 0.02655/0.64281
Epoch: 152/300   Train loss: nan   Test F-score avg/max: 0.02655/0.64281
Epoch: 153/300   Train loss: nan   Test F-score avg/max: 0.02655/0.64281
Epoch: 154/300   Train loss: nan   Test F-score avg/max: 0.02655/0.64281
Epoch: 155/300   Train loss: nan   Test F-score avg/max: 0.02655/0.64281
Epoch: 156/300   Train loss: nan   Test F-score avg/max: 0.02655/0.64281
Epoch: 157/300   Train loss: nan   Test F-score avg/max: 0.02655/0.64281
Epoch: 158/300   Train loss: nan   Test F-score avg/max: 0.02655/0.64281
Epoch: 159/300   Train loss: nan   Test F-score avg/max: 0.02655/0.64281
Epoch: 160/300   Train loss: nan   Test F-score avg/max: 0.02655/0.64281
Epoch: 161/300   Train loss: nan   Test F-score avg/max: 0.02655/0.64281
Epoch: 162/300   Train loss: nan   Test F-score avg/max: 0.02655/0.64281
Epoch: 163/300   Train loss: nan   Test F-score avg/max: 0.02655/0.64281
Epoch: 164/300   Train loss: nan   Test F-score avg/max: 0.02655/0.64281
Epoch: 165/300   Train loss: nan   Test F-score avg/max: 0.02655/0.64281
Epoch: 166/300   Train loss: nan   Test F-score avg/max: 0.02655/0.64281
Epoch: 167/300   Train loss: nan   Test F-score avg/max: 0.02655/0.64281
Epoch: 168/300   Train loss: nan   Test F-score avg/max: 0.02655/0.64281
Epoch: 169/300   Train loss: nan   Test F-score avg/max: 0.02655/0.64281
Epoch: 170/300   Train loss: nan   Test F-score avg/max: 0.02655/0.64281
Epoch: 171/300   Train loss: nan   Test F-score avg/max: 0.02655/0.64281
Epoch: 172/300   Train loss: nan   Test F-score avg/max: 0.02655/0.64281
Epoch: 173/300   Train loss: nan   Test F-score avg/max: 0.02655/0.64281
Epoch: 174/300   Train loss: nan   Test F-score avg/max: 0.02655/0.64281
Epoch: 175/300   Train loss: nan   Test F-score avg/max: 0.02655/0.64281
Epoch: 176/300   Train loss: nan   Test F-score avg/max: 0.02655/0.64281
Epoch: 177/300   Train loss: nan   Test F-score avg/max: 0.02655/0.64281
Epoch: 178/300   Train loss: nan   Test F-score avg/max: 0.02655/0.64281
Epoch: 179/300   Train loss: nan   Test F-score avg/max: 0.02655/0.64281
WARNING:root:NaN or Inf found in input tensor.
WARNING:root:NaN or Inf found in input tensor.
WARNING:root:NaN or Inf found in input tensor.
