Packages & system versions:
----------------------------------------------------------------------
display :  	NVRM version: NVIDIA UNIX x86_64 Kernel Module  450.36.06  Mon Jun  1 23:19:54 UTC 2020
	GCC version:  gcc version 4.8.5 20150623 (Red Hat 4.8.5-39) (GCC)
cuda :  NA
cudnn :  7605
platform :  Linux-3.10.0-1127.8.2.el7.x86_64-x86_64-with-glibc2.10
python :  (3, 8, 2)
torch :  1.5.0
numpy :  1.18.1
h5py :  2.10.0
json :  2.0.9
ortools :  7.6.7691
torchvision :  0.6.0a0+82fd1c8

root
datasets
splits
train
verbose
output_dir
l2_req
lr_epochs
lr
Parameters:
----------------------------------------------------------------------
[0] cuda_device: 0
[1] datasets: ['../SUM-GAN-AAE/data/SumMe/summe_i3d_mixed5c_aligned.h5', '../SUM-GAN-AAE/data/TVSum/tvsum_i3d_mixed5c_aligned.h5']
[2] epochs_max: 300
[3] l2_req: 1e-05
[4] lr: [0.0005]
[5] lr_epochs: [0]
[6] max_summary_length: 0.15
[7] output_dir: i3d_features
[8] root: 
[9] splits: ['splits/tvsum_splits.json', 'splits/summe_splits.json', 'splits/tvsum_aug_splits.json', 'splits/summe_aug_splits.json']
[10] train: True
[11] train_batch_size: 1
[12] use_cuda: True
[13] verbose: False

tvsum  [{'test_keys': ['video_10', 'video_20', 'video_23', 'video_29', 'video_3', 'video_32', 'video_33', 'video_35', 'video_37', 'video_41'], 'train_keys': ['video_1', 'video_11', 'video_12', 'video_13', 'video_14', 'video_15', 'video_16', 'video_17', 'video_18', 'video_19', 'video_2', 'video_21', 'video_22', 'video_24', 'video_25', 'video_26', 'video_27', 'video_28', 'video_30', 'video_31', 'video_34', 'video_36', 'video_38', 'video_39', 'video_4', 'video_40', 'video_42', 'video_43', 'video_44', 'video_45', 'video_46', 'video_47', 'video_48', 'video_49', 'video_5', 'video_50', 'video_6', 'video_7', 'video_8', 'video_9']}, {'test_keys': ['video_14', 'video_29', 'video_35', 'video_36', 'video_38', 'video_41', 'video_45', 'video_46', 'video_5', 'video_6'], 'train_keys': ['video_1', 'video_10', 'video_11', 'video_12', 'video_13', 'video_15', 'video_16', 'video_17', 'video_18', 'video_19', 'video_2', 'video_20', 'video_21', 'video_22', 'video_23', 'video_24', 'video_25', 'video_26', 'video_27', 'video_28', 'video_3', 'video_30', 'video_31', 'video_32', 'video_33', 'video_34', 'video_37', 'video_39', 'video_4', 'video_40', 'video_42', 'video_43', 'video_44', 'video_47', 'video_48', 'video_49', 'video_50', 'video_7', 'video_8', 'video_9']}, {'test_keys': ['video_11', 'video_12', 'video_13', 'video_14', 'video_19', 'video_20', 'video_25', 'video_27', 'video_35', 'video_48'], 'train_keys': ['video_1', 'video_10', 'video_15', 'video_16', 'video_17', 'video_18', 'video_2', 'video_21', 'video_22', 'video_23', 'video_24', 'video_26', 'video_28', 'video_29', 'video_3', 'video_30', 'video_31', 'video_32', 'video_33', 'video_34', 'video_36', 'video_37', 'video_38', 'video_39', 'video_4', 'video_40', 'video_41', 'video_42', 'video_43', 'video_44', 'video_45', 'video_46', 'video_47', 'video_49', 'video_5', 'video_50', 'video_6', 'video_7', 'video_8', 'video_9']}, {'test_keys': ['video_25', 'video_31', 'video_33', 'video_35', 'video_39', 'video_4', 'video_45', 'video_49', 'video_5', 'video_7'], 'train_keys': ['video_1', 'video_10', 'video_11', 'video_12', 'video_13', 'video_14', 'video_15', 'video_16', 'video_17', 'video_18', 'video_19', 'video_2', 'video_20', 'video_21', 'video_22', 'video_23', 'video_24', 'video_26', 'video_27', 'video_28', 'video_29', 'video_3', 'video_30', 'video_32', 'video_34', 'video_36', 'video_37', 'video_38', 'video_40', 'video_41', 'video_42', 'video_43', 'video_44', 'video_46', 'video_47', 'video_48', 'video_50', 'video_6', 'video_8', 'video_9']}, {'test_keys': ['video_10', 'video_14', 'video_17', 'video_2', 'video_29', 'video_31', 'video_38', 'video_48', 'video_49', 'video_5'], 'train_keys': ['video_1', 'video_11', 'video_12', 'video_13', 'video_15', 'video_16', 'video_18', 'video_19', 'video_20', 'video_21', 'video_22', 'video_23', 'video_24', 'video_25', 'video_26', 'video_27', 'video_28', 'video_3', 'video_30', 'video_32', 'video_33', 'video_34', 'video_35', 'video_36', 'video_37', 'video_39', 'video_4', 'video_40', 'video_41', 'video_42', 'video_43', 'video_44', 'video_45', 'video_46', 'video_47', 'video_50', 'video_6', 'video_7', 'video_8', 'video_9']}]
tvsum
../SUM-GAN-AAE/data/SumMe/summe_i3d_mixed5c_aligned.h5
../SUM-GAN-AAE/data/TVSum/tvsum_i3d_mixed5c_aligned.h5
Setting CUDA device:  0
['../SUM-GAN-AAE/data/TVSum/tvsum_i3d_mixed5c_aligned.h5']
../SUM-GAN-AAE/data/TVSum/tvsum_i3d_mixed5c_aligned.h5
Loading: ../SUM-GAN-AAE/data/TVSum/tvsum_i3d_mixed5c_aligned.h5
Loading splits from:  splits/tvsum_splits.json
Selecting split:  0
tvsum
../SUM-GAN-AAE/data/SumMe/summe_i3d_mixed5c_aligned.h5
../SUM-GAN-AAE/data/TVSum/tvsum_i3d_mixed5c_aligned.h5
Initializing VASNet model and optimizer...
Starting training...
Epoch: 0/300    Train loss: 0.18253   Test F-score avg/max: 0.035038/0.035038
Epoch: 1/300    Train loss: 0.18277   Test F-score avg/max: 0.035038/0.035038
Epoch: 2/300    Train loss: 0.18277   Test F-score avg/max: 0.035038/0.035038
Epoch: 3/300    Train loss: 0.18277   Test F-score avg/max: 0.035038/0.035038
Epoch: 4/300    Train loss: 0.18277   Test F-score avg/max: 0.035038/0.035038
Epoch: 5/300    Train loss: 0.18277   Test F-score avg/max: 0.035038/0.035038
Epoch: 6/300    Train loss: 0.18277   Test F-score avg/max: 0.035038/0.035038
Epoch: 7/300    Train loss: 0.18277   Test F-score avg/max: 0.035038/0.035038
Epoch: 8/300    Train loss: 0.18277   Test F-score avg/max: 0.035038/0.035038
Epoch: 9/300    Train loss: 0.18277   Test F-score avg/max: 0.035038/0.035038
Epoch: 10/300   Train loss: 0.18277   Test F-score avg/max: 0.035038/0.035038
Epoch: 11/300   Train loss: 0.18277   Test F-score avg/max: 0.035038/0.035038
Epoch: 12/300   Train loss: 0.18277   Test F-score avg/max: 0.035038/0.035038
Epoch: 13/300   Train loss: 0.18277   Test F-score avg/max: 0.035038/0.035038
Epoch: 14/300   Train loss: 0.18277   Test F-score avg/max: 0.035038/0.035038
Epoch: 15/300   Train loss: 0.18277   Test F-score avg/max: 0.035038/0.035038
Epoch: 16/300   Train loss: 0.18277   Test F-score avg/max: 0.035038/0.035038
Epoch: 17/300   Train loss: 0.18277   Test F-score avg/max: 0.035038/0.035038
Epoch: 18/300   Train loss: 0.18277   Test F-score avg/max: 0.035038/0.035038
Epoch: 19/300   Train loss: 0.18277   Test F-score avg/max: 0.035038/0.035038
Epoch: 20/300   Train loss: 0.18277   Test F-score avg/max: 0.035038/0.035038
Epoch: 21/300   Train loss: 0.18277   Test F-score avg/max: 0.035038/0.035038
Epoch: 22/300   Train loss: 0.18277   Test F-score avg/max: 0.035038/0.035038
Epoch: 23/300   Train loss: 0.18277   Test F-score avg/max: 0.035038/0.035038
Epoch: 24/300   Train loss: 0.18277   Test F-score avg/max: 0.035038/0.035038
Epoch: 25/300   Train loss: 0.18277   Test F-score avg/max: 0.035038/0.035038
Epoch: 26/300   Train loss: 0.18277   Test F-score avg/max: 0.035038/0.035038
Epoch: 27/300   Train loss: 0.18199   Test F-score avg/max: 0.035038/0.035038
Epoch: 28/300   Train loss: 0.18277   Test F-score avg/max: 0.035038/0.035038
Epoch: 29/300   Train loss: 0.18277   Test F-score avg/max: 0.035038/0.035038
Epoch: 30/300   Train loss: 0.18277   Test F-score avg/max: 0.035038/0.035038
Epoch: 31/300   Train loss: 0.18277   Test F-score avg/max: 0.035038/0.035038
Epoch: 32/300   Train loss: 0.18277   Test F-score avg/max: 0.035038/0.035038
Epoch: 33/300   Train loss: 0.18277   Test F-score avg/max: 0.035038/0.035038
Epoch: 34/300   Train loss: 0.18277   Test F-score avg/max: 0.035038/0.035038
Epoch: 35/300   Train loss: 0.18277   Test F-score avg/max: 0.035038/0.035038
Epoch: 36/300   Train loss: 0.18277   Test F-score avg/max: 0.035038/0.035038
Epoch: 37/300   Train loss: 0.18277   Test F-score avg/max: 0.035038/0.035038
Epoch: 38/300   Train loss: 0.18277   Test F-score avg/max: 0.035038/0.035038
Epoch: 39/300   Train loss: 0.18277   Test F-score avg/max: 0.035038/0.035038
Epoch: 40/300   Train loss: 0.18277   Test F-score avg/max: 0.035038/0.035038
Epoch: 41/300   Train loss: 0.18277   Test F-score avg/max: 0.035038/0.035038
WARNING:root:NaN or Inf found in input tensor.
WARNING:root:NaN or Inf found in input tensor.
WARNING:root:NaN or Inf found in input tensor.
WARNING:root:NaN or Inf found in input tensor.
WARNING:root:NaN or Inf found in input tensor.
WARNING:root:NaN or Inf found in input tensor.
WARNING:root:NaN or Inf found in input tensor.
WARNING:root:NaN or Inf found in input tensor.
WARNING:root:NaN or Inf found in input tensor.
WARNING:root:NaN or Inf found in input tensor.
WARNING:root:NaN or Inf found in input tensor.
WARNING:root:NaN or Inf found in input tensor.
WARNING:root:NaN or Inf found in input tensor.
WARNING:root:NaN or Inf found in input tensor.
WARNING:root:NaN or Inf found in input tensor.
WARNING:root:NaN or Inf found in input tensor.
WARNING:root:NaN or Inf found in input tensor.
WARNING:root:NaN or Inf found in input tensor.
WARNING:root:NaN or Inf found in input tensor.
WARNING:root:NaN or Inf found in input tensor.
WARNING:root:NaN or Inf found in input tensor.
WARNING:root:NaN or Inf found in input tensor.
WARNING:root:NaN or Inf found in input tensor.
WARNING:root:NaN or Inf found in input tensor.
WARNING:root:NaN or Inf found in input tensor.
WARNING:root:NaN or Inf found in input tensor.
WARNING:root:NaN or Inf found in input tensor.
WARNING:root:NaN or Inf found in input tensor.
WARNING:root:NaN or Inf found in input tensor.
WARNING:root:NaN or Inf found in input tensor.
WARNING:root:NaN or Inf found in input tensor.
WARNING:root:NaN or Inf found in input tensor.
WARNING:root:NaN or Inf found in input tensor.
WARNING:root:NaN or Inf found in input tensor.
WARNING:root:NaN or Inf found in input tensor.
WARNING:root:NaN or Inf found in input tensor.
WARNING:root:NaN or Inf found in input tensor.
WARNING:root:NaN or Inf found in input tensor.
WARNING:root:NaN or Inf found in input tensor.
WARNING:root:NaN or Inf found in input tensor.
WARNING:root:NaN or Inf found in input tensor.
WARNING:root:NaN or Inf found in input tensor.
Epoch: 42/300   Train loss: 0.18277   Test F-score avg/max: 0.035038/0.035038
Epoch: 43/300   Train loss: 0.18277   Test F-score avg/max: 0.035038/0.035038
Epoch: 44/300   Train loss: 0.18277   Test F-score avg/max: 0.035038/0.035038
Epoch: 45/300   Train loss: 0.18277   Test F-score avg/max: 0.035038/0.035038
Epoch: 46/300   Train loss: 0.18277   Test F-score avg/max: 0.035038/0.035038
Epoch: 47/300   Train loss: 0.18277   Test F-score avg/max: 0.035038/0.035038
Epoch: 48/300   Train loss: 0.18277   Test F-score avg/max: 0.035038/0.035038
Epoch: 49/300   Train loss: 0.18277   Test F-score avg/max: 0.035038/0.035038
Epoch: 50/300   Train loss: 0.18277   Test F-score avg/max: 0.035038/0.035038
Epoch: 51/300   Train loss: 0.18277   Test F-score avg/max: 0.035038/0.035038
Epoch: 52/300   Train loss: 0.18277   Test F-score avg/max: 0.035038/0.035038
Epoch: 53/300   Train loss: 0.18277   Test F-score avg/max: 0.035038/0.035038
Epoch: 54/300   Train loss: 0.18277   Test F-score avg/max: 0.035038/0.035038
Epoch: 55/300   Train loss: 0.18277   Test F-score avg/max: 0.035038/0.035038
Epoch: 56/300   Train loss: 0.18277   Test F-score avg/max: 0.035038/0.035038
Epoch: 57/300   Train loss: 0.18277   Test F-score avg/max: 0.035038/0.035038
Epoch: 58/300   Train loss: 0.18277   Test F-score avg/max: 0.035038/0.035038
Epoch: 59/300   Train loss: 0.18277   Test F-score avg/max: 0.035038/0.035038
Epoch: 60/300   Train loss: 0.18277   Test F-score avg/max: 0.035038/0.035038
Epoch: 61/300   Train loss: 0.18277   Test F-score avg/max: 0.035038/0.035038
Epoch: 62/300   Train loss: 0.18277   Test F-score avg/max: 0.035038/0.035038
Epoch: 63/300   Train loss: 0.18277   Test F-score avg/max: 0.035038/0.035038
Epoch: 64/300   Train loss: 0.18277   Test F-score avg/max: 0.035038/0.035038
Epoch: 65/300   Train loss: 0.18277   Test F-score avg/max: 0.035038/0.035038
Epoch: 66/300   Train loss: 0.18277   Test F-score avg/max: 0.035038/0.035038
Epoch: 67/300   Train loss: 0.18277   Test F-score avg/max: 0.035038/0.035038
Epoch: 68/300   Train loss: 0.18277   Test F-score avg/max: 0.035038/0.035038
Epoch: 69/300   Train loss: 0.18277   Test F-score avg/max: 0.035038/0.035038
Epoch: 70/300   Train loss: 0.18277   Test F-score avg/max: 0.035038/0.035038
Epoch: 71/300   Train loss: 0.18277   Test F-score avg/max: 0.035038/0.035038
Epoch: 72/300   Train loss: 0.19211   Test F-score avg/max: 0.54869/0.54869
Epoch: 73/300   Train loss: 0.28731   Test F-score avg/max: 0.035038/0.54869
Epoch: 74/300   Train loss: 0.18271   Test F-score avg/max: 0.035038/0.54869
Epoch: 75/300   Train loss: 0.15496   Test F-score avg/max: 0.56383/0.56383
Epoch: 76/300   Train loss: 0.06454   Test F-score avg/max: 0.56261/0.56383
Epoch: 77/300   Train loss: 0.06058   Test F-score avg/max: 0.54869/0.56383
Epoch: 78/300   Train loss: 0.05996   Test F-score avg/max: 0.54869/0.56383
Epoch: 79/300   Train loss: 0.05901   Test F-score avg/max: 0.55276/0.56383
Epoch: 80/300   Train loss: 0.05846   Test F-score avg/max: 0.55272/0.56383
Epoch: 81/300   Train loss: 0.05851   Test F-score avg/max: 0.55638/0.56383
Epoch: 82/300   Train loss: 0.05837   Test F-score avg/max: 0.54869/0.56383
Epoch: 83/300   Train loss: 0.05861   Test F-score avg/max: 0.55341/0.56383
Epoch: 84/300   Train loss: 0.05853   Test F-score avg/max: 0.54869/0.56383
Epoch: 85/300   Train loss: 0.05868   Test F-score avg/max: 0.55566/0.56383
Epoch: 86/300   Train loss: 0.05871   Test F-score avg/max: 0.54397/0.56383
Epoch: 87/300   Train loss: 0.05893   Test F-score avg/max: 0.54212/0.56383
Epoch: 88/300   Train loss: 0.05895   Test F-score avg/max: 0.56892/0.56892
Epoch: 89/300   Train loss: 0.05875   Test F-score avg/max: 0.54903/0.56892
Epoch: 90/300   Train loss: 0.05833   Test F-score avg/max: 0.54903/0.56892
Epoch: 91/300   Train loss: 0.05853   Test F-score avg/max: 0.53819/0.56892
Epoch: 92/300   Train loss: 0.05859   Test F-score avg/max: 0.54791/0.56892
Epoch: 93/300   Train loss: 0.05850   Test F-score avg/max: 0.54578/0.56892
Epoch: 94/300   Train loss: 0.05836   Test F-score avg/max: 0.54978/0.56892
Epoch: 95/300   Train loss: 0.05854   Test F-score avg/max: 0.54869/0.56892
Epoch: 96/300   Train loss: 0.05862   Test F-score avg/max: 0.54639/0.56892
Epoch: 97/300   Train loss: 0.05853   Test F-score avg/max: 0.54875/0.56892
Epoch: 98/300   Train loss: 0.05814   Test F-score avg/max: 0.5581/0.56892
Epoch: 99/300   Train loss: 0.05841   Test F-score avg/max: 0.55712/0.56892
Epoch: 100/300   Train loss: 0.05802   Test F-score avg/max: 0.54666/0.56892
Epoch: 101/300   Train loss: 0.05825   Test F-score avg/max: 0.55646/0.56892
Epoch: 102/300   Train loss: 0.05795   Test F-score avg/max: 0.55968/0.56892
Epoch: 103/300   Train loss: 0.05847   Test F-score avg/max: 0.57199/0.57199
Epoch: 104/300   Train loss: 0.05830   Test F-score avg/max: 0.554/0.57199
Epoch: 105/300   Train loss: 0.05799   Test F-score avg/max: 0.59083/0.59083
Epoch: 106/300   Train loss: 0.05805   Test F-score avg/max: 0.54995/0.59083
Epoch: 107/300   Train loss: 0.06098   Test F-score avg/max: 0.56426/0.59083
Epoch: 108/300   Train loss: 0.05096   Test F-score avg/max: 0.56027/0.59083
Epoch: 109/300   Train loss: nan   Test F-score avg/max: 0.035038/0.59083
Epoch: 110/300   Train loss: nan   Test F-score avg/max: 0.035038/0.59083
Epoch: 111/300   Train loss: nan   Test F-score avg/max: 0.035038/0.59083
Epoch: 112/300   Train loss: nan   Test F-score avg/max: 0.035038/0.59083
Epoch: 113/300   Train loss: nan   Test F-score avg/max: 0.035038/0.59083
Epoch: 114/300   Train loss: nan   Test F-score avg/max: 0.035038/0.59083
Epoch: 115/300   Train loss: nan   Test F-score avg/max: 0.035038/0.59083
Epoch: 116/300   Train loss: nan   Test F-score avg/max: 0.035038/0.59083
Epoch: 117/300   Train loss: nan   Test F-score avg/max: 0.035038/0.59083
Epoch: 118/300   Train loss: nan   Test F-score avg/max: 0.035038/0.59083
Epoch: 119/300   Train loss: nan   Test F-score avg/max: 0.035038/0.59083
Epoch: 120/300   Train loss: nan   Test F-score avg/max: 0.035038/0.59083
Epoch: 121/300   Train loss: nan   Test F-score avg/max: 0.035038/0.59083
Epoch: 122/300   Train loss: nan   Test F-score avg/max: 0.035038/0.59083
Epoch: 123/300   Train loss: nan   Test F-score avg/max: 0.035038/0.59083
Epoch: 124/300   Train loss: nan   Test F-score avg/max: 0.035038/0.59083
Epoch: 125/300   Train loss: nan   Test F-score avg/max: 0.035038/0.59083
Epoch: 126/300   Train loss: nan   Test F-score avg/max: 0.035038/0.59083
Epoch: 127/300   Train loss: nan   Test F-score avg/max: 0.035038/0.59083
Epoch: 128/300   Train loss: nan   Test F-score avg/max: 0.035038/0.59083
Epoch: 129/300   Train loss: nan   Test F-score avg/max: 0.035038/0.59083
Epoch: 130/300   Train loss: nan   Test F-score avg/max: 0.035038/0.59083
Epoch: 131/300   Train loss: nan   Test F-score avg/max: 0.035038/0.59083
Epoch: 132/300   Train loss: nan   Test F-score avg/max: 0.035038/0.59083
Epoch: 133/300   Train loss: nan   Test F-score avg/max: 0.035038/0.59083
Epoch: 134/300   Train loss: nan   Test F-score avg/max: 0.035038/0.59083
Epoch: 135/300   Train loss: nan   Test F-score avg/max: 0.035038/0.59083
Epoch: 136/300   Train loss: nan   Test F-score avg/max: 0.035038/0.59083
Epoch: 137/300   Train loss: nan   Test F-score avg/max: 0.035038/0.59083
Epoch: 138/300   Train loss: nan   Test F-score avg/max: 0.035038/0.59083
Epoch: 139/300   Train loss: nan   Test F-score avg/max: 0.035038/0.59083
Epoch: 140/300   Train loss: nan   Test F-score avg/max: 0.035038/0.59083
Epoch: 141/300   Train loss: nan   Test F-score avg/max: 0.035038/0.59083
Epoch: 142/300   Train loss: nan   Test F-score avg/max: 0.035038/0.59083
Epoch: 143/300   Train loss: nan   Test F-score avg/max: 0.035038/0.59083
Epoch: 144/300   Train loss: nan   Test F-score avg/max: 0.035038/0.59083
Epoch: 145/300   Train loss: nan   Test F-score avg/max: 0.035038/0.59083
Epoch: 146/300   Train loss: nan   Test F-score avg/max: 0.035038/0.59083
Epoch: 147/300   Train loss: nan   Test F-score avg/max: 0.035038/0.59083
Epoch: 148/300   Train loss: nan   Test F-score avg/max: 0.035038/0.59083
Epoch: 149/300   Train loss: nan   Test F-score avg/max: 0.035038/0.59083
Epoch: 150/300   Train loss: nan   Test F-score avg/max: 0.035038/0.59083
WARNING:root:NaN or Inf found in input tensor.
WARNING:root:NaN or Inf found in input tensor.
WARNING:root:NaN or Inf found in input tensor.
WARNING:root:NaN or Inf found in input tensor.
WARNING:root:NaN or Inf found in input tensor.
WARNING:root:NaN or Inf found in input tensor.
WARNING:root:NaN or Inf found in input tensor.
WARNING:root:NaN or Inf found in input tensor.
WARNING:root:NaN or Inf found in input tensor.
WARNING:root:NaN or Inf found in input tensor.
WARNING:root:NaN or Inf found in input tensor.
WARNING:root:NaN or Inf found in input tensor.
WARNING:root:NaN or Inf found in input tensor.
WARNING:root:NaN or Inf found in input tensor.
WARNING:root:NaN or Inf found in input tensor.
WARNING:root:NaN or Inf found in input tensor.
WARNING:root:NaN or Inf found in input tensor.
WARNING:root:NaN or Inf found in input tensor.
WARNING:root:NaN or Inf found in input tensor.
WARNING:root:NaN or Inf found in input tensor.
WARNING:root:NaN or Inf found in input tensor.
WARNING:root:NaN or Inf found in input tensor.
WARNING:root:NaN or Inf found in input tensor.
WARNING:root:NaN or Inf found in input tensor.
WARNING:root:NaN or Inf found in input tensor.
WARNING:root:NaN or Inf found in input tensor.
WARNING:root:NaN or Inf found in input tensor.
WARNING:root:NaN or Inf found in input tensor.
WARNING:root:NaN or Inf found in input tensor.
WARNING:root:NaN or Inf found in input tensor.
WARNING:root:NaN or Inf found in input tensor.
WARNING:root:NaN or Inf found in input tensor.
WARNING:root:NaN or Inf found in input tensor.
WARNING:root:NaN or Inf found in input tensor.
WARNING:root:NaN or Inf found in input tensor.
WARNING:root:NaN or Inf found in input tensor.
WARNING:root:NaN or Inf found in input tensor.
WARNING:root:NaN or Inf found in input tensor.
WARNING:root:NaN or Inf found in input tensor.
WARNING:root:NaN or Inf found in input tensor.
WARNING:root:NaN or Inf found in input tensor.
WARNING:root:NaN or Inf found in input tensor.
WARNING:root:NaN or Inf found in input tensor.
WARNING:root:NaN or Inf found in input tensor.
WARNING:root:NaN or Inf found in input tensor.
WARNING:root:NaN or Inf found in input tensor.
WARNING:root:NaN or Inf found in input tensor.
WARNING:root:NaN or Inf found in input tensor.
WARNING:root:NaN or Inf found in input tensor.
WARNING:root:NaN or Inf found in input tensor.
WARNING:root:NaN or Inf found in input tensor.
WARNING:root:NaN or Inf found in input tensor.
WARNING:root:NaN or Inf found in input tensor.
WARNING:root:NaN or Inf found in input tensor.
WARNING:root:NaN or Inf found in input tensor.
WARNING:root:NaN or Inf found in input tensor.
WARNING:root:NaN or Inf found in input tensor.
WARNING:root:NaN or Inf found in input tensor.
WARNING:root:NaN or Inf found in input tensor.
WARNING:root:NaN or Inf found in input tensor.
WARNING:root:NaN or Inf found in input tensor.
WARNING:root:NaN or Inf found in input tensor.
WARNING:root:NaN or Inf found in input tensor.
WARNING:root:NaN or Inf found in input tensor.
WARNING:root:NaN or Inf found in input tensor.
WARNING:root:NaN or Inf found in input tensor.
WARNING:root:NaN or Inf found in input tensor.
WARNING:root:NaN or Inf found in input tensor.
WARNING:root:NaN or Inf found in input tensor.
WARNING:root:NaN or Inf found in input tensor.
WARNING:root:NaN or Inf found in input tensor.
WARNING:root:NaN or Inf found in input tensor.
WARNING:root:NaN or Inf found in input tensor.
WARNING:root:NaN or Inf found in input tensor.
WARNING:root:NaN or Inf found in input tensor.
WARNING:root:NaN or Inf found in input tensor.
WARNING:root:NaN or Inf found in input tensor.
WARNING:root:NaN or Inf found in input tensor.
WARNING:root:NaN or Inf found in input tensor.
WARNING:root:NaN or Inf found in input tensor.
WARNING:root:NaN or Inf found in input tensor.
WARNING:root:NaN or Inf found in input tensor.
WARNING:root:NaN or Inf found in input tensor.
WARNING:root:NaN or Inf found in input tensor.
WARNING:root:NaN or Inf found in input tensor.
WARNING:root:NaN or Inf found in input tensor.
WARNING:root:NaN or Inf found in input tensor.
WARNING:root:NaN or Inf found in input tensor.
WARNING:root:NaN or Inf found in input tensor.
WARNING:root:NaN or Inf found in input tensor.
WARNING:root:NaN or Inf found in input tensor.
WARNING:root:NaN or Inf found in input tensor.
WARNING:root:NaN or Inf found in input tensor.
WARNING:root:NaN or Inf found in input tensor.
WARNING:root:NaN or Inf found in input tensor.
WARNING:root:NaN or Inf found in input tensor.
WARNING:root:NaN or Inf found in input tensor.
WARNING:root:NaN or Inf found in input tensor.
WARNING:root:NaN or Inf found in input tensor.
WARNING:root:NaN or Inf found in input tensor.
WARNING:root:NaN or Inf found in input tensor.
WARNING:root:NaN or Inf found in input tensor.
WARNING:root:NaN or Inf found in input tensor.
WARNING:root:NaN or Inf found in input tensor.
WARNING:root:NaN or Inf found in input tensor.
WARNING:root:NaN or Inf found in input tensor.
WARNING:root:NaN or Inf found in input tensor.
WARNING:root:NaN or Inf found in input tensor.
WARNING:root:NaN or Inf found in input tensor.
WARNING:root:NaN or Inf found in input tensor.
Epoch: 151/300   Train loss: nan   Test F-score avg/max: 0.035038/0.59083
Epoch: 152/300   Train loss: nan   Test F-score avg/max: 0.035038/0.59083
Epoch: 153/300   Train loss: nan   Test F-score avg/max: 0.035038/0.59083
Epoch: 154/300   Train loss: nan   Test F-score avg/max: 0.035038/0.59083
Epoch: 155/300   Train loss: nan   Test F-score avg/max: 0.035038/0.59083
Epoch: 156/300   Train loss: nan   Test F-score avg/max: 0.035038/0.59083
Epoch: 157/300   Train loss: nan   Test F-score avg/max: 0.035038/0.59083
Epoch: 158/300   Train loss: nan   Test F-score avg/max: 0.035038/0.59083
Epoch: 159/300   Train loss: nan   Test F-score avg/max: 0.035038/0.59083
Epoch: 160/300   Train loss: nan   Test F-score avg/max: 0.035038/0.59083
Epoch: 161/300   Train loss: nan   Test F-score avg/max: 0.035038/0.59083
Epoch: 162/300   Train loss: nan   Test F-score avg/max: 0.035038/0.59083
Epoch: 163/300   Train loss: nan   Test F-score avg/max: 0.035038/0.59083
Epoch: 164/300   Train loss: nan   Test F-score avg/max: 0.035038/0.59083
Epoch: 165/300   Train loss: nan   Test F-score avg/max: 0.035038/0.59083
Epoch: 166/300   Train loss: nan   Test F-score avg/max: 0.035038/0.59083
Epoch: 167/300   Train loss: nan   Test F-score avg/max: 0.035038/0.59083
Epoch: 168/300   Train loss: nan   Test F-score avg/max: 0.035038/0.59083
Epoch: 169/300   Train loss: nan   Test F-score avg/max: 0.035038/0.59083
Epoch: 170/300   Train loss: nan   Test F-score avg/max: 0.035038/0.59083
Epoch: 171/300   Train loss: nan   Test F-score avg/max: 0.035038/0.59083
Epoch: 172/300   Train loss: nan   Test F-score avg/max: 0.035038/0.59083
Epoch: 173/300   Train loss: nan   Test F-score avg/max: 0.035038/0.59083
Epoch: 174/300   Train loss: nan   Test F-score avg/max: 0.035038/0.59083
Epoch: 175/300   Train loss: nan   Test F-score avg/max: 0.035038/0.59083
Epoch: 176/300   Train loss: nan   Test F-score avg/max: 0.035038/0.59083
Epoch: 177/300   Train loss: nan   Test F-score avg/max: 0.035038/0.59083
Epoch: 178/300   Train loss: nan   Test F-score avg/max: 0.035038/0.59083
Epoch: 179/300   Train loss: nan   Test F-score avg/max: 0.035038/0.59083
Epoch: 180/300   Train loss: nan   Test F-score avg/max: 0.035038/0.59083
Epoch: 181/300   Train loss: nan   Test F-score avg/max: 0.035038/0.59083
Epoch: 182/300   Train loss: nan   Test F-score avg/max: 0.035038/0.59083
Epoch: 183/300   Train loss: nan   Test F-score avg/max: 0.035038/0.59083
Epoch: 184/300   Train loss: nan   Test F-score avg/max: 0.035038/0.59083
Epoch: 185/300   Train loss: nan   Test F-score avg/max: 0.035038/0.59083
Epoch: 186/300   Train loss: nan   Test F-score avg/max: 0.035038/0.59083
Epoch: 187/300   Train loss: nan   Test F-score avg/max: 0.035038/0.59083
Epoch: 188/300   Train loss: nan   Test F-score avg/max: 0.035038/0.59083
Epoch: 189/300   Train loss: nan   Test F-score avg/max: 0.035038/0.59083
Epoch: 190/300   Train loss: nan   Test F-score avg/max: 0.035038/0.59083
Epoch: 191/300   Train loss: nan   Test F-score avg/max: 0.035038/0.59083
Epoch: 192/300   Train loss: nan   Test F-score avg/max: 0.035038/0.59083
Epoch: 193/300   Train loss: nan   Test F-score avg/max: 0.035038/0.59083
Epoch: 194/300   Train loss: nan   Test F-score avg/max: 0.035038/0.59083
Epoch: 195/300   Train loss: nan   Test F-score avg/max: 0.035038/0.59083
Epoch: 196/300   Train loss: nan   Test F-score avg/max: 0.035038/0.59083
Epoch: 197/300   Train loss: nan   Test F-score avg/max: 0.035038/0.59083
Epoch: 198/300   Train loss: nan   Test F-score avg/max: 0.035038/0.59083
Epoch: 199/300   Train loss: nan   Test F-score avg/max: 0.035038/0.59083
Epoch: 200/300   Train loss: nan   Test F-score avg/max: 0.035038/0.59083
Epoch: 201/300   Train loss: nan   Test F-score avg/max: 0.035038/0.59083
Epoch: 202/300   Train loss: nan   Test F-score avg/max: 0.035038/0.59083
Epoch: 203/300   Train loss: nan   Test F-score avg/max: 0.035038/0.59083
Epoch: 204/300   Train loss: nan   Test F-score avg/max: 0.035038/0.59083
Epoch: 205/300   Train loss: nan   Test F-score avg/max: 0.035038/0.59083
Epoch: 206/300   Train loss: nan   Test F-score avg/max: 0.035038/0.59083
Epoch: 207/300   Train loss: nan   Test F-score avg/max: 0.035038/0.59083
Epoch: 208/300   Train loss: nan   Test F-score avg/max: 0.035038/0.59083
Epoch: 209/300   Train loss: nan   Test F-score avg/max: 0.035038/0.59083
Epoch: 210/300   Train loss: nan   Test F-score avg/max: 0.035038/0.59083
Epoch: 211/300   Train loss: nan   Test F-score avg/max: 0.035038/0.59083
Epoch: 212/300   Train loss: nan   Test F-score avg/max: 0.035038/0.59083
Epoch: 213/300   Train loss: nan   Test F-score avg/max: 0.035038/0.59083
Epoch: 214/300   Train loss: nan   Test F-score avg/max: 0.035038/0.59083
Epoch: 215/300   Train loss: nan   Test F-score avg/max: 0.035038/0.59083
Epoch: 216/300   Train loss: nan   Test F-score avg/max: 0.035038/0.59083
Epoch: 217/300   Train loss: nan   Test F-score avg/max: 0.035038/0.59083
Epoch: 218/300   Train loss: nan   Test F-score avg/max: 0.035038/0.59083
Epoch: 219/300   Train loss: nan   Test F-score avg/max: 0.035038/0.59083
Epoch: 220/300   Train loss: nan   Test F-score avg/max: 0.035038/0.59083
Epoch: 221/300   Train loss: nan   Test F-score avg/max: 0.035038/0.59083
Epoch: 222/300   Train loss: nan   Test F-score avg/max: 0.035038/0.59083
Epoch: 223/300   Train loss: nan   Test F-score avg/max: 0.035038/0.59083
Epoch: 224/300   Train loss: nan   Test F-score avg/max: 0.035038/0.59083
Epoch: 225/300   Train loss: nan   Test F-score avg/max: 0.035038/0.59083
Epoch: 226/300   Train loss: nan   Test F-score avg/max: 0.035038/0.59083
Epoch: 227/300   Train loss: nan   Test F-score avg/max: 0.035038/0.59083
Epoch: 228/300   Train loss: nan   Test F-score avg/max: 0.035038/0.59083
Epoch: 229/300   Train loss: nan   Test F-score avg/max: 0.035038/0.59083
Epoch: 230/300   Train loss: nan   Test F-score avg/max: 0.035038/0.59083
Epoch: 231/300   Train loss: nan   Test F-score avg/max: 0.035038/0.59083
Epoch: 232/300   Train loss: nan   Test F-score avg/max: 0.035038/0.59083
Epoch: 233/300   Train loss: nan   Test F-score avg/max: 0.035038/0.59083
Epoch: 234/300   Train loss: nan   Test F-score avg/max: 0.035038/0.59083
Epoch: 235/300   Train loss: nan   Test F-score avg/max: 0.035038/0.59083
Epoch: 236/300   Train loss: nan   Test F-score avg/max: 0.035038/0.59083
Epoch: 237/300   Train loss: nan   Test F-score avg/max: 0.035038/0.59083
Epoch: 238/300   Train loss: nan   Test F-score avg/max: 0.035038/0.59083
Epoch: 239/300   Train loss: nan   Test F-score avg/max: 0.035038/0.59083
Epoch: 240/300   Train loss: nan   Test F-score avg/max: 0.035038/0.59083
Epoch: 241/300   Train loss: nan   Test F-score avg/max: 0.035038/0.59083
Epoch: 242/300   Train loss: nan   Test F-score avg/max: 0.035038/0.59083
Epoch: 243/300   Train loss: nan   Test F-score avg/max: 0.035038/0.59083
Epoch: 244/300   Train loss: nan   Test F-score avg/max: 0.035038/0.59083
Epoch: 245/300   Train loss: nan   Test F-score avg/max: 0.035038/0.59083
Epoch: 246/300   Train loss: nan   Test F-score avg/max: 0.035038/0.59083
Epoch: 247/300   Train loss: nan   Test F-score avg/max: 0.035038/0.59083
Epoch: 248/300   Train loss: nan   Test F-score avg/max: 0.035038/0.59083
Epoch: 249/300   Train loss: nan   Test F-score avg/max: 0.035038/0.59083
Epoch: 250/300   Train loss: nan   Test F-score avg/max: 0.035038/0.59083
Epoch: 251/300   Train loss: nan   Test F-score avg/max: 0.035038/0.59083
Epoch: 252/300   Train loss: nan   Test F-score avg/max: 0.035038/0.59083
Epoch: 253/300   Train loss: nan   Test F-score avg/max: 0.035038/0.59083
Epoch: 254/300   Train loss: nan   Test F-score avg/max: 0.035038/0.59083
Epoch: 255/300   Train loss: nan   Test F-score avg/max: 0.035038/0.59083
Epoch: 256/300   Train loss: nan   Test F-score avg/max: 0.035038/0.59083
Epoch: 257/300   Train loss: nan   Test F-score avg/max: 0.035038/0.59083
Epoch: 258/300   Train loss: nan   Test F-score avg/max: 0.035038/0.59083
Epoch: 259/300   Train loss: nan   Test F-score avg/max: 0.035038/0.59083
Epoch: 260/300   Train loss: nan   Test F-score avg/max: 0.035038/0.59083
WARNING:root:NaN or Inf found in input tensor.
WARNING:root:NaN or Inf found in input tensor.
WARNING:root:NaN or Inf found in input tensor.
WARNING:root:NaN or Inf found in input tensor.
WARNING:root:NaN or Inf found in input tensor.
WARNING:root:NaN or Inf found in input tensor.
WARNING:root:NaN or Inf found in input tensor.
WARNING:root:NaN or Inf found in input tensor.
WARNING:root:NaN or Inf found in input tensor.
WARNING:root:NaN or Inf found in input tensor.
WARNING:root:NaN or Inf found in input tensor.
WARNING:root:NaN or Inf found in input tensor.
WARNING:root:NaN or Inf found in input tensor.
WARNING:root:NaN or Inf found in input tensor.
WARNING:root:NaN or Inf found in input tensor.
WARNING:root:NaN or Inf found in input tensor.
WARNING:root:NaN or Inf found in input tensor.
WARNING:root:NaN or Inf found in input tensor.
WARNING:root:NaN or Inf found in input tensor.
WARNING:root:NaN or Inf found in input tensor.
WARNING:root:NaN or Inf found in input tensor.
WARNING:root:NaN or Inf found in input tensor.
WARNING:root:NaN or Inf found in input tensor.
WARNING:root:NaN or Inf found in input tensor.
WARNING:root:NaN or Inf found in input tensor.
WARNING:root:NaN or Inf found in input tensor.
WARNING:root:NaN or Inf found in input tensor.
WARNING:root:NaN or Inf found in input tensor.
WARNING:root:NaN or Inf found in input tensor.
WARNING:root:NaN or Inf found in input tensor.
WARNING:root:NaN or Inf found in input tensor.
WARNING:root:NaN or Inf found in input tensor.
WARNING:root:NaN or Inf found in input tensor.
WARNING:root:NaN or Inf found in input tensor.
WARNING:root:NaN or Inf found in input tensor.
WARNING:root:NaN or Inf found in input tensor.
WARNING:root:NaN or Inf found in input tensor.
WARNING:root:NaN or Inf found in input tensor.
WARNING:root:NaN or Inf found in input tensor.
mv: cannot stat 'i3d_features/models_temp/tvsum_splits_0/105_*.pth.tar': No such file or directory
rm: cannot remove 'i3d_features/models_temp/tvsum_splits_0/188_3.504.pth.tar': Permission denied
rm: cannot remove 'i3d_features/models_temp/tvsum_splits_0/219_3.504.pth.tar': Permission denied
Epoch: 261/300   Train loss: nan   Test F-score avg/max: 0.035038/0.59083
Epoch: 262/300   Train loss: nan   Test F-score avg/max: 0.035038/0.59083
Epoch: 263/300   Train loss: nan   Test F-score avg/max: 0.035038/0.59083
Epoch: 264/300   Train loss: nan   Test F-score avg/max: 0.035038/0.59083
Epoch: 265/300   Train loss: nan   Test F-score avg/max: 0.035038/0.59083
Epoch: 266/300   Train loss: nan   Test F-score avg/max: 0.035038/0.59083
Epoch: 267/300   Train loss: nan   Test F-score avg/max: 0.035038/0.59083
Epoch: 268/300   Train loss: nan   Test F-score avg/max: 0.035038/0.59083
Epoch: 269/300   Train loss: nan   Test F-score avg/max: 0.035038/0.59083
Epoch: 270/300   Train loss: nan   Test F-score avg/max: 0.035038/0.59083
Epoch: 271/300   Train loss: nan   Test F-score avg/max: 0.035038/0.59083
Epoch: 272/300   Train loss: nan   Test F-score avg/max: 0.035038/0.59083
Epoch: 273/300   Train loss: nan   Test F-score avg/max: 0.035038/0.59083
Epoch: 274/300   Train loss: nan   Test F-score avg/max: 0.035038/0.59083
Epoch: 275/300   Train loss: nan   Test F-score avg/max: 0.035038/0.59083
Epoch: 276/300   Train loss: nan   Test F-score avg/max: 0.035038/0.59083
Epoch: 277/300   Train loss: nan   Test F-score avg/max: 0.035038/0.59083
Epoch: 278/300   Train loss: nan   Test F-score avg/max: 0.035038/0.59083
Epoch: 279/300   Train loss: nan   Test F-score avg/max: 0.035038/0.59083
Epoch: 280/300   Train loss: nan   Test F-score avg/max: 0.035038/0.59083
Epoch: 281/300   Train loss: nan   Test F-score avg/max: 0.035038/0.59083
Epoch: 282/300   Train loss: nan   Test F-score avg/max: 0.035038/0.59083
Epoch: 283/300   Train loss: nan   Test F-score avg/max: 0.035038/0.59083
Epoch: 284/300   Train loss: nan   Test F-score avg/max: 0.035038/0.59083
Epoch: 285/300   Train loss: nan   Test F-score avg/max: 0.035038/0.59083
Epoch: 286/300   Train loss: nan   Test F-score avg/max: 0.035038/0.59083
Epoch: 287/300   Train loss: nan   Test F-score avg/max: 0.035038/0.59083
Epoch: 288/300   Train loss: nan   Test F-score avg/max: 0.035038/0.59083
Epoch: 289/300   Train loss: nan   Test F-score avg/max: 0.035038/0.59083
Epoch: 290/300   Train loss: nan   Test F-score avg/max: 0.035038/0.59083
Epoch: 291/300   Train loss: nan   Test F-score avg/max: 0.035038/0.59083
Epoch: 292/300   Train loss: nan   Test F-score avg/max: 0.035038/0.59083
Epoch: 293/300   Train loss: nan   Test F-score avg/max: 0.035038/0.59083
Epoch: 294/300   Train loss: nan   Test F-score avg/max: 0.035038/0.59083
Epoch: 295/300   Train loss: nan   Test F-score avg/max: 0.035038/0.59083
Epoch: 296/300   Train loss: nan   Test F-score avg/max: 0.035038/0.59083
Epoch: 297/300   Train loss: nan   Test F-score avg/max: 0.035038/0.59083
Epoch: 298/300   Train loss: nan   Test F-score avg/max: 0.035038/0.59083
Epoch: 299/300   Train loss: nan   Test F-score avg/max: 0.035038/0.59083
Split: splits/tvsum_splits.json   Best F-score: 0.59083   Model: i3d_features/models/tvsum_splits_0_0.5908251946696355.tar.pth
Setting CUDA device:  0
['../SUM-GAN-AAE/data/TVSum/tvsum_i3d_mixed5c_aligned.h5']
../SUM-GAN-AAE/data/TVSum/tvsum_i3d_mixed5c_aligned.h5
Loading: ../SUM-GAN-AAE/data/TVSum/tvsum_i3d_mixed5c_aligned.h5
Loading splits from:  splits/tvsum_splits.json
Selecting split:  1
tvsum
../SUM-GAN-AAE/data/SumMe/summe_i3d_mixed5c_aligned.h5
../SUM-GAN-AAE/data/TVSum/tvsum_i3d_mixed5c_aligned.h5
Initializing VASNet model and optimizer...
Starting training...
Epoch: 0/300    Train loss: 0.16542   Test F-score avg/max: 0.41473/0.41473
Epoch: 1/300    Train loss: 0.12771   Test F-score avg/max: 0.48113/0.48113
Epoch: 2/300    Train loss: 0.09646   Test F-score avg/max: 0.48263/0.48263
Epoch: 3/300    Train loss: 0.07256   Test F-score avg/max: 0.50605/0.50605
Epoch: 4/300    Train loss: 0.05915   Test F-score avg/max: 0.53913/0.53913
Epoch: 5/300    Train loss: 0.05336   Test F-score avg/max: 0.55283/0.55283
Epoch: 6/300    Train loss: 0.04733   Test F-score avg/max: 0.53137/0.55283
Epoch: 7/300    Train loss: 0.04402   Test F-score avg/max: 0.55821/0.55821
Epoch: 8/300    Train loss: 0.04205   Test F-score avg/max: 0.57244/0.57244
Epoch: 9/300    Train loss: 0.03984   Test F-score avg/max: 0.5397/0.57244
Epoch: 10/300   Train loss: 0.04027   Test F-score avg/max: 0.55437/0.57244
Epoch: 11/300   Train loss: 0.03726   Test F-score avg/max: 0.56266/0.57244
Epoch: 12/300   Train loss: 0.03906   Test F-score avg/max: 0.55985/0.57244
Epoch: 13/300   Train loss: 0.03682   Test F-score avg/max: 0.57285/0.57285
Epoch: 14/300   Train loss: 0.03383   Test F-score avg/max: 0.55422/0.57285
Epoch: 15/300   Train loss: 0.03327   Test F-score avg/max: 0.57349/0.57349
Epoch: 16/300   Train loss: 0.03421   Test F-score avg/max: 0.57454/0.57454
Epoch: 17/300   Train loss: 0.03248   Test F-score avg/max: 0.5527/0.57454
Epoch: 18/300   Train loss: 0.03341   Test F-score avg/max: 0.5624/0.57454
Epoch: 19/300   Train loss: 0.03140   Test F-score avg/max: 0.55597/0.57454
Epoch: 20/300   Train loss: 0.02949   Test F-score avg/max: 0.57433/0.57454
Epoch: 21/300   Train loss: 0.02910   Test F-score avg/max: 0.55499/0.57454
Epoch: 22/300   Train loss: 0.02967   Test F-score avg/max: 0.54111/0.57454
Epoch: 23/300   Train loss: 0.03214   Test F-score avg/max: 0.54837/0.57454
Epoch: 24/300   Train loss: 0.03142   Test F-score avg/max: 0.57385/0.57454
Epoch: 25/300   Train loss: 0.02952   Test F-score avg/max: 0.56945/0.57454
Epoch: 26/300   Train loss: 0.02759   Test F-score avg/max: 0.56796/0.57454
Epoch: 27/300   Train loss: 0.02725   Test F-score avg/max: 0.51454/0.57454
Epoch: 28/300   Train loss: 0.02648   Test F-score avg/max: 0.54237/0.57454
Epoch: 29/300   Train loss: 0.02671   Test F-score avg/max: 0.54967/0.57454
Epoch: 30/300   Train loss: 0.02713   Test F-score avg/max: 0.55752/0.57454
Epoch: 31/300   Train loss: 0.02630   Test F-score avg/max: 0.56572/0.57454
Epoch: 32/300   Train loss: 0.02801   Test F-score avg/max: 0.51176/0.57454
Epoch: 33/300   Train loss: 0.02582   Test F-score avg/max: 0.54024/0.57454
Epoch: 34/300   Train loss: 0.02431   Test F-score avg/max: 0.51528/0.57454
Epoch: 35/300   Train loss: 0.02430   Test F-score avg/max: 0.53941/0.57454
Epoch: 36/300   Train loss: 0.02491   Test F-score avg/max: 0.54754/0.57454
Epoch: 37/300   Train loss: 0.02492   Test F-score avg/max: 0.56695/0.57454
Epoch: 38/300   Train loss: 0.02665   Test F-score avg/max: 0.4908/0.57454
Epoch: 39/300   Train loss: 0.02561   Test F-score avg/max: 0.5119/0.57454
Epoch: 40/300   Train loss: 0.02392   Test F-score avg/max: 0.57538/0.57538
Epoch: 41/300   Train loss: 0.02216   Test F-score avg/max: 0.53594/0.57538
Epoch: 42/300   Train loss: 0.02130   Test F-score avg/max: 0.53059/0.57538
Epoch: 43/300   Train loss: 0.02142   Test F-score avg/max: 0.53251/0.57538
Epoch: 44/300   Train loss: 0.02270   Test F-score avg/max: 0.54853/0.57538
Epoch: 45/300   Train loss: 0.02088   Test F-score avg/max: 0.49662/0.57538
Epoch: 46/300   Train loss: 0.02117   Test F-score avg/max: 0.5039/0.57538
Epoch: 47/300   Train loss: 0.02200   Test F-score avg/max: 0.50839/0.57538
Epoch: 48/300   Train loss: 0.02084   Test F-score avg/max: 0.47686/0.57538
Epoch: 49/300   Train loss: 0.02024   Test F-score avg/max: 0.53008/0.57538
Epoch: 50/300   Train loss: 0.02095   Test F-score avg/max: 0.51401/0.57538
Epoch: 51/300   Train loss: 0.02216   Test F-score avg/max: 0.51028/0.57538
Epoch: 52/300   Train loss: 0.02076   Test F-score avg/max: 0.51151/0.57538
Epoch: 53/300   Train loss: 0.02118   Test F-score avg/max: 0.53034/0.57538
Epoch: 54/300   Train loss: 0.02061   Test F-score avg/max: 0.50868/0.57538
Epoch: 55/300   Train loss: 0.01972   Test F-score avg/max: 0.49314/0.57538
Epoch: 56/300   Train loss: 0.02060   Test F-score avg/max: 0.49912/0.57538
Epoch: 57/300   Train loss: 0.01888   Test F-score avg/max: 0.51703/0.57538
Epoch: 58/300   Train loss: 0.02017   Test F-score avg/max: 0.53086/0.57538
Epoch: 59/300   Train loss: 0.01954   Test F-score avg/max: 0.50353/0.57538
Epoch: 60/300   Train loss: 0.01849   Test F-score avg/max: 0.53229/0.57538
Epoch: 61/300   Train loss: 0.01784   Test F-score avg/max: 0.53351/0.57538
Epoch: 62/300   Train loss: 0.01851   Test F-score avg/max: 0.48953/0.57538
Epoch: 63/300   Train loss: 0.01745   Test F-score avg/max: 0.5177/0.57538
Epoch: 64/300   Train loss: 0.01795   Test F-score avg/max: 0.53136/0.57538
Epoch: 65/300   Train loss: 0.01962   Test F-score avg/max: 0.55214/0.57538
Epoch: 66/300   Train loss: 0.01991   Test F-score avg/max: 0.53754/0.57538
Epoch: 67/300   Train loss: 0.01875   Test F-score avg/max: 0.52957/0.57538
Epoch: 68/300   Train loss: 0.01842   Test F-score avg/max: 0.52055/0.57538
Epoch: 69/300   Train loss: 0.01795   Test F-score avg/max: 0.54871/0.57538
Epoch: 70/300   Train loss: 0.01763   Test F-score avg/max: 0.51797/0.57538
Epoch: 71/300   Train loss: 0.01617   Test F-score avg/max: 0.51394/0.57538
Epoch: 72/300   Train loss: 0.01526   Test F-score avg/max: 0.52796/0.57538
Epoch: 73/300   Train loss: 0.01628   Test F-score avg/max: 0.52618/0.57538
Epoch: 74/300   Train loss: 0.01745   Test F-score avg/max: 0.47308/0.57538
Epoch: 75/300   Train loss: 0.02029   Test F-score avg/max: 0.49097/0.57538
Epoch: 76/300   Train loss: 0.01893   Test F-score avg/max: 0.56301/0.57538
Epoch: 77/300   Train loss: 0.02137   Test F-score avg/max: 0.52932/0.57538
Epoch: 78/300   Train loss: 0.02211   Test F-score avg/max: 0.54262/0.57538
Epoch: 79/300   Train loss: 0.02165   Test F-score avg/max: 0.48448/0.57538
Epoch: 80/300   Train loss: 0.01891   Test F-score avg/max: 0.49527/0.57538
Epoch: 81/300   Train loss: 0.01728   Test F-score avg/max: 0.51605/0.57538
Epoch: 82/300   Train loss: 0.01575   Test F-score avg/max: 0.5124/0.57538
Epoch: 83/300   Train loss: 0.01494   Test F-score avg/max: 0.5102/0.57538
Epoch: 84/300   Train loss: 0.01444   Test F-score avg/max: 0.53545/0.57538
Epoch: 85/300   Train loss: 0.01410   Test F-score avg/max: 0.53685/0.57538
Epoch: 86/300   Train loss: 0.01423   Test F-score avg/max: 0.54805/0.57538
Epoch: 87/300   Train loss: 0.01412   Test F-score avg/max: 0.51488/0.57538
Epoch: 88/300   Train loss: 0.01450   Test F-score avg/max: 0.52313/0.57538
Epoch: 89/300   Train loss: 0.01564   Test F-score avg/max: 0.50618/0.57538
Epoch: 90/300   Train loss: 0.01457   Test F-score avg/max: 0.5092/0.57538
Epoch: 91/300   Train loss: 0.01660   Test F-score avg/max: 0.52878/0.57538
Epoch: 92/300   Train loss: 0.01644   Test F-score avg/max: 0.50304/0.57538
Epoch: 93/300   Train loss: 0.01526   Test F-score avg/max: 0.49366/0.57538
Epoch: 94/300   Train loss: 0.01568   Test F-score avg/max: 0.52616/0.57538
Epoch: 95/300   Train loss: 0.01704   Test F-score avg/max: 0.49176/0.57538
Epoch: 96/300   Train loss: 0.01586   Test F-score avg/max: 0.49767/0.57538
Epoch: 97/300   Train loss: 0.01470   Test F-score avg/max: 0.4887/0.57538
Epoch: 98/300   Train loss: 0.01489   Test F-score avg/max: 0.50785/0.57538
Epoch: 99/300   Train loss: 0.01449   Test F-score avg/max: 0.51741/0.57538
Epoch: 100/300   Train loss: 0.01372   Test F-score avg/max: 0.4755/0.57538
Epoch: 101/300   Train loss: 0.01337   Test F-score avg/max: 0.49746/0.57538
Epoch: 102/300   Train loss: 0.01463   Test F-score avg/max: 0.50971/0.57538
Epoch: 103/300   Train loss: 0.01482   Test F-score avg/max: 0.4783/0.57538
Epoch: 104/300   Train loss: 0.01537   Test F-score avg/max: 0.5401/0.57538
Epoch: 105/300   Train loss: 0.01557   Test F-score avg/max: 0.5042/0.57538
Epoch: 106/300   Train loss: 0.01421   Test F-score avg/max: 0.49305/0.57538
Epoch: 107/300   Train loss: 0.01363   Test F-score avg/max: 0.49394/0.57538
Epoch: 108/300   Train loss: 0.01374   Test F-score avg/max: 0.48414/0.57538
Epoch: 109/300   Train loss: 0.01284   Test F-score avg/max: 0.51195/0.57538
Epoch: 110/300   Train loss: 0.01278   Test F-score avg/max: 0.48515/0.57538
Epoch: 111/300   Train loss: 0.01578   Test F-score avg/max: 0.45357/0.57538
Epoch: 112/300   Train loss: 0.01744   Test F-score avg/max: 0.50634/0.57538
Epoch: 113/300   Train loss: 0.01532   Test F-score avg/max: 0.50928/0.57538
Epoch: 114/300   Train loss: 0.01591   Test F-score avg/max: 0.48599/0.57538
Epoch: 115/300   Train loss: 0.01524   Test F-score avg/max: 0.49634/0.57538
Epoch: 116/300   Train loss: 0.01432   Test F-score avg/max: 0.49815/0.57538
Epoch: 117/300   Train loss: 0.01543   Test F-score avg/max: 0.51308/0.57538
Epoch: 118/300   Train loss: 0.01370   Test F-score avg/max: 0.51903/0.57538
Epoch: 119/300   Train loss: 0.01357   Test F-score avg/max: 0.52515/0.57538
Epoch: 120/300   Train loss: 0.01351   Test F-score avg/max: 0.49521/0.57538
Epoch: 121/300   Train loss: 0.01352   Test F-score avg/max: 0.48632/0.57538
Epoch: 122/300   Train loss: 0.01541   Test F-score avg/max: 0.45053/0.57538
Epoch: 123/300   Train loss: 0.01403   Test F-score avg/max: 0.46918/0.57538
Epoch: 124/300   Train loss: 0.01307   Test F-score avg/max: 0.47672/0.57538
Epoch: 125/300   Train loss: 0.01335   Test F-score avg/max: 0.48152/0.57538
Epoch: 126/300   Train loss: 0.01381   Test F-score avg/max: 0.45393/0.57538
Epoch: 127/300   Train loss: 0.01333   Test F-score avg/max: 0.48394/0.57538
Epoch: 128/300   Train loss: 0.01344   Test F-score avg/max: 0.46552/0.57538
Epoch: 129/300   Train loss: 0.01347   Test F-score avg/max: 0.48583/0.57538
Epoch: 130/300   Train loss: 0.01334   Test F-score avg/max: 0.47895/0.57538
Epoch: 131/300   Train loss: 0.01277   Test F-score avg/max: 0.46942/0.57538
Epoch: 132/300   Train loss: 0.01182   Test F-score avg/max: 0.46371/0.57538
Epoch: 133/300   Train loss: 0.01138   Test F-score avg/max: 0.48159/0.57538
Epoch: 134/300   Train loss: 0.01099   Test F-score avg/max: 0.51224/0.57538
Epoch: 135/300   Train loss: 0.01097   Test F-score avg/max: 0.47287/0.57538
Epoch: 136/300   Train loss: 0.01121   Test F-score avg/max: 0.50521/0.57538
Epoch: 137/300   Train loss: 0.01198   Test F-score avg/max: 0.49637/0.57538
Epoch: 138/300   Train loss: 0.01194   Test F-score avg/max: 0.48119/0.57538
Epoch: 139/300   Train loss: 0.01187   Test F-score avg/max: 0.51034/0.57538
Epoch: 140/300   Train loss: 0.01379   Test F-score avg/max: 0.43897/0.57538
Epoch: 141/300   Train loss: 0.01350   Test F-score avg/max: 0.4894/0.57538
Epoch: 142/300   Train loss: 0.01230   Test F-score avg/max: 0.5042/0.57538
Epoch: 143/300   Train loss: 0.01151   Test F-score avg/max: 0.49353/0.57538
Epoch: 144/300   Train loss: 0.01088   Test F-score avg/max: 0.49319/0.57538
Epoch: 145/300   Train loss: 0.01338   Test F-score avg/max: 0.44132/0.57538
Epoch: 146/300   Train loss: 0.01589   Test F-score avg/max: 0.49301/0.57538
Epoch: 147/300   Train loss: 0.01392   Test F-score avg/max: 0.50208/0.57538
Epoch: 148/300   Train loss: 0.01288   Test F-score avg/max: 0.5182/0.57538
Epoch: 149/300   Train loss: 0.01133   Test F-score avg/max: 0.50005/0.57538
Epoch: 150/300   Train loss: 0.01110   Test F-score avg/max: 0.496/0.57538
Epoch: 151/300   Train loss: 0.01074   Test F-score avg/max: 0.51021/0.57538
Epoch: 152/300   Train loss: 0.01020   Test F-score avg/max: 0.46617/0.57538
Epoch: 153/300   Train loss: 0.00955   Test F-score avg/max: 0.48558/0.57538
Epoch: 154/300   Train loss: 0.00974   Test F-score avg/max: 0.49491/0.57538
Epoch: 155/300   Train loss: 0.01050   Test F-score avg/max: 0.48448/0.57538
Epoch: 156/300   Train loss: 0.01087   Test F-score avg/max: 0.50877/0.57538
Epoch: 157/300   Train loss: 0.01157   Test F-score avg/max: 0.49476/0.57538
Epoch: 158/300   Train loss: 0.01142   Test F-score avg/max: 0.49274/0.57538
Epoch: 159/300   Train loss: 0.01180   Test F-score avg/max: 0.53063/0.57538
Epoch: 160/300   Train loss: 0.01288   Test F-score avg/max: 0.49722/0.57538
Epoch: 161/300   Train loss: 0.01213   Test F-score avg/max: 0.47534/0.57538
Epoch: 162/300   Train loss: 0.01185   Test F-score avg/max: 0.45779/0.57538
Epoch: 163/300   Train loss: 0.01266   Test F-score avg/max: 0.47807/0.57538
Epoch: 164/300   Train loss: 0.01106   Test F-score avg/max: 0.45104/0.57538
Epoch: 165/300   Train loss: 0.01062   Test F-score avg/max: 0.47991/0.57538
Epoch: 166/300   Train loss: 0.01091   Test F-score avg/max: 0.48811/0.57538
Epoch: 167/300   Train loss: 0.01077   Test F-score avg/max: 0.45033/0.57538
Epoch: 168/300   Train loss: 0.01166   Test F-score avg/max: 0.47487/0.57538
Epoch: 169/300   Train loss: 0.01049   Test F-score avg/max: 0.47159/0.57538
WARNING:root:NaN or Inf found in input tensor.
WARNING:root:NaN or Inf found in input tensor.
WARNING:root:NaN or Inf found in input tensor.
WARNING:root:NaN or Inf found in input tensor.
WARNING:root:NaN or Inf found in input tensor.
WARNING:root:NaN or Inf found in input tensor.
WARNING:root:NaN or Inf found in input tensor.
WARNING:root:NaN or Inf found in input tensor.
WARNING:root:NaN or Inf found in input tensor.
WARNING:root:NaN or Inf found in input tensor.
WARNING:root:NaN or Inf found in input tensor.
WARNING:root:NaN or Inf found in input tensor.
WARNING:root:NaN or Inf found in input tensor.
WARNING:root:NaN or Inf found in input tensor.
WARNING:root:NaN or Inf found in input tensor.
WARNING:root:NaN or Inf found in input tensor.
WARNING:root:NaN or Inf found in input tensor.
WARNING:root:NaN or Inf found in input tensor.
WARNING:root:NaN or Inf found in input tensor.
WARNING:root:NaN or Inf found in input tensor.
WARNING:root:NaN or Inf found in input tensor.
WARNING:root:NaN or Inf found in input tensor.
WARNING:root:NaN or Inf found in input tensor.
WARNING:root:NaN or Inf found in input tensor.
WARNING:root:NaN or Inf found in input tensor.
WARNING:root:NaN or Inf found in input tensor.
WARNING:root:NaN or Inf found in input tensor.
WARNING:root:NaN or Inf found in input tensor.
WARNING:root:NaN or Inf found in input tensor.
WARNING:root:NaN or Inf found in input tensor.
WARNING:root:NaN or Inf found in input tensor.
WARNING:root:NaN or Inf found in input tensor.
WARNING:root:NaN or Inf found in input tensor.
WARNING:root:NaN or Inf found in input tensor.
WARNING:root:NaN or Inf found in input tensor.
WARNING:root:NaN or Inf found in input tensor.
WARNING:root:NaN or Inf found in input tensor.
WARNING:root:NaN or Inf found in input tensor.
WARNING:root:NaN or Inf found in input tensor.
WARNING:root:NaN or Inf found in input tensor.
WARNING:root:NaN or Inf found in input tensor.
WARNING:root:NaN or Inf found in input tensor.
WARNING:root:NaN or Inf found in input tensor.
WARNING:root:NaN or Inf found in input tensor.
WARNING:root:NaN or Inf found in input tensor.
WARNING:root:NaN or Inf found in input tensor.
WARNING:root:NaN or Inf found in input tensor.
WARNING:root:NaN or Inf found in input tensor.
WARNING:root:NaN or Inf found in input tensor.
WARNING:root:NaN or Inf found in input tensor.
WARNING:root:NaN or Inf found in input tensor.
WARNING:root:NaN or Inf found in input tensor.
WARNING:root:NaN or Inf found in input tensor.
WARNING:root:NaN or Inf found in input tensor.
WARNING:root:NaN or Inf found in input tensor.
WARNING:root:NaN or Inf found in input tensor.
WARNING:root:NaN or Inf found in input tensor.
WARNING:root:NaN or Inf found in input tensor.
WARNING:root:NaN or Inf found in input tensor.
WARNING:root:NaN or Inf found in input tensor.
Epoch: 170/300   Train loss: 0.01001   Test F-score avg/max: 0.47894/0.57538
Epoch: 171/300   Train loss: 0.00986   Test F-score avg/max: 0.50777/0.57538
Epoch: 172/300   Train loss: 0.00987   Test F-score avg/max: 0.48568/0.57538
Epoch: 173/300   Train loss: 0.01044   Test F-score avg/max: 0.47089/0.57538
Epoch: 174/300   Train loss: 0.01246   Test F-score avg/max: 0.48322/0.57538
Epoch: 175/300   Train loss: 0.01501   Test F-score avg/max: 0.5157/0.57538
Epoch: 176/300   Train loss: 0.01393   Test F-score avg/max: 0.47477/0.57538
Epoch: 177/300   Train loss: 0.01227   Test F-score avg/max: 0.50203/0.57538
Epoch: 178/300   Train loss: 0.01149   Test F-score avg/max: 0.47358/0.57538
Epoch: 179/300   Train loss: 0.01054   Test F-score avg/max: 0.50392/0.57538
Epoch: 180/300   Train loss: 0.00962   Test F-score avg/max: 0.46807/0.57538
Epoch: 181/300   Train loss: 0.00898   Test F-score avg/max: 0.49919/0.57538
Epoch: 182/300   Train loss: 0.00876   Test F-score avg/max: 0.466/0.57538
Epoch: 183/300   Train loss: 0.00973   Test F-score avg/max: 0.49628/0.57538
Epoch: 184/300   Train loss: 0.00983   Test F-score avg/max: 0.45781/0.57538
Epoch: 185/300   Train loss: 0.00911   Test F-score avg/max: 0.48504/0.57538
Epoch: 186/300   Train loss: 0.00859   Test F-score avg/max: 0.47892/0.57538
Epoch: 187/300   Train loss: 0.00881   Test F-score avg/max: 0.486/0.57538
Epoch: 188/300   Train loss: 0.00841   Test F-score avg/max: 0.49209/0.57538
Epoch: 189/300   Train loss: 0.00868   Test F-score avg/max: 0.50051/0.57538
Epoch: 190/300   Train loss: 0.00933   Test F-score avg/max: 0.4598/0.57538
Epoch: 191/300   Train loss: 0.01106   Test F-score avg/max: 0.52718/0.57538
Epoch: 192/300   Train loss: 0.01272   Test F-score avg/max: 0.4946/0.57538
Epoch: 193/300   Train loss: 0.01563   Test F-score avg/max: 0.47058/0.57538
Epoch: 194/300   Train loss: 0.01435   Test F-score avg/max: 0.49369/0.57538
Epoch: 195/300   Train loss: 0.01250   Test F-score avg/max: 0.45209/0.57538
Epoch: 196/300   Train loss: 0.01182   Test F-score avg/max: 0.49778/0.57538
Epoch: 197/300   Train loss: 0.01052   Test F-score avg/max: 0.47406/0.57538
Epoch: 198/300   Train loss: 0.00980   Test F-score avg/max: 0.48098/0.57538
Epoch: 199/300   Train loss: 0.00891   Test F-score avg/max: 0.47828/0.57538
Epoch: 200/300   Train loss: 0.00863   Test F-score avg/max: 0.49014/0.57538
Epoch: 201/300   Train loss: 0.00833   Test F-score avg/max: 0.45309/0.57538
Epoch: 202/300   Train loss: 0.00829   Test F-score avg/max: 0.47392/0.57538
Epoch: 203/300   Train loss: 0.00854   Test F-score avg/max: 0.46429/0.57538
Epoch: 204/300   Train loss: 0.00808   Test F-score avg/max: 0.51675/0.57538
Epoch: 205/300   Train loss: 0.00844   Test F-score avg/max: 0.49703/0.57538
Epoch: 206/300   Train loss: 0.00908   Test F-score avg/max: 0.44775/0.57538
Epoch: 207/300   Train loss: 0.00981   Test F-score avg/max: 0.47954/0.57538
Epoch: 208/300   Train loss: 0.00948   Test F-score avg/max: 0.49553/0.57538
Epoch: 209/300   Train loss: 0.00956   Test F-score avg/max: 0.48608/0.57538
Epoch: 210/300   Train loss: 0.01010   Test F-score avg/max: 0.45943/0.57538
Epoch: 211/300   Train loss: 0.01301   Test F-score avg/max: 0.44567/0.57538
Epoch: 212/300   Train loss: 0.01009   Test F-score avg/max: 0.49417/0.57538
Epoch: 213/300   Train loss: 0.00983   Test F-score avg/max: 0.4985/0.57538
Epoch: 214/300   Train loss: 0.00928   Test F-score avg/max: 0.47526/0.57538
Epoch: 215/300   Train loss: 0.00930   Test F-score avg/max: 0.46084/0.57538
Epoch: 216/300   Train loss: 0.00920   Test F-score avg/max: 0.48557/0.57538
Epoch: 217/300   Train loss: 0.00886   Test F-score avg/max: 0.48657/0.57538
Epoch: 218/300   Train loss: 0.00885   Test F-score avg/max: 0.47966/0.57538
Epoch: 219/300   Train loss: 0.00879   Test F-score avg/max: 0.50276/0.57538
Epoch: 220/300   Train loss: nan   Test F-score avg/max: 0.02655/0.57538
Epoch: 221/300   Train loss: nan   Test F-score avg/max: 0.02655/0.57538
Epoch: 222/300   Train loss: nan   Test F-score avg/max: 0.02655/0.57538
Epoch: 223/300   Train loss: nan   Test F-score avg/max: 0.02655/0.57538
Epoch: 224/300   Train loss: nan   Test F-score avg/max: 0.02655/0.57538
Epoch: 225/300   Train loss: nan   Test F-score avg/max: 0.02655/0.57538
Epoch: 226/300   Train loss: nan   Test F-score avg/max: 0.02655/0.57538
Epoch: 227/300   Train loss: nan   Test F-score avg/max: 0.02655/0.57538
Epoch: 228/300   Train loss: nan   Test F-score avg/max: 0.02655/0.57538
Epoch: 229/300   Train loss: nan   Test F-score avg/max: 0.02655/0.57538
Epoch: 230/300   Train loss: nan   Test F-score avg/max: 0.02655/0.57538
Epoch: 231/300   Train loss: nan   Test F-score avg/max: 0.02655/0.57538
Epoch: 232/300   Train loss: nan   Test F-score avg/max: 0.02655/0.57538
Epoch: 233/300   Train loss: nan   Test F-score avg/max: 0.02655/0.57538
Epoch: 234/300   Train loss: nan   Test F-score avg/max: 0.02655/0.57538
Epoch: 235/300   Train loss: nan   Test F-score avg/max: 0.02655/0.57538
Epoch: 236/300   Train loss: nan   Test F-score avg/max: 0.02655/0.57538
Epoch: 237/300   Train loss: nan   Test F-score avg/max: 0.02655/0.57538
Epoch: 238/300   Train loss: nan   Test F-score avg/max: 0.02655/0.57538
Epoch: 239/300   Train loss: nan   Test F-score avg/max: 0.02655/0.57538
Epoch: 240/300   Train loss: nan   Test F-score avg/max: 0.02655/0.57538
Epoch: 241/300   Train loss: nan   Test F-score avg/max: 0.02655/0.57538
Epoch: 242/300   Train loss: nan   Test F-score avg/max: 0.02655/0.57538
Epoch: 243/300   Train loss: nan   Test F-score avg/max: 0.02655/0.57538
Epoch: 244/300   Train loss: nan   Test F-score avg/max: 0.02655/0.57538
Epoch: 245/300   Train loss: nan   Test F-score avg/max: 0.02655/0.57538
Epoch: 246/300   Train loss: nan   Test F-score avg/max: 0.02655/0.57538
Epoch: 247/300   Train loss: nan   Test F-score avg/max: 0.02655/0.57538
Epoch: 248/300   Train loss: nan   Test F-score avg/max: 0.02655/0.57538
Epoch: 249/300   Train loss: nan   Test F-score avg/max: 0.02655/0.57538
Epoch: 250/300   Train loss: nan   Test F-score avg/max: 0.02655/0.57538
Epoch: 251/300   Train loss: nan   Test F-score avg/max: 0.02655/0.57538
Epoch: 252/300   Train loss: nan   Test F-score avg/max: 0.02655/0.57538
Epoch: 253/300   Train loss: nan   Test F-score avg/max: 0.02655/0.57538
Epoch: 254/300   Train loss: nan   Test F-score avg/max: 0.02655/0.57538
Epoch: 255/300   Train loss: nan   Test F-score avg/max: 0.02655/0.57538
Epoch: 256/300   Train loss: nan   Test F-score avg/max: 0.02655/0.57538
Epoch: 257/300   Train loss: nan   Test F-score avg/max: 0.02655/0.57538
Epoch: 258/300   Train loss: nan   Test F-score avg/max: 0.02655/0.57538
Epoch: 259/300   Train loss: nan   Test F-score avg/max: 0.02655/0.57538
Epoch: 260/300   Train loss: nan   Test F-score avg/max: 0.02655/0.57538
Epoch: 261/300   Train loss: nan   Test F-score avg/max: 0.02655/0.57538
Epoch: 262/300   Train loss: nan   Test F-score avg/max: 0.02655/0.57538
Epoch: 263/300   Train loss: nan   Test F-score avg/max: 0.02655/0.57538
Epoch: 264/300   Train loss: nan   Test F-score avg/max: 0.02655/0.57538
Epoch: 265/300   Train loss: nan   Test F-score avg/max: 0.02655/0.57538
Epoch: 266/300   Train loss: nan   Test F-score avg/max: 0.02655/0.57538
Epoch: 267/300   Train loss: nan   Test F-score avg/max: 0.02655/0.57538
Epoch: 268/300   Train loss: nan   Test F-score avg/max: 0.02655/0.57538
Epoch: 269/300   Train loss: nan   Test F-score avg/max: 0.02655/0.57538
Epoch: 270/300   Train loss: nan   Test F-score avg/max: 0.02655/0.57538
Epoch: 271/300   Train loss: nan   Test F-score avg/max: 0.02655/0.57538
Epoch: 272/300   Train loss: nan   Test F-score avg/max: 0.02655/0.57538
Epoch: 273/300   Train loss: nan   Test F-score avg/max: 0.02655/0.57538
Epoch: 274/300   Train loss: nan   Test F-score avg/max: 0.02655/0.57538
Epoch: 275/300   Train loss: nan   Test F-score avg/max: 0.02655/0.57538
Epoch: 276/300   Train loss: nan   Test F-score avg/max: 0.02655/0.57538
Epoch: 277/300   Train loss: nan   Test F-score avg/max: 0.02655/0.57538
Epoch: 278/300   Train loss: nan   Test F-score avg/max: 0.02655/0.57538
Epoch: 279/300   Train loss: nan   Test F-score avg/max: 0.02655/0.57538
WARNING:root:NaN or Inf found in input tensor.
WARNING:root:NaN or Inf found in input tensor.
WARNING:root:NaN or Inf found in input tensor.
WARNING:root:NaN or Inf found in input tensor.
WARNING:root:NaN or Inf found in input tensor.
WARNING:root:NaN or Inf found in input tensor.
WARNING:root:NaN or Inf found in input tensor.
WARNING:root:NaN or Inf found in input tensor.
WARNING:root:NaN or Inf found in input tensor.
WARNING:root:NaN or Inf found in input tensor.
WARNING:root:NaN or Inf found in input tensor.
WARNING:root:NaN or Inf found in input tensor.
WARNING:root:NaN or Inf found in input tensor.
WARNING:root:NaN or Inf found in input tensor.
WARNING:root:NaN or Inf found in input tensor.
WARNING:root:NaN or Inf found in input tensor.
WARNING:root:NaN or Inf found in input tensor.
WARNING:root:NaN or Inf found in input tensor.
WARNING:root:NaN or Inf found in input tensor.
WARNING:root:NaN or Inf found in input tensor.
mv: cannot stat 'i3d_features/models_temp/tvsum_splits_1/40_*.pth.tar': No such file or directory
rm: cannot remove 'i3d_features/models_temp/tvsum_splits_1/50_62.434.pth.tar': Permission denied
rm: cannot remove 'i3d_features/models_temp/tvsum_splits_1/72_2.655.pth.tar': Permission denied
rm: cannot remove 'i3d_features/models_temp/tvsum_splits_1/58_56.727.pth.tar': Permission denied
rm: cannot remove 'i3d_features/models_temp/tvsum_splits_1/62_62.818.pth.tar': Permission denied
Epoch: 280/300   Train loss: nan   Test F-score avg/max: 0.02655/0.57538
Epoch: 281/300   Train loss: nan   Test F-score avg/max: 0.02655/0.57538
Epoch: 282/300   Train loss: nan   Test F-score avg/max: 0.02655/0.57538
Epoch: 283/300   Train loss: nan   Test F-score avg/max: 0.02655/0.57538
Epoch: 284/300   Train loss: nan   Test F-score avg/max: 0.02655/0.57538
Epoch: 285/300   Train loss: nan   Test F-score avg/max: 0.02655/0.57538
Epoch: 286/300   Train loss: nan   Test F-score avg/max: 0.02655/0.57538
Epoch: 287/300   Train loss: nan   Test F-score avg/max: 0.02655/0.57538
Epoch: 288/300   Train loss: nan   Test F-score avg/max: 0.02655/0.57538
Epoch: 289/300   Train loss: nan   Test F-score avg/max: 0.02655/0.57538
Epoch: 290/300   Train loss: nan   Test F-score avg/max: 0.02655/0.57538
Epoch: 291/300   Train loss: nan   Test F-score avg/max: 0.02655/0.57538
Epoch: 292/300   Train loss: nan   Test F-score avg/max: 0.02655/0.57538
Epoch: 293/300   Train loss: nan   Test F-score avg/max: 0.02655/0.57538
Epoch: 294/300   Train loss: nan   Test F-score avg/max: 0.02655/0.57538
Epoch: 295/300   Train loss: nan   Test F-score avg/max: 0.02655/0.57538
Epoch: 296/300   Train loss: nan   Test F-score avg/max: 0.02655/0.57538
Epoch: 297/300   Train loss: nan   Test F-score avg/max: 0.02655/0.57538
Epoch: 298/300   Train loss: nan   Test F-score avg/max: 0.02655/0.57538
Epoch: 299/300   Train loss: nan   Test F-score avg/max: 0.02655/0.57538
Split: splits/tvsum_splits.json   Best F-score: 0.57538   Model: i3d_features/models/tvsum_splits_1_0.5753760603367178.tar.pth
Setting CUDA device:  0
['../SUM-GAN-AAE/data/TVSum/tvsum_i3d_mixed5c_aligned.h5']
../SUM-GAN-AAE/data/TVSum/tvsum_i3d_mixed5c_aligned.h5
Loading: ../SUM-GAN-AAE/data/TVSum/tvsum_i3d_mixed5c_aligned.h5
Loading splits from:  splits/tvsum_splits.json
Selecting split:  2
tvsum
../SUM-GAN-AAE/data/SumMe/summe_i3d_mixed5c_aligned.h5
../SUM-GAN-AAE/data/TVSum/tvsum_i3d_mixed5c_aligned.h5
Initializing VASNet model and optimizer...
Starting training...
Epoch: 0/300    Train loss: 0.18159   Test F-score avg/max: 0.05339/0.05339
Epoch: 1/300    Train loss: 0.18183   Test F-score avg/max: 0.05339/0.05339
Epoch: 2/300    Train loss: 0.18183   Test F-score avg/max: 0.05339/0.05339
Epoch: 3/300    Train loss: 0.18183   Test F-score avg/max: 0.05339/0.05339
Epoch: 4/300    Train loss: 0.18183   Test F-score avg/max: 0.05339/0.05339
Epoch: 5/300    Train loss: 0.18183   Test F-score avg/max: 0.05339/0.05339
Epoch: 6/300    Train loss: 0.18183   Test F-score avg/max: 0.05339/0.05339
Epoch: 7/300    Train loss: 0.18183   Test F-score avg/max: 0.05339/0.05339
Epoch: 8/300    Train loss: 0.18183   Test F-score avg/max: 0.05339/0.05339
Epoch: 9/300    Train loss: 0.18183   Test F-score avg/max: 0.05339/0.05339
Epoch: 10/300   Train loss: 0.18183   Test F-score avg/max: 0.05339/0.05339
Epoch: 11/300   Train loss: 0.18183   Test F-score avg/max: 0.05339/0.05339
Epoch: 12/300   Train loss: 0.18183   Test F-score avg/max: 0.05339/0.05339
Epoch: 13/300   Train loss: 0.18183   Test F-score avg/max: 0.05339/0.05339
Epoch: 14/300   Train loss: 0.18183   Test F-score avg/max: 0.05339/0.05339
Epoch: 15/300   Train loss: 0.18183   Test F-score avg/max: 0.05339/0.05339
Epoch: 16/300   Train loss: 0.18183   Test F-score avg/max: 0.05339/0.05339
Epoch: 17/300   Train loss: 0.18183   Test F-score avg/max: 0.05339/0.05339
Epoch: 18/300   Train loss: 0.18183   Test F-score avg/max: 0.05339/0.05339
Epoch: 19/300   Train loss: 0.18183   Test F-score avg/max: 0.05339/0.05339
Epoch: 20/300   Train loss: 0.18183   Test F-score avg/max: 0.05339/0.05339
Epoch: 21/300   Train loss: 0.18183   Test F-score avg/max: 0.05339/0.05339
Epoch: 22/300   Train loss: 0.18183   Test F-score avg/max: 0.05339/0.05339
Epoch: 23/300   Train loss: 0.18183   Test F-score avg/max: 0.05339/0.05339
Epoch: 24/300   Train loss: 0.18183   Test F-score avg/max: 0.05339/0.05339
Epoch: 25/300   Train loss: 0.18183   Test F-score avg/max: 0.05339/0.05339
Epoch: 26/300   Train loss: 0.18183   Test F-score avg/max: 0.05339/0.05339
Epoch: 27/300   Train loss: 0.17984   Test F-score avg/max: 0.05339/0.05339
Epoch: 28/300   Train loss: 0.18183   Test F-score avg/max: 0.05339/0.05339
Epoch: 29/300   Train loss: 0.18183   Test F-score avg/max: 0.05339/0.05339
Epoch: 30/300   Train loss: 0.18183   Test F-score avg/max: 0.05339/0.05339
Epoch: 31/300   Train loss: 0.18183   Test F-score avg/max: 0.05339/0.05339
Epoch: 32/300   Train loss: 0.18183   Test F-score avg/max: 0.05339/0.05339
Epoch: 33/300   Train loss: 0.18183   Test F-score avg/max: 0.05339/0.05339
Epoch: 34/300   Train loss: 0.18183   Test F-score avg/max: 0.05339/0.05339
Epoch: 35/300   Train loss: 0.18183   Test F-score avg/max: 0.05339/0.05339
Epoch: 36/300   Train loss: 0.18183   Test F-score avg/max: 0.05339/0.05339
Epoch: 37/300   Train loss: 0.18183   Test F-score avg/max: 0.05339/0.05339
Epoch: 38/300   Train loss: 0.18183   Test F-score avg/max: 0.05339/0.05339
Epoch: 39/300   Train loss: 0.18183   Test F-score avg/max: 0.05339/0.05339
Epoch: 40/300   Train loss: 0.18183   Test F-score avg/max: 0.05339/0.05339
Epoch: 41/300   Train loss: 0.18183   Test F-score avg/max: 0.05339/0.05339
Epoch: 42/300   Train loss: 0.18182   Test F-score avg/max: 0.05339/0.05339
Epoch: 43/300   Train loss: 0.18466   Test F-score avg/max: 0.05339/0.05339
Epoch: 44/300   Train loss: 0.18183   Test F-score avg/max: 0.05339/0.05339
Epoch: 45/300   Train loss: 0.18183   Test F-score avg/max: 0.05339/0.05339
Epoch: 46/300   Train loss: 0.18183   Test F-score avg/max: 0.05339/0.05339
Epoch: 47/300   Train loss: 0.18183   Test F-score avg/max: 0.05339/0.05339
Epoch: 48/300   Train loss: 0.18183   Test F-score avg/max: 0.05339/0.05339
Epoch: 49/300   Train loss: 0.18183   Test F-score avg/max: 0.05339/0.05339
Epoch: 50/300   Train loss: 0.18183   Test F-score avg/max: 0.05339/0.05339
Epoch: 51/300   Train loss: 0.18183   Test F-score avg/max: 0.05339/0.05339
Epoch: 52/300   Train loss: 0.18183   Test F-score avg/max: 0.05339/0.05339
Epoch: 53/300   Train loss: 0.18183   Test F-score avg/max: 0.05339/0.05339
Epoch: 54/300   Train loss: 0.18183   Test F-score avg/max: 0.05339/0.05339
Epoch: 55/300   Train loss: 0.18183   Test F-score avg/max: 0.05339/0.05339
Epoch: 56/300   Train loss: 0.18183   Test F-score avg/max: 0.05339/0.05339
Epoch: 57/300   Train loss: 0.18183   Test F-score avg/max: 0.05339/0.05339
Epoch: 58/300   Train loss: 0.18183   Test F-score avg/max: 0.05339/0.05339
Epoch: 59/300   Train loss: 0.18183   Test F-score avg/max: 0.05339/0.05339
Epoch: 60/300   Train loss: 0.18183   Test F-score avg/max: 0.05339/0.05339
Epoch: 61/300   Train loss: 0.18183   Test F-score avg/max: 0.05339/0.05339
Epoch: 62/300   Train loss: 0.18183   Test F-score avg/max: 0.05339/0.05339
Epoch: 63/300   Train loss: 0.18183   Test F-score avg/max: 0.05339/0.05339
Epoch: 64/300   Train loss: 0.18183   Test F-score avg/max: 0.05339/0.05339
Epoch: 65/300   Train loss: 0.18183   Test F-score avg/max: 0.05339/0.05339
Epoch: 66/300   Train loss: 0.18183   Test F-score avg/max: 0.05339/0.05339
Epoch: 67/300   Train loss: 0.18183   Test F-score avg/max: 0.05339/0.05339
Epoch: 68/300   Train loss: 0.18183   Test F-score avg/max: 0.05339/0.05339
Epoch: 69/300   Train loss: 0.18183   Test F-score avg/max: 0.05339/0.05339
Epoch: 70/300   Train loss: 0.18183   Test F-score avg/max: 0.05339/0.05339
Epoch: 71/300   Train loss: 0.18183   Test F-score avg/max: 0.05339/0.05339
Epoch: 72/300   Train loss: 0.18183   Test F-score avg/max: 0.05339/0.05339
Epoch: 73/300   Train loss: 0.18183   Test F-score avg/max: 0.05339/0.05339
Epoch: 74/300   Train loss: 0.18183   Test F-score avg/max: 0.05339/0.05339
Epoch: 75/300   Train loss: 0.18183   Test F-score avg/max: 0.05339/0.05339
Epoch: 76/300   Train loss: 0.18183   Test F-score avg/max: 0.05339/0.05339
Epoch: 77/300   Train loss: 0.18183   Test F-score avg/max: 0.05339/0.05339
Epoch: 78/300   Train loss: 0.18183   Test F-score avg/max: 0.05339/0.05339
Epoch: 79/300   Train loss: 0.18183   Test F-score avg/max: 0.05339/0.05339
Epoch: 80/300   Train loss: 0.18183   Test F-score avg/max: 0.05339/0.05339
WARNING:root:NaN or Inf found in input tensor.
WARNING:root:NaN or Inf found in input tensor.
WARNING:root:NaN or Inf found in input tensor.
WARNING:root:NaN or Inf found in input tensor.
WARNING:root:NaN or Inf found in input tensor.
WARNING:root:NaN or Inf found in input tensor.
WARNING:root:NaN or Inf found in input tensor.
WARNING:root:NaN or Inf found in input tensor.
WARNING:root:NaN or Inf found in input tensor.
WARNING:root:NaN or Inf found in input tensor.
WARNING:root:NaN or Inf found in input tensor.
WARNING:root:NaN or Inf found in input tensor.
WARNING:root:NaN or Inf found in input tensor.
WARNING:root:NaN or Inf found in input tensor.
WARNING:root:NaN or Inf found in input tensor.
WARNING:root:NaN or Inf found in input tensor.
WARNING:root:NaN or Inf found in input tensor.
WARNING:root:NaN or Inf found in input tensor.
WARNING:root:NaN or Inf found in input tensor.
WARNING:root:NaN or Inf found in input tensor.
WARNING:root:NaN or Inf found in input tensor.
WARNING:root:NaN or Inf found in input tensor.
WARNING:root:NaN or Inf found in input tensor.
WARNING:root:NaN or Inf found in input tensor.
WARNING:root:NaN or Inf found in input tensor.
WARNING:root:NaN or Inf found in input tensor.
WARNING:root:NaN or Inf found in input tensor.
WARNING:root:NaN or Inf found in input tensor.
WARNING:root:NaN or Inf found in input tensor.
WARNING:root:NaN or Inf found in input tensor.
WARNING:root:NaN or Inf found in input tensor.
WARNING:root:NaN or Inf found in input tensor.
WARNING:root:NaN or Inf found in input tensor.
WARNING:root:NaN or Inf found in input tensor.
WARNING:root:NaN or Inf found in input tensor.
WARNING:root:NaN or Inf found in input tensor.
WARNING:root:NaN or Inf found in input tensor.
WARNING:root:NaN or Inf found in input tensor.
WARNING:root:NaN or Inf found in input tensor.
WARNING:root:NaN or Inf found in input tensor.
WARNING:root:NaN or Inf found in input tensor.
WARNING:root:NaN or Inf found in input tensor.
WARNING:root:NaN or Inf found in input tensor.
WARNING:root:NaN or Inf found in input tensor.
WARNING:root:NaN or Inf found in input tensor.
WARNING:root:NaN or Inf found in input tensor.
WARNING:root:NaN or Inf found in input tensor.
Epoch: 81/300   Train loss: 0.18183   Test F-score avg/max: 0.05339/0.05339
Epoch: 82/300   Train loss: 0.18183   Test F-score avg/max: 0.05339/0.05339
Epoch: 83/300   Train loss: 0.18183   Test F-score avg/max: 0.05339/0.05339
Epoch: 84/300   Train loss: 0.18183   Test F-score avg/max: 0.05339/0.05339
Epoch: 85/300   Train loss: 0.18183   Test F-score avg/max: 0.05339/0.05339
Epoch: 86/300   Train loss: 0.18183   Test F-score avg/max: 0.05339/0.05339
Epoch: 87/300   Train loss: 0.18183   Test F-score avg/max: 0.05339/0.05339
Epoch: 88/300   Train loss: 0.18183   Test F-score avg/max: 0.05339/0.05339
Epoch: 89/300   Train loss: 0.18183   Test F-score avg/max: 0.05339/0.05339
Epoch: 90/300   Train loss: 0.18183   Test F-score avg/max: 0.05339/0.05339
Epoch: 91/300   Train loss: 0.18183   Test F-score avg/max: 0.05339/0.05339
Epoch: 92/300   Train loss: 0.18183   Test F-score avg/max: 0.05339/0.05339
Epoch: 93/300   Train loss: 0.18183   Test F-score avg/max: 0.05339/0.05339
Epoch: 94/300   Train loss: 0.18182   Test F-score avg/max: 0.05339/0.05339
Epoch: 95/300   Train loss: 0.18182   Test F-score avg/max: 0.05339/0.05339
Epoch: 96/300   Train loss: 0.18182   Test F-score avg/max: 0.05339/0.05339
Epoch: 97/300   Train loss: 0.18182   Test F-score avg/max: 0.05339/0.05339
Epoch: 98/300   Train loss: 0.18182   Test F-score avg/max: 0.05339/0.05339
Epoch: 99/300   Train loss: 0.18181   Test F-score avg/max: 0.05339/0.05339
Epoch: 100/300   Train loss: 0.18178   Test F-score avg/max: 0.05339/0.05339
Epoch: 101/300   Train loss: 0.15743   Test F-score avg/max: 0.54968/0.54968
Epoch: 102/300   Train loss: 0.06284   Test F-score avg/max: 0.54315/0.54968
Epoch: 103/300   Train loss: 0.05924   Test F-score avg/max: 0.55019/0.55019
Epoch: 104/300   Train loss: 0.05948   Test F-score avg/max: 0.54735/0.55019
Epoch: 105/300   Train loss: 0.05915   Test F-score avg/max: 0.54836/0.55019
Epoch: 106/300   Train loss: 0.05882   Test F-score avg/max: 0.54771/0.55019
Epoch: 107/300   Train loss: 0.05893   Test F-score avg/max: 0.54549/0.55019
Epoch: 108/300   Train loss: 0.05938   Test F-score avg/max: 0.54735/0.55019
Epoch: 109/300   Train loss: 0.05888   Test F-score avg/max: 0.54735/0.55019
Epoch: 110/300   Train loss: 0.05865   Test F-score avg/max: 0.54711/0.55019
Epoch: 111/300   Train loss: 0.05993   Test F-score avg/max: 0.54875/0.55019
Epoch: 112/300   Train loss: 0.05861   Test F-score avg/max: 0.53327/0.55019
Epoch: 113/300   Train loss: 0.05830   Test F-score avg/max: 0.5446/0.55019
Epoch: 114/300   Train loss: 0.05877   Test F-score avg/max: 0.54735/0.55019
Epoch: 115/300   Train loss: 0.05883   Test F-score avg/max: 0.54273/0.55019
Epoch: 116/300   Train loss: 0.05914   Test F-score avg/max: 0.54735/0.55019
Epoch: 117/300   Train loss: 0.05830   Test F-score avg/max: 0.54019/0.55019
Epoch: 118/300   Train loss: 0.05846   Test F-score avg/max: 0.54735/0.55019
Epoch: 119/300   Train loss: 0.05849   Test F-score avg/max: 0.54466/0.55019
Epoch: 120/300   Train loss: 0.05832   Test F-score avg/max: 0.54773/0.55019
Epoch: 121/300   Train loss: 0.05846   Test F-score avg/max: 0.5463/0.55019
Epoch: 122/300   Train loss: 0.05905   Test F-score avg/max: 0.54735/0.55019
Epoch: 123/300   Train loss: 0.05824   Test F-score avg/max: 0.54735/0.55019
Epoch: 124/300   Train loss: 0.05885   Test F-score avg/max: 0.54401/0.55019
Epoch: 125/300   Train loss: 0.05788   Test F-score avg/max: 0.54297/0.55019
Epoch: 126/300   Train loss: 0.05851   Test F-score avg/max: 0.52914/0.55019
Epoch: 127/300   Train loss: 0.05856   Test F-score avg/max: 0.54256/0.55019
Epoch: 128/300   Train loss: 0.05826   Test F-score avg/max: 0.54815/0.55019
Epoch: 129/300   Train loss: 0.05852   Test F-score avg/max: 0.55018/0.55019
Epoch: 130/300   Train loss: 0.05833   Test F-score avg/max: 0.53171/0.55019
Epoch: 131/300   Train loss: 0.05825   Test F-score avg/max: 0.54735/0.55019
Epoch: 132/300   Train loss: 0.05838   Test F-score avg/max: 0.54424/0.55019
Epoch: 133/300   Train loss: 0.05882   Test F-score avg/max: 0.54735/0.55019
Epoch: 134/300   Train loss: 0.05820   Test F-score avg/max: 0.54224/0.55019
Epoch: 135/300   Train loss: 0.05825   Test F-score avg/max: 0.5369/0.55019
Epoch: 136/300   Train loss: 0.05821   Test F-score avg/max: 0.54624/0.55019
Epoch: 137/300   Train loss: 0.05805   Test F-score avg/max: 0.53863/0.55019
Epoch: 138/300   Train loss: 0.05821   Test F-score avg/max: 0.5321/0.55019
Epoch: 139/300   Train loss: 0.05798   Test F-score avg/max: 0.53349/0.55019
Epoch: 140/300   Train loss: 0.05812   Test F-score avg/max: 0.56091/0.56091
Epoch: 141/300   Train loss: 0.05742   Test F-score avg/max: 0.58714/0.58714
Epoch: 142/300   Train loss: 0.05658   Test F-score avg/max: 0.5392/0.58714
Epoch: 143/300   Train loss: 0.05577   Test F-score avg/max: 0.55752/0.58714
Epoch: 144/300   Train loss: nan   Test F-score avg/max: 0.05339/0.58714
Epoch: 145/300   Train loss: nan   Test F-score avg/max: 0.05339/0.58714
Epoch: 146/300   Train loss: nan   Test F-score avg/max: 0.05339/0.58714
Epoch: 147/300   Train loss: nan   Test F-score avg/max: 0.05339/0.58714
Epoch: 148/300   Train loss: nan   Test F-score avg/max: 0.05339/0.58714
Epoch: 149/300   Train loss: nan   Test F-score avg/max: 0.05339/0.58714
Epoch: 150/300   Train loss: nan   Test F-score avg/max: 0.05339/0.58714
Epoch: 151/300   Train loss: nan   Test F-score avg/max: 0.05339/0.58714
Epoch: 152/300   Train loss: nan   Test F-score avg/max: 0.05339/0.58714
Epoch: 153/300   Train loss: nan   Test F-score avg/max: 0.05339/0.58714
Epoch: 154/300   Train loss: nan   Test F-score avg/max: 0.05339/0.58714
Epoch: 155/300   Train loss: nan   Test F-score avg/max: 0.05339/0.58714
Epoch: 156/300   Train loss: nan   Test F-score avg/max: 0.05339/0.58714
Epoch: 157/300   Train loss: nan   Test F-score avg/max: 0.05339/0.58714
Epoch: 158/300   Train loss: nan   Test F-score avg/max: 0.05339/0.58714
Epoch: 159/300   Train loss: nan   Test F-score avg/max: 0.05339/0.58714
Epoch: 160/300   Train loss: nan   Test F-score avg/max: 0.05339/0.58714
Epoch: 161/300   Train loss: nan   Test F-score avg/max: 0.05339/0.58714
Epoch: 162/300   Train loss: nan   Test F-score avg/max: 0.05339/0.58714
Epoch: 163/300   Train loss: nan   Test F-score avg/max: 0.05339/0.58714
Epoch: 164/300   Train loss: nan   Test F-score avg/max: 0.05339/0.58714
Epoch: 165/300   Train loss: nan   Test F-score avg/max: 0.05339/0.58714
Epoch: 166/300   Train loss: nan   Test F-score avg/max: 0.05339/0.58714
Epoch: 167/300   Train loss: nan   Test F-score avg/max: 0.05339/0.58714
Epoch: 168/300   Train loss: nan   Test F-score avg/max: 0.05339/0.58714
Epoch: 169/300   Train loss: nan   Test F-score avg/max: 0.05339/0.58714
Epoch: 170/300   Train loss: nan   Test F-score avg/max: 0.05339/0.58714
Epoch: 171/300   Train loss: nan   Test F-score avg/max: 0.05339/0.58714
Epoch: 172/300   Train loss: nan   Test F-score avg/max: 0.05339/0.58714
Epoch: 173/300   Train loss: nan   Test F-score avg/max: 0.05339/0.58714
Epoch: 174/300   Train loss: nan   Test F-score avg/max: 0.05339/0.58714
Epoch: 175/300   Train loss: nan   Test F-score avg/max: 0.05339/0.58714
Epoch: 176/300   Train loss: nan   Test F-score avg/max: 0.05339/0.58714
Epoch: 177/300   Train loss: nan   Test F-score avg/max: 0.05339/0.58714
Epoch: 178/300   Train loss: nan   Test F-score avg/max: 0.05339/0.58714
Epoch: 179/300   Train loss: nan   Test F-score avg/max: 0.05339/0.58714
Epoch: 180/300   Train loss: nan   Test F-score avg/max: 0.05339/0.58714
Epoch: 181/300   Train loss: nan   Test F-score avg/max: 0.05339/0.58714
Epoch: 182/300   Train loss: nan   Test F-score avg/max: 0.05339/0.58714
Epoch: 183/300   Train loss: nan   Test F-score avg/max: 0.05339/0.58714
Epoch: 184/300   Train loss: nan   Test F-score avg/max: 0.05339/0.58714
Epoch: 185/300   Train loss: nan   Test F-score avg/max: 0.05339/0.58714
Epoch: 186/300   Train loss: nan   Test F-score avg/max: 0.05339/0.58714
Epoch: 187/300   Train loss: nan   Test F-score avg/max: 0.05339/0.58714
Epoch: 188/300   Train loss: nan   Test F-score avg/max: 0.05339/0.58714
Epoch: 189/300   Train loss: nan   Test F-score avg/max: 0.05339/0.58714
Epoch: 190/300   Train loss: nan   Test F-score avg/max: 0.05339/0.58714
WARNING:root:NaN or Inf found in input tensor.
WARNING:root:NaN or Inf found in input tensor.
WARNING:root:NaN or Inf found in input tensor.
WARNING:root:NaN or Inf found in input tensor.
WARNING:root:NaN or Inf found in input tensor.
WARNING:root:NaN or Inf found in input tensor.
WARNING:root:NaN or Inf found in input tensor.
WARNING:root:NaN or Inf found in input tensor.
WARNING:root:NaN or Inf found in input tensor.
WARNING:root:NaN or Inf found in input tensor.
WARNING:root:NaN or Inf found in input tensor.
WARNING:root:NaN or Inf found in input tensor.
WARNING:root:NaN or Inf found in input tensor.
WARNING:root:NaN or Inf found in input tensor.
WARNING:root:NaN or Inf found in input tensor.
WARNING:root:NaN or Inf found in input tensor.
WARNING:root:NaN or Inf found in input tensor.
WARNING:root:NaN or Inf found in input tensor.
WARNING:root:NaN or Inf found in input tensor.
WARNING:root:NaN or Inf found in input tensor.
WARNING:root:NaN or Inf found in input tensor.
WARNING:root:NaN or Inf found in input tensor.
WARNING:root:NaN or Inf found in input tensor.
WARNING:root:NaN or Inf found in input tensor.
WARNING:root:NaN or Inf found in input tensor.
WARNING:root:NaN or Inf found in input tensor.
WARNING:root:NaN or Inf found in input tensor.
WARNING:root:NaN or Inf found in input tensor.
WARNING:root:NaN or Inf found in input tensor.
WARNING:root:NaN or Inf found in input tensor.
