Packages & system versions:
----------------------------------------------------------------------
display :  	NVRM version: NVIDIA UNIX x86_64 Kernel Module  450.36.06  Mon Jun  1 23:19:54 UTC 2020
	GCC version:  gcc version 4.8.5 20150623 (Red Hat 4.8.5-39) (GCC)
cuda :  NA
cudnn :  7605
platform :  Linux-3.10.0-1127.8.2.el7.x86_64-x86_64-with-glibc2.10
python :  (3, 8, 2)
torch :  1.5.0
numpy :  1.18.1
h5py :  2.10.0
json :  2.0.9
ortools :  7.6.7691
torchvision :  0.6.0a0+82fd1c8

root
datasets
splits
train
verbose
output_dir
l2_req
lr_epochs
lr
Parameters:
----------------------------------------------------------------------
[0] cuda_device: 0
[1] datasets: ['../SUM-GAN-AAE/data/SumMe/summe_i3d_mixed5c_aligned.h5', '../SUM-GAN-AAE/data/TVSum/tvsum_i3d_mixed5c_aligned.h5']
[2] epochs_max: 300
[3] l2_req: 0.001
[4] lr: [0.005]
[5] lr_epochs: [0]
[6] max_summary_length: 0.15
[7] output_dir: i3d_features
[8] root: 
[9] splits: ['splits/tvsum_splits.json', 'splits/summe_splits.json', 'splits/tvsum_aug_splits.json', 'splits/summe_aug_splits.json']
[10] train: True
[11] train_batch_size: 1
[12] use_cuda: True
[13] verbose: False

tvsum  [{'test_keys': ['video_10', 'video_20', 'video_23', 'video_29', 'video_3', 'video_32', 'video_33', 'video_35', 'video_37', 'video_41'], 'train_keys': ['video_1', 'video_11', 'video_12', 'video_13', 'video_14', 'video_15', 'video_16', 'video_17', 'video_18', 'video_19', 'video_2', 'video_21', 'video_22', 'video_24', 'video_25', 'video_26', 'video_27', 'video_28', 'video_30', 'video_31', 'video_34', 'video_36', 'video_38', 'video_39', 'video_4', 'video_40', 'video_42', 'video_43', 'video_44', 'video_45', 'video_46', 'video_47', 'video_48', 'video_49', 'video_5', 'video_50', 'video_6', 'video_7', 'video_8', 'video_9']}, {'test_keys': ['video_14', 'video_29', 'video_35', 'video_36', 'video_38', 'video_41', 'video_45', 'video_46', 'video_5', 'video_6'], 'train_keys': ['video_1', 'video_10', 'video_11', 'video_12', 'video_13', 'video_15', 'video_16', 'video_17', 'video_18', 'video_19', 'video_2', 'video_20', 'video_21', 'video_22', 'video_23', 'video_24', 'video_25', 'video_26', 'video_27', 'video_28', 'video_3', 'video_30', 'video_31', 'video_32', 'video_33', 'video_34', 'video_37', 'video_39', 'video_4', 'video_40', 'video_42', 'video_43', 'video_44', 'video_47', 'video_48', 'video_49', 'video_50', 'video_7', 'video_8', 'video_9']}, {'test_keys': ['video_11', 'video_12', 'video_13', 'video_14', 'video_19', 'video_20', 'video_25', 'video_27', 'video_35', 'video_48'], 'train_keys': ['video_1', 'video_10', 'video_15', 'video_16', 'video_17', 'video_18', 'video_2', 'video_21', 'video_22', 'video_23', 'video_24', 'video_26', 'video_28', 'video_29', 'video_3', 'video_30', 'video_31', 'video_32', 'video_33', 'video_34', 'video_36', 'video_37', 'video_38', 'video_39', 'video_4', 'video_40', 'video_41', 'video_42', 'video_43', 'video_44', 'video_45', 'video_46', 'video_47', 'video_49', 'video_5', 'video_50', 'video_6', 'video_7', 'video_8', 'video_9']}, {'test_keys': ['video_25', 'video_31', 'video_33', 'video_35', 'video_39', 'video_4', 'video_45', 'video_49', 'video_5', 'video_7'], 'train_keys': ['video_1', 'video_10', 'video_11', 'video_12', 'video_13', 'video_14', 'video_15', 'video_16', 'video_17', 'video_18', 'video_19', 'video_2', 'video_20', 'video_21', 'video_22', 'video_23', 'video_24', 'video_26', 'video_27', 'video_28', 'video_29', 'video_3', 'video_30', 'video_32', 'video_34', 'video_36', 'video_37', 'video_38', 'video_40', 'video_41', 'video_42', 'video_43', 'video_44', 'video_46', 'video_47', 'video_48', 'video_50', 'video_6', 'video_8', 'video_9']}, {'test_keys': ['video_10', 'video_14', 'video_17', 'video_2', 'video_29', 'video_31', 'video_38', 'video_48', 'video_49', 'video_5'], 'train_keys': ['video_1', 'video_11', 'video_12', 'video_13', 'video_15', 'video_16', 'video_18', 'video_19', 'video_20', 'video_21', 'video_22', 'video_23', 'video_24', 'video_25', 'video_26', 'video_27', 'video_28', 'video_3', 'video_30', 'video_32', 'video_33', 'video_34', 'video_35', 'video_36', 'video_37', 'video_39', 'video_4', 'video_40', 'video_41', 'video_42', 'video_43', 'video_44', 'video_45', 'video_46', 'video_47', 'video_50', 'video_6', 'video_7', 'video_8', 'video_9']}]
tvsum
../SUM-GAN-AAE/data/SumMe/summe_i3d_mixed5c_aligned.h5
../SUM-GAN-AAE/data/TVSum/tvsum_i3d_mixed5c_aligned.h5
Setting CUDA device:  0
['../SUM-GAN-AAE/data/TVSum/tvsum_i3d_mixed5c_aligned.h5']
../SUM-GAN-AAE/data/TVSum/tvsum_i3d_mixed5c_aligned.h5
Loading: ../SUM-GAN-AAE/data/TVSum/tvsum_i3d_mixed5c_aligned.h5
Loading splits from:  splits/tvsum_splits.json
Selecting split:  0
tvsum
../SUM-GAN-AAE/data/SumMe/summe_i3d_mixed5c_aligned.h5
../SUM-GAN-AAE/data/TVSum/tvsum_i3d_mixed5c_aligned.h5
Initializing VASNet model and optimizer...
Starting training...
Epoch: 0/300    Train loss: 0.18264   Test F-score avg/max: 0.035038/0.035038
Epoch: 1/300    Train loss: 0.18277   Test F-score avg/max: 0.035038/0.035038
Epoch: 2/300    Train loss: 0.21023   Test F-score avg/max: 0.56014/0.56014
Epoch: 3/300    Train loss: 0.19793   Test F-score avg/max: 0.54869/0.56014
Epoch: 4/300    Train loss: 0.11659   Test F-score avg/max: 0.58563/0.58563
Epoch: 5/300    Train loss: 0.06309   Test F-score avg/max: 0.57893/0.58563
Epoch: 6/300    Train loss: 0.06326   Test F-score avg/max: 0.57507/0.58563
Epoch: 7/300    Train loss: 0.06252   Test F-score avg/max: 0.5543/0.58563
Epoch: 8/300    Train loss: 0.05887   Test F-score avg/max: 0.55979/0.58563
Epoch: 9/300    Train loss: 0.05831   Test F-score avg/max: 0.58895/0.58895
Epoch: 10/300   Train loss: 0.05737   Test F-score avg/max: 0.59468/0.59468
Epoch: 11/300   Train loss: 0.05857   Test F-score avg/max: 0.6021/0.6021
Epoch: 12/300   Train loss: 0.05755   Test F-score avg/max: 0.60165/0.6021
Epoch: 13/300   Train loss: 0.05782   Test F-score avg/max: 0.59587/0.6021
Epoch: 14/300   Train loss: 0.05956   Test F-score avg/max: 0.5791/0.6021
Epoch: 15/300   Train loss: 0.05741   Test F-score avg/max: 0.59026/0.6021
Epoch: 16/300   Train loss: 0.05891   Test F-score avg/max: 0.58785/0.6021
Epoch: 17/300   Train loss: 0.05718   Test F-score avg/max: 0.58124/0.6021
Epoch: 18/300   Train loss: 0.05818   Test F-score avg/max: 0.58744/0.6021
Epoch: 19/300   Train loss: 0.05734   Test F-score avg/max: 0.59065/0.6021
Epoch: 20/300   Train loss: 0.05822   Test F-score avg/max: 0.5863/0.6021
Epoch: 21/300   Train loss: 0.05782   Test F-score avg/max: 0.58752/0.6021
Epoch: 22/300   Train loss: 0.05851   Test F-score avg/max: 0.58761/0.6021
Epoch: 23/300   Train loss: 0.05758   Test F-score avg/max: 0.58977/0.6021
Epoch: 24/300   Train loss: 0.05902   Test F-score avg/max: 0.5826/0.6021
Epoch: 25/300   Train loss: 0.05867   Test F-score avg/max: 0.59088/0.6021
Epoch: 26/300   Train loss: 0.05748   Test F-score avg/max: 0.58404/0.6021
Epoch: 27/300   Train loss: 0.05790   Test F-score avg/max: 0.59071/0.6021
Epoch: 28/300   Train loss: 0.05863   Test F-score avg/max: 0.59215/0.6021
Epoch: 29/300   Train loss: 0.05752   Test F-score avg/max: 0.58689/0.6021
Epoch: 30/300   Train loss: 0.05799   Test F-score avg/max: 0.57217/0.6021
Epoch: 31/300   Train loss: 0.05785   Test F-score avg/max: 0.55494/0.6021
Epoch: 32/300   Train loss: 0.05807   Test F-score avg/max: 0.59518/0.6021
Epoch: 33/300   Train loss: 0.05762   Test F-score avg/max: 0.58828/0.6021
Epoch: 34/300   Train loss: 0.05764   Test F-score avg/max: 0.58732/0.6021
Epoch: 35/300   Train loss: 0.05786   Test F-score avg/max: 0.57191/0.6021
Epoch: 36/300   Train loss: 0.05798   Test F-score avg/max: 0.60023/0.6021
Epoch: 37/300   Train loss: 0.05756   Test F-score avg/max: 0.58908/0.6021
Epoch: 38/300   Train loss: 0.05801   Test F-score avg/max: 0.59691/0.6021
Epoch: 39/300   Train loss: 0.05795   Test F-score avg/max: 0.58952/0.6021
Epoch: 40/300   Train loss: 0.05807   Test F-score avg/max: 0.59928/0.6021
Epoch: 41/300   Train loss: 0.05723   Test F-score avg/max: 0.57637/0.6021
Epoch: 42/300   Train loss: 0.05834   Test F-score avg/max: 0.5927/0.6021
Epoch: 43/300   Train loss: 0.05769   Test F-score avg/max: 0.59372/0.6021
WARNING:root:NaN or Inf found in input tensor.
WARNING:root:NaN or Inf found in input tensor.
WARNING:root:NaN or Inf found in input tensor.
WARNING:root:NaN or Inf found in input tensor.
WARNING:root:NaN or Inf found in input tensor.
WARNING:root:NaN or Inf found in input tensor.
WARNING:root:NaN or Inf found in input tensor.
WARNING:root:NaN or Inf found in input tensor.
WARNING:root:NaN or Inf found in input tensor.
WARNING:root:NaN or Inf found in input tensor.
WARNING:root:NaN or Inf found in input tensor.
WARNING:root:NaN or Inf found in input tensor.
WARNING:root:NaN or Inf found in input tensor.
WARNING:root:NaN or Inf found in input tensor.
WARNING:root:NaN or Inf found in input tensor.
WARNING:root:NaN or Inf found in input tensor.
WARNING:root:NaN or Inf found in input tensor.
WARNING:root:NaN or Inf found in input tensor.
WARNING:root:NaN or Inf found in input tensor.
WARNING:root:NaN or Inf found in input tensor.
WARNING:root:NaN or Inf found in input tensor.
WARNING:root:NaN or Inf found in input tensor.
WARNING:root:NaN or Inf found in input tensor.
WARNING:root:NaN or Inf found in input tensor.
WARNING:root:NaN or Inf found in input tensor.
WARNING:root:NaN or Inf found in input tensor.
WARNING:root:NaN or Inf found in input tensor.
WARNING:root:NaN or Inf found in input tensor.
WARNING:root:NaN or Inf found in input tensor.
WARNING:root:NaN or Inf found in input tensor.
WARNING:root:NaN or Inf found in input tensor.
WARNING:root:NaN or Inf found in input tensor.
WARNING:root:NaN or Inf found in input tensor.
WARNING:root:NaN or Inf found in input tensor.
WARNING:root:NaN or Inf found in input tensor.
WARNING:root:NaN or Inf found in input tensor.
WARNING:root:NaN or Inf found in input tensor.
WARNING:root:NaN or Inf found in input tensor.
WARNING:root:NaN or Inf found in input tensor.
WARNING:root:NaN or Inf found in input tensor.
WARNING:root:NaN or Inf found in input tensor.
WARNING:root:NaN or Inf found in input tensor.
WARNING:root:NaN or Inf found in input tensor.
WARNING:root:NaN or Inf found in input tensor.
WARNING:root:NaN or Inf found in input tensor.
WARNING:root:NaN or Inf found in input tensor.
WARNING:root:NaN or Inf found in input tensor.
WARNING:root:NaN or Inf found in input tensor.
WARNING:root:NaN or Inf found in input tensor.
WARNING:root:NaN or Inf found in input tensor.
WARNING:root:NaN or Inf found in input tensor.
WARNING:root:NaN or Inf found in input tensor.
WARNING:root:NaN or Inf found in input tensor.
WARNING:root:NaN or Inf found in input tensor.
WARNING:root:NaN or Inf found in input tensor.
WARNING:root:NaN or Inf found in input tensor.
WARNING:root:NaN or Inf found in input tensor.
WARNING:root:NaN or Inf found in input tensor.
WARNING:root:NaN or Inf found in input tensor.
WARNING:root:NaN or Inf found in input tensor.
WARNING:root:NaN or Inf found in input tensor.
WARNING:root:NaN or Inf found in input tensor.
WARNING:root:NaN or Inf found in input tensor.
WARNING:root:NaN or Inf found in input tensor.
WARNING:root:NaN or Inf found in input tensor.
WARNING:root:NaN or Inf found in input tensor.
WARNING:root:NaN or Inf found in input tensor.
WARNING:root:NaN or Inf found in input tensor.
WARNING:root:NaN or Inf found in input tensor.
WARNING:root:NaN or Inf found in input tensor.
WARNING:root:NaN or Inf found in input tensor.
WARNING:root:NaN or Inf found in input tensor.
WARNING:root:NaN or Inf found in input tensor.
WARNING:root:NaN or Inf found in input tensor.
WARNING:root:NaN or Inf found in input tensor.
WARNING:root:NaN or Inf found in input tensor.
WARNING:root:NaN or Inf found in input tensor.
WARNING:root:NaN or Inf found in input tensor.
WARNING:root:NaN or Inf found in input tensor.
WARNING:root:NaN or Inf found in input tensor.
WARNING:root:NaN or Inf found in input tensor.
WARNING:root:NaN or Inf found in input tensor.
WARNING:root:NaN or Inf found in input tensor.
WARNING:root:NaN or Inf found in input tensor.
WARNING:root:NaN or Inf found in input tensor.
WARNING:root:NaN or Inf found in input tensor.
WARNING:root:NaN or Inf found in input tensor.
WARNING:root:NaN or Inf found in input tensor.
WARNING:root:NaN or Inf found in input tensor.
WARNING:root:NaN or Inf found in input tensor.
WARNING:root:NaN or Inf found in input tensor.
WARNING:root:NaN or Inf found in input tensor.
WARNING:root:NaN or Inf found in input tensor.
WARNING:root:NaN or Inf found in input tensor.
WARNING:root:NaN or Inf found in input tensor.
WARNING:root:NaN or Inf found in input tensor.
WARNING:root:NaN or Inf found in input tensor.
WARNING:root:NaN or Inf found in input tensor.
WARNING:root:NaN or Inf found in input tensor.
WARNING:root:NaN or Inf found in input tensor.
WARNING:root:NaN or Inf found in input tensor.
WARNING:root:NaN or Inf found in input tensor.
WARNING:root:NaN or Inf found in input tensor.
WARNING:root:NaN or Inf found in input tensor.
WARNING:root:NaN or Inf found in input tensor.
WARNING:root:NaN or Inf found in input tensor.
WARNING:root:NaN or Inf found in input tensor.
WARNING:root:NaN or Inf found in input tensor.
WARNING:root:NaN or Inf found in input tensor.
Epoch: 44/300   Train loss: 0.05788   Test F-score avg/max: 0.60186/0.6021
Epoch: 45/300   Train loss: 0.05802   Test F-score avg/max: 0.5875/0.6021
Epoch: 46/300   Train loss: 0.05729   Test F-score avg/max: 0.59453/0.6021
Epoch: 47/300   Train loss: 0.05885   Test F-score avg/max: 0.59091/0.6021
Epoch: 48/300   Train loss: nan   Test F-score avg/max: 0.035038/0.6021
Epoch: 49/300   Train loss: nan   Test F-score avg/max: 0.035038/0.6021
Epoch: 50/300   Train loss: nan   Test F-score avg/max: 0.035038/0.6021
Epoch: 51/300   Train loss: nan   Test F-score avg/max: 0.035038/0.6021
Epoch: 52/300   Train loss: nan   Test F-score avg/max: 0.035038/0.6021
Epoch: 53/300   Train loss: nan   Test F-score avg/max: 0.035038/0.6021
Epoch: 54/300   Train loss: nan   Test F-score avg/max: 0.035038/0.6021
Epoch: 55/300   Train loss: nan   Test F-score avg/max: 0.035038/0.6021
Epoch: 56/300   Train loss: nan   Test F-score avg/max: 0.035038/0.6021
Epoch: 57/300   Train loss: nan   Test F-score avg/max: 0.035038/0.6021
Epoch: 58/300   Train loss: nan   Test F-score avg/max: 0.035038/0.6021
Epoch: 59/300   Train loss: nan   Test F-score avg/max: 0.035038/0.6021
Epoch: 60/300   Train loss: nan   Test F-score avg/max: 0.035038/0.6021
Epoch: 61/300   Train loss: nan   Test F-score avg/max: 0.035038/0.6021
Epoch: 62/300   Train loss: nan   Test F-score avg/max: 0.035038/0.6021
Epoch: 63/300   Train loss: nan   Test F-score avg/max: 0.035038/0.6021
Epoch: 64/300   Train loss: nan   Test F-score avg/max: 0.035038/0.6021
Epoch: 65/300   Train loss: nan   Test F-score avg/max: 0.035038/0.6021
Epoch: 66/300   Train loss: nan   Test F-score avg/max: 0.035038/0.6021
Epoch: 67/300   Train loss: nan   Test F-score avg/max: 0.035038/0.6021
Epoch: 68/300   Train loss: nan   Test F-score avg/max: 0.035038/0.6021
Epoch: 69/300   Train loss: nan   Test F-score avg/max: 0.035038/0.6021
Epoch: 70/300   Train loss: nan   Test F-score avg/max: 0.035038/0.6021
Epoch: 71/300   Train loss: nan   Test F-score avg/max: 0.035038/0.6021
Epoch: 72/300   Train loss: nan   Test F-score avg/max: 0.035038/0.6021
Epoch: 73/300   Train loss: nan   Test F-score avg/max: 0.035038/0.6021
Epoch: 74/300   Train loss: nan   Test F-score avg/max: 0.035038/0.6021
Epoch: 75/300   Train loss: nan   Test F-score avg/max: 0.035038/0.6021
Epoch: 76/300   Train loss: nan   Test F-score avg/max: 0.035038/0.6021
Epoch: 77/300   Train loss: nan   Test F-score avg/max: 0.035038/0.6021
Epoch: 78/300   Train loss: nan   Test F-score avg/max: 0.035038/0.6021
Epoch: 79/300   Train loss: nan   Test F-score avg/max: 0.035038/0.6021
Epoch: 80/300   Train loss: nan   Test F-score avg/max: 0.035038/0.6021
Epoch: 81/300   Train loss: nan   Test F-score avg/max: 0.035038/0.6021
Epoch: 82/300   Train loss: nan   Test F-score avg/max: 0.035038/0.6021
Epoch: 83/300   Train loss: nan   Test F-score avg/max: 0.035038/0.6021
Epoch: 84/300   Train loss: nan   Test F-score avg/max: 0.035038/0.6021
Epoch: 85/300   Train loss: nan   Test F-score avg/max: 0.035038/0.6021
Epoch: 86/300   Train loss: nan   Test F-score avg/max: 0.035038/0.6021
Epoch: 87/300   Train loss: nan   Test F-score avg/max: 0.035038/0.6021
Epoch: 88/300   Train loss: nan   Test F-score avg/max: 0.035038/0.6021
Epoch: 89/300   Train loss: nan   Test F-score avg/max: 0.035038/0.6021
Epoch: 90/300   Train loss: nan   Test F-score avg/max: 0.035038/0.6021
Epoch: 91/300   Train loss: nan   Test F-score avg/max: 0.035038/0.6021
Epoch: 92/300   Train loss: nan   Test F-score avg/max: 0.035038/0.6021
Epoch: 93/300   Train loss: nan   Test F-score avg/max: 0.035038/0.6021
Epoch: 94/300   Train loss: nan   Test F-score avg/max: 0.035038/0.6021
Epoch: 95/300   Train loss: nan   Test F-score avg/max: 0.035038/0.6021
Epoch: 96/300   Train loss: nan   Test F-score avg/max: 0.035038/0.6021
Epoch: 97/300   Train loss: nan   Test F-score avg/max: 0.035038/0.6021
Epoch: 98/300   Train loss: nan   Test F-score avg/max: 0.035038/0.6021
Epoch: 99/300   Train loss: nan   Test F-score avg/max: 0.035038/0.6021
Epoch: 100/300   Train loss: nan   Test F-score avg/max: 0.035038/0.6021
Epoch: 101/300   Train loss: nan   Test F-score avg/max: 0.035038/0.6021
Epoch: 102/300   Train loss: nan   Test F-score avg/max: 0.035038/0.6021
Epoch: 103/300   Train loss: nan   Test F-score avg/max: 0.035038/0.6021
Epoch: 104/300   Train loss: nan   Test F-score avg/max: 0.035038/0.6021
Epoch: 105/300   Train loss: nan   Test F-score avg/max: 0.035038/0.6021
Epoch: 106/300   Train loss: nan   Test F-score avg/max: 0.035038/0.6021
Epoch: 107/300   Train loss: nan   Test F-score avg/max: 0.035038/0.6021
Epoch: 108/300   Train loss: nan   Test F-score avg/max: 0.035038/0.6021
Epoch: 109/300   Train loss: nan   Test F-score avg/max: 0.035038/0.6021
Epoch: 110/300   Train loss: nan   Test F-score avg/max: 0.035038/0.6021
Epoch: 111/300   Train loss: nan   Test F-score avg/max: 0.035038/0.6021
Epoch: 112/300   Train loss: nan   Test F-score avg/max: 0.035038/0.6021
Epoch: 113/300   Train loss: nan   Test F-score avg/max: 0.035038/0.6021
Epoch: 114/300   Train loss: nan   Test F-score avg/max: 0.035038/0.6021
Epoch: 115/300   Train loss: nan   Test F-score avg/max: 0.035038/0.6021
Epoch: 116/300   Train loss: nan   Test F-score avg/max: 0.035038/0.6021
Epoch: 117/300   Train loss: nan   Test F-score avg/max: 0.035038/0.6021
Epoch: 118/300   Train loss: nan   Test F-score avg/max: 0.035038/0.6021
Epoch: 119/300   Train loss: nan   Test F-score avg/max: 0.035038/0.6021
Epoch: 120/300   Train loss: nan   Test F-score avg/max: 0.035038/0.6021
Epoch: 121/300   Train loss: nan   Test F-score avg/max: 0.035038/0.6021
Epoch: 122/300   Train loss: nan   Test F-score avg/max: 0.035038/0.6021
Epoch: 123/300   Train loss: nan   Test F-score avg/max: 0.035038/0.6021
Epoch: 124/300   Train loss: nan   Test F-score avg/max: 0.035038/0.6021
Epoch: 125/300   Train loss: nan   Test F-score avg/max: 0.035038/0.6021
Epoch: 126/300   Train loss: nan   Test F-score avg/max: 0.035038/0.6021
Epoch: 127/300   Train loss: nan   Test F-score avg/max: 0.035038/0.6021
Epoch: 128/300   Train loss: nan   Test F-score avg/max: 0.035038/0.6021
Epoch: 129/300   Train loss: nan   Test F-score avg/max: 0.035038/0.6021
Epoch: 130/300   Train loss: nan   Test F-score avg/max: 0.035038/0.6021
Epoch: 131/300   Train loss: nan   Test F-score avg/max: 0.035038/0.6021
Epoch: 132/300   Train loss: nan   Test F-score avg/max: 0.035038/0.6021
Epoch: 133/300   Train loss: nan   Test F-score avg/max: 0.035038/0.6021
Epoch: 134/300   Train loss: nan   Test F-score avg/max: 0.035038/0.6021
Epoch: 135/300   Train loss: nan   Test F-score avg/max: 0.035038/0.6021
Epoch: 136/300   Train loss: nan   Test F-score avg/max: 0.035038/0.6021
Epoch: 137/300   Train loss: nan   Test F-score avg/max: 0.035038/0.6021
Epoch: 138/300   Train loss: nan   Test F-score avg/max: 0.035038/0.6021
Epoch: 139/300   Train loss: nan   Test F-score avg/max: 0.035038/0.6021
Epoch: 140/300   Train loss: nan   Test F-score avg/max: 0.035038/0.6021
Epoch: 141/300   Train loss: nan   Test F-score avg/max: 0.035038/0.6021
Epoch: 142/300   Train loss: nan   Test F-score avg/max: 0.035038/0.6021
Epoch: 143/300   Train loss: nan   Test F-score avg/max: 0.035038/0.6021
Epoch: 144/300   Train loss: nan   Test F-score avg/max: 0.035038/0.6021
Epoch: 145/300   Train loss: nan   Test F-score avg/max: 0.035038/0.6021
Epoch: 146/300   Train loss: nan   Test F-score avg/max: 0.035038/0.6021
Epoch: 147/300   Train loss: nan   Test F-score avg/max: 0.035038/0.6021
Epoch: 148/300   Train loss: nan   Test F-score avg/max: 0.035038/0.6021
Epoch: 149/300   Train loss: nan   Test F-score avg/max: 0.035038/0.6021
Epoch: 150/300   Train loss: nan   Test F-score avg/max: 0.035038/0.6021
Epoch: 151/300   Train loss: nan   Test F-score avg/max: 0.035038/0.6021
Epoch: 152/300   Train loss: nan   Test F-score avg/max: 0.035038/0.6021
Epoch: 153/300   Train loss: nan   Test F-score avg/max: 0.035038/0.6021
Epoch: 154/300   Train loss: nan   Test F-score avg/max: 0.035038/0.6021
Epoch: 155/300   Train loss: nan   Test F-score avg/max: 0.035038/0.6021
Epoch: 156/300   Train loss: nan   Test F-score avg/max: 0.035038/0.6021
WARNING:root:NaN or Inf found in input tensor.
WARNING:root:NaN or Inf found in input tensor.
WARNING:root:NaN or Inf found in input tensor.
WARNING:root:NaN or Inf found in input tensor.
WARNING:root:NaN or Inf found in input tensor.
WARNING:root:NaN or Inf found in input tensor.
WARNING:root:NaN or Inf found in input tensor.
WARNING:root:NaN or Inf found in input tensor.
WARNING:root:NaN or Inf found in input tensor.
WARNING:root:NaN or Inf found in input tensor.
WARNING:root:NaN or Inf found in input tensor.
WARNING:root:NaN or Inf found in input tensor.
WARNING:root:NaN or Inf found in input tensor.
WARNING:root:NaN or Inf found in input tensor.
WARNING:root:NaN or Inf found in input tensor.
WARNING:root:NaN or Inf found in input tensor.
WARNING:root:NaN or Inf found in input tensor.
WARNING:root:NaN or Inf found in input tensor.
WARNING:root:NaN or Inf found in input tensor.
WARNING:root:NaN or Inf found in input tensor.
WARNING:root:NaN or Inf found in input tensor.
WARNING:root:NaN or Inf found in input tensor.
WARNING:root:NaN or Inf found in input tensor.
WARNING:root:NaN or Inf found in input tensor.
WARNING:root:NaN or Inf found in input tensor.
WARNING:root:NaN or Inf found in input tensor.
WARNING:root:NaN or Inf found in input tensor.
WARNING:root:NaN or Inf found in input tensor.
WARNING:root:NaN or Inf found in input tensor.
WARNING:root:NaN or Inf found in input tensor.
WARNING:root:NaN or Inf found in input tensor.
WARNING:root:NaN or Inf found in input tensor.
WARNING:root:NaN or Inf found in input tensor.
WARNING:root:NaN or Inf found in input tensor.
WARNING:root:NaN or Inf found in input tensor.
WARNING:root:NaN or Inf found in input tensor.
WARNING:root:NaN or Inf found in input tensor.
WARNING:root:NaN or Inf found in input tensor.
WARNING:root:NaN or Inf found in input tensor.
WARNING:root:NaN or Inf found in input tensor.
WARNING:root:NaN or Inf found in input tensor.
WARNING:root:NaN or Inf found in input tensor.
WARNING:root:NaN or Inf found in input tensor.
WARNING:root:NaN or Inf found in input tensor.
WARNING:root:NaN or Inf found in input tensor.
WARNING:root:NaN or Inf found in input tensor.
WARNING:root:NaN or Inf found in input tensor.
WARNING:root:NaN or Inf found in input tensor.
WARNING:root:NaN or Inf found in input tensor.
WARNING:root:NaN or Inf found in input tensor.
WARNING:root:NaN or Inf found in input tensor.
WARNING:root:NaN or Inf found in input tensor.
WARNING:root:NaN or Inf found in input tensor.
WARNING:root:NaN or Inf found in input tensor.
WARNING:root:NaN or Inf found in input tensor.
WARNING:root:NaN or Inf found in input tensor.
WARNING:root:NaN or Inf found in input tensor.
WARNING:root:NaN or Inf found in input tensor.
WARNING:root:NaN or Inf found in input tensor.
WARNING:root:NaN or Inf found in input tensor.
WARNING:root:NaN or Inf found in input tensor.
WARNING:root:NaN or Inf found in input tensor.
WARNING:root:NaN or Inf found in input tensor.
WARNING:root:NaN or Inf found in input tensor.
WARNING:root:NaN or Inf found in input tensor.
WARNING:root:NaN or Inf found in input tensor.
WARNING:root:NaN or Inf found in input tensor.
WARNING:root:NaN or Inf found in input tensor.
WARNING:root:NaN or Inf found in input tensor.
WARNING:root:NaN or Inf found in input tensor.
WARNING:root:NaN or Inf found in input tensor.
WARNING:root:NaN or Inf found in input tensor.
WARNING:root:NaN or Inf found in input tensor.
WARNING:root:NaN or Inf found in input tensor.
WARNING:root:NaN or Inf found in input tensor.
WARNING:root:NaN or Inf found in input tensor.
WARNING:root:NaN or Inf found in input tensor.
WARNING:root:NaN or Inf found in input tensor.
WARNING:root:NaN or Inf found in input tensor.
WARNING:root:NaN or Inf found in input tensor.
WARNING:root:NaN or Inf found in input tensor.
WARNING:root:NaN or Inf found in input tensor.
WARNING:root:NaN or Inf found in input tensor.
WARNING:root:NaN or Inf found in input tensor.
WARNING:root:NaN or Inf found in input tensor.
WARNING:root:NaN or Inf found in input tensor.
WARNING:root:NaN or Inf found in input tensor.
WARNING:root:NaN or Inf found in input tensor.
WARNING:root:NaN or Inf found in input tensor.
WARNING:root:NaN or Inf found in input tensor.
WARNING:root:NaN or Inf found in input tensor.
WARNING:root:NaN or Inf found in input tensor.
WARNING:root:NaN or Inf found in input tensor.
WARNING:root:NaN or Inf found in input tensor.
WARNING:root:NaN or Inf found in input tensor.
WARNING:root:NaN or Inf found in input tensor.
WARNING:root:NaN or Inf found in input tensor.
WARNING:root:NaN or Inf found in input tensor.
WARNING:root:NaN or Inf found in input tensor.
WARNING:root:NaN or Inf found in input tensor.
WARNING:root:NaN or Inf found in input tensor.
WARNING:root:NaN or Inf found in input tensor.
WARNING:root:NaN or Inf found in input tensor.
WARNING:root:NaN or Inf found in input tensor.
WARNING:root:NaN or Inf found in input tensor.
WARNING:root:NaN or Inf found in input tensor.
WARNING:root:NaN or Inf found in input tensor.
WARNING:root:NaN or Inf found in input tensor.
WARNING:root:NaN or Inf found in input tensor.
WARNING:root:NaN or Inf found in input tensor.
WARNING:root:NaN or Inf found in input tensor.
WARNING:root:NaN or Inf found in input tensor.
WARNING:root:NaN or Inf found in input tensor.
Epoch: 157/300   Train loss: nan   Test F-score avg/max: 0.035038/0.6021
Epoch: 158/300   Train loss: nan   Test F-score avg/max: 0.035038/0.6021
Epoch: 159/300   Train loss: nan   Test F-score avg/max: 0.035038/0.6021
Epoch: 160/300   Train loss: nan   Test F-score avg/max: 0.035038/0.6021
Epoch: 161/300   Train loss: nan   Test F-score avg/max: 0.035038/0.6021
Epoch: 162/300   Train loss: nan   Test F-score avg/max: 0.035038/0.6021
Epoch: 163/300   Train loss: nan   Test F-score avg/max: 0.035038/0.6021
Epoch: 164/300   Train loss: nan   Test F-score avg/max: 0.035038/0.6021
Epoch: 165/300   Train loss: nan   Test F-score avg/max: 0.035038/0.6021
Epoch: 166/300   Train loss: nan   Test F-score avg/max: 0.035038/0.6021
Epoch: 167/300   Train loss: nan   Test F-score avg/max: 0.035038/0.6021
Epoch: 168/300   Train loss: nan   Test F-score avg/max: 0.035038/0.6021
Epoch: 169/300   Train loss: nan   Test F-score avg/max: 0.035038/0.6021
Epoch: 170/300   Train loss: nan   Test F-score avg/max: 0.035038/0.6021
Epoch: 171/300   Train loss: nan   Test F-score avg/max: 0.035038/0.6021
Epoch: 172/300   Train loss: nan   Test F-score avg/max: 0.035038/0.6021
Epoch: 173/300   Train loss: nan   Test F-score avg/max: 0.035038/0.6021
Epoch: 174/300   Train loss: nan   Test F-score avg/max: 0.035038/0.6021
Epoch: 175/300   Train loss: nan   Test F-score avg/max: 0.035038/0.6021
Epoch: 176/300   Train loss: nan   Test F-score avg/max: 0.035038/0.6021
Epoch: 177/300   Train loss: nan   Test F-score avg/max: 0.035038/0.6021
Epoch: 178/300   Train loss: nan   Test F-score avg/max: 0.035038/0.6021
Epoch: 179/300   Train loss: nan   Test F-score avg/max: 0.035038/0.6021
Epoch: 180/300   Train loss: nan   Test F-score avg/max: 0.035038/0.6021
Epoch: 181/300   Train loss: nan   Test F-score avg/max: 0.035038/0.6021
Epoch: 182/300   Train loss: nan   Test F-score avg/max: 0.035038/0.6021
Epoch: 183/300   Train loss: nan   Test F-score avg/max: 0.035038/0.6021
Epoch: 184/300   Train loss: nan   Test F-score avg/max: 0.035038/0.6021
Epoch: 185/300   Train loss: nan   Test F-score avg/max: 0.035038/0.6021
Epoch: 186/300   Train loss: nan   Test F-score avg/max: 0.035038/0.6021
Epoch: 187/300   Train loss: nan   Test F-score avg/max: 0.035038/0.6021
Epoch: 188/300   Train loss: nan   Test F-score avg/max: 0.035038/0.6021
Epoch: 189/300   Train loss: nan   Test F-score avg/max: 0.035038/0.6021
Epoch: 190/300   Train loss: nan   Test F-score avg/max: 0.035038/0.6021
Epoch: 191/300   Train loss: nan   Test F-score avg/max: 0.035038/0.6021
Epoch: 192/300   Train loss: nan   Test F-score avg/max: 0.035038/0.6021
Epoch: 193/300   Train loss: nan   Test F-score avg/max: 0.035038/0.6021
Epoch: 194/300   Train loss: nan   Test F-score avg/max: 0.035038/0.6021
Epoch: 195/300   Train loss: nan   Test F-score avg/max: 0.035038/0.6021
Epoch: 196/300   Train loss: nan   Test F-score avg/max: 0.035038/0.6021
Epoch: 197/300   Train loss: nan   Test F-score avg/max: 0.035038/0.6021
Epoch: 198/300   Train loss: nan   Test F-score avg/max: 0.035038/0.6021
Epoch: 199/300   Train loss: nan   Test F-score avg/max: 0.035038/0.6021
Epoch: 200/300   Train loss: nan   Test F-score avg/max: 0.035038/0.6021
Epoch: 201/300   Train loss: nan   Test F-score avg/max: 0.035038/0.6021
Epoch: 202/300   Train loss: nan   Test F-score avg/max: 0.035038/0.6021
Epoch: 203/300   Train loss: nan   Test F-score avg/max: 0.035038/0.6021
Epoch: 204/300   Train loss: nan   Test F-score avg/max: 0.035038/0.6021
Epoch: 205/300   Train loss: nan   Test F-score avg/max: 0.035038/0.6021
Epoch: 206/300   Train loss: nan   Test F-score avg/max: 0.035038/0.6021
Epoch: 207/300   Train loss: nan   Test F-score avg/max: 0.035038/0.6021
Epoch: 208/300   Train loss: nan   Test F-score avg/max: 0.035038/0.6021
Epoch: 209/300   Train loss: nan   Test F-score avg/max: 0.035038/0.6021
Epoch: 210/300   Train loss: nan   Test F-score avg/max: 0.035038/0.6021
Epoch: 211/300   Train loss: nan   Test F-score avg/max: 0.035038/0.6021
Epoch: 212/300   Train loss: nan   Test F-score avg/max: 0.035038/0.6021
Epoch: 213/300   Train loss: nan   Test F-score avg/max: 0.035038/0.6021
Epoch: 214/300   Train loss: nan   Test F-score avg/max: 0.035038/0.6021
Epoch: 215/300   Train loss: nan   Test F-score avg/max: 0.035038/0.6021
Epoch: 216/300   Train loss: nan   Test F-score avg/max: 0.035038/0.6021
Epoch: 217/300   Train loss: nan   Test F-score avg/max: 0.035038/0.6021
Epoch: 218/300   Train loss: nan   Test F-score avg/max: 0.035038/0.6021
Epoch: 219/300   Train loss: nan   Test F-score avg/max: 0.035038/0.6021
Epoch: 220/300   Train loss: nan   Test F-score avg/max: 0.035038/0.6021
Epoch: 221/300   Train loss: nan   Test F-score avg/max: 0.035038/0.6021
Epoch: 222/300   Train loss: nan   Test F-score avg/max: 0.035038/0.6021
Epoch: 223/300   Train loss: nan   Test F-score avg/max: 0.035038/0.6021
Epoch: 224/300   Train loss: nan   Test F-score avg/max: 0.035038/0.6021
Epoch: 225/300   Train loss: nan   Test F-score avg/max: 0.035038/0.6021
Epoch: 226/300   Train loss: nan   Test F-score avg/max: 0.035038/0.6021
Epoch: 227/300   Train loss: nan   Test F-score avg/max: 0.035038/0.6021
Epoch: 228/300   Train loss: nan   Test F-score avg/max: 0.035038/0.6021
Epoch: 229/300   Train loss: nan   Test F-score avg/max: 0.035038/0.6021
Epoch: 230/300   Train loss: nan   Test F-score avg/max: 0.035038/0.6021
Epoch: 231/300   Train loss: nan   Test F-score avg/max: 0.035038/0.6021
Epoch: 232/300   Train loss: nan   Test F-score avg/max: 0.035038/0.6021
Epoch: 233/300   Train loss: nan   Test F-score avg/max: 0.035038/0.6021
Epoch: 234/300   Train loss: nan   Test F-score avg/max: 0.035038/0.6021
Epoch: 235/300   Train loss: nan   Test F-score avg/max: 0.035038/0.6021
Epoch: 236/300   Train loss: nan   Test F-score avg/max: 0.035038/0.6021
Epoch: 237/300   Train loss: nan   Test F-score avg/max: 0.035038/0.6021
Epoch: 238/300   Train loss: nan   Test F-score avg/max: 0.035038/0.6021
Epoch: 239/300   Train loss: nan   Test F-score avg/max: 0.035038/0.6021
Epoch: 240/300   Train loss: nan   Test F-score avg/max: 0.035038/0.6021
Epoch: 241/300   Train loss: nan   Test F-score avg/max: 0.035038/0.6021
Epoch: 242/300   Train loss: nan   Test F-score avg/max: 0.035038/0.6021
Epoch: 243/300   Train loss: nan   Test F-score avg/max: 0.035038/0.6021
Epoch: 244/300   Train loss: nan   Test F-score avg/max: 0.035038/0.6021
Epoch: 245/300   Train loss: nan   Test F-score avg/max: 0.035038/0.6021
Epoch: 246/300   Train loss: nan   Test F-score avg/max: 0.035038/0.6021
Epoch: 247/300   Train loss: nan   Test F-score avg/max: 0.035038/0.6021
Epoch: 248/300   Train loss: nan   Test F-score avg/max: 0.035038/0.6021
Epoch: 249/300   Train loss: nan   Test F-score avg/max: 0.035038/0.6021
Epoch: 250/300   Train loss: nan   Test F-score avg/max: 0.035038/0.6021
Epoch: 251/300   Train loss: nan   Test F-score avg/max: 0.035038/0.6021
Epoch: 252/300   Train loss: nan   Test F-score avg/max: 0.035038/0.6021
Epoch: 253/300   Train loss: nan   Test F-score avg/max: 0.035038/0.6021
Epoch: 254/300   Train loss: nan   Test F-score avg/max: 0.035038/0.6021
Epoch: 255/300   Train loss: nan   Test F-score avg/max: 0.035038/0.6021
Epoch: 256/300   Train loss: nan   Test F-score avg/max: 0.035038/0.6021
Epoch: 257/300   Train loss: nan   Test F-score avg/max: 0.035038/0.6021
Epoch: 258/300   Train loss: nan   Test F-score avg/max: 0.035038/0.6021
Epoch: 259/300   Train loss: nan   Test F-score avg/max: 0.035038/0.6021
Epoch: 260/300   Train loss: nan   Test F-score avg/max: 0.035038/0.6021
Epoch: 261/300   Train loss: nan   Test F-score avg/max: 0.035038/0.6021
Epoch: 262/300   Train loss: nan   Test F-score avg/max: 0.035038/0.6021
Epoch: 263/300   Train loss: nan   Test F-score avg/max: 0.035038/0.6021
Epoch: 264/300   Train loss: nan   Test F-score avg/max: 0.035038/0.6021
Epoch: 265/300   Train loss: nan   Test F-score avg/max: 0.035038/0.6021
Epoch: 266/300   Train loss: nan   Test F-score avg/max: 0.035038/0.6021
Epoch: 267/300   Train loss: nan   Test F-score avg/max: 0.035038/0.6021
Epoch: 268/300   Train loss: nan   Test F-score avg/max: 0.035038/0.6021
Epoch: 269/300   Train loss: nan   Test F-score avg/max: 0.035038/0.6021
WARNING:root:NaN or Inf found in input tensor.
WARNING:root:NaN or Inf found in input tensor.
WARNING:root:NaN or Inf found in input tensor.
WARNING:root:NaN or Inf found in input tensor.
WARNING:root:NaN or Inf found in input tensor.
WARNING:root:NaN or Inf found in input tensor.
WARNING:root:NaN or Inf found in input tensor.
WARNING:root:NaN or Inf found in input tensor.
WARNING:root:NaN or Inf found in input tensor.
WARNING:root:NaN or Inf found in input tensor.
WARNING:root:NaN or Inf found in input tensor.
WARNING:root:NaN or Inf found in input tensor.
WARNING:root:NaN or Inf found in input tensor.
WARNING:root:NaN or Inf found in input tensor.
WARNING:root:NaN or Inf found in input tensor.
WARNING:root:NaN or Inf found in input tensor.
WARNING:root:NaN or Inf found in input tensor.
WARNING:root:NaN or Inf found in input tensor.
WARNING:root:NaN or Inf found in input tensor.
WARNING:root:NaN or Inf found in input tensor.
WARNING:root:NaN or Inf found in input tensor.
WARNING:root:NaN or Inf found in input tensor.
WARNING:root:NaN or Inf found in input tensor.
WARNING:root:NaN or Inf found in input tensor.
WARNING:root:NaN or Inf found in input tensor.
WARNING:root:NaN or Inf found in input tensor.
WARNING:root:NaN or Inf found in input tensor.
WARNING:root:NaN or Inf found in input tensor.
WARNING:root:NaN or Inf found in input tensor.
WARNING:root:NaN or Inf found in input tensor.
mv: cannot stat 'i3d_features/models_temp/tvsum_splits_0/11_*.pth.tar': No such file or directory
rm: cannot remove 'i3d_features/models_temp/tvsum_splits_0/253_3.504.pth.tar': Permission denied
rm: cannot remove 'i3d_features/models_temp/tvsum_splits_0/247_3.504.pth.tar': Permission denied
Epoch: 270/300   Train loss: nan   Test F-score avg/max: 0.035038/0.6021
Epoch: 271/300   Train loss: nan   Test F-score avg/max: 0.035038/0.6021
Epoch: 272/300   Train loss: nan   Test F-score avg/max: 0.035038/0.6021
Epoch: 273/300   Train loss: nan   Test F-score avg/max: 0.035038/0.6021
Epoch: 274/300   Train loss: nan   Test F-score avg/max: 0.035038/0.6021
Epoch: 275/300   Train loss: nan   Test F-score avg/max: 0.035038/0.6021
Epoch: 276/300   Train loss: nan   Test F-score avg/max: 0.035038/0.6021
Epoch: 277/300   Train loss: nan   Test F-score avg/max: 0.035038/0.6021
Epoch: 278/300   Train loss: nan   Test F-score avg/max: 0.035038/0.6021
Epoch: 279/300   Train loss: nan   Test F-score avg/max: 0.035038/0.6021
Epoch: 280/300   Train loss: nan   Test F-score avg/max: 0.035038/0.6021
Epoch: 281/300   Train loss: nan   Test F-score avg/max: 0.035038/0.6021
Epoch: 282/300   Train loss: nan   Test F-score avg/max: 0.035038/0.6021
Epoch: 283/300   Train loss: nan   Test F-score avg/max: 0.035038/0.6021
Epoch: 284/300   Train loss: nan   Test F-score avg/max: 0.035038/0.6021
Epoch: 285/300   Train loss: nan   Test F-score avg/max: 0.035038/0.6021
Epoch: 286/300   Train loss: nan   Test F-score avg/max: 0.035038/0.6021
Epoch: 287/300   Train loss: nan   Test F-score avg/max: 0.035038/0.6021
Epoch: 288/300   Train loss: nan   Test F-score avg/max: 0.035038/0.6021
Epoch: 289/300   Train loss: nan   Test F-score avg/max: 0.035038/0.6021
Epoch: 290/300   Train loss: nan   Test F-score avg/max: 0.035038/0.6021
Epoch: 291/300   Train loss: nan   Test F-score avg/max: 0.035038/0.6021
Epoch: 292/300   Train loss: nan   Test F-score avg/max: 0.035038/0.6021
Epoch: 293/300   Train loss: nan   Test F-score avg/max: 0.035038/0.6021
Epoch: 294/300   Train loss: nan   Test F-score avg/max: 0.035038/0.6021
Epoch: 295/300   Train loss: nan   Test F-score avg/max: 0.035038/0.6021
Epoch: 296/300   Train loss: nan   Test F-score avg/max: 0.035038/0.6021
Epoch: 297/300   Train loss: nan   Test F-score avg/max: 0.035038/0.6021
Epoch: 298/300   Train loss: nan   Test F-score avg/max: 0.035038/0.6021
Epoch: 299/300   Train loss: nan   Test F-score avg/max: 0.035038/0.6021
Split: splits/tvsum_splits.json   Best F-score: 0.60210   Model: i3d_features/models/tvsum_splits_0_0.6020978876632754.tar.pth
Setting CUDA device:  0
['../SUM-GAN-AAE/data/TVSum/tvsum_i3d_mixed5c_aligned.h5']
../SUM-GAN-AAE/data/TVSum/tvsum_i3d_mixed5c_aligned.h5
Loading: ../SUM-GAN-AAE/data/TVSum/tvsum_i3d_mixed5c_aligned.h5
Loading splits from:  splits/tvsum_splits.json
Selecting split:  1
tvsum
../SUM-GAN-AAE/data/SumMe/summe_i3d_mixed5c_aligned.h5
../SUM-GAN-AAE/data/TVSum/tvsum_i3d_mixed5c_aligned.h5
Initializing VASNet model and optimizer...
Starting training...
Epoch: 0/300    Train loss: 0.18525   Test F-score avg/max: 0.02655/0.02655
Epoch: 1/300    Train loss: 0.18334   Test F-score avg/max: 0.02655/0.02655
Epoch: 2/300    Train loss: 0.18335   Test F-score avg/max: 0.02655/0.02655
Epoch: 3/300    Train loss: 0.22009   Test F-score avg/max: 0.59343/0.59343
Epoch: 4/300    Train loss: 0.08016   Test F-score avg/max: 0.62082/0.62082
Epoch: 5/300    Train loss: 0.05921   Test F-score avg/max: 0.6052/0.62082
Epoch: 6/300    Train loss: 0.05739   Test F-score avg/max: 0.63197/0.63197
Epoch: 7/300    Train loss: 0.05685   Test F-score avg/max: 0.61707/0.63197
Epoch: 8/300    Train loss: 0.05784   Test F-score avg/max: 0.62211/0.63197
Epoch: 9/300    Train loss: 0.05701   Test F-score avg/max: 0.63026/0.63197
Epoch: 10/300   Train loss: 0.05655   Test F-score avg/max: 0.59942/0.63197
Epoch: 11/300   Train loss: 0.05962   Test F-score avg/max: 0.61487/0.63197
Epoch: 12/300   Train loss: 0.05686   Test F-score avg/max: 0.63447/0.63447
Epoch: 13/300   Train loss: 0.05711   Test F-score avg/max: 0.64618/0.64618
Epoch: 14/300   Train loss: 0.05818   Test F-score avg/max: 0.59788/0.64618
Epoch: 15/300   Train loss: 0.05754   Test F-score avg/max: 0.63585/0.64618
Epoch: 16/300   Train loss: 0.05665   Test F-score avg/max: 0.64122/0.64618
Epoch: 17/300   Train loss: 0.05724   Test F-score avg/max: 0.63912/0.64618
Epoch: 18/300   Train loss: 0.05641   Test F-score avg/max: 0.60605/0.64618
Epoch: 19/300   Train loss: 0.05736   Test F-score avg/max: 0.62787/0.64618
Epoch: 20/300   Train loss: 0.05632   Test F-score avg/max: 0.59343/0.64618
Epoch: 21/300   Train loss: 0.05735   Test F-score avg/max: 0.63402/0.64618
Epoch: 22/300   Train loss: 0.05733   Test F-score avg/max: 0.63463/0.64618
Epoch: 23/300   Train loss: 0.05622   Test F-score avg/max: 0.63943/0.64618
Epoch: 24/300   Train loss: 0.05639   Test F-score avg/max: 0.65164/0.65164
Epoch: 25/300   Train loss: 0.05632   Test F-score avg/max: 0.63505/0.65164
Epoch: 26/300   Train loss: 0.05688   Test F-score avg/max: 0.63845/0.65164
Epoch: 27/300   Train loss: 0.05667   Test F-score avg/max: 0.63889/0.65164
Epoch: 28/300   Train loss: 0.05681   Test F-score avg/max: 0.61905/0.65164
Epoch: 29/300   Train loss: 0.05675   Test F-score avg/max: 0.6441/0.65164
Epoch: 30/300   Train loss: 0.05678   Test F-score avg/max: 0.59669/0.65164
Epoch: 31/300   Train loss: 0.05745   Test F-score avg/max: 0.61405/0.65164
Epoch: 32/300   Train loss: 0.05647   Test F-score avg/max: 0.62429/0.65164
Epoch: 33/300   Train loss: 0.05671   Test F-score avg/max: 0.60326/0.65164
Epoch: 34/300   Train loss: 0.05626   Test F-score avg/max: 0.61277/0.65164
Epoch: 35/300   Train loss: 0.05735   Test F-score avg/max: 0.63456/0.65164
Epoch: 36/300   Train loss: 0.05666   Test F-score avg/max: 0.63387/0.65164
Epoch: 37/300   Train loss: 0.05736   Test F-score avg/max: 0.63975/0.65164
Epoch: 38/300   Train loss: 0.05670   Test F-score avg/max: 0.62704/0.65164
Epoch: 39/300   Train loss: 0.05675   Test F-score avg/max: 0.62154/0.65164
Epoch: 40/300   Train loss: 0.05706   Test F-score avg/max: 0.64759/0.65164
Epoch: 41/300   Train loss: 0.05682   Test F-score avg/max: 0.62827/0.65164
Epoch: 42/300   Train loss: 0.05653   Test F-score avg/max: 0.63994/0.65164
Epoch: 43/300   Train loss: 0.05709   Test F-score avg/max: 0.62585/0.65164
Epoch: 44/300   Train loss: 0.05633   Test F-score avg/max: 0.63753/0.65164
Epoch: 45/300   Train loss: 0.05755   Test F-score avg/max: 0.6104/0.65164
Epoch: 46/300   Train loss: 0.05674   Test F-score avg/max: 0.64306/0.65164
Epoch: 47/300   Train loss: 0.05663   Test F-score avg/max: 0.59343/0.65164
Epoch: 48/300   Train loss: 0.05686   Test F-score avg/max: 0.64162/0.65164
Epoch: 49/300   Train loss: 0.05711   Test F-score avg/max: 0.59343/0.65164
Epoch: 50/300   Train loss: 0.05642   Test F-score avg/max: 0.61831/0.65164
Epoch: 51/300   Train loss: 0.05736   Test F-score avg/max: 0.62565/0.65164
Epoch: 52/300   Train loss: 0.05646   Test F-score avg/max: 0.62256/0.65164
Epoch: 53/300   Train loss: 0.05652   Test F-score avg/max: 0.62889/0.65164
Epoch: 54/300   Train loss: 0.05667   Test F-score avg/max: 0.63193/0.65164
Epoch: 55/300   Train loss: 0.05650   Test F-score avg/max: 0.59343/0.65164
Epoch: 56/300   Train loss: 0.05714   Test F-score avg/max: 0.62903/0.65164
Epoch: 57/300   Train loss: 0.05692   Test F-score avg/max: 0.64012/0.65164
Epoch: 58/300   Train loss: 0.05694   Test F-score avg/max: 0.64755/0.65164
Epoch: 59/300   Train loss: 0.05617   Test F-score avg/max: 0.63552/0.65164
Epoch: 60/300   Train loss: 0.05675   Test F-score avg/max: 0.64735/0.65164
Epoch: 61/300   Train loss: 0.05658   Test F-score avg/max: 0.64643/0.65164
Epoch: 62/300   Train loss: 0.05684   Test F-score avg/max: 0.63653/0.65164
Epoch: 63/300   Train loss: 0.05653   Test F-score avg/max: 0.6314/0.65164
Epoch: 64/300   Train loss: 0.05664   Test F-score avg/max: 0.63485/0.65164
Epoch: 65/300   Train loss: 0.05642   Test F-score avg/max: 0.63556/0.65164
Epoch: 66/300   Train loss: 0.05677   Test F-score avg/max: 0.60769/0.65164
Epoch: 67/300   Train loss: 0.05665   Test F-score avg/max: 0.6418/0.65164
Epoch: 68/300   Train loss: 0.05734   Test F-score avg/max: 0.65315/0.65315
Epoch: 69/300   Train loss: 0.05738   Test F-score avg/max: 0.62268/0.65315
Epoch: 70/300   Train loss: 0.05658   Test F-score avg/max: 0.64692/0.65315
WARNING:root:NaN or Inf found in input tensor.
WARNING:root:NaN or Inf found in input tensor.
WARNING:root:NaN or Inf found in input tensor.
WARNING:root:NaN or Inf found in input tensor.
WARNING:root:NaN or Inf found in input tensor.
WARNING:root:NaN or Inf found in input tensor.
WARNING:root:NaN or Inf found in input tensor.
WARNING:root:NaN or Inf found in input tensor.
WARNING:root:NaN or Inf found in input tensor.
WARNING:root:NaN or Inf found in input tensor.
WARNING:root:NaN or Inf found in input tensor.
WARNING:root:NaN or Inf found in input tensor.
WARNING:root:NaN or Inf found in input tensor.
WARNING:root:NaN or Inf found in input tensor.
WARNING:root:NaN or Inf found in input tensor.
WARNING:root:NaN or Inf found in input tensor.
WARNING:root:NaN or Inf found in input tensor.
WARNING:root:NaN or Inf found in input tensor.
WARNING:root:NaN or Inf found in input tensor.
WARNING:root:NaN or Inf found in input tensor.
WARNING:root:NaN or Inf found in input tensor.
WARNING:root:NaN or Inf found in input tensor.
WARNING:root:NaN or Inf found in input tensor.
WARNING:root:NaN or Inf found in input tensor.
WARNING:root:NaN or Inf found in input tensor.
WARNING:root:NaN or Inf found in input tensor.
WARNING:root:NaN or Inf found in input tensor.
WARNING:root:NaN or Inf found in input tensor.
WARNING:root:NaN or Inf found in input tensor.
WARNING:root:NaN or Inf found in input tensor.
WARNING:root:NaN or Inf found in input tensor.
WARNING:root:NaN or Inf found in input tensor.
WARNING:root:NaN or Inf found in input tensor.
WARNING:root:NaN or Inf found in input tensor.
WARNING:root:NaN or Inf found in input tensor.
WARNING:root:NaN or Inf found in input tensor.
WARNING:root:NaN or Inf found in input tensor.
WARNING:root:NaN or Inf found in input tensor.
WARNING:root:NaN or Inf found in input tensor.
WARNING:root:NaN or Inf found in input tensor.
WARNING:root:NaN or Inf found in input tensor.
WARNING:root:NaN or Inf found in input tensor.
WARNING:root:NaN or Inf found in input tensor.
WARNING:root:NaN or Inf found in input tensor.
WARNING:root:NaN or Inf found in input tensor.
WARNING:root:NaN or Inf found in input tensor.
WARNING:root:NaN or Inf found in input tensor.
WARNING:root:NaN or Inf found in input tensor.
WARNING:root:NaN or Inf found in input tensor.
WARNING:root:NaN or Inf found in input tensor.
WARNING:root:NaN or Inf found in input tensor.
WARNING:root:NaN or Inf found in input tensor.
WARNING:root:NaN or Inf found in input tensor.
WARNING:root:NaN or Inf found in input tensor.
WARNING:root:NaN or Inf found in input tensor.
WARNING:root:NaN or Inf found in input tensor.
WARNING:root:NaN or Inf found in input tensor.
WARNING:root:NaN or Inf found in input tensor.
WARNING:root:NaN or Inf found in input tensor.
WARNING:root:NaN or Inf found in input tensor.
WARNING:root:NaN or Inf found in input tensor.
WARNING:root:NaN or Inf found in input tensor.
WARNING:root:NaN or Inf found in input tensor.
WARNING:root:NaN or Inf found in input tensor.
WARNING:root:NaN or Inf found in input tensor.
WARNING:root:NaN or Inf found in input tensor.
WARNING:root:NaN or Inf found in input tensor.
WARNING:root:NaN or Inf found in input tensor.
WARNING:root:NaN or Inf found in input tensor.
WARNING:root:NaN or Inf found in input tensor.
WARNING:root:NaN or Inf found in input tensor.
WARNING:root:NaN or Inf found in input tensor.
WARNING:root:NaN or Inf found in input tensor.
WARNING:root:NaN or Inf found in input tensor.
WARNING:root:NaN or Inf found in input tensor.
WARNING:root:NaN or Inf found in input tensor.
WARNING:root:NaN or Inf found in input tensor.
WARNING:root:NaN or Inf found in input tensor.
WARNING:root:NaN or Inf found in input tensor.
WARNING:root:NaN or Inf found in input tensor.
WARNING:root:NaN or Inf found in input tensor.
WARNING:root:NaN or Inf found in input tensor.
WARNING:root:NaN or Inf found in input tensor.
WARNING:root:NaN or Inf found in input tensor.
WARNING:root:NaN or Inf found in input tensor.
WARNING:root:NaN or Inf found in input tensor.
WARNING:root:NaN or Inf found in input tensor.
WARNING:root:NaN or Inf found in input tensor.
WARNING:root:NaN or Inf found in input tensor.
WARNING:root:NaN or Inf found in input tensor.
WARNING:root:NaN or Inf found in input tensor.
WARNING:root:NaN or Inf found in input tensor.
WARNING:root:NaN or Inf found in input tensor.
WARNING:root:NaN or Inf found in input tensor.
WARNING:root:NaN or Inf found in input tensor.
WARNING:root:NaN or Inf found in input tensor.
WARNING:root:NaN or Inf found in input tensor.
WARNING:root:NaN or Inf found in input tensor.
WARNING:root:NaN or Inf found in input tensor.
WARNING:root:NaN or Inf found in input tensor.
Epoch: 71/300   Train loss: 0.05664   Test F-score avg/max: 0.64209/0.65315
Epoch: 72/300   Train loss: 0.05631   Test F-score avg/max: 0.63599/0.65315
Epoch: 73/300   Train loss: 0.05674   Test F-score avg/max: 0.61789/0.65315
Epoch: 74/300   Train loss: 0.05603   Test F-score avg/max: 0.63741/0.65315
Epoch: 75/300   Train loss: 0.05709   Test F-score avg/max: 0.64043/0.65315
Epoch: 76/300   Train loss: 0.05625   Test F-score avg/max: 0.63637/0.65315
Epoch: 77/300   Train loss: 0.05769   Test F-score avg/max: 0.63334/0.65315
Epoch: 78/300   Train loss: 0.05609   Test F-score avg/max: 0.59522/0.65315
Epoch: 79/300   Train loss: 0.05649   Test F-score avg/max: 0.63885/0.65315
Epoch: 80/300   Train loss: 0.05625   Test F-score avg/max: 0.62354/0.65315
Epoch: 81/300   Train loss: 0.05726   Test F-score avg/max: 0.61826/0.65315
Epoch: 82/300   Train loss: 0.05653   Test F-score avg/max: 0.63599/0.65315
Epoch: 83/300   Train loss: nan   Test F-score avg/max: 0.02655/0.65315
Epoch: 84/300   Train loss: nan   Test F-score avg/max: 0.02655/0.65315
Epoch: 85/300   Train loss: nan   Test F-score avg/max: 0.02655/0.65315
Epoch: 86/300   Train loss: nan   Test F-score avg/max: 0.02655/0.65315
Epoch: 87/300   Train loss: nan   Test F-score avg/max: 0.02655/0.65315
Epoch: 88/300   Train loss: nan   Test F-score avg/max: 0.02655/0.65315
Epoch: 89/300   Train loss: nan   Test F-score avg/max: 0.02655/0.65315
Epoch: 90/300   Train loss: nan   Test F-score avg/max: 0.02655/0.65315
Epoch: 91/300   Train loss: nan   Test F-score avg/max: 0.02655/0.65315
Epoch: 92/300   Train loss: nan   Test F-score avg/max: 0.02655/0.65315
Epoch: 93/300   Train loss: nan   Test F-score avg/max: 0.02655/0.65315
Epoch: 94/300   Train loss: nan   Test F-score avg/max: 0.02655/0.65315
Epoch: 95/300   Train loss: nan   Test F-score avg/max: 0.02655/0.65315
Epoch: 96/300   Train loss: nan   Test F-score avg/max: 0.02655/0.65315
Epoch: 97/300   Train loss: nan   Test F-score avg/max: 0.02655/0.65315
Epoch: 98/300   Train loss: nan   Test F-score avg/max: 0.02655/0.65315
Epoch: 99/300   Train loss: nan   Test F-score avg/max: 0.02655/0.65315
Epoch: 100/300   Train loss: nan   Test F-score avg/max: 0.02655/0.65315
Epoch: 101/300   Train loss: nan   Test F-score avg/max: 0.02655/0.65315
Epoch: 102/300   Train loss: nan   Test F-score avg/max: 0.02655/0.65315
Epoch: 103/300   Train loss: nan   Test F-score avg/max: 0.02655/0.65315
Epoch: 104/300   Train loss: nan   Test F-score avg/max: 0.02655/0.65315
Epoch: 105/300   Train loss: nan   Test F-score avg/max: 0.02655/0.65315
Epoch: 106/300   Train loss: nan   Test F-score avg/max: 0.02655/0.65315
Epoch: 107/300   Train loss: nan   Test F-score avg/max: 0.02655/0.65315
Epoch: 108/300   Train loss: nan   Test F-score avg/max: 0.02655/0.65315
Epoch: 109/300   Train loss: nan   Test F-score avg/max: 0.02655/0.65315
Epoch: 110/300   Train loss: nan   Test F-score avg/max: 0.02655/0.65315
Epoch: 111/300   Train loss: nan   Test F-score avg/max: 0.02655/0.65315
Epoch: 112/300   Train loss: nan   Test F-score avg/max: 0.02655/0.65315
Epoch: 113/300   Train loss: nan   Test F-score avg/max: 0.02655/0.65315
Epoch: 114/300   Train loss: nan   Test F-score avg/max: 0.02655/0.65315
Epoch: 115/300   Train loss: nan   Test F-score avg/max: 0.02655/0.65315
Epoch: 116/300   Train loss: nan   Test F-score avg/max: 0.02655/0.65315
Epoch: 117/300   Train loss: nan   Test F-score avg/max: 0.02655/0.65315
Epoch: 118/300   Train loss: nan   Test F-score avg/max: 0.02655/0.65315
Epoch: 119/300   Train loss: nan   Test F-score avg/max: 0.02655/0.65315
Epoch: 120/300   Train loss: nan   Test F-score avg/max: 0.02655/0.65315
Epoch: 121/300   Train loss: nan   Test F-score avg/max: 0.02655/0.65315
Epoch: 122/300   Train loss: nan   Test F-score avg/max: 0.02655/0.65315
Epoch: 123/300   Train loss: nan   Test F-score avg/max: 0.02655/0.65315
Epoch: 124/300   Train loss: nan   Test F-score avg/max: 0.02655/0.65315
Epoch: 125/300   Train loss: nan   Test F-score avg/max: 0.02655/0.65315
Epoch: 126/300   Train loss: nan   Test F-score avg/max: 0.02655/0.65315
Epoch: 127/300   Train loss: nan   Test F-score avg/max: 0.02655/0.65315
Epoch: 128/300   Train loss: nan   Test F-score avg/max: 0.02655/0.65315
Epoch: 129/300   Train loss: nan   Test F-score avg/max: 0.02655/0.65315
Epoch: 130/300   Train loss: nan   Test F-score avg/max: 0.02655/0.65315
Epoch: 131/300   Train loss: nan   Test F-score avg/max: 0.02655/0.65315
Epoch: 132/300   Train loss: nan   Test F-score avg/max: 0.02655/0.65315
Epoch: 133/300   Train loss: nan   Test F-score avg/max: 0.02655/0.65315
Epoch: 134/300   Train loss: nan   Test F-score avg/max: 0.02655/0.65315
Epoch: 135/300   Train loss: nan   Test F-score avg/max: 0.02655/0.65315
Epoch: 136/300   Train loss: nan   Test F-score avg/max: 0.02655/0.65315
Epoch: 137/300   Train loss: nan   Test F-score avg/max: 0.02655/0.65315
Epoch: 138/300   Train loss: nan   Test F-score avg/max: 0.02655/0.65315
Epoch: 139/300   Train loss: nan   Test F-score avg/max: 0.02655/0.65315
Epoch: 140/300   Train loss: nan   Test F-score avg/max: 0.02655/0.65315
Epoch: 141/300   Train loss: nan   Test F-score avg/max: 0.02655/0.65315
Epoch: 142/300   Train loss: nan   Test F-score avg/max: 0.02655/0.65315
Epoch: 143/300   Train loss: nan   Test F-score avg/max: 0.02655/0.65315
Epoch: 144/300   Train loss: nan   Test F-score avg/max: 0.02655/0.65315
Epoch: 145/300   Train loss: nan   Test F-score avg/max: 0.02655/0.65315
Epoch: 146/300   Train loss: nan   Test F-score avg/max: 0.02655/0.65315
Epoch: 147/300   Train loss: nan   Test F-score avg/max: 0.02655/0.65315
Epoch: 148/300   Train loss: nan   Test F-score avg/max: 0.02655/0.65315
Epoch: 149/300   Train loss: nan   Test F-score avg/max: 0.02655/0.65315
Epoch: 150/300   Train loss: nan   Test F-score avg/max: 0.02655/0.65315
Epoch: 151/300   Train loss: nan   Test F-score avg/max: 0.02655/0.65315
Epoch: 152/300   Train loss: nan   Test F-score avg/max: 0.02655/0.65315
Epoch: 153/300   Train loss: nan   Test F-score avg/max: 0.02655/0.65315
Epoch: 154/300   Train loss: nan   Test F-score avg/max: 0.02655/0.65315
Epoch: 155/300   Train loss: nan   Test F-score avg/max: 0.02655/0.65315
Epoch: 156/300   Train loss: nan   Test F-score avg/max: 0.02655/0.65315
Epoch: 157/300   Train loss: nan   Test F-score avg/max: 0.02655/0.65315
Epoch: 158/300   Train loss: nan   Test F-score avg/max: 0.02655/0.65315
Epoch: 159/300   Train loss: nan   Test F-score avg/max: 0.02655/0.65315
Epoch: 160/300   Train loss: nan   Test F-score avg/max: 0.02655/0.65315
Epoch: 161/300   Train loss: nan   Test F-score avg/max: 0.02655/0.65315
Epoch: 162/300   Train loss: nan   Test F-score avg/max: 0.02655/0.65315
Epoch: 163/300   Train loss: nan   Test F-score avg/max: 0.02655/0.65315
Epoch: 164/300   Train loss: nan   Test F-score avg/max: 0.02655/0.65315
Epoch: 165/300   Train loss: nan   Test F-score avg/max: 0.02655/0.65315
Epoch: 166/300   Train loss: nan   Test F-score avg/max: 0.02655/0.65315
Epoch: 167/300   Train loss: nan   Test F-score avg/max: 0.02655/0.65315
Epoch: 168/300   Train loss: nan   Test F-score avg/max: 0.02655/0.65315
Epoch: 169/300   Train loss: nan   Test F-score avg/max: 0.02655/0.65315
Epoch: 170/300   Train loss: nan   Test F-score avg/max: 0.02655/0.65315
Epoch: 171/300   Train loss: nan   Test F-score avg/max: 0.02655/0.65315
Epoch: 172/300   Train loss: nan   Test F-score avg/max: 0.02655/0.65315
Epoch: 173/300   Train loss: nan   Test F-score avg/max: 0.02655/0.65315
Epoch: 174/300   Train loss: nan   Test F-score avg/max: 0.02655/0.65315
Epoch: 175/300   Train loss: nan   Test F-score avg/max: 0.02655/0.65315
Epoch: 176/300   Train loss: nan   Test F-score avg/max: 0.02655/0.65315
Epoch: 177/300   Train loss: nan   Test F-score avg/max: 0.02655/0.65315
Epoch: 178/300   Train loss: nan   Test F-score avg/max: 0.02655/0.65315
Epoch: 179/300   Train loss: nan   Test F-score avg/max: 0.02655/0.65315
Epoch: 180/300   Train loss: nan   Test F-score avg/max: 0.02655/0.65315
Epoch: 181/300   Train loss: nan   Test F-score avg/max: 0.02655/0.65315
Epoch: 182/300   Train loss: nan   Test F-score avg/max: 0.02655/0.65315
Epoch: 183/300   Train loss: nan   Test F-score avg/max: 0.02655/0.65315
WARNING:root:NaN or Inf found in input tensor.
WARNING:root:NaN or Inf found in input tensor.
WARNING:root:NaN or Inf found in input tensor.
WARNING:root:NaN or Inf found in input tensor.
WARNING:root:NaN or Inf found in input tensor.
WARNING:root:NaN or Inf found in input tensor.
WARNING:root:NaN or Inf found in input tensor.
WARNING:root:NaN or Inf found in input tensor.
WARNING:root:NaN or Inf found in input tensor.
WARNING:root:NaN or Inf found in input tensor.
WARNING:root:NaN or Inf found in input tensor.
WARNING:root:NaN or Inf found in input tensor.
WARNING:root:NaN or Inf found in input tensor.
WARNING:root:NaN or Inf found in input tensor.
WARNING:root:NaN or Inf found in input tensor.
WARNING:root:NaN or Inf found in input tensor.
WARNING:root:NaN or Inf found in input tensor.
WARNING:root:NaN or Inf found in input tensor.
WARNING:root:NaN or Inf found in input tensor.
WARNING:root:NaN or Inf found in input tensor.
WARNING:root:NaN or Inf found in input tensor.
WARNING:root:NaN or Inf found in input tensor.
WARNING:root:NaN or Inf found in input tensor.
WARNING:root:NaN or Inf found in input tensor.
WARNING:root:NaN or Inf found in input tensor.
WARNING:root:NaN or Inf found in input tensor.
WARNING:root:NaN or Inf found in input tensor.
WARNING:root:NaN or Inf found in input tensor.
WARNING:root:NaN or Inf found in input tensor.
WARNING:root:NaN or Inf found in input tensor.
WARNING:root:NaN or Inf found in input tensor.
WARNING:root:NaN or Inf found in input tensor.
WARNING:root:NaN or Inf found in input tensor.
WARNING:root:NaN or Inf found in input tensor.
WARNING:root:NaN or Inf found in input tensor.
WARNING:root:NaN or Inf found in input tensor.
WARNING:root:NaN or Inf found in input tensor.
WARNING:root:NaN or Inf found in input tensor.
WARNING:root:NaN or Inf found in input tensor.
WARNING:root:NaN or Inf found in input tensor.
WARNING:root:NaN or Inf found in input tensor.
WARNING:root:NaN or Inf found in input tensor.
WARNING:root:NaN or Inf found in input tensor.
WARNING:root:NaN or Inf found in input tensor.
WARNING:root:NaN or Inf found in input tensor.
WARNING:root:NaN or Inf found in input tensor.
WARNING:root:NaN or Inf found in input tensor.
WARNING:root:NaN or Inf found in input tensor.
WARNING:root:NaN or Inf found in input tensor.
WARNING:root:NaN or Inf found in input tensor.
WARNING:root:NaN or Inf found in input tensor.
WARNING:root:NaN or Inf found in input tensor.
WARNING:root:NaN or Inf found in input tensor.
WARNING:root:NaN or Inf found in input tensor.
WARNING:root:NaN or Inf found in input tensor.
WARNING:root:NaN or Inf found in input tensor.
WARNING:root:NaN or Inf found in input tensor.
WARNING:root:NaN or Inf found in input tensor.
WARNING:root:NaN or Inf found in input tensor.
WARNING:root:NaN or Inf found in input tensor.
WARNING:root:NaN or Inf found in input tensor.
WARNING:root:NaN or Inf found in input tensor.
WARNING:root:NaN or Inf found in input tensor.
WARNING:root:NaN or Inf found in input tensor.
WARNING:root:NaN or Inf found in input tensor.
WARNING:root:NaN or Inf found in input tensor.
WARNING:root:NaN or Inf found in input tensor.
WARNING:root:NaN or Inf found in input tensor.
WARNING:root:NaN or Inf found in input tensor.
WARNING:root:NaN or Inf found in input tensor.
WARNING:root:NaN or Inf found in input tensor.
WARNING:root:NaN or Inf found in input tensor.
WARNING:root:NaN or Inf found in input tensor.
WARNING:root:NaN or Inf found in input tensor.
WARNING:root:NaN or Inf found in input tensor.
WARNING:root:NaN or Inf found in input tensor.
WARNING:root:NaN or Inf found in input tensor.
WARNING:root:NaN or Inf found in input tensor.
WARNING:root:NaN or Inf found in input tensor.
WARNING:root:NaN or Inf found in input tensor.
WARNING:root:NaN or Inf found in input tensor.
WARNING:root:NaN or Inf found in input tensor.
WARNING:root:NaN or Inf found in input tensor.
WARNING:root:NaN or Inf found in input tensor.
WARNING:root:NaN or Inf found in input tensor.
WARNING:root:NaN or Inf found in input tensor.
WARNING:root:NaN or Inf found in input tensor.
WARNING:root:NaN or Inf found in input tensor.
WARNING:root:NaN or Inf found in input tensor.
WARNING:root:NaN or Inf found in input tensor.
WARNING:root:NaN or Inf found in input tensor.
WARNING:root:NaN or Inf found in input tensor.
WARNING:root:NaN or Inf found in input tensor.
WARNING:root:NaN or Inf found in input tensor.
WARNING:root:NaN or Inf found in input tensor.
WARNING:root:NaN or Inf found in input tensor.
WARNING:root:NaN or Inf found in input tensor.
WARNING:root:NaN or Inf found in input tensor.
WARNING:root:NaN or Inf found in input tensor.
WARNING:root:NaN or Inf found in input tensor.
WARNING:root:NaN or Inf found in input tensor.
WARNING:root:NaN or Inf found in input tensor.
