Packages & system versions:
----------------------------------------------------------------------
display :  	NVRM version: NVIDIA UNIX x86_64 Kernel Module  450.36.06  Mon Jun  1 23:19:54 UTC 2020
	GCC version:  gcc version 4.8.5 20150623 (Red Hat 4.8.5-39) (GCC)
cuda :  NA
cudnn :  7605
platform :  Linux-3.10.0-1127.8.2.el7.x86_64-x86_64-with-glibc2.10
python :  (3, 8, 2)
torch :  1.5.0
numpy :  1.18.1
h5py :  2.10.0
json :  2.0.9
ortools :  7.6.7691
torchvision :  0.6.0a0+82fd1c8

root
datasets
splits
train
verbose
output_dir
l2_req
lr_epochs
lr
Parameters:
----------------------------------------------------------------------
[0] cuda_device: 0
[1] datasets: ['../SUM-GAN-AAE/data/SumMe/summe_i3d_mixed5c_aligned.h5', '../SUM-GAN-AAE/data/TVSum/tvsum_i3d_mixed5c_aligned.h5']
[2] epochs_max: 300
[3] l2_req: 0.0001
[4] lr: [0.005]
[5] lr_epochs: [0]
[6] max_summary_length: 0.15
[7] output_dir: i3d_features_lr0.005_l2req0.0001
[8] root: 
[9] splits: ['splits/tvsum_splits.json', 'splits/summe_splits.json', 'splits/tvsum_aug_splits.json', 'splits/summe_aug_splits.json']
[10] train: True
[11] train_batch_size: 1
[12] use_cuda: True
[13] verbose: False

tvsum  [{'test_keys': ['video_10', 'video_20', 'video_23', 'video_29', 'video_3', 'video_32', 'video_33', 'video_35', 'video_37', 'video_41'], 'train_keys': ['video_1', 'video_11', 'video_12', 'video_13', 'video_14', 'video_15', 'video_16', 'video_17', 'video_18', 'video_19', 'video_2', 'video_21', 'video_22', 'video_24', 'video_25', 'video_26', 'video_27', 'video_28', 'video_30', 'video_31', 'video_34', 'video_36', 'video_38', 'video_39', 'video_4', 'video_40', 'video_42', 'video_43', 'video_44', 'video_45', 'video_46', 'video_47', 'video_48', 'video_49', 'video_5', 'video_50', 'video_6', 'video_7', 'video_8', 'video_9']}, {'test_keys': ['video_14', 'video_29', 'video_35', 'video_36', 'video_38', 'video_41', 'video_45', 'video_46', 'video_5', 'video_6'], 'train_keys': ['video_1', 'video_10', 'video_11', 'video_12', 'video_13', 'video_15', 'video_16', 'video_17', 'video_18', 'video_19', 'video_2', 'video_20', 'video_21', 'video_22', 'video_23', 'video_24', 'video_25', 'video_26', 'video_27', 'video_28', 'video_3', 'video_30', 'video_31', 'video_32', 'video_33', 'video_34', 'video_37', 'video_39', 'video_4', 'video_40', 'video_42', 'video_43', 'video_44', 'video_47', 'video_48', 'video_49', 'video_50', 'video_7', 'video_8', 'video_9']}, {'test_keys': ['video_11', 'video_12', 'video_13', 'video_14', 'video_19', 'video_20', 'video_25', 'video_27', 'video_35', 'video_48'], 'train_keys': ['video_1', 'video_10', 'video_15', 'video_16', 'video_17', 'video_18', 'video_2', 'video_21', 'video_22', 'video_23', 'video_24', 'video_26', 'video_28', 'video_29', 'video_3', 'video_30', 'video_31', 'video_32', 'video_33', 'video_34', 'video_36', 'video_37', 'video_38', 'video_39', 'video_4', 'video_40', 'video_41', 'video_42', 'video_43', 'video_44', 'video_45', 'video_46', 'video_47', 'video_49', 'video_5', 'video_50', 'video_6', 'video_7', 'video_8', 'video_9']}, {'test_keys': ['video_25', 'video_31', 'video_33', 'video_35', 'video_39', 'video_4', 'video_45', 'video_49', 'video_5', 'video_7'], 'train_keys': ['video_1', 'video_10', 'video_11', 'video_12', 'video_13', 'video_14', 'video_15', 'video_16', 'video_17', 'video_18', 'video_19', 'video_2', 'video_20', 'video_21', 'video_22', 'video_23', 'video_24', 'video_26', 'video_27', 'video_28', 'video_29', 'video_3', 'video_30', 'video_32', 'video_34', 'video_36', 'video_37', 'video_38', 'video_40', 'video_41', 'video_42', 'video_43', 'video_44', 'video_46', 'video_47', 'video_48', 'video_50', 'video_6', 'video_8', 'video_9']}, {'test_keys': ['video_10', 'video_14', 'video_17', 'video_2', 'video_29', 'video_31', 'video_38', 'video_48', 'video_49', 'video_5'], 'train_keys': ['video_1', 'video_11', 'video_12', 'video_13', 'video_15', 'video_16', 'video_18', 'video_19', 'video_20', 'video_21', 'video_22', 'video_23', 'video_24', 'video_25', 'video_26', 'video_27', 'video_28', 'video_3', 'video_30', 'video_32', 'video_33', 'video_34', 'video_35', 'video_36', 'video_37', 'video_39', 'video_4', 'video_40', 'video_41', 'video_42', 'video_43', 'video_44', 'video_45', 'video_46', 'video_47', 'video_50', 'video_6', 'video_7', 'video_8', 'video_9']}]
tvsum
../SUM-GAN-AAE/data/SumMe/summe_i3d_mixed5c_aligned.h5
../SUM-GAN-AAE/data/TVSum/tvsum_i3d_mixed5c_aligned.h5
Setting CUDA device:  0
['../SUM-GAN-AAE/data/TVSum/tvsum_i3d_mixed5c_aligned.h5']
../SUM-GAN-AAE/data/TVSum/tvsum_i3d_mixed5c_aligned.h5
Loading: ../SUM-GAN-AAE/data/TVSum/tvsum_i3d_mixed5c_aligned.h5
Loading splits from:  splits/tvsum_splits.json
Selecting split:  0
tvsum
../SUM-GAN-AAE/data/SumMe/summe_i3d_mixed5c_aligned.h5
../SUM-GAN-AAE/data/TVSum/tvsum_i3d_mixed5c_aligned.h5
Initializing VASNet model and optimizer...
Starting training...
Epoch: 0/300    Train loss: 0.20638   Test F-score avg/max: 0.061772/0.061772
Epoch: 1/300    Train loss: 0.18009   Test F-score avg/max: 0.15394/0.15394
Epoch: 2/300    Train loss: 0.17753   Test F-score avg/max: 0.15555/0.15555
Epoch: 3/300    Train loss: 0.12365   Test F-score avg/max: 0.57211/0.57211
Epoch: 4/300    Train loss: 0.06394   Test F-score avg/max: 0.58689/0.58689
Epoch: 5/300    Train loss: 0.05274   Test F-score avg/max: 0.57097/0.58689
Epoch: 6/300    Train loss: 0.04758   Test F-score avg/max: 0.56168/0.58689
Epoch: 7/300    Train loss: 0.04829   Test F-score avg/max: 0.60515/0.60515
Epoch: 8/300    Train loss: 0.04885   Test F-score avg/max: 0.56699/0.60515
Epoch: 9/300    Train loss: 0.04722   Test F-score avg/max: 0.60254/0.60515
Epoch: 10/300   Train loss: 0.04780   Test F-score avg/max: 0.55756/0.60515
Epoch: 11/300   Train loss: 0.04597   Test F-score avg/max: 0.60811/0.60811
Epoch: 12/300   Train loss: 0.04715   Test F-score avg/max: 0.59548/0.60811
Epoch: 13/300   Train loss: 0.04675   Test F-score avg/max: 0.60063/0.60811
Epoch: 14/300   Train loss: 0.04616   Test F-score avg/max: 0.5591/0.60811
Epoch: 15/300   Train loss: 0.04471   Test F-score avg/max: 0.59779/0.60811
Epoch: 16/300   Train loss: 0.04620   Test F-score avg/max: 0.56789/0.60811
Epoch: 17/300   Train loss: 0.04489   Test F-score avg/max: 0.58438/0.60811
Epoch: 18/300   Train loss: 0.04461   Test F-score avg/max: 0.55624/0.60811
Epoch: 19/300   Train loss: 0.04480   Test F-score avg/max: 0.57302/0.60811
Epoch: 20/300   Train loss: 0.04403   Test F-score avg/max: 0.59753/0.60811
Epoch: 21/300   Train loss: 0.04378   Test F-score avg/max: 0.58501/0.60811
Epoch: 22/300   Train loss: 0.04491   Test F-score avg/max: 0.57506/0.60811
Epoch: 23/300   Train loss: 0.04383   Test F-score avg/max: 0.58957/0.60811
Epoch: 24/300   Train loss: 0.04404   Test F-score avg/max: 0.58591/0.60811
Epoch: 25/300   Train loss: 0.04404   Test F-score avg/max: 0.58585/0.60811
Epoch: 26/300   Train loss: 0.04503   Test F-score avg/max: 0.56796/0.60811
Epoch: 27/300   Train loss: 0.04374   Test F-score avg/max: 0.59349/0.60811
Epoch: 28/300   Train loss: 0.04326   Test F-score avg/max: 0.58097/0.60811
Epoch: 29/300   Train loss: 0.04266   Test F-score avg/max: 0.58442/0.60811
Epoch: 30/300   Train loss: 0.04439   Test F-score avg/max: 0.54995/0.60811
Epoch: 31/300   Train loss: 0.04339   Test F-score avg/max: 0.58085/0.60811
Epoch: 32/300   Train loss: 0.04536   Test F-score avg/max: 0.5935/0.60811
Epoch: 33/300   Train loss: 0.04314   Test F-score avg/max: 0.609/0.609
Epoch: 34/300   Train loss: 0.04414   Test F-score avg/max: 0.57831/0.609
Epoch: 35/300   Train loss: 0.04248   Test F-score avg/max: 0.57877/0.609
Epoch: 36/300   Train loss: 0.04279   Test F-score avg/max: 0.58818/0.609
Epoch: 37/300   Train loss: 0.04244   Test F-score avg/max: 0.58139/0.609
Epoch: 38/300   Train loss: 0.04245   Test F-score avg/max: 0.59102/0.609
Epoch: 39/300   Train loss: 0.04197   Test F-score avg/max: 0.58909/0.609
Epoch: 40/300   Train loss: 0.04311   Test F-score avg/max: 0.58345/0.609
Epoch: 41/300   Train loss: 0.04281   Test F-score avg/max: 0.57775/0.609
Epoch: 42/300   Train loss: 0.04218   Test F-score avg/max: 0.58904/0.609
Epoch: 43/300   Train loss: 0.04287   Test F-score avg/max: 0.58764/0.609
