Packages & system versions:
----------------------------------------------------------------------
display :  	NVRM version: NVIDIA UNIX x86_64 Kernel Module  450.36.06  Mon Jun  1 23:19:54 UTC 2020
	GCC version:  gcc version 4.8.5 20150623 (Red Hat 4.8.5-39) (GCC)
cuda :  NA
cudnn :  7605
platform :  Linux-3.10.0-1127.8.2.el7.x86_64-x86_64-with-glibc2.10
python :  (3, 8, 2)
torch :  1.5.0
numpy :  1.18.1
h5py :  2.10.0
json :  2.0.9
ortools :  7.6.7691
torchvision :  0.6.0a0+82fd1c8

root
datasets
splits
train
verbose
output_dir
l2_req
lr_epochs
lr
Parameters:
----------------------------------------------------------------------
[0] cuda_device: 0
[1] datasets: ['../SUM-GAN-AAE/data/SumMe/summe_i3d_mixed5c_aligned.h5', '../SUM-GAN-AAE/data/TVSum/tvsum_i3d_mixed5c_aligned.h5']
[2] epochs_max: 300
[3] l2_req: 0.0001
[4] lr: [5e-05]
[5] lr_epochs: [0]
[6] max_summary_length: 0.15
[7] output_dir: i3d_features
[8] root: 
[9] splits: ['splits/tvsum_splits.json', 'splits/summe_splits.json', 'splits/tvsum_aug_splits.json', 'splits/summe_aug_splits.json']
[10] train: True
[11] train_batch_size: 1
[12] use_cuda: True
[13] verbose: False

tvsum  [{'test_keys': ['video_10', 'video_20', 'video_23', 'video_29', 'video_3', 'video_32', 'video_33', 'video_35', 'video_37', 'video_41'], 'train_keys': ['video_1', 'video_11', 'video_12', 'video_13', 'video_14', 'video_15', 'video_16', 'video_17', 'video_18', 'video_19', 'video_2', 'video_21', 'video_22', 'video_24', 'video_25', 'video_26', 'video_27', 'video_28', 'video_30', 'video_31', 'video_34', 'video_36', 'video_38', 'video_39', 'video_4', 'video_40', 'video_42', 'video_43', 'video_44', 'video_45', 'video_46', 'video_47', 'video_48', 'video_49', 'video_5', 'video_50', 'video_6', 'video_7', 'video_8', 'video_9']}, {'test_keys': ['video_14', 'video_29', 'video_35', 'video_36', 'video_38', 'video_41', 'video_45', 'video_46', 'video_5', 'video_6'], 'train_keys': ['video_1', 'video_10', 'video_11', 'video_12', 'video_13', 'video_15', 'video_16', 'video_17', 'video_18', 'video_19', 'video_2', 'video_20', 'video_21', 'video_22', 'video_23', 'video_24', 'video_25', 'video_26', 'video_27', 'video_28', 'video_3', 'video_30', 'video_31', 'video_32', 'video_33', 'video_34', 'video_37', 'video_39', 'video_4', 'video_40', 'video_42', 'video_43', 'video_44', 'video_47', 'video_48', 'video_49', 'video_50', 'video_7', 'video_8', 'video_9']}, {'test_keys': ['video_11', 'video_12', 'video_13', 'video_14', 'video_19', 'video_20', 'video_25', 'video_27', 'video_35', 'video_48'], 'train_keys': ['video_1', 'video_10', 'video_15', 'video_16', 'video_17', 'video_18', 'video_2', 'video_21', 'video_22', 'video_23', 'video_24', 'video_26', 'video_28', 'video_29', 'video_3', 'video_30', 'video_31', 'video_32', 'video_33', 'video_34', 'video_36', 'video_37', 'video_38', 'video_39', 'video_4', 'video_40', 'video_41', 'video_42', 'video_43', 'video_44', 'video_45', 'video_46', 'video_47', 'video_49', 'video_5', 'video_50', 'video_6', 'video_7', 'video_8', 'video_9']}, {'test_keys': ['video_25', 'video_31', 'video_33', 'video_35', 'video_39', 'video_4', 'video_45', 'video_49', 'video_5', 'video_7'], 'train_keys': ['video_1', 'video_10', 'video_11', 'video_12', 'video_13', 'video_14', 'video_15', 'video_16', 'video_17', 'video_18', 'video_19', 'video_2', 'video_20', 'video_21', 'video_22', 'video_23', 'video_24', 'video_26', 'video_27', 'video_28', 'video_29', 'video_3', 'video_30', 'video_32', 'video_34', 'video_36', 'video_37', 'video_38', 'video_40', 'video_41', 'video_42', 'video_43', 'video_44', 'video_46', 'video_47', 'video_48', 'video_50', 'video_6', 'video_8', 'video_9']}, {'test_keys': ['video_10', 'video_14', 'video_17', 'video_2', 'video_29', 'video_31', 'video_38', 'video_48', 'video_49', 'video_5'], 'train_keys': ['video_1', 'video_11', 'video_12', 'video_13', 'video_15', 'video_16', 'video_18', 'video_19', 'video_20', 'video_21', 'video_22', 'video_23', 'video_24', 'video_25', 'video_26', 'video_27', 'video_28', 'video_3', 'video_30', 'video_32', 'video_33', 'video_34', 'video_35', 'video_36', 'video_37', 'video_39', 'video_4', 'video_40', 'video_41', 'video_42', 'video_43', 'video_44', 'video_45', 'video_46', 'video_47', 'video_50', 'video_6', 'video_7', 'video_8', 'video_9']}]
tvsum
../SUM-GAN-AAE/data/SumMe/summe_i3d_mixed5c_aligned.h5
../SUM-GAN-AAE/data/TVSum/tvsum_i3d_mixed5c_aligned.h5
Setting CUDA device:  0
['../SUM-GAN-AAE/data/TVSum/tvsum_i3d_mixed5c_aligned.h5']
../SUM-GAN-AAE/data/TVSum/tvsum_i3d_mixed5c_aligned.h5
Loading: ../SUM-GAN-AAE/data/TVSum/tvsum_i3d_mixed5c_aligned.h5
Loading splits from:  splits/tvsum_splits.json
Selecting split:  0
tvsum
../SUM-GAN-AAE/data/SumMe/summe_i3d_mixed5c_aligned.h5
../SUM-GAN-AAE/data/TVSum/tvsum_i3d_mixed5c_aligned.h5
Initializing VASNet model and optimizer...
Starting training...
Epoch: 0/300    Train loss: 0.13491   Test F-score avg/max: 0.47045/0.47045
Epoch: 1/300    Train loss: 0.11567   Test F-score avg/max: 0.48009/0.48009
Epoch: 2/300    Train loss: 0.09814   Test F-score avg/max: 0.50561/0.50561
Epoch: 3/300    Train loss: 0.08352   Test F-score avg/max: 0.54285/0.54285
Epoch: 4/300    Train loss: 0.07394   Test F-score avg/max: 0.54786/0.54786
Epoch: 5/300    Train loss: 0.06714   Test F-score avg/max: 0.54251/0.54786
Epoch: 6/300    Train loss: 0.06175   Test F-score avg/max: 0.54659/0.54786
Epoch: 7/300    Train loss: 0.05785   Test F-score avg/max: 0.56235/0.56235
Epoch: 8/300    Train loss: 0.05459   Test F-score avg/max: 0.55776/0.56235
Epoch: 9/300    Train loss: 0.05306   Test F-score avg/max: 0.559/0.56235
Epoch: 10/300   Train loss: 0.04921   Test F-score avg/max: 0.57311/0.57311
Epoch: 11/300   Train loss: 0.04907   Test F-score avg/max: 0.55953/0.57311
Epoch: 12/300   Train loss: 0.04741   Test F-score avg/max: 0.5588/0.57311
Epoch: 13/300   Train loss: 0.04636   Test F-score avg/max: 0.55601/0.57311
Epoch: 14/300   Train loss: 0.04528   Test F-score avg/max: 0.55558/0.57311
Epoch: 15/300   Train loss: 0.04421   Test F-score avg/max: 0.55475/0.57311
Epoch: 16/300   Train loss: 0.04313   Test F-score avg/max: 0.55376/0.57311
Epoch: 17/300   Train loss: 0.04224   Test F-score avg/max: 0.55243/0.57311
Epoch: 18/300   Train loss: 0.04109   Test F-score avg/max: 0.55312/0.57311
Epoch: 19/300   Train loss: 0.04018   Test F-score avg/max: 0.5545/0.57311
Epoch: 20/300   Train loss: 0.03939   Test F-score avg/max: 0.55283/0.57311
Epoch: 21/300   Train loss: 0.03879   Test F-score avg/max: 0.55542/0.57311
Epoch: 22/300   Train loss: 0.03819   Test F-score avg/max: 0.54377/0.57311
Epoch: 23/300   Train loss: 0.03706   Test F-score avg/max: 0.55192/0.57311
Epoch: 24/300   Train loss: 0.03735   Test F-score avg/max: 0.55414/0.57311
Epoch: 25/300   Train loss: 0.03636   Test F-score avg/max: 0.54374/0.57311
Epoch: 26/300   Train loss: 0.03617   Test F-score avg/max: 0.55536/0.57311
Epoch: 27/300   Train loss: 0.03516   Test F-score avg/max: 0.54755/0.57311
Epoch: 28/300   Train loss: 0.03476   Test F-score avg/max: 0.54155/0.57311
Epoch: 29/300   Train loss: 0.03459   Test F-score avg/max: 0.54357/0.57311
Epoch: 30/300   Train loss: 0.03510   Test F-score avg/max: 0.55888/0.57311
Epoch: 31/300   Train loss: 0.03408   Test F-score avg/max: 0.55276/0.57311
Epoch: 32/300   Train loss: 0.03410   Test F-score avg/max: 0.54545/0.57311
Epoch: 33/300   Train loss: 0.03318   Test F-score avg/max: 0.55921/0.57311
Epoch: 34/300   Train loss: 0.03293   Test F-score avg/max: 0.55505/0.57311
Epoch: 35/300   Train loss: 0.03267   Test F-score avg/max: 0.543/0.57311
Epoch: 36/300   Train loss: 0.03254   Test F-score avg/max: 0.55283/0.57311
Epoch: 37/300   Train loss: 0.03233   Test F-score avg/max: 0.55766/0.57311
Epoch: 38/300   Train loss: 0.03245   Test F-score avg/max: 0.56095/0.57311
Epoch: 39/300   Train loss: 0.03154   Test F-score avg/max: 0.55569/0.57311
Epoch: 40/300   Train loss: 0.03127   Test F-score avg/max: 0.5616/0.57311
Epoch: 41/300   Train loss: 0.03098   Test F-score avg/max: 0.55139/0.57311
Epoch: 42/300   Train loss: 0.03110   Test F-score avg/max: 0.54711/0.57311
Epoch: 43/300   Train loss: 0.03034   Test F-score avg/max: 0.56457/0.57311
Epoch: 44/300   Train loss: 0.03049   Test F-score avg/max: 0.56861/0.57311
Epoch: 45/300   Train loss: 0.03011   Test F-score avg/max: 0.56457/0.57311
Epoch: 46/300   Train loss: 0.03032   Test F-score avg/max: 0.55232/0.57311
Epoch: 47/300   Train loss: 0.03027   Test F-score avg/max: 0.55546/0.57311
Epoch: 48/300   Train loss: 0.02986   Test F-score avg/max: 0.56756/0.57311
Epoch: 49/300   Train loss: 0.02937   Test F-score avg/max: 0.56019/0.57311
Epoch: 50/300   Train loss: 0.02900   Test F-score avg/max: 0.55316/0.57311
Epoch: 51/300   Train loss: 0.02871   Test F-score avg/max: 0.56254/0.57311
Epoch: 52/300   Train loss: 0.02886   Test F-score avg/max: 0.56113/0.57311
Epoch: 53/300   Train loss: 0.02944   Test F-score avg/max: 0.55478/0.57311
Epoch: 54/300   Train loss: 0.02859   Test F-score avg/max: 0.55413/0.57311
Epoch: 55/300   Train loss: 0.02820   Test F-score avg/max: 0.56231/0.57311
Epoch: 56/300   Train loss: 0.02834   Test F-score avg/max: 0.54445/0.57311
Epoch: 57/300   Train loss: 0.02813   Test F-score avg/max: 0.57182/0.57311
Epoch: 58/300   Train loss: 0.02765   Test F-score avg/max: 0.55327/0.57311
Epoch: 59/300   Train loss: 0.02737   Test F-score avg/max: 0.55477/0.57311
Epoch: 60/300   Train loss: 0.02750   Test F-score avg/max: 0.55502/0.57311
Epoch: 61/300   Train loss: 0.02676   Test F-score avg/max: 0.56266/0.57311
Epoch: 62/300   Train loss: 0.02680   Test F-score avg/max: 0.55708/0.57311
Epoch: 63/300   Train loss: 0.02675   Test F-score avg/max: 0.54866/0.57311
Epoch: 64/300   Train loss: 0.02668   Test F-score avg/max: 0.55727/0.57311
Epoch: 65/300   Train loss: 0.02636   Test F-score avg/max: 0.55893/0.57311
Epoch: 66/300   Train loss: 0.02625   Test F-score avg/max: 0.54975/0.57311
Epoch: 67/300   Train loss: 0.02687   Test F-score avg/max: 0.55757/0.57311
Epoch: 68/300   Train loss: 0.02671   Test F-score avg/max: 0.549/0.57311
Epoch: 69/300   Train loss: 0.02666   Test F-score avg/max: 0.53016/0.57311
Epoch: 70/300   Train loss: 0.02635   Test F-score avg/max: 0.5356/0.57311
Epoch: 71/300   Train loss: 0.02641   Test F-score avg/max: 0.55289/0.57311
Epoch: 72/300   Train loss: 0.02650   Test F-score avg/max: 0.56196/0.57311
Epoch: 73/300   Train loss: 0.02696   Test F-score avg/max: 0.55095/0.57311
Epoch: 74/300   Train loss: 0.02722   Test F-score avg/max: 0.55823/0.57311
Epoch: 75/300   Train loss: 0.02608   Test F-score avg/max: 0.5538/0.57311
Epoch: 76/300   Train loss: 0.02533   Test F-score avg/max: 0.55722/0.57311
Epoch: 77/300   Train loss: 0.02474   Test F-score avg/max: 0.56106/0.57311
Epoch: 78/300   Train loss: 0.02462   Test F-score avg/max: 0.5569/0.57311
Epoch: 79/300   Train loss: 0.02452   Test F-score avg/max: 0.55531/0.57311
Epoch: 80/300   Train loss: 0.02459   Test F-score avg/max: 0.55674/0.57311
Epoch: 81/300   Train loss: 0.02472   Test F-score avg/max: 0.56106/0.57311
Epoch: 82/300   Train loss: 0.02419   Test F-score avg/max: 0.55896/0.57311
Epoch: 83/300   Train loss: 0.02429   Test F-score avg/max: 0.5699/0.57311
Epoch: 84/300   Train loss: 0.02408   Test F-score avg/max: 0.55537/0.57311
Epoch: 85/300   Train loss: 0.02447   Test F-score avg/max: 0.56012/0.57311
Epoch: 86/300   Train loss: 0.02458   Test F-score avg/max: 0.55895/0.57311
Epoch: 87/300   Train loss: 0.02378   Test F-score avg/max: 0.56195/0.57311
Epoch: 88/300   Train loss: 0.02351   Test F-score avg/max: 0.55029/0.57311
Epoch: 89/300   Train loss: 0.02347   Test F-score avg/max: 0.55811/0.57311
Epoch: 90/300   Train loss: 0.02351   Test F-score avg/max: 0.54649/0.57311
Epoch: 91/300   Train loss: 0.02455   Test F-score avg/max: 0.54942/0.57311
Epoch: 92/300   Train loss: 0.02470   Test F-score avg/max: 0.55792/0.57311
Epoch: 93/300   Train loss: 0.02401   Test F-score avg/max: 0.55896/0.57311
Epoch: 94/300   Train loss: 0.02389   Test F-score avg/max: 0.53481/0.57311
Epoch: 95/300   Train loss: 0.02403   Test F-score avg/max: 0.55674/0.57311
Epoch: 96/300   Train loss: 0.02444   Test F-score avg/max: 0.55853/0.57311
Epoch: 97/300   Train loss: 0.02414   Test F-score avg/max: 0.55569/0.57311
Epoch: 98/300   Train loss: 0.02407   Test F-score avg/max: 0.55659/0.57311
Epoch: 99/300   Train loss: 0.02290   Test F-score avg/max: 0.56318/0.57311
Epoch: 100/300   Train loss: 0.02366   Test F-score avg/max: 0.54311/0.57311
Epoch: 101/300   Train loss: 0.02261   Test F-score avg/max: 0.54111/0.57311
Epoch: 102/300   Train loss: 0.02267   Test F-score avg/max: 0.54814/0.57311
Epoch: 103/300   Train loss: 0.02263   Test F-score avg/max: 0.55019/0.57311
Epoch: 104/300   Train loss: 0.02230   Test F-score avg/max: 0.56111/0.57311
Epoch: 105/300   Train loss: 0.02172   Test F-score avg/max: 0.55969/0.57311
Epoch: 106/300   Train loss: 0.02195   Test F-score avg/max: 0.56143/0.57311
Epoch: 107/300   Train loss: 0.02173   Test F-score avg/max: 0.55537/0.57311
Epoch: 108/300   Train loss: 0.02163   Test F-score avg/max: 0.56021/0.57311
Epoch: 109/300   Train loss: 0.02138   Test F-score avg/max: 0.56198/0.57311
Epoch: 110/300   Train loss: 0.02185   Test F-score avg/max: 0.55347/0.57311
Epoch: 111/300   Train loss: 0.02133   Test F-score avg/max: 0.55906/0.57311
Epoch: 112/300   Train loss: 0.02195   Test F-score avg/max: 0.54214/0.57311
Epoch: 113/300   Train loss: 0.02168   Test F-score avg/max: 0.54352/0.57311
Epoch: 114/300   Train loss: 0.02173   Test F-score avg/max: 0.54506/0.57311
Epoch: 115/300   Train loss: 0.02261   Test F-score avg/max: 0.56124/0.57311
Epoch: 116/300   Train loss: 0.02367   Test F-score avg/max: 0.5569/0.57311
Epoch: 117/300   Train loss: 0.02291   Test F-score avg/max: 0.56561/0.57311
Epoch: 118/300   Train loss: 0.02197   Test F-score avg/max: 0.55383/0.57311
Epoch: 119/300   Train loss: 0.02180   Test F-score avg/max: 0.56143/0.57311
Epoch: 120/300   Train loss: 0.02128   Test F-score avg/max: 0.55882/0.57311
Epoch: 121/300   Train loss: 0.02095   Test F-score avg/max: 0.54108/0.57311
Epoch: 122/300   Train loss: 0.02117   Test F-score avg/max: 0.54558/0.57311
Epoch: 123/300   Train loss: 0.02128   Test F-score avg/max: 0.5406/0.57311
Epoch: 124/300   Train loss: 0.02123   Test F-score avg/max: 0.55492/0.57311
Epoch: 125/300   Train loss: 0.02152   Test F-score avg/max: 0.55015/0.57311
Epoch: 126/300   Train loss: 0.02057   Test F-score avg/max: 0.53287/0.57311
Epoch: 127/300   Train loss: 0.02079   Test F-score avg/max: 0.55324/0.57311
Epoch: 128/300   Train loss: 0.02090   Test F-score avg/max: 0.55559/0.57311
Epoch: 129/300   Train loss: 0.02061   Test F-score avg/max: 0.55552/0.57311
Epoch: 130/300   Train loss: 0.02061   Test F-score avg/max: 0.53992/0.57311
Epoch: 131/300   Train loss: 0.02053   Test F-score avg/max: 0.55844/0.57311
Epoch: 132/300   Train loss: 0.02052   Test F-score avg/max: 0.53795/0.57311
Epoch: 133/300   Train loss: 0.02030   Test F-score avg/max: 0.53442/0.57311
Epoch: 134/300   Train loss: 0.02065   Test F-score avg/max: 0.53758/0.57311
Epoch: 135/300   Train loss: 0.02087   Test F-score avg/max: 0.55237/0.57311
Epoch: 136/300   Train loss: 0.02015   Test F-score avg/max: 0.5625/0.57311
Epoch: 137/300   Train loss: 0.02035   Test F-score avg/max: 0.54933/0.57311
Epoch: 138/300   Train loss: 0.02003   Test F-score avg/max: 0.53019/0.57311
Epoch: 139/300   Train loss: 0.02019   Test F-score avg/max: 0.53586/0.57311
Epoch: 140/300   Train loss: 0.02026   Test F-score avg/max: 0.55256/0.57311
Epoch: 141/300   Train loss: 0.02044   Test F-score avg/max: 0.55481/0.57311
Epoch: 142/300   Train loss: 0.02048   Test F-score avg/max: 0.55872/0.57311
Epoch: 143/300   Train loss: 0.02011   Test F-score avg/max: 0.54951/0.57311
Epoch: 144/300   Train loss: 0.01974   Test F-score avg/max: 0.55215/0.57311
Epoch: 145/300   Train loss: 0.02013   Test F-score avg/max: 0.5449/0.57311
Epoch: 146/300   Train loss: 0.01946   Test F-score avg/max: 0.54878/0.57311
Epoch: 147/300   Train loss: 0.01940   Test F-score avg/max: 0.53821/0.57311
Epoch: 148/300   Train loss: 0.01941   Test F-score avg/max: 0.55108/0.57311
Epoch: 149/300   Train loss: 0.01963   Test F-score avg/max: 0.54882/0.57311
Epoch: 150/300   Train loss: 0.01976   Test F-score avg/max: 0.55325/0.57311
Epoch: 151/300   Train loss: 0.01954   Test F-score avg/max: 0.55551/0.57311
Epoch: 152/300   Train loss: 0.01941   Test F-score avg/max: 0.55037/0.57311
Epoch: 153/300   Train loss: 0.01892   Test F-score avg/max: 0.55696/0.57311
Epoch: 154/300   Train loss: 0.01889   Test F-score avg/max: 0.53271/0.57311
Epoch: 155/300   Train loss: 0.01926   Test F-score avg/max: 0.5554/0.57311
Epoch: 156/300   Train loss: 0.01944   Test F-score avg/max: 0.5379/0.57311
Epoch: 157/300   Train loss: 0.01890   Test F-score avg/max: 0.54123/0.57311
Epoch: 158/300   Train loss: 0.01848   Test F-score avg/max: 0.55449/0.57311
Epoch: 159/300   Train loss: 0.01879   Test F-score avg/max: 0.55252/0.57311
Epoch: 160/300   Train loss: 0.01852   Test F-score avg/max: 0.55002/0.57311
Epoch: 161/300   Train loss: 0.01826   Test F-score avg/max: 0.56021/0.57311
Epoch: 162/300   Train loss: 0.01885   Test F-score avg/max: 0.52263/0.57311
Epoch: 163/300   Train loss: 0.01848   Test F-score avg/max: 0.52192/0.57311
Epoch: 164/300   Train loss: 0.01835   Test F-score avg/max: 0.55039/0.57311
Epoch: 165/300   Train loss: 0.01807   Test F-score avg/max: 0.53477/0.57311
Epoch: 166/300   Train loss: 0.01826   Test F-score avg/max: 0.54556/0.57311
Epoch: 167/300   Train loss: 0.01881   Test F-score avg/max: 0.55645/0.57311
Epoch: 168/300   Train loss: 0.01833   Test F-score avg/max: 0.53927/0.57311
Epoch: 169/300   Train loss: 0.01855   Test F-score avg/max: 0.54773/0.57311
Epoch: 170/300   Train loss: 0.01800   Test F-score avg/max: 0.54904/0.57311
Epoch: 171/300   Train loss: 0.01868   Test F-score avg/max: 0.54829/0.57311
Epoch: 172/300   Train loss: 0.01796   Test F-score avg/max: 0.55019/0.57311
Epoch: 173/300   Train loss: 0.01773   Test F-score avg/max: 0.54997/0.57311
Epoch: 174/300   Train loss: 0.01785   Test F-score avg/max: 0.55335/0.57311
Epoch: 175/300   Train loss: 0.01939   Test F-score avg/max: 0.54849/0.57311
Epoch: 176/300   Train loss: 0.01840   Test F-score avg/max: 0.55299/0.57311
Epoch: 177/300   Train loss: 0.01825   Test F-score avg/max: 0.55865/0.57311
Epoch: 178/300   Train loss: 0.01764   Test F-score avg/max: 0.55865/0.57311
Epoch: 179/300   Train loss: 0.01731   Test F-score avg/max: 0.54972/0.57311
Epoch: 180/300   Train loss: 0.01738   Test F-score avg/max: 0.53963/0.57311
Epoch: 181/300   Train loss: 0.01720   Test F-score avg/max: 0.55271/0.57311
Epoch: 182/300   Train loss: 0.01710   Test F-score avg/max: 0.55461/0.57311
Epoch: 183/300   Train loss: 0.01725   Test F-score avg/max: 0.54353/0.57311
Epoch: 184/300   Train loss: 0.01759   Test F-score avg/max: 0.55291/0.57311
Epoch: 185/300   Train loss: 0.01745   Test F-score avg/max: 0.55374/0.57311
Epoch: 186/300   Train loss: 0.01782   Test F-score avg/max: 0.5487/0.57311
Epoch: 187/300   Train loss: 0.01763   Test F-score avg/max: 0.53809/0.57311
Epoch: 188/300   Train loss: 0.01746   Test F-score avg/max: 0.55457/0.57311
Epoch: 189/300   Train loss: 0.01755   Test F-score avg/max: 0.54138/0.57311
Epoch: 190/300   Train loss: 0.01745   Test F-score avg/max: 0.53294/0.57311
Epoch: 191/300   Train loss: 0.01696   Test F-score avg/max: 0.55033/0.57311
Epoch: 192/300   Train loss: 0.01746   Test F-score avg/max: 0.53932/0.57311
Epoch: 193/300   Train loss: 0.01831   Test F-score avg/max: 0.55865/0.57311
Epoch: 194/300   Train loss: 0.01893   Test F-score avg/max: 0.54395/0.57311
Epoch: 195/300   Train loss: 0.01792   Test F-score avg/max: 0.55736/0.57311
Epoch: 196/300   Train loss: 0.01706   Test F-score avg/max: 0.55457/0.57311
Epoch: 197/300   Train loss: 0.01667   Test F-score avg/max: 0.53107/0.57311
Epoch: 198/300   Train loss: 0.01649   Test F-score avg/max: 0.5547/0.57311
Epoch: 199/300   Train loss: 0.01652   Test F-score avg/max: 0.54099/0.57311
Epoch: 200/300   Train loss: 0.01651   Test F-score avg/max: 0.5319/0.57311
Epoch: 201/300   Train loss: 0.01635   Test F-score avg/max: 0.55632/0.57311
Epoch: 202/300   Train loss: 0.01642   Test F-score avg/max: 0.53101/0.57311
Epoch: 203/300   Train loss: 0.01633   Test F-score avg/max: 0.54647/0.57311
Epoch: 204/300   Train loss: 0.01663   Test F-score avg/max: 0.54023/0.57311
Epoch: 205/300   Train loss: 0.01713   Test F-score avg/max: 0.54961/0.57311
Epoch: 206/300   Train loss: 0.01710   Test F-score avg/max: 0.53338/0.57311
Epoch: 207/300   Train loss: 0.01651   Test F-score avg/max: 0.55342/0.57311
Epoch: 208/300   Train loss: 0.01606   Test F-score avg/max: 0.55352/0.57311
Epoch: 209/300   Train loss: 0.01593   Test F-score avg/max: 0.54367/0.57311
Epoch: 210/300   Train loss: 0.01607   Test F-score avg/max: 0.53439/0.57311
Epoch: 211/300   Train loss: 0.01568   Test F-score avg/max: 0.5381/0.57311
Epoch: 212/300   Train loss: 0.01590   Test F-score avg/max: 0.52795/0.57311
Epoch: 213/300   Train loss: 0.01578   Test F-score avg/max: 0.52756/0.57311
Epoch: 214/300   Train loss: 0.01688   Test F-score avg/max: 0.5545/0.57311
Epoch: 215/300   Train loss: 0.01670   Test F-score avg/max: 0.55942/0.57311
Epoch: 216/300   Train loss: 0.01713   Test F-score avg/max: 0.55528/0.57311
Epoch: 217/300   Train loss: 0.01607   Test F-score avg/max: 0.54861/0.57311
Epoch: 218/300   Train loss: 0.01607   Test F-score avg/max: 0.54789/0.57311
Epoch: 219/300   Train loss: 0.01561   Test F-score avg/max: 0.52801/0.57311
Epoch: 220/300   Train loss: 0.01552   Test F-score avg/max: 0.53977/0.57311
Epoch: 221/300   Train loss: 0.01547   Test F-score avg/max: 0.53931/0.57311
Epoch: 222/300   Train loss: 0.01569   Test F-score avg/max: 0.55195/0.57311
Epoch: 223/300   Train loss: 0.01579   Test F-score avg/max: 0.5429/0.57311
Epoch: 224/300   Train loss: 0.01571   Test F-score avg/max: 0.55179/0.57311
Epoch: 225/300   Train loss: 0.01554   Test F-score avg/max: 0.55155/0.57311
Epoch: 226/300   Train loss: 0.01563   Test F-score avg/max: 0.53231/0.57311
Epoch: 227/300   Train loss: 0.01612   Test F-score avg/max: 0.53391/0.57311
Epoch: 228/300   Train loss: 0.01599   Test F-score avg/max: 0.54915/0.57311
Epoch: 229/300   Train loss: 0.01619   Test F-score avg/max: 0.54418/0.57311
Epoch: 230/300   Train loss: 0.01551   Test F-score avg/max: 0.54015/0.57311
Epoch: 231/300   Train loss: 0.01510   Test F-score avg/max: 0.54183/0.57311
Epoch: 232/300   Train loss: 0.01518   Test F-score avg/max: 0.54392/0.57311
Epoch: 233/300   Train loss: 0.01527   Test F-score avg/max: 0.54652/0.57311
Epoch: 234/300   Train loss: 0.01530   Test F-score avg/max: 0.54562/0.57311
Epoch: 235/300   Train loss: 0.01555   Test F-score avg/max: 0.54107/0.57311
Epoch: 236/300   Train loss: 0.01476   Test F-score avg/max: 0.55205/0.57311
Epoch: 237/300   Train loss: 0.01479   Test F-score avg/max: 0.5396/0.57311
Epoch: 238/300   Train loss: 0.01508   Test F-score avg/max: 0.54708/0.57311
Epoch: 239/300   Train loss: 0.01500   Test F-score avg/max: 0.55093/0.57311
Epoch: 240/300   Train loss: 0.01489   Test F-score avg/max: 0.53759/0.57311
Epoch: 241/300   Train loss: 0.01511   Test F-score avg/max: 0.53724/0.57311
Epoch: 242/300   Train loss: 0.01492   Test F-score avg/max: 0.54722/0.57311
Epoch: 243/300   Train loss: 0.01519   Test F-score avg/max: 0.54717/0.57311
Epoch: 244/300   Train loss: 0.01515   Test F-score avg/max: 0.556/0.57311
Epoch: 245/300   Train loss: 0.01488   Test F-score avg/max: 0.53892/0.57311
Epoch: 246/300   Train loss: 0.01460   Test F-score avg/max: 0.54343/0.57311
Epoch: 247/300   Train loss: 0.01466   Test F-score avg/max: 0.5448/0.57311
Epoch: 248/300   Train loss: 0.01497   Test F-score avg/max: 0.55218/0.57311
Epoch: 249/300   Train loss: 0.01502   Test F-score avg/max: 0.54864/0.57311
Epoch: 250/300   Train loss: 0.01525   Test F-score avg/max: 0.55186/0.57311
Epoch: 251/300   Train loss: 0.01533   Test F-score avg/max: 0.53083/0.57311
Epoch: 252/300   Train loss: 0.01457   Test F-score avg/max: 0.53924/0.57311
Epoch: 253/300   Train loss: 0.01490   Test F-score avg/max: 0.5518/0.57311
Epoch: 254/300   Train loss: 0.01487   Test F-score avg/max: 0.55139/0.57311
Epoch: 255/300   Train loss: 0.01490   Test F-score avg/max: 0.54429/0.57311
Epoch: 256/300   Train loss: 0.01528   Test F-score avg/max: 0.54909/0.57311
Epoch: 257/300   Train loss: 0.01463   Test F-score avg/max: 0.53604/0.57311
mv: cannot stat 'i3d_features/models_temp/tvsum_splits_0/10_*.pth.tar': No such file or directory
rm: cannot remove 'i3d_features/models_temp/tvsum_splits_0/226_3.504.pth.tar': Permission denied
Epoch: 258/300   Train loss: 0.01416   Test F-score avg/max: 0.53551/0.57311
Epoch: 259/300   Train loss: 0.01406   Test F-score avg/max: 0.54062/0.57311
Epoch: 260/300   Train loss: 0.01385   Test F-score avg/max: 0.54955/0.57311
Epoch: 261/300   Train loss: 0.01373   Test F-score avg/max: 0.53362/0.57311
Epoch: 262/300   Train loss: 0.01370   Test F-score avg/max: 0.5417/0.57311
Epoch: 263/300   Train loss: 0.01410   Test F-score avg/max: 0.54801/0.57311
Epoch: 264/300   Train loss: 0.01375   Test F-score avg/max: 0.54951/0.57311
Epoch: 265/300   Train loss: 0.01434   Test F-score avg/max: 0.53542/0.57311
Epoch: 266/300   Train loss: 0.01422   Test F-score avg/max: 0.53377/0.57311
Epoch: 267/300   Train loss: 0.01429   Test F-score avg/max: 0.55127/0.57311
Epoch: 268/300   Train loss: 0.01410   Test F-score avg/max: 0.54266/0.57311
Epoch: 269/300   Train loss: 0.01400   Test F-score avg/max: 0.54364/0.57311
Epoch: 270/300   Train loss: 0.01400   Test F-score avg/max: 0.54873/0.57311
Epoch: 271/300   Train loss: 0.01361   Test F-score avg/max: 0.55287/0.57311
Epoch: 272/300   Train loss: 0.01393   Test F-score avg/max: 0.53478/0.57311
Epoch: 273/300   Train loss: 0.01366   Test F-score avg/max: 0.55019/0.57311
Epoch: 274/300   Train loss: 0.01356   Test F-score avg/max: 0.53511/0.57311
Epoch: 275/300   Train loss: 0.01346   Test F-score avg/max: 0.5534/0.57311
Epoch: 276/300   Train loss: 0.01346   Test F-score avg/max: 0.52551/0.57311
Epoch: 277/300   Train loss: 0.01366   Test F-score avg/max: 0.55113/0.57311
Epoch: 278/300   Train loss: 0.01357   Test F-score avg/max: 0.55443/0.57311
Epoch: 279/300   Train loss: 0.01360   Test F-score avg/max: 0.52644/0.57311
Epoch: 280/300   Train loss: 0.01384   Test F-score avg/max: 0.55366/0.57311
Epoch: 281/300   Train loss: 0.01431   Test F-score avg/max: 0.55616/0.57311
Epoch: 282/300   Train loss: 0.01442   Test F-score avg/max: 0.5559/0.57311
Epoch: 283/300   Train loss: 0.01370   Test F-score avg/max: 0.53045/0.57311
Epoch: 284/300   Train loss: 0.01368   Test F-score avg/max: 0.55016/0.57311
Epoch: 285/300   Train loss: 0.01326   Test F-score avg/max: 0.55209/0.57311
Epoch: 286/300   Train loss: 0.01352   Test F-score avg/max: 0.54988/0.57311
Epoch: 287/300   Train loss: 0.01374   Test F-score avg/max: 0.5293/0.57311
Epoch: 288/300   Train loss: 0.01369   Test F-score avg/max: 0.55737/0.57311
Epoch: 289/300   Train loss: 0.01355   Test F-score avg/max: 0.54957/0.57311
Epoch: 290/300   Train loss: 0.01371   Test F-score avg/max: 0.55246/0.57311
Epoch: 291/300   Train loss: 0.01396   Test F-score avg/max: 0.54873/0.57311
Epoch: 292/300   Train loss: 0.01381   Test F-score avg/max: 0.54778/0.57311
Epoch: 293/300   Train loss: 0.01337   Test F-score avg/max: 0.54892/0.57311
Epoch: 294/300   Train loss: 0.01308   Test F-score avg/max: 0.54761/0.57311
Epoch: 295/300   Train loss: 0.01297   Test F-score avg/max: 0.53446/0.57311
Epoch: 296/300   Train loss: 0.01311   Test F-score avg/max: 0.54013/0.57311
Epoch: 297/300   Train loss: 0.01297   Test F-score avg/max: 0.53693/0.57311
Epoch: 298/300   Train loss: 0.01293   Test F-score avg/max: 0.54894/0.57311
Epoch: 299/300   Train loss: 0.01291   Test F-score avg/max: 0.53622/0.57311
Split: splits/tvsum_splits.json   Best F-score: 0.57311   Model: i3d_features/models/tvsum_splits_0_0.5731093616697606.tar.pth
Setting CUDA device:  0
['../SUM-GAN-AAE/data/TVSum/tvsum_i3d_mixed5c_aligned.h5']
../SUM-GAN-AAE/data/TVSum/tvsum_i3d_mixed5c_aligned.h5
Loading: ../SUM-GAN-AAE/data/TVSum/tvsum_i3d_mixed5c_aligned.h5
Loading splits from:  splits/tvsum_splits.json
Selecting split:  1
tvsum
../SUM-GAN-AAE/data/SumMe/summe_i3d_mixed5c_aligned.h5
../SUM-GAN-AAE/data/TVSum/tvsum_i3d_mixed5c_aligned.h5
Initializing VASNet model and optimizer...
Starting training...
Epoch: 0/300    Train loss: 0.13303   Test F-score avg/max: 0.46892/0.46892
Epoch: 1/300    Train loss: 0.11123   Test F-score avg/max: 0.46085/0.46892
Epoch: 2/300    Train loss: 0.09640   Test F-score avg/max: 0.52929/0.52929
Epoch: 3/300    Train loss: 0.08511   Test F-score avg/max: 0.51964/0.52929
Epoch: 4/300    Train loss: 0.07250   Test F-score avg/max: 0.52675/0.52929
Epoch: 5/300    Train loss: 0.06570   Test F-score avg/max: 0.5391/0.5391
Epoch: 6/300    Train loss: 0.06162   Test F-score avg/max: 0.54033/0.54033
Epoch: 7/300    Train loss: 0.05707   Test F-score avg/max: 0.53706/0.54033
Epoch: 8/300    Train loss: 0.05504   Test F-score avg/max: 0.5332/0.54033
Epoch: 9/300    Train loss: 0.05280   Test F-score avg/max: 0.51752/0.54033
Epoch: 10/300   Train loss: 0.05124   Test F-score avg/max: 0.51304/0.54033
Epoch: 11/300   Train loss: 0.04914   Test F-score avg/max: 0.51219/0.54033
Epoch: 12/300   Train loss: 0.04743   Test F-score avg/max: 0.51249/0.54033
Epoch: 13/300   Train loss: 0.04668   Test F-score avg/max: 0.51159/0.54033
Epoch: 14/300   Train loss: 0.04419   Test F-score avg/max: 0.51305/0.54033
Epoch: 15/300   Train loss: 0.04376   Test F-score avg/max: 0.52258/0.54033
Epoch: 16/300   Train loss: 0.04216   Test F-score avg/max: 0.52631/0.54033
Epoch: 17/300   Train loss: 0.04177   Test F-score avg/max: 0.52565/0.54033
Epoch: 18/300   Train loss: 0.04117   Test F-score avg/max: 0.52221/0.54033
Epoch: 19/300   Train loss: 0.04017   Test F-score avg/max: 0.52546/0.54033
Epoch: 20/300   Train loss: 0.03920   Test F-score avg/max: 0.52174/0.54033
Epoch: 21/300   Train loss: 0.03859   Test F-score avg/max: 0.53689/0.54033
Epoch: 22/300   Train loss: 0.03937   Test F-score avg/max: 0.51908/0.54033
Epoch: 23/300   Train loss: 0.03809   Test F-score avg/max: 0.52154/0.54033
Epoch: 24/300   Train loss: 0.03747   Test F-score avg/max: 0.5333/0.54033
Epoch: 25/300   Train loss: 0.03657   Test F-score avg/max: 0.53397/0.54033
Epoch: 26/300   Train loss: 0.03655   Test F-score avg/max: 0.54746/0.54746
Epoch: 27/300   Train loss: 0.03607   Test F-score avg/max: 0.53868/0.54746
Epoch: 28/300   Train loss: 0.03561   Test F-score avg/max: 0.51854/0.54746
Epoch: 29/300   Train loss: 0.03503   Test F-score avg/max: 0.52832/0.54746
Epoch: 30/300   Train loss: 0.03492   Test F-score avg/max: 0.52815/0.54746
Epoch: 31/300   Train loss: 0.03464   Test F-score avg/max: 0.53349/0.54746
Epoch: 32/300   Train loss: 0.03374   Test F-score avg/max: 0.54675/0.54746
Epoch: 33/300   Train loss: 0.03357   Test F-score avg/max: 0.54369/0.54746
Epoch: 34/300   Train loss: 0.03334   Test F-score avg/max: 0.54901/0.54901
Epoch: 35/300   Train loss: 0.03311   Test F-score avg/max: 0.54937/0.54937
Epoch: 36/300   Train loss: 0.03303   Test F-score avg/max: 0.54789/0.54937
Epoch: 37/300   Train loss: 0.03198   Test F-score avg/max: 0.52536/0.54937
Epoch: 38/300   Train loss: 0.03177   Test F-score avg/max: 0.54264/0.54937
Epoch: 39/300   Train loss: 0.03172   Test F-score avg/max: 0.54377/0.54937
Epoch: 40/300   Train loss: 0.03139   Test F-score avg/max: 0.5474/0.54937
Epoch: 41/300   Train loss: 0.03121   Test F-score avg/max: 0.53567/0.54937
Epoch: 42/300   Train loss: 0.03152   Test F-score avg/max: 0.5463/0.54937
Epoch: 43/300   Train loss: 0.03154   Test F-score avg/max: 0.55471/0.55471
Epoch: 44/300   Train loss: 0.03088   Test F-score avg/max: 0.54755/0.55471
Epoch: 45/300   Train loss: 0.03054   Test F-score avg/max: 0.5405/0.55471
Epoch: 46/300   Train loss: 0.03048   Test F-score avg/max: 0.55121/0.55471
Epoch: 47/300   Train loss: 0.03002   Test F-score avg/max: 0.53788/0.55471
Epoch: 48/300   Train loss: 0.03013   Test F-score avg/max: 0.53985/0.55471
Epoch: 49/300   Train loss: 0.02988   Test F-score avg/max: 0.55374/0.55471
Epoch: 50/300   Train loss: 0.02970   Test F-score avg/max: 0.54826/0.55471
Epoch: 51/300   Train loss: 0.02953   Test F-score avg/max: 0.55696/0.55696
Epoch: 52/300   Train loss: 0.02910   Test F-score avg/max: 0.54639/0.55696
Epoch: 53/300   Train loss: 0.02971   Test F-score avg/max: 0.5521/0.55696
Epoch: 54/300   Train loss: 0.03026   Test F-score avg/max: 0.55459/0.55696
Epoch: 55/300   Train loss: 0.02939   Test F-score avg/max: 0.54906/0.55696
Epoch: 56/300   Train loss: 0.02858   Test F-score avg/max: 0.55419/0.55696
Epoch: 57/300   Train loss: 0.02901   Test F-score avg/max: 0.54514/0.55696
