Packages & system versions:
----------------------------------------------------------------------
display :  	NVRM version: NVIDIA UNIX x86_64 Kernel Module  450.36.06  Mon Jun  1 23:19:54 UTC 2020
	GCC version:  gcc version 4.8.5 20150623 (Red Hat 4.8.5-39) (GCC)
cuda :  NA
cudnn :  7605
platform :  Linux-3.10.0-1127.8.2.el7.x86_64-x86_64-with-glibc2.10
python :  (3, 8, 2)
torch :  1.5.0
numpy :  1.18.1
h5py :  2.10.0
json :  2.0.9
ortools :  7.6.7691
torchvision :  0.6.0a0+82fd1c8

root
datasets
splits
train
verbose
output_dir
l2_req
lr_epochs
lr
Parameters:
----------------------------------------------------------------------
[0] cuda_device: 0
[1] datasets: ['../SUM-GAN-AAE/data/SumMe/summe_i3d_mixed5c_aligned.h5', '../SUM-GAN-AAE/data/TVSum/tvsum_i3d_mixed5c_aligned.h5']
[2] epochs_max: 300
[3] l2_req: 0.0001
[4] lr: [5e-05]
[5] lr_epochs: [0]
[6] max_summary_length: 0.15
[7] output_dir: i3d_features_lr5e-05_l2req0.0001
[8] root: 
[9] splits: ['splits/tvsum_splits.json', 'splits/summe_splits.json', 'splits/tvsum_aug_splits.json', 'splits/summe_aug_splits.json']
[10] train: True
[11] train_batch_size: 1
[12] use_cuda: True
[13] verbose: False

tvsum  [{'test_keys': ['video_10', 'video_20', 'video_23', 'video_29', 'video_3', 'video_32', 'video_33', 'video_35', 'video_37', 'video_41'], 'train_keys': ['video_1', 'video_11', 'video_12', 'video_13', 'video_14', 'video_15', 'video_16', 'video_17', 'video_18', 'video_19', 'video_2', 'video_21', 'video_22', 'video_24', 'video_25', 'video_26', 'video_27', 'video_28', 'video_30', 'video_31', 'video_34', 'video_36', 'video_38', 'video_39', 'video_4', 'video_40', 'video_42', 'video_43', 'video_44', 'video_45', 'video_46', 'video_47', 'video_48', 'video_49', 'video_5', 'video_50', 'video_6', 'video_7', 'video_8', 'video_9']}, {'test_keys': ['video_14', 'video_29', 'video_35', 'video_36', 'video_38', 'video_41', 'video_45', 'video_46', 'video_5', 'video_6'], 'train_keys': ['video_1', 'video_10', 'video_11', 'video_12', 'video_13', 'video_15', 'video_16', 'video_17', 'video_18', 'video_19', 'video_2', 'video_20', 'video_21', 'video_22', 'video_23', 'video_24', 'video_25', 'video_26', 'video_27', 'video_28', 'video_3', 'video_30', 'video_31', 'video_32', 'video_33', 'video_34', 'video_37', 'video_39', 'video_4', 'video_40', 'video_42', 'video_43', 'video_44', 'video_47', 'video_48', 'video_49', 'video_50', 'video_7', 'video_8', 'video_9']}, {'test_keys': ['video_11', 'video_12', 'video_13', 'video_14', 'video_19', 'video_20', 'video_25', 'video_27', 'video_35', 'video_48'], 'train_keys': ['video_1', 'video_10', 'video_15', 'video_16', 'video_17', 'video_18', 'video_2', 'video_21', 'video_22', 'video_23', 'video_24', 'video_26', 'video_28', 'video_29', 'video_3', 'video_30', 'video_31', 'video_32', 'video_33', 'video_34', 'video_36', 'video_37', 'video_38', 'video_39', 'video_4', 'video_40', 'video_41', 'video_42', 'video_43', 'video_44', 'video_45', 'video_46', 'video_47', 'video_49', 'video_5', 'video_50', 'video_6', 'video_7', 'video_8', 'video_9']}, {'test_keys': ['video_25', 'video_31', 'video_33', 'video_35', 'video_39', 'video_4', 'video_45', 'video_49', 'video_5', 'video_7'], 'train_keys': ['video_1', 'video_10', 'video_11', 'video_12', 'video_13', 'video_14', 'video_15', 'video_16', 'video_17', 'video_18', 'video_19', 'video_2', 'video_20', 'video_21', 'video_22', 'video_23', 'video_24', 'video_26', 'video_27', 'video_28', 'video_29', 'video_3', 'video_30', 'video_32', 'video_34', 'video_36', 'video_37', 'video_38', 'video_40', 'video_41', 'video_42', 'video_43', 'video_44', 'video_46', 'video_47', 'video_48', 'video_50', 'video_6', 'video_8', 'video_9']}, {'test_keys': ['video_10', 'video_14', 'video_17', 'video_2', 'video_29', 'video_31', 'video_38', 'video_48', 'video_49', 'video_5'], 'train_keys': ['video_1', 'video_11', 'video_12', 'video_13', 'video_15', 'video_16', 'video_18', 'video_19', 'video_20', 'video_21', 'video_22', 'video_23', 'video_24', 'video_25', 'video_26', 'video_27', 'video_28', 'video_3', 'video_30', 'video_32', 'video_33', 'video_34', 'video_35', 'video_36', 'video_37', 'video_39', 'video_4', 'video_40', 'video_41', 'video_42', 'video_43', 'video_44', 'video_45', 'video_46', 'video_47', 'video_50', 'video_6', 'video_7', 'video_8', 'video_9']}]
tvsum
../SUM-GAN-AAE/data/SumMe/summe_i3d_mixed5c_aligned.h5
../SUM-GAN-AAE/data/TVSum/tvsum_i3d_mixed5c_aligned.h5
Setting CUDA device:  0
['../SUM-GAN-AAE/data/TVSum/tvsum_i3d_mixed5c_aligned.h5']
../SUM-GAN-AAE/data/TVSum/tvsum_i3d_mixed5c_aligned.h5
Loading: ../SUM-GAN-AAE/data/TVSum/tvsum_i3d_mixed5c_aligned.h5
Loading splits from:  splits/tvsum_splits.json
Selecting split:  0
tvsum
../SUM-GAN-AAE/data/SumMe/summe_i3d_mixed5c_aligned.h5
../SUM-GAN-AAE/data/TVSum/tvsum_i3d_mixed5c_aligned.h5
Initializing VASNet model and optimizer...
Starting training...
Epoch: 0/300    Train loss: 0.13247   Test F-score avg/max: 0.4728/0.4728
Epoch: 1/300    Train loss: 0.11243   Test F-score avg/max: 0.49361/0.49361
Epoch: 2/300    Train loss: 0.09367   Test F-score avg/max: 0.50834/0.50834
Epoch: 3/300    Train loss: 0.08104   Test F-score avg/max: 0.55019/0.55019
Epoch: 4/300    Train loss: 0.07344   Test F-score avg/max: 0.57164/0.57164
Epoch: 5/300    Train loss: 0.06479   Test F-score avg/max: 0.5608/0.57164
Epoch: 6/300    Train loss: 0.05979   Test F-score avg/max: 0.5641/0.57164
Epoch: 7/300    Train loss: 0.05621   Test F-score avg/max: 0.539/0.57164
Epoch: 8/300    Train loss: 0.05424   Test F-score avg/max: 0.56363/0.57164
Epoch: 9/300    Train loss: 0.05159   Test F-score avg/max: 0.54827/0.57164
Epoch: 10/300   Train loss: 0.04996   Test F-score avg/max: 0.57859/0.57859
Epoch: 11/300   Train loss: 0.04826   Test F-score avg/max: 0.5575/0.57859
Epoch: 12/300   Train loss: 0.04719   Test F-score avg/max: 0.55562/0.57859
Epoch: 13/300   Train loss: 0.04616   Test F-score avg/max: 0.55246/0.57859
Epoch: 14/300   Train loss: 0.04545   Test F-score avg/max: 0.55612/0.57859
Epoch: 15/300   Train loss: 0.04384   Test F-score avg/max: 0.55155/0.57859
Epoch: 16/300   Train loss: 0.04322   Test F-score avg/max: 0.55015/0.57859
Epoch: 17/300   Train loss: 0.04221   Test F-score avg/max: 0.5542/0.57859
Epoch: 18/300   Train loss: 0.04023   Test F-score avg/max: 0.55675/0.57859
Epoch: 19/300   Train loss: 0.04010   Test F-score avg/max: 0.55059/0.57859
Epoch: 20/300   Train loss: 0.03967   Test F-score avg/max: 0.5509/0.57859
Epoch: 21/300   Train loss: 0.03881   Test F-score avg/max: 0.55325/0.57859
Epoch: 22/300   Train loss: 0.03809   Test F-score avg/max: 0.55103/0.57859
Epoch: 23/300   Train loss: 0.03718   Test F-score avg/max: 0.54763/0.57859
Epoch: 24/300   Train loss: 0.03708   Test F-score avg/max: 0.55584/0.57859
Epoch: 25/300   Train loss: 0.03633   Test F-score avg/max: 0.54633/0.57859
Epoch: 26/300   Train loss: 0.03654   Test F-score avg/max: 0.54893/0.57859
Epoch: 27/300   Train loss: 0.03547   Test F-score avg/max: 0.54832/0.57859
Epoch: 28/300   Train loss: 0.03495   Test F-score avg/max: 0.53422/0.57859
Epoch: 29/300   Train loss: 0.03519   Test F-score avg/max: 0.55001/0.57859
Epoch: 30/300   Train loss: 0.03458   Test F-score avg/max: 0.55031/0.57859
Epoch: 31/300   Train loss: 0.03407   Test F-score avg/max: 0.54813/0.57859
Epoch: 32/300   Train loss: 0.03426   Test F-score avg/max: 0.55339/0.57859
Epoch: 33/300   Train loss: 0.03328   Test F-score avg/max: 0.55563/0.57859
Epoch: 34/300   Train loss: 0.03280   Test F-score avg/max: 0.5598/0.57859
Epoch: 35/300   Train loss: 0.03253   Test F-score avg/max: 0.54981/0.57859
Epoch: 36/300   Train loss: 0.03183   Test F-score avg/max: 0.54444/0.57859
Epoch: 37/300   Train loss: 0.03189   Test F-score avg/max: 0.54701/0.57859
Epoch: 38/300   Train loss: 0.03157   Test F-score avg/max: 0.54969/0.57859
Epoch: 39/300   Train loss: 0.03103   Test F-score avg/max: 0.54098/0.57859
Epoch: 40/300   Train loss: 0.03118   Test F-score avg/max: 0.5631/0.57859
Epoch: 41/300   Train loss: 0.03116   Test F-score avg/max: 0.54329/0.57859
Epoch: 42/300   Train loss: 0.03139   Test F-score avg/max: 0.5615/0.57859
Epoch: 43/300   Train loss: 0.03134   Test F-score avg/max: 0.56273/0.57859
