Packages & system versions:
----------------------------------------------------------------------
display :  	NVRM version: NVIDIA UNIX x86_64 Kernel Module  450.36.06  Mon Jun  1 23:19:54 UTC 2020
	GCC version:  gcc version 4.8.5 20150623 (Red Hat 4.8.5-39) (GCC)
cuda :  NA
cudnn :  7605
platform :  Linux-3.10.0-1127.8.2.el7.x86_64-x86_64-with-glibc2.10
python :  (3, 8, 2)
torch :  1.5.0
numpy :  1.18.1
h5py :  2.10.0
json :  2.0.9
ortools :  7.6.7691
torchvision :  0.6.0a0+82fd1c8

root
datasets
splits
train
verbose
output_dir
l2_req
lr_epochs
lr
Parameters:
----------------------------------------------------------------------
[0] cuda_device: 0
[1] datasets: ['../SUM-GAN-AAE/data/SumMe/summe_i3d_mixed5c_aligned.h5', '../SUM-GAN-AAE/data/TVSum/tvsum_i3d_mixed5c_aligned.h5']
[2] epochs_max: 300
[3] l2_req: 0.0001
[4] lr: [0.0005]
[5] lr_epochs: [0]
[6] max_summary_length: 0.15
[7] output_dir: i3d_features
[8] root: 
[9] splits: ['splits/tvsum_splits.json', 'splits/summe_splits.json', 'splits/tvsum_aug_splits.json', 'splits/summe_aug_splits.json']
[10] train: True
[11] train_batch_size: 1
[12] use_cuda: True
[13] verbose: False

tvsum  [{'test_keys': ['video_10', 'video_20', 'video_23', 'video_29', 'video_3', 'video_32', 'video_33', 'video_35', 'video_37', 'video_41'], 'train_keys': ['video_1', 'video_11', 'video_12', 'video_13', 'video_14', 'video_15', 'video_16', 'video_17', 'video_18', 'video_19', 'video_2', 'video_21', 'video_22', 'video_24', 'video_25', 'video_26', 'video_27', 'video_28', 'video_30', 'video_31', 'video_34', 'video_36', 'video_38', 'video_39', 'video_4', 'video_40', 'video_42', 'video_43', 'video_44', 'video_45', 'video_46', 'video_47', 'video_48', 'video_49', 'video_5', 'video_50', 'video_6', 'video_7', 'video_8', 'video_9']}, {'test_keys': ['video_14', 'video_29', 'video_35', 'video_36', 'video_38', 'video_41', 'video_45', 'video_46', 'video_5', 'video_6'], 'train_keys': ['video_1', 'video_10', 'video_11', 'video_12', 'video_13', 'video_15', 'video_16', 'video_17', 'video_18', 'video_19', 'video_2', 'video_20', 'video_21', 'video_22', 'video_23', 'video_24', 'video_25', 'video_26', 'video_27', 'video_28', 'video_3', 'video_30', 'video_31', 'video_32', 'video_33', 'video_34', 'video_37', 'video_39', 'video_4', 'video_40', 'video_42', 'video_43', 'video_44', 'video_47', 'video_48', 'video_49', 'video_50', 'video_7', 'video_8', 'video_9']}, {'test_keys': ['video_11', 'video_12', 'video_13', 'video_14', 'video_19', 'video_20', 'video_25', 'video_27', 'video_35', 'video_48'], 'train_keys': ['video_1', 'video_10', 'video_15', 'video_16', 'video_17', 'video_18', 'video_2', 'video_21', 'video_22', 'video_23', 'video_24', 'video_26', 'video_28', 'video_29', 'video_3', 'video_30', 'video_31', 'video_32', 'video_33', 'video_34', 'video_36', 'video_37', 'video_38', 'video_39', 'video_4', 'video_40', 'video_41', 'video_42', 'video_43', 'video_44', 'video_45', 'video_46', 'video_47', 'video_49', 'video_5', 'video_50', 'video_6', 'video_7', 'video_8', 'video_9']}, {'test_keys': ['video_25', 'video_31', 'video_33', 'video_35', 'video_39', 'video_4', 'video_45', 'video_49', 'video_5', 'video_7'], 'train_keys': ['video_1', 'video_10', 'video_11', 'video_12', 'video_13', 'video_14', 'video_15', 'video_16', 'video_17', 'video_18', 'video_19', 'video_2', 'video_20', 'video_21', 'video_22', 'video_23', 'video_24', 'video_26', 'video_27', 'video_28', 'video_29', 'video_3', 'video_30', 'video_32', 'video_34', 'video_36', 'video_37', 'video_38', 'video_40', 'video_41', 'video_42', 'video_43', 'video_44', 'video_46', 'video_47', 'video_48', 'video_50', 'video_6', 'video_8', 'video_9']}, {'test_keys': ['video_10', 'video_14', 'video_17', 'video_2', 'video_29', 'video_31', 'video_38', 'video_48', 'video_49', 'video_5'], 'train_keys': ['video_1', 'video_11', 'video_12', 'video_13', 'video_15', 'video_16', 'video_18', 'video_19', 'video_20', 'video_21', 'video_22', 'video_23', 'video_24', 'video_25', 'video_26', 'video_27', 'video_28', 'video_3', 'video_30', 'video_32', 'video_33', 'video_34', 'video_35', 'video_36', 'video_37', 'video_39', 'video_4', 'video_40', 'video_41', 'video_42', 'video_43', 'video_44', 'video_45', 'video_46', 'video_47', 'video_50', 'video_6', 'video_7', 'video_8', 'video_9']}]
tvsum
../SUM-GAN-AAE/data/SumMe/summe_i3d_mixed5c_aligned.h5
../SUM-GAN-AAE/data/TVSum/tvsum_i3d_mixed5c_aligned.h5
Setting CUDA device:  0
['../SUM-GAN-AAE/data/TVSum/tvsum_i3d_mixed5c_aligned.h5']
../SUM-GAN-AAE/data/TVSum/tvsum_i3d_mixed5c_aligned.h5
Loading: ../SUM-GAN-AAE/data/TVSum/tvsum_i3d_mixed5c_aligned.h5
Loading splits from:  splits/tvsum_splits.json
Selecting split:  0
tvsum
../SUM-GAN-AAE/data/SumMe/summe_i3d_mixed5c_aligned.h5
../SUM-GAN-AAE/data/TVSum/tvsum_i3d_mixed5c_aligned.h5
Initializing VASNet model and optimizer...
Starting training...
Epoch: 0/300    Train loss: 0.18267   Test F-score avg/max: 0.035038/0.035038
Epoch: 1/300    Train loss: 0.18277   Test F-score avg/max: 0.035038/0.035038
Epoch: 2/300    Train loss: 0.18277   Test F-score avg/max: 0.035038/0.035038
Epoch: 3/300    Train loss: 0.18277   Test F-score avg/max: 0.035038/0.035038
Epoch: 4/300    Train loss: 0.18277   Test F-score avg/max: 0.035038/0.035038
Epoch: 5/300    Train loss: 0.18277   Test F-score avg/max: 0.035038/0.035038
Epoch: 6/300    Train loss: 0.18277   Test F-score avg/max: 0.035038/0.035038
Epoch: 7/300    Train loss: 0.18277   Test F-score avg/max: 0.035038/0.035038
Epoch: 8/300    Train loss: 0.18277   Test F-score avg/max: 0.035038/0.035038
Epoch: 9/300    Train loss: 0.18277   Test F-score avg/max: 0.035038/0.035038
Epoch: 10/300   Train loss: 0.18277   Test F-score avg/max: 0.035038/0.035038
Epoch: 11/300   Train loss: 0.18277   Test F-score avg/max: 0.035038/0.035038
Epoch: 12/300   Train loss: 0.44277   Test F-score avg/max: 0.54869/0.54869
Epoch: 13/300   Train loss: 0.47633   Test F-score avg/max: 0.54869/0.54869
Epoch: 14/300   Train loss: 0.47633   Test F-score avg/max: 0.54869/0.54869
Epoch: 15/300   Train loss: 0.47633   Test F-score avg/max: 0.54869/0.54869
Epoch: 16/300   Train loss: 0.47633   Test F-score avg/max: 0.54869/0.54869
Epoch: 17/300   Train loss: 0.41070   Test F-score avg/max: 0.58271/0.58271
Epoch: 18/300   Train loss: 0.07412   Test F-score avg/max: 0.57584/0.58271
Epoch: 19/300   Train loss: 0.06083   Test F-score avg/max: 0.56671/0.58271
Epoch: 20/300   Train loss: 0.05947   Test F-score avg/max: 0.59314/0.59314
Epoch: 21/300   Train loss: 0.05856   Test F-score avg/max: 0.5952/0.5952
Epoch: 22/300   Train loss: 0.05934   Test F-score avg/max: 0.59679/0.59679
Epoch: 23/300   Train loss: 0.05763   Test F-score avg/max: 0.59265/0.59679
Epoch: 24/300   Train loss: 0.05784   Test F-score avg/max: 0.59838/0.59838
Epoch: 25/300   Train loss: 0.05720   Test F-score avg/max: 0.59458/0.59838
Epoch: 26/300   Train loss: 0.05550   Test F-score avg/max: 0.59926/0.59926
Epoch: 27/300   Train loss: 0.06187   Test F-score avg/max: 0.58601/0.59926
Epoch: 28/300   Train loss: 0.05927   Test F-score avg/max: 0.59038/0.59926
Epoch: 29/300   Train loss: 0.05829   Test F-score avg/max: 0.5932/0.59926
Epoch: 30/300   Train loss: 0.06445   Test F-score avg/max: 0.57789/0.59926
Epoch: 31/300   Train loss: 0.05844   Test F-score avg/max: 0.56831/0.59926
Epoch: 32/300   Train loss: 0.05823   Test F-score avg/max: 0.58268/0.59926
Epoch: 33/300   Train loss: 0.05818   Test F-score avg/max: 0.58355/0.59926
Epoch: 34/300   Train loss: 0.05858   Test F-score avg/max: 0.59322/0.59926
Epoch: 35/300   Train loss: 0.05798   Test F-score avg/max: 0.58499/0.59926
Epoch: 36/300   Train loss: 0.05911   Test F-score avg/max: 0.58271/0.59926
Epoch: 37/300   Train loss: 0.05842   Test F-score avg/max: 0.5856/0.59926
Epoch: 38/300   Train loss: 0.05838   Test F-score avg/max: 0.585/0.59926
Epoch: 39/300   Train loss: 0.05818   Test F-score avg/max: 0.58721/0.59926
Epoch: 40/300   Train loss: 0.05863   Test F-score avg/max: 0.58395/0.59926
Epoch: 41/300   Train loss: 0.05898   Test F-score avg/max: 0.59141/0.59926
Epoch: 42/300   Train loss: 0.05880   Test F-score avg/max: 0.58429/0.59926
WARNING:root:NaN or Inf found in input tensor.
WARNING:root:NaN or Inf found in input tensor.
WARNING:root:NaN or Inf found in input tensor.
WARNING:root:NaN or Inf found in input tensor.
WARNING:root:NaN or Inf found in input tensor.
WARNING:root:NaN or Inf found in input tensor.
WARNING:root:NaN or Inf found in input tensor.
WARNING:root:NaN or Inf found in input tensor.
WARNING:root:NaN or Inf found in input tensor.
WARNING:root:NaN or Inf found in input tensor.
WARNING:root:NaN or Inf found in input tensor.
WARNING:root:NaN or Inf found in input tensor.
WARNING:root:NaN or Inf found in input tensor.
WARNING:root:NaN or Inf found in input tensor.
WARNING:root:NaN or Inf found in input tensor.
WARNING:root:NaN or Inf found in input tensor.
WARNING:root:NaN or Inf found in input tensor.
WARNING:root:NaN or Inf found in input tensor.
WARNING:root:NaN or Inf found in input tensor.
WARNING:root:NaN or Inf found in input tensor.
WARNING:root:NaN or Inf found in input tensor.
WARNING:root:NaN or Inf found in input tensor.
WARNING:root:NaN or Inf found in input tensor.
WARNING:root:NaN or Inf found in input tensor.
WARNING:root:NaN or Inf found in input tensor.
WARNING:root:NaN or Inf found in input tensor.
WARNING:root:NaN or Inf found in input tensor.
WARNING:root:NaN or Inf found in input tensor.
WARNING:root:NaN or Inf found in input tensor.
WARNING:root:NaN or Inf found in input tensor.
WARNING:root:NaN or Inf found in input tensor.
WARNING:root:NaN or Inf found in input tensor.
WARNING:root:NaN or Inf found in input tensor.
WARNING:root:NaN or Inf found in input tensor.
WARNING:root:NaN or Inf found in input tensor.
WARNING:root:NaN or Inf found in input tensor.
WARNING:root:NaN or Inf found in input tensor.
WARNING:root:NaN or Inf found in input tensor.
WARNING:root:NaN or Inf found in input tensor.
Epoch: 43/300   Train loss: 0.05852   Test F-score avg/max: 0.60214/0.60214
Epoch: 44/300   Train loss: 0.05876   Test F-score avg/max: 0.59536/0.60214
Epoch: 45/300   Train loss: 0.05858   Test F-score avg/max: 0.59301/0.60214
Epoch: 46/300   Train loss: 0.05781   Test F-score avg/max: 0.59663/0.60214
Epoch: 47/300   Train loss: 0.05749   Test F-score avg/max: 0.60491/0.60491
Epoch: 48/300   Train loss: 0.05809   Test F-score avg/max: 0.6073/0.6073
Epoch: 49/300   Train loss: 0.05786   Test F-score avg/max: 0.61092/0.61092
Epoch: 50/300   Train loss: 0.05734   Test F-score avg/max: 0.60683/0.61092
Epoch: 51/300   Train loss: 0.05863   Test F-score avg/max: 0.59355/0.61092
Epoch: 52/300   Train loss: 0.05785   Test F-score avg/max: 0.59754/0.61092
Epoch: 53/300   Train loss: 0.05750   Test F-score avg/max: 0.59466/0.61092
Epoch: 54/300   Train loss: 0.05733   Test F-score avg/max: 0.60561/0.61092
Epoch: 55/300   Train loss: 0.05758   Test F-score avg/max: 0.59988/0.61092
Epoch: 56/300   Train loss: 0.05755   Test F-score avg/max: 0.60782/0.61092
Epoch: 57/300   Train loss: 0.05780   Test F-score avg/max: 0.60849/0.61092
Epoch: 58/300   Train loss: 0.05609   Test F-score avg/max: 0.59762/0.61092
Epoch: 59/300   Train loss: 0.05589   Test F-score avg/max: 0.58832/0.61092
Epoch: 60/300   Train loss: 0.05141   Test F-score avg/max: 0.58867/0.61092
Epoch: 61/300   Train loss: 0.05552   Test F-score avg/max: 0.57963/0.61092
Epoch: 62/300   Train loss: 0.04889   Test F-score avg/max: 0.58243/0.61092
Epoch: 63/300   Train loss: 0.04784   Test F-score avg/max: 0.58561/0.61092
Epoch: 64/300   Train loss: 0.04444   Test F-score avg/max: 0.58046/0.61092
Epoch: 65/300   Train loss: 0.04331   Test F-score avg/max: 0.57682/0.61092
Epoch: 66/300   Train loss: 0.04249   Test F-score avg/max: 0.58172/0.61092
Epoch: 67/300   Train loss: 0.03981   Test F-score avg/max: 0.59097/0.61092
Epoch: 68/300   Train loss: 0.03902   Test F-score avg/max: 0.57407/0.61092
Epoch: 69/300   Train loss: 0.03817   Test F-score avg/max: 0.55604/0.61092
Epoch: 70/300   Train loss: 0.03737   Test F-score avg/max: 0.55847/0.61092
Epoch: 71/300   Train loss: 0.03522   Test F-score avg/max: 0.56305/0.61092
Epoch: 72/300   Train loss: 0.03400   Test F-score avg/max: 0.54744/0.61092
Epoch: 73/300   Train loss: 0.03407   Test F-score avg/max: 0.55837/0.61092
Epoch: 74/300   Train loss: 0.03343   Test F-score avg/max: 0.54452/0.61092
Epoch: 75/300   Train loss: 0.03145   Test F-score avg/max: 0.54572/0.61092
Epoch: 76/300   Train loss: 0.02965   Test F-score avg/max: 0.56207/0.61092
Epoch: 77/300   Train loss: 0.02919   Test F-score avg/max: 0.55639/0.61092
Epoch: 78/300   Train loss: 0.02833   Test F-score avg/max: 0.52858/0.61092
Epoch: 79/300   Train loss: 0.02793   Test F-score avg/max: 0.545/0.61092
Epoch: 80/300   Train loss: 0.02763   Test F-score avg/max: 0.53056/0.61092
Epoch: 81/300   Train loss: 0.02858   Test F-score avg/max: 0.53724/0.61092
Epoch: 82/300   Train loss: 0.02812   Test F-score avg/max: 0.54012/0.61092
Epoch: 83/300   Train loss: 0.02758   Test F-score avg/max: 0.55689/0.61092
Epoch: 84/300   Train loss: 0.02580   Test F-score avg/max: 0.55476/0.61092
Epoch: 85/300   Train loss: 0.02509   Test F-score avg/max: 0.55362/0.61092
Epoch: 86/300   Train loss: 0.02405   Test F-score avg/max: 0.53363/0.61092
Epoch: 87/300   Train loss: 0.02375   Test F-score avg/max: 0.52581/0.61092
Epoch: 88/300   Train loss: 0.02270   Test F-score avg/max: 0.53897/0.61092
Epoch: 89/300   Train loss: 0.02433   Test F-score avg/max: 0.5577/0.61092
Epoch: 90/300   Train loss: 0.02411   Test F-score avg/max: 0.54812/0.61092
Epoch: 91/300   Train loss: 0.02370   Test F-score avg/max: 0.54576/0.61092
Epoch: 92/300   Train loss: 0.02277   Test F-score avg/max: 0.53745/0.61092
Epoch: 93/300   Train loss: 0.02262   Test F-score avg/max: 0.54832/0.61092
Epoch: 94/300   Train loss: 0.02233   Test F-score avg/max: 0.52963/0.61092
Epoch: 95/300   Train loss: 0.02183   Test F-score avg/max: 0.5398/0.61092
Epoch: 96/300   Train loss: 0.02137   Test F-score avg/max: 0.50452/0.61092
Epoch: 97/300   Train loss: 0.02192   Test F-score avg/max: 0.52494/0.61092
Epoch: 98/300   Train loss: 0.02046   Test F-score avg/max: 0.52924/0.61092
Epoch: 99/300   Train loss: 0.01988   Test F-score avg/max: 0.54123/0.61092
Epoch: 100/300   Train loss: 0.02086   Test F-score avg/max: 0.51255/0.61092
Epoch: 101/300   Train loss: 0.02055   Test F-score avg/max: 0.54571/0.61092
Epoch: 102/300   Train loss: 0.02012   Test F-score avg/max: 0.53111/0.61092
Epoch: 103/300   Train loss: 0.02059   Test F-score avg/max: 0.54641/0.61092
Epoch: 104/300   Train loss: 0.02021   Test F-score avg/max: 0.53558/0.61092
Epoch: 105/300   Train loss: 0.02004   Test F-score avg/max: 0.53342/0.61092
Epoch: 106/300   Train loss: 0.01956   Test F-score avg/max: 0.52993/0.61092
Epoch: 107/300   Train loss: 0.02075   Test F-score avg/max: 0.55516/0.61092
Epoch: 108/300   Train loss: 0.01996   Test F-score avg/max: 0.54545/0.61092
Epoch: 109/300   Train loss: 0.02055   Test F-score avg/max: 0.53812/0.61092
Epoch: 110/300   Train loss: 0.01938   Test F-score avg/max: 0.54144/0.61092
Epoch: 111/300   Train loss: 0.01961   Test F-score avg/max: 0.54248/0.61092
Epoch: 112/300   Train loss: 0.01941   Test F-score avg/max: 0.52605/0.61092
Epoch: 113/300   Train loss: nan   Test F-score avg/max: 0.035038/0.61092
Epoch: 114/300   Train loss: nan   Test F-score avg/max: 0.035038/0.61092
Epoch: 115/300   Train loss: nan   Test F-score avg/max: 0.035038/0.61092
Epoch: 116/300   Train loss: nan   Test F-score avg/max: 0.035038/0.61092
Epoch: 117/300   Train loss: nan   Test F-score avg/max: 0.035038/0.61092
Epoch: 118/300   Train loss: nan   Test F-score avg/max: 0.035038/0.61092
Epoch: 119/300   Train loss: nan   Test F-score avg/max: 0.035038/0.61092
Epoch: 120/300   Train loss: nan   Test F-score avg/max: 0.035038/0.61092
Epoch: 121/300   Train loss: nan   Test F-score avg/max: 0.035038/0.61092
Epoch: 122/300   Train loss: nan   Test F-score avg/max: 0.035038/0.61092
Epoch: 123/300   Train loss: nan   Test F-score avg/max: 0.035038/0.61092
Epoch: 124/300   Train loss: nan   Test F-score avg/max: 0.035038/0.61092
Epoch: 125/300   Train loss: nan   Test F-score avg/max: 0.035038/0.61092
Epoch: 126/300   Train loss: nan   Test F-score avg/max: 0.035038/0.61092
Epoch: 127/300   Train loss: nan   Test F-score avg/max: 0.035038/0.61092
Epoch: 128/300   Train loss: nan   Test F-score avg/max: 0.035038/0.61092
Epoch: 129/300   Train loss: nan   Test F-score avg/max: 0.035038/0.61092
Epoch: 130/300   Train loss: nan   Test F-score avg/max: 0.035038/0.61092
Epoch: 131/300   Train loss: nan   Test F-score avg/max: 0.035038/0.61092
Epoch: 132/300   Train loss: nan   Test F-score avg/max: 0.035038/0.61092
Epoch: 133/300   Train loss: nan   Test F-score avg/max: 0.035038/0.61092
Epoch: 134/300   Train loss: nan   Test F-score avg/max: 0.035038/0.61092
Epoch: 135/300   Train loss: nan   Test F-score avg/max: 0.035038/0.61092
Epoch: 136/300   Train loss: nan   Test F-score avg/max: 0.035038/0.61092
Epoch: 137/300   Train loss: nan   Test F-score avg/max: 0.035038/0.61092
Epoch: 138/300   Train loss: nan   Test F-score avg/max: 0.035038/0.61092
Epoch: 139/300   Train loss: nan   Test F-score avg/max: 0.035038/0.61092
Epoch: 140/300   Train loss: nan   Test F-score avg/max: 0.035038/0.61092
Epoch: 141/300   Train loss: nan   Test F-score avg/max: 0.035038/0.61092
Epoch: 142/300   Train loss: nan   Test F-score avg/max: 0.035038/0.61092
Epoch: 143/300   Train loss: nan   Test F-score avg/max: 0.035038/0.61092
Epoch: 144/300   Train loss: nan   Test F-score avg/max: 0.035038/0.61092
Epoch: 145/300   Train loss: nan   Test F-score avg/max: 0.035038/0.61092
Epoch: 146/300   Train loss: nan   Test F-score avg/max: 0.035038/0.61092
Epoch: 147/300   Train loss: nan   Test F-score avg/max: 0.035038/0.61092
Epoch: 148/300   Train loss: nan   Test F-score avg/max: 0.035038/0.61092
Epoch: 149/300   Train loss: nan   Test F-score avg/max: 0.035038/0.61092
Epoch: 150/300   Train loss: nan   Test F-score avg/max: 0.035038/0.61092
Epoch: 151/300   Train loss: nan   Test F-score avg/max: 0.035038/0.61092
WARNING:root:NaN or Inf found in input tensor.
WARNING:root:NaN or Inf found in input tensor.
WARNING:root:NaN or Inf found in input tensor.
WARNING:root:NaN or Inf found in input tensor.
WARNING:root:NaN or Inf found in input tensor.
WARNING:root:NaN or Inf found in input tensor.
WARNING:root:NaN or Inf found in input tensor.
WARNING:root:NaN or Inf found in input tensor.
WARNING:root:NaN or Inf found in input tensor.
WARNING:root:NaN or Inf found in input tensor.
WARNING:root:NaN or Inf found in input tensor.
WARNING:root:NaN or Inf found in input tensor.
WARNING:root:NaN or Inf found in input tensor.
WARNING:root:NaN or Inf found in input tensor.
WARNING:root:NaN or Inf found in input tensor.
WARNING:root:NaN or Inf found in input tensor.
WARNING:root:NaN or Inf found in input tensor.
WARNING:root:NaN or Inf found in input tensor.
WARNING:root:NaN or Inf found in input tensor.
WARNING:root:NaN or Inf found in input tensor.
WARNING:root:NaN or Inf found in input tensor.
WARNING:root:NaN or Inf found in input tensor.
WARNING:root:NaN or Inf found in input tensor.
WARNING:root:NaN or Inf found in input tensor.
WARNING:root:NaN or Inf found in input tensor.
WARNING:root:NaN or Inf found in input tensor.
WARNING:root:NaN or Inf found in input tensor.
WARNING:root:NaN or Inf found in input tensor.
WARNING:root:NaN or Inf found in input tensor.
WARNING:root:NaN or Inf found in input tensor.
WARNING:root:NaN or Inf found in input tensor.
WARNING:root:NaN or Inf found in input tensor.
WARNING:root:NaN or Inf found in input tensor.
WARNING:root:NaN or Inf found in input tensor.
WARNING:root:NaN or Inf found in input tensor.
WARNING:root:NaN or Inf found in input tensor.
WARNING:root:NaN or Inf found in input tensor.
WARNING:root:NaN or Inf found in input tensor.
WARNING:root:NaN or Inf found in input tensor.
WARNING:root:NaN or Inf found in input tensor.
WARNING:root:NaN or Inf found in input tensor.
WARNING:root:NaN or Inf found in input tensor.
WARNING:root:NaN or Inf found in input tensor.
WARNING:root:NaN or Inf found in input tensor.
WARNING:root:NaN or Inf found in input tensor.
WARNING:root:NaN or Inf found in input tensor.
WARNING:root:NaN or Inf found in input tensor.
WARNING:root:NaN or Inf found in input tensor.
WARNING:root:NaN or Inf found in input tensor.
WARNING:root:NaN or Inf found in input tensor.
WARNING:root:NaN or Inf found in input tensor.
WARNING:root:NaN or Inf found in input tensor.
WARNING:root:NaN or Inf found in input tensor.
WARNING:root:NaN or Inf found in input tensor.
WARNING:root:NaN or Inf found in input tensor.
WARNING:root:NaN or Inf found in input tensor.
WARNING:root:NaN or Inf found in input tensor.
WARNING:root:NaN or Inf found in input tensor.
WARNING:root:NaN or Inf found in input tensor.
WARNING:root:NaN or Inf found in input tensor.
WARNING:root:NaN or Inf found in input tensor.
WARNING:root:NaN or Inf found in input tensor.
WARNING:root:NaN or Inf found in input tensor.
WARNING:root:NaN or Inf found in input tensor.
WARNING:root:NaN or Inf found in input tensor.
WARNING:root:NaN or Inf found in input tensor.
WARNING:root:NaN or Inf found in input tensor.
WARNING:root:NaN or Inf found in input tensor.
WARNING:root:NaN or Inf found in input tensor.
WARNING:root:NaN or Inf found in input tensor.
WARNING:root:NaN or Inf found in input tensor.
WARNING:root:NaN or Inf found in input tensor.
WARNING:root:NaN or Inf found in input tensor.
WARNING:root:NaN or Inf found in input tensor.
WARNING:root:NaN or Inf found in input tensor.
WARNING:root:NaN or Inf found in input tensor.
WARNING:root:NaN or Inf found in input tensor.
WARNING:root:NaN or Inf found in input tensor.
WARNING:root:NaN or Inf found in input tensor.
WARNING:root:NaN or Inf found in input tensor.
WARNING:root:NaN or Inf found in input tensor.
WARNING:root:NaN or Inf found in input tensor.
WARNING:root:NaN or Inf found in input tensor.
WARNING:root:NaN or Inf found in input tensor.
WARNING:root:NaN or Inf found in input tensor.
WARNING:root:NaN or Inf found in input tensor.
WARNING:root:NaN or Inf found in input tensor.
WARNING:root:NaN or Inf found in input tensor.
WARNING:root:NaN or Inf found in input tensor.
WARNING:root:NaN or Inf found in input tensor.
WARNING:root:NaN or Inf found in input tensor.
WARNING:root:NaN or Inf found in input tensor.
WARNING:root:NaN or Inf found in input tensor.
WARNING:root:NaN or Inf found in input tensor.
WARNING:root:NaN or Inf found in input tensor.
WARNING:root:NaN or Inf found in input tensor.
WARNING:root:NaN or Inf found in input tensor.
WARNING:root:NaN or Inf found in input tensor.
WARNING:root:NaN or Inf found in input tensor.
WARNING:root:NaN or Inf found in input tensor.
WARNING:root:NaN or Inf found in input tensor.
WARNING:root:NaN or Inf found in input tensor.
WARNING:root:NaN or Inf found in input tensor.
WARNING:root:NaN or Inf found in input tensor.
WARNING:root:NaN or Inf found in input tensor.
WARNING:root:NaN or Inf found in input tensor.
WARNING:root:NaN or Inf found in input tensor.
WARNING:root:NaN or Inf found in input tensor.
WARNING:root:NaN or Inf found in input tensor.
WARNING:root:NaN or Inf found in input tensor.
WARNING:root:NaN or Inf found in input tensor.
Epoch: 152/300   Train loss: nan   Test F-score avg/max: 0.035038/0.61092
Epoch: 153/300   Train loss: nan   Test F-score avg/max: 0.035038/0.61092
Epoch: 154/300   Train loss: nan   Test F-score avg/max: 0.035038/0.61092
Epoch: 155/300   Train loss: nan   Test F-score avg/max: 0.035038/0.61092
Epoch: 156/300   Train loss: nan   Test F-score avg/max: 0.035038/0.61092
Epoch: 157/300   Train loss: nan   Test F-score avg/max: 0.035038/0.61092
Epoch: 158/300   Train loss: nan   Test F-score avg/max: 0.035038/0.61092
Epoch: 159/300   Train loss: nan   Test F-score avg/max: 0.035038/0.61092
Epoch: 160/300   Train loss: nan   Test F-score avg/max: 0.035038/0.61092
Epoch: 161/300   Train loss: nan   Test F-score avg/max: 0.035038/0.61092
Epoch: 162/300   Train loss: nan   Test F-score avg/max: 0.035038/0.61092
Epoch: 163/300   Train loss: nan   Test F-score avg/max: 0.035038/0.61092
Epoch: 164/300   Train loss: nan   Test F-score avg/max: 0.035038/0.61092
Epoch: 165/300   Train loss: nan   Test F-score avg/max: 0.035038/0.61092
Epoch: 166/300   Train loss: nan   Test F-score avg/max: 0.035038/0.61092
Epoch: 167/300   Train loss: nan   Test F-score avg/max: 0.035038/0.61092
Epoch: 168/300   Train loss: nan   Test F-score avg/max: 0.035038/0.61092
Epoch: 169/300   Train loss: nan   Test F-score avg/max: 0.035038/0.61092
Epoch: 170/300   Train loss: nan   Test F-score avg/max: 0.035038/0.61092
Epoch: 171/300   Train loss: nan   Test F-score avg/max: 0.035038/0.61092
Epoch: 172/300   Train loss: nan   Test F-score avg/max: 0.035038/0.61092
Epoch: 173/300   Train loss: nan   Test F-score avg/max: 0.035038/0.61092
Epoch: 174/300   Train loss: nan   Test F-score avg/max: 0.035038/0.61092
Epoch: 175/300   Train loss: nan   Test F-score avg/max: 0.035038/0.61092
Epoch: 176/300   Train loss: nan   Test F-score avg/max: 0.035038/0.61092
Epoch: 177/300   Train loss: nan   Test F-score avg/max: 0.035038/0.61092
Epoch: 178/300   Train loss: nan   Test F-score avg/max: 0.035038/0.61092
Epoch: 179/300   Train loss: nan   Test F-score avg/max: 0.035038/0.61092
Epoch: 180/300   Train loss: nan   Test F-score avg/max: 0.035038/0.61092
Epoch: 181/300   Train loss: nan   Test F-score avg/max: 0.035038/0.61092
Epoch: 182/300   Train loss: nan   Test F-score avg/max: 0.035038/0.61092
Epoch: 183/300   Train loss: nan   Test F-score avg/max: 0.035038/0.61092
Epoch: 184/300   Train loss: nan   Test F-score avg/max: 0.035038/0.61092
Epoch: 185/300   Train loss: nan   Test F-score avg/max: 0.035038/0.61092
Epoch: 186/300   Train loss: nan   Test F-score avg/max: 0.035038/0.61092
Epoch: 187/300   Train loss: nan   Test F-score avg/max: 0.035038/0.61092
Epoch: 188/300   Train loss: nan   Test F-score avg/max: 0.035038/0.61092
Epoch: 189/300   Train loss: nan   Test F-score avg/max: 0.035038/0.61092
Epoch: 190/300   Train loss: nan   Test F-score avg/max: 0.035038/0.61092
Epoch: 191/300   Train loss: nan   Test F-score avg/max: 0.035038/0.61092
Epoch: 192/300   Train loss: nan   Test F-score avg/max: 0.035038/0.61092
Epoch: 193/300   Train loss: nan   Test F-score avg/max: 0.035038/0.61092
Epoch: 194/300   Train loss: nan   Test F-score avg/max: 0.035038/0.61092
Epoch: 195/300   Train loss: nan   Test F-score avg/max: 0.035038/0.61092
Epoch: 196/300   Train loss: nan   Test F-score avg/max: 0.035038/0.61092
Epoch: 197/300   Train loss: nan   Test F-score avg/max: 0.035038/0.61092
Epoch: 198/300   Train loss: nan   Test F-score avg/max: 0.035038/0.61092
Epoch: 199/300   Train loss: nan   Test F-score avg/max: 0.035038/0.61092
Epoch: 200/300   Train loss: nan   Test F-score avg/max: 0.035038/0.61092
Epoch: 201/300   Train loss: nan   Test F-score avg/max: 0.035038/0.61092
Epoch: 202/300   Train loss: nan   Test F-score avg/max: 0.035038/0.61092
Epoch: 203/300   Train loss: nan   Test F-score avg/max: 0.035038/0.61092
Epoch: 204/300   Train loss: nan   Test F-score avg/max: 0.035038/0.61092
Epoch: 205/300   Train loss: nan   Test F-score avg/max: 0.035038/0.61092
Epoch: 206/300   Train loss: nan   Test F-score avg/max: 0.035038/0.61092
Epoch: 207/300   Train loss: nan   Test F-score avg/max: 0.035038/0.61092
Epoch: 208/300   Train loss: nan   Test F-score avg/max: 0.035038/0.61092
Epoch: 209/300   Train loss: nan   Test F-score avg/max: 0.035038/0.61092
Epoch: 210/300   Train loss: nan   Test F-score avg/max: 0.035038/0.61092
Epoch: 211/300   Train loss: nan   Test F-score avg/max: 0.035038/0.61092
Epoch: 212/300   Train loss: nan   Test F-score avg/max: 0.035038/0.61092
Epoch: 213/300   Train loss: nan   Test F-score avg/max: 0.035038/0.61092
Epoch: 214/300   Train loss: nan   Test F-score avg/max: 0.035038/0.61092
Epoch: 215/300   Train loss: nan   Test F-score avg/max: 0.035038/0.61092
Epoch: 216/300   Train loss: nan   Test F-score avg/max: 0.035038/0.61092
Epoch: 217/300   Train loss: nan   Test F-score avg/max: 0.035038/0.61092
Epoch: 218/300   Train loss: nan   Test F-score avg/max: 0.035038/0.61092
Epoch: 219/300   Train loss: nan   Test F-score avg/max: 0.035038/0.61092
Epoch: 220/300   Train loss: nan   Test F-score avg/max: 0.035038/0.61092
Epoch: 221/300   Train loss: nan   Test F-score avg/max: 0.035038/0.61092
Epoch: 222/300   Train loss: nan   Test F-score avg/max: 0.035038/0.61092
Epoch: 223/300   Train loss: nan   Test F-score avg/max: 0.035038/0.61092
Epoch: 224/300   Train loss: nan   Test F-score avg/max: 0.035038/0.61092
Epoch: 225/300   Train loss: nan   Test F-score avg/max: 0.035038/0.61092
Epoch: 226/300   Train loss: nan   Test F-score avg/max: 0.035038/0.61092
Epoch: 227/300   Train loss: nan   Test F-score avg/max: 0.035038/0.61092
Epoch: 228/300   Train loss: nan   Test F-score avg/max: 0.035038/0.61092
Epoch: 229/300   Train loss: nan   Test F-score avg/max: 0.035038/0.61092
Epoch: 230/300   Train loss: nan   Test F-score avg/max: 0.035038/0.61092
Epoch: 231/300   Train loss: nan   Test F-score avg/max: 0.035038/0.61092
Epoch: 232/300   Train loss: nan   Test F-score avg/max: 0.035038/0.61092
Epoch: 233/300   Train loss: nan   Test F-score avg/max: 0.035038/0.61092
Epoch: 234/300   Train loss: nan   Test F-score avg/max: 0.035038/0.61092
Epoch: 235/300   Train loss: nan   Test F-score avg/max: 0.035038/0.61092
Epoch: 236/300   Train loss: nan   Test F-score avg/max: 0.035038/0.61092
Epoch: 237/300   Train loss: nan   Test F-score avg/max: 0.035038/0.61092
Epoch: 238/300   Train loss: nan   Test F-score avg/max: 0.035038/0.61092
Epoch: 239/300   Train loss: nan   Test F-score avg/max: 0.035038/0.61092
Epoch: 240/300   Train loss: nan   Test F-score avg/max: 0.035038/0.61092
Epoch: 241/300   Train loss: nan   Test F-score avg/max: 0.035038/0.61092
Epoch: 242/300   Train loss: nan   Test F-score avg/max: 0.035038/0.61092
Epoch: 243/300   Train loss: nan   Test F-score avg/max: 0.035038/0.61092
Epoch: 244/300   Train loss: nan   Test F-score avg/max: 0.035038/0.61092
Epoch: 245/300   Train loss: nan   Test F-score avg/max: 0.035038/0.61092
Epoch: 246/300   Train loss: nan   Test F-score avg/max: 0.035038/0.61092
Epoch: 247/300   Train loss: nan   Test F-score avg/max: 0.035038/0.61092
Epoch: 248/300   Train loss: nan   Test F-score avg/max: 0.035038/0.61092
Epoch: 249/300   Train loss: nan   Test F-score avg/max: 0.035038/0.61092
Epoch: 250/300   Train loss: nan   Test F-score avg/max: 0.035038/0.61092
Epoch: 251/300   Train loss: nan   Test F-score avg/max: 0.035038/0.61092
Epoch: 252/300   Train loss: nan   Test F-score avg/max: 0.035038/0.61092
Epoch: 253/300   Train loss: nan   Test F-score avg/max: 0.035038/0.61092
Epoch: 254/300   Train loss: nan   Test F-score avg/max: 0.035038/0.61092
Epoch: 255/300   Train loss: nan   Test F-score avg/max: 0.035038/0.61092
Epoch: 256/300   Train loss: nan   Test F-score avg/max: 0.035038/0.61092
Epoch: 257/300   Train loss: nan   Test F-score avg/max: 0.035038/0.61092
Epoch: 258/300   Train loss: nan   Test F-score avg/max: 0.035038/0.61092
Epoch: 259/300   Train loss: nan   Test F-score avg/max: 0.035038/0.61092
Epoch: 260/300   Train loss: nan   Test F-score avg/max: 0.035038/0.61092
Epoch: 261/300   Train loss: nan   Test F-score avg/max: 0.035038/0.61092
Epoch: 262/300   Train loss: nan   Test F-score avg/max: 0.035038/0.61092
WARNING:root:NaN or Inf found in input tensor.
WARNING:root:NaN or Inf found in input tensor.
WARNING:root:NaN or Inf found in input tensor.
WARNING:root:NaN or Inf found in input tensor.
WARNING:root:NaN or Inf found in input tensor.
WARNING:root:NaN or Inf found in input tensor.
WARNING:root:NaN or Inf found in input tensor.
WARNING:root:NaN or Inf found in input tensor.
WARNING:root:NaN or Inf found in input tensor.
WARNING:root:NaN or Inf found in input tensor.
WARNING:root:NaN or Inf found in input tensor.
WARNING:root:NaN or Inf found in input tensor.
WARNING:root:NaN or Inf found in input tensor.
WARNING:root:NaN or Inf found in input tensor.
WARNING:root:NaN or Inf found in input tensor.
WARNING:root:NaN or Inf found in input tensor.
WARNING:root:NaN or Inf found in input tensor.
WARNING:root:NaN or Inf found in input tensor.
WARNING:root:NaN or Inf found in input tensor.
WARNING:root:NaN or Inf found in input tensor.
WARNING:root:NaN or Inf found in input tensor.
WARNING:root:NaN or Inf found in input tensor.
WARNING:root:NaN or Inf found in input tensor.
WARNING:root:NaN or Inf found in input tensor.
WARNING:root:NaN or Inf found in input tensor.
WARNING:root:NaN or Inf found in input tensor.
WARNING:root:NaN or Inf found in input tensor.
WARNING:root:NaN or Inf found in input tensor.
WARNING:root:NaN or Inf found in input tensor.
WARNING:root:NaN or Inf found in input tensor.
WARNING:root:NaN or Inf found in input tensor.
WARNING:root:NaN or Inf found in input tensor.
WARNING:root:NaN or Inf found in input tensor.
WARNING:root:NaN or Inf found in input tensor.
WARNING:root:NaN or Inf found in input tensor.
WARNING:root:NaN or Inf found in input tensor.
WARNING:root:NaN or Inf found in input tensor.
mv: cannot stat 'i3d_features/models_temp/tvsum_splits_0/49_*.pth.tar': No such file or directory
Epoch: 263/300   Train loss: nan   Test F-score avg/max: 0.035038/0.61092
Epoch: 264/300   Train loss: nan   Test F-score avg/max: 0.035038/0.61092
Epoch: 265/300   Train loss: nan   Test F-score avg/max: 0.035038/0.61092
Epoch: 266/300   Train loss: nan   Test F-score avg/max: 0.035038/0.61092
Epoch: 267/300   Train loss: nan   Test F-score avg/max: 0.035038/0.61092
Epoch: 268/300   Train loss: nan   Test F-score avg/max: 0.035038/0.61092
Epoch: 269/300   Train loss: nan   Test F-score avg/max: 0.035038/0.61092
Epoch: 270/300   Train loss: nan   Test F-score avg/max: 0.035038/0.61092
Epoch: 271/300   Train loss: nan   Test F-score avg/max: 0.035038/0.61092
Epoch: 272/300   Train loss: nan   Test F-score avg/max: 0.035038/0.61092
Epoch: 273/300   Train loss: nan   Test F-score avg/max: 0.035038/0.61092
Epoch: 274/300   Train loss: nan   Test F-score avg/max: 0.035038/0.61092
Epoch: 275/300   Train loss: nan   Test F-score avg/max: 0.035038/0.61092
Epoch: 276/300   Train loss: nan   Test F-score avg/max: 0.035038/0.61092
Epoch: 277/300   Train loss: nan   Test F-score avg/max: 0.035038/0.61092
Epoch: 278/300   Train loss: nan   Test F-score avg/max: 0.035038/0.61092
Epoch: 279/300   Train loss: nan   Test F-score avg/max: 0.035038/0.61092
Epoch: 280/300   Train loss: nan   Test F-score avg/max: 0.035038/0.61092
Epoch: 281/300   Train loss: nan   Test F-score avg/max: 0.035038/0.61092
Epoch: 282/300   Train loss: nan   Test F-score avg/max: 0.035038/0.61092
Epoch: 283/300   Train loss: nan   Test F-score avg/max: 0.035038/0.61092
Epoch: 284/300   Train loss: nan   Test F-score avg/max: 0.035038/0.61092
Epoch: 285/300   Train loss: nan   Test F-score avg/max: 0.035038/0.61092
Epoch: 286/300   Train loss: nan   Test F-score avg/max: 0.035038/0.61092
Epoch: 287/300   Train loss: nan   Test F-score avg/max: 0.035038/0.61092
Epoch: 288/300   Train loss: nan   Test F-score avg/max: 0.035038/0.61092
Epoch: 289/300   Train loss: nan   Test F-score avg/max: 0.035038/0.61092
Epoch: 290/300   Train loss: nan   Test F-score avg/max: 0.035038/0.61092
Epoch: 291/300   Train loss: nan   Test F-score avg/max: 0.035038/0.61092
Epoch: 292/300   Train loss: nan   Test F-score avg/max: 0.035038/0.61092
Epoch: 293/300   Train loss: nan   Test F-score avg/max: 0.035038/0.61092
Epoch: 294/300   Train loss: nan   Test F-score avg/max: 0.035038/0.61092
Epoch: 295/300   Train loss: nan   Test F-score avg/max: 0.035038/0.61092
Epoch: 296/300   Train loss: nan   Test F-score avg/max: 0.035038/0.61092
Epoch: 297/300   Train loss: nan   Test F-score avg/max: 0.035038/0.61092
Epoch: 298/300   Train loss: nan   Test F-score avg/max: 0.035038/0.61092
Epoch: 299/300   Train loss: nan   Test F-score avg/max: 0.035038/0.61092
Split: splits/tvsum_splits.json   Best F-score: 0.61092   Model: i3d_features/models/tvsum_splits_0_0.6109181322849141.tar.pth
Setting CUDA device:  0
['../SUM-GAN-AAE/data/TVSum/tvsum_i3d_mixed5c_aligned.h5']
../SUM-GAN-AAE/data/TVSum/tvsum_i3d_mixed5c_aligned.h5
Loading: ../SUM-GAN-AAE/data/TVSum/tvsum_i3d_mixed5c_aligned.h5
Loading splits from:  splits/tvsum_splits.json
Selecting split:  1
tvsum
../SUM-GAN-AAE/data/SumMe/summe_i3d_mixed5c_aligned.h5
../SUM-GAN-AAE/data/TVSum/tvsum_i3d_mixed5c_aligned.h5
Initializing VASNet model and optimizer...
Starting training...
Epoch: 0/300    Train loss: 0.18528   Test F-score avg/max: 0.02655/0.02655
Epoch: 1/300    Train loss: 0.18334   Test F-score avg/max: 0.02655/0.02655
Epoch: 2/300    Train loss: 0.18334   Test F-score avg/max: 0.02655/0.02655
Epoch: 3/300    Train loss: 0.18334   Test F-score avg/max: 0.02655/0.02655
Epoch: 4/300    Train loss: 0.18334   Test F-score avg/max: 0.02655/0.02655
Epoch: 5/300    Train loss: 0.18334   Test F-score avg/max: 0.02655/0.02655
Epoch: 6/300    Train loss: 0.18334   Test F-score avg/max: 0.02655/0.02655
Epoch: 7/300    Train loss: 0.18334   Test F-score avg/max: 0.02655/0.02655
Epoch: 8/300    Train loss: 0.18334   Test F-score avg/max: 0.02655/0.02655
Epoch: 9/300    Train loss: 0.18334   Test F-score avg/max: 0.02655/0.02655
Epoch: 10/300   Train loss: 0.18334   Test F-score avg/max: 0.02655/0.02655
Epoch: 11/300   Train loss: 0.18334   Test F-score avg/max: 0.02655/0.02655
Epoch: 12/300   Train loss: 0.18334   Test F-score avg/max: 0.02655/0.02655
Epoch: 13/300   Train loss: 0.18334   Test F-score avg/max: 0.02655/0.02655
Epoch: 14/300   Train loss: 0.32737   Test F-score avg/max: 0.59343/0.59343
Epoch: 15/300   Train loss: 0.47183   Test F-score avg/max: 0.59343/0.59343
Epoch: 16/300   Train loss: 0.47183   Test F-score avg/max: 0.59343/0.59343
Epoch: 17/300   Train loss: 0.47183   Test F-score avg/max: 0.59343/0.59343
Epoch: 18/300   Train loss: 0.47183   Test F-score avg/max: 0.59343/0.59343
Epoch: 19/300   Train loss: 0.47183   Test F-score avg/max: 0.59343/0.59343
Epoch: 20/300   Train loss: 0.47183   Test F-score avg/max: 0.59343/0.59343
Epoch: 21/300   Train loss: 0.47183   Test F-score avg/max: 0.59343/0.59343
Epoch: 22/300   Train loss: 0.47183   Test F-score avg/max: 0.59343/0.59343
Epoch: 23/300   Train loss: 0.23493   Test F-score avg/max: 0.02655/0.59343
Epoch: 24/300   Train loss: 0.18334   Test F-score avg/max: 0.02655/0.59343
Epoch: 25/300   Train loss: 0.18334   Test F-score avg/max: 0.02655/0.59343
Epoch: 26/300   Train loss: 0.18334   Test F-score avg/max: 0.02655/0.59343
Epoch: 27/300   Train loss: 0.18334   Test F-score avg/max: 0.02655/0.59343
Epoch: 28/300   Train loss: 0.18334   Test F-score avg/max: 0.02655/0.59343
Epoch: 29/300   Train loss: 0.18334   Test F-score avg/max: 0.02655/0.59343
Epoch: 30/300   Train loss: 0.18334   Test F-score avg/max: 0.02655/0.59343
Epoch: 31/300   Train loss: 0.18334   Test F-score avg/max: 0.02655/0.59343
Epoch: 32/300   Train loss: 0.18334   Test F-score avg/max: 0.02655/0.59343
Epoch: 33/300   Train loss: 0.18334   Test F-score avg/max: 0.02655/0.59343
Epoch: 34/300   Train loss: 0.18333   Test F-score avg/max: 0.02655/0.59343
Epoch: 35/300   Train loss: 0.18333   Test F-score avg/max: 0.02655/0.59343
Epoch: 36/300   Train loss: 0.18332   Test F-score avg/max: 0.02655/0.59343
Epoch: 37/300   Train loss: 0.18331   Test F-score avg/max: 0.02655/0.59343
Epoch: 38/300   Train loss: 0.18321   Test F-score avg/max: 0.02655/0.59343
Epoch: 39/300   Train loss: 0.10167   Test F-score avg/max: 0.61254/0.61254
Epoch: 40/300   Train loss: 0.06002   Test F-score avg/max: 0.61624/0.61624
Epoch: 41/300   Train loss: 0.05917   Test F-score avg/max: 0.599/0.61624
Epoch: 42/300   Train loss: 0.05769   Test F-score avg/max: 0.61446/0.61624
Epoch: 43/300   Train loss: 0.05799   Test F-score avg/max: 0.60851/0.61624
Epoch: 44/300   Train loss: 0.05732   Test F-score avg/max: 0.62198/0.62198
Epoch: 45/300   Train loss: 0.05772   Test F-score avg/max: 0.61985/0.62198
Epoch: 46/300   Train loss: 0.05742   Test F-score avg/max: 0.61632/0.62198
Epoch: 47/300   Train loss: 0.05775   Test F-score avg/max: 0.60459/0.62198
Epoch: 48/300   Train loss: 0.05709   Test F-score avg/max: 0.6057/0.62198
Epoch: 49/300   Train loss: 0.05721   Test F-score avg/max: 0.62005/0.62198
Epoch: 50/300   Train loss: 0.05728   Test F-score avg/max: 0.61452/0.62198
Epoch: 51/300   Train loss: 0.05712   Test F-score avg/max: 0.60823/0.62198
Epoch: 52/300   Train loss: 0.05732   Test F-score avg/max: 0.61162/0.62198
Epoch: 53/300   Train loss: 0.05742   Test F-score avg/max: 0.60279/0.62198
Epoch: 54/300   Train loss: 0.05688   Test F-score avg/max: 0.60677/0.62198
Epoch: 55/300   Train loss: 0.05716   Test F-score avg/max: 0.60718/0.62198
Epoch: 56/300   Train loss: 0.05740   Test F-score avg/max: 0.63154/0.63154
Epoch: 57/300   Train loss: 0.05739   Test F-score avg/max: 0.62594/0.63154
Epoch: 58/300   Train loss: 0.05705   Test F-score avg/max: 0.61465/0.63154
Epoch: 59/300   Train loss: 0.05733   Test F-score avg/max: 0.63178/0.63178
Epoch: 60/300   Train loss: 0.05706   Test F-score avg/max: 0.61338/0.63178
Epoch: 61/300   Train loss: 0.05735   Test F-score avg/max: 0.61131/0.63178
Epoch: 62/300   Train loss: 0.05695   Test F-score avg/max: 0.62818/0.63178
Epoch: 63/300   Train loss: 0.05741   Test F-score avg/max: 0.62792/0.63178
Epoch: 64/300   Train loss: 0.05750   Test F-score avg/max: 0.60299/0.63178
WARNING:root:NaN or Inf found in input tensor.
WARNING:root:NaN or Inf found in input tensor.
WARNING:root:NaN or Inf found in input tensor.
WARNING:root:NaN or Inf found in input tensor.
WARNING:root:NaN or Inf found in input tensor.
WARNING:root:NaN or Inf found in input tensor.
WARNING:root:NaN or Inf found in input tensor.
WARNING:root:NaN or Inf found in input tensor.
WARNING:root:NaN or Inf found in input tensor.
WARNING:root:NaN or Inf found in input tensor.
WARNING:root:NaN or Inf found in input tensor.
WARNING:root:NaN or Inf found in input tensor.
WARNING:root:NaN or Inf found in input tensor.
WARNING:root:NaN or Inf found in input tensor.
WARNING:root:NaN or Inf found in input tensor.
WARNING:root:NaN or Inf found in input tensor.
WARNING:root:NaN or Inf found in input tensor.
WARNING:root:NaN or Inf found in input tensor.
WARNING:root:NaN or Inf found in input tensor.
WARNING:root:NaN or Inf found in input tensor.
Epoch: 65/300   Train loss: 0.05677   Test F-score avg/max: 0.62509/0.63178
Epoch: 66/300   Train loss: 0.05720   Test F-score avg/max: 0.635/0.635
Epoch: 67/300   Train loss: 0.05712   Test F-score avg/max: 0.62163/0.635
Epoch: 68/300   Train loss: 0.05684   Test F-score avg/max: 0.62903/0.635
Epoch: 69/300   Train loss: 0.05674   Test F-score avg/max: 0.62851/0.635
Epoch: 70/300   Train loss: 0.05674   Test F-score avg/max: 0.63349/0.635
Epoch: 71/300   Train loss: 0.05631   Test F-score avg/max: 0.61289/0.635
Epoch: 72/300   Train loss: 0.05693   Test F-score avg/max: 0.62248/0.635
Epoch: 73/300   Train loss: 0.05699   Test F-score avg/max: 0.62764/0.635
Epoch: 74/300   Train loss: 0.05612   Test F-score avg/max: 0.62281/0.635
Epoch: 75/300   Train loss: 0.05789   Test F-score avg/max: 0.62635/0.635
Epoch: 76/300   Train loss: 0.05676   Test F-score avg/max: 0.62494/0.635
Epoch: 77/300   Train loss: 0.05628   Test F-score avg/max: 0.6192/0.635
Epoch: 78/300   Train loss: 0.05544   Test F-score avg/max: 0.62934/0.635
Epoch: 79/300   Train loss: 0.05729   Test F-score avg/max: 0.62457/0.635
Epoch: 80/300   Train loss: 0.05727   Test F-score avg/max: 0.61968/0.635
Epoch: 81/300   Train loss: 0.05639   Test F-score avg/max: 0.61994/0.635
Epoch: 82/300   Train loss: 0.05640   Test F-score avg/max: 0.63877/0.63877
Epoch: 83/300   Train loss: 0.05521   Test F-score avg/max: 0.63319/0.63877
Epoch: 84/300   Train loss: 0.05691   Test F-score avg/max: 0.6221/0.63877
Epoch: 85/300   Train loss: 0.05728   Test F-score avg/max: 0.62634/0.63877
Epoch: 86/300   Train loss: 0.05679   Test F-score avg/max: 0.63303/0.63877
Epoch: 87/300   Train loss: 0.05627   Test F-score avg/max: 0.64015/0.64015
Epoch: 88/300   Train loss: 0.05606   Test F-score avg/max: 0.64015/0.64015
Epoch: 89/300   Train loss: 0.05600   Test F-score avg/max: 0.64218/0.64218
Epoch: 90/300   Train loss: 0.05524   Test F-score avg/max: 0.63215/0.64218
Epoch: 91/300   Train loss: 0.05548   Test F-score avg/max: 0.64016/0.64218
Epoch: 92/300   Train loss: 0.05580   Test F-score avg/max: 0.64189/0.64218
Epoch: 93/300   Train loss: 0.05641   Test F-score avg/max: 0.63895/0.64218
Epoch: 94/300   Train loss: 0.05600   Test F-score avg/max: 0.63895/0.64218
Epoch: 95/300   Train loss: 0.05666   Test F-score avg/max: 0.64178/0.64218
Epoch: 96/300   Train loss: 0.05684   Test F-score avg/max: 0.62928/0.64218
Epoch: 97/300   Train loss: 0.05505   Test F-score avg/max: 0.63054/0.64218
Epoch: 98/300   Train loss: 0.05471   Test F-score avg/max: 0.63889/0.64218
Epoch: 99/300   Train loss: 0.05554   Test F-score avg/max: 0.63637/0.64218
Epoch: 100/300   Train loss: 0.05496   Test F-score avg/max: 0.62338/0.64218
Epoch: 101/300   Train loss: 0.05494   Test F-score avg/max: 0.62851/0.64218
Epoch: 102/300   Train loss: 0.05000   Test F-score avg/max: 0.56143/0.64218
Epoch: 103/300   Train loss: 0.04746   Test F-score avg/max: 0.57625/0.64218
Epoch: 104/300   Train loss: 0.04574   Test F-score avg/max: 0.56855/0.64218
Epoch: 105/300   Train loss: 0.04470   Test F-score avg/max: 0.58781/0.64218
Epoch: 106/300   Train loss: 0.04223   Test F-score avg/max: 0.55956/0.64218
Epoch: 107/300   Train loss: 0.04157   Test F-score avg/max: 0.55822/0.64218
Epoch: 108/300   Train loss: 0.04112   Test F-score avg/max: 0.5557/0.64218
Epoch: 109/300   Train loss: 0.03918   Test F-score avg/max: 0.56701/0.64218
Epoch: 110/300   Train loss: 0.03684   Test F-score avg/max: 0.57891/0.64218
Epoch: 111/300   Train loss: 0.03631   Test F-score avg/max: 0.5934/0.64218
Epoch: 112/300   Train loss: 0.03633   Test F-score avg/max: 0.54303/0.64218
Epoch: 113/300   Train loss: 0.03495   Test F-score avg/max: 0.55353/0.64218
Epoch: 114/300   Train loss: 0.03376   Test F-score avg/max: 0.56353/0.64218
Epoch: 115/300   Train loss: 0.03176   Test F-score avg/max: 0.55899/0.64218
Epoch: 116/300   Train loss: 0.03165   Test F-score avg/max: 0.55762/0.64218
Epoch: 117/300   Train loss: 0.03012   Test F-score avg/max: 0.54103/0.64218
Epoch: 118/300   Train loss: 0.03207   Test F-score avg/max: 0.56687/0.64218
Epoch: 119/300   Train loss: 0.03202   Test F-score avg/max: 0.57075/0.64218
Epoch: 120/300   Train loss: 0.02922   Test F-score avg/max: 0.56146/0.64218
Epoch: 121/300   Train loss: 0.02793   Test F-score avg/max: 0.54321/0.64218
Epoch: 122/300   Train loss: 0.02840   Test F-score avg/max: 0.53867/0.64218
Epoch: 123/300   Train loss: 0.02639   Test F-score avg/max: 0.55623/0.64218
Epoch: 124/300   Train loss: 0.02594   Test F-score avg/max: 0.54648/0.64218
Epoch: 125/300   Train loss: 0.02555   Test F-score avg/max: 0.52278/0.64218
Epoch: 126/300   Train loss: 0.02501   Test F-score avg/max: 0.54097/0.64218
Epoch: 127/300   Train loss: 0.02568   Test F-score avg/max: 0.54582/0.64218
Epoch: 128/300   Train loss: 0.02508   Test F-score avg/max: 0.53436/0.64218
Epoch: 129/300   Train loss: 0.02447   Test F-score avg/max: 0.52641/0.64218
Epoch: 130/300   Train loss: 0.02350   Test F-score avg/max: 0.50902/0.64218
Epoch: 131/300   Train loss: 0.02341   Test F-score avg/max: 0.55377/0.64218
Epoch: 132/300   Train loss: 0.02474   Test F-score avg/max: 0.51724/0.64218
Epoch: 133/300   Train loss: 0.02422   Test F-score avg/max: 0.53952/0.64218
Epoch: 134/300   Train loss: 0.02251   Test F-score avg/max: 0.52719/0.64218
Epoch: 135/300   Train loss: 0.02211   Test F-score avg/max: 0.52235/0.64218
Epoch: 136/300   Train loss: 0.02631   Test F-score avg/max: 0.53226/0.64218
Epoch: 137/300   Train loss: 0.02287   Test F-score avg/max: 0.54293/0.64218
Epoch: 138/300   Train loss: 0.02271   Test F-score avg/max: 0.52881/0.64218
Epoch: 139/300   Train loss: 0.02196   Test F-score avg/max: 0.52835/0.64218
Epoch: 140/300   Train loss: 0.02087   Test F-score avg/max: 0.52257/0.64218
Epoch: 141/300   Train loss: 0.02082   Test F-score avg/max: 0.55122/0.64218
Epoch: 142/300   Train loss: 0.02002   Test F-score avg/max: 0.51748/0.64218
Epoch: 143/300   Train loss: 0.02029   Test F-score avg/max: 0.53916/0.64218
Epoch: 144/300   Train loss: 0.01941   Test F-score avg/max: 0.5227/0.64218
Epoch: 145/300   Train loss: 0.01965   Test F-score avg/max: 0.52869/0.64218
Epoch: 146/300   Train loss: 0.01981   Test F-score avg/max: 0.53764/0.64218
Epoch: 147/300   Train loss: 0.01994   Test F-score avg/max: 0.54951/0.64218
Epoch: 148/300   Train loss: 0.02052   Test F-score avg/max: 0.52981/0.64218
Epoch: 149/300   Train loss: 0.01979   Test F-score avg/max: 0.52872/0.64218
Epoch: 150/300   Train loss: 0.01965   Test F-score avg/max: 0.54674/0.64218
Epoch: 151/300   Train loss: 0.01852   Test F-score avg/max: 0.54091/0.64218
Epoch: 152/300   Train loss: 0.01808   Test F-score avg/max: 0.50056/0.64218
Epoch: 153/300   Train loss: nan   Test F-score avg/max: 0.02655/0.64218
Epoch: 154/300   Train loss: nan   Test F-score avg/max: 0.02655/0.64218
Epoch: 155/300   Train loss: nan   Test F-score avg/max: 0.02655/0.64218
Epoch: 156/300   Train loss: nan   Test F-score avg/max: 0.02655/0.64218
Epoch: 157/300   Train loss: nan   Test F-score avg/max: 0.02655/0.64218
Epoch: 158/300   Train loss: nan   Test F-score avg/max: 0.02655/0.64218
Epoch: 159/300   Train loss: nan   Test F-score avg/max: 0.02655/0.64218
Epoch: 160/300   Train loss: nan   Test F-score avg/max: 0.02655/0.64218
Epoch: 161/300   Train loss: nan   Test F-score avg/max: 0.02655/0.64218
Epoch: 162/300   Train loss: nan   Test F-score avg/max: 0.02655/0.64218
Epoch: 163/300   Train loss: nan   Test F-score avg/max: 0.02655/0.64218
Epoch: 164/300   Train loss: nan   Test F-score avg/max: 0.02655/0.64218
Epoch: 165/300   Train loss: nan   Test F-score avg/max: 0.02655/0.64218
Epoch: 166/300   Train loss: nan   Test F-score avg/max: 0.02655/0.64218
Epoch: 167/300   Train loss: nan   Test F-score avg/max: 0.02655/0.64218
Epoch: 168/300   Train loss: nan   Test F-score avg/max: 0.02655/0.64218
Epoch: 169/300   Train loss: nan   Test F-score avg/max: 0.02655/0.64218
Epoch: 170/300   Train loss: nan   Test F-score avg/max: 0.02655/0.64218
Epoch: 171/300   Train loss: nan   Test F-score avg/max: 0.02655/0.64218
Epoch: 172/300   Train loss: nan   Test F-score avg/max: 0.02655/0.64218
WARNING:root:NaN or Inf found in input tensor.
WARNING:root:NaN or Inf found in input tensor.
WARNING:root:NaN or Inf found in input tensor.
WARNING:root:NaN or Inf found in input tensor.
WARNING:root:NaN or Inf found in input tensor.
WARNING:root:NaN or Inf found in input tensor.
WARNING:root:NaN or Inf found in input tensor.
WARNING:root:NaN or Inf found in input tensor.
WARNING:root:NaN or Inf found in input tensor.
WARNING:root:NaN or Inf found in input tensor.
WARNING:root:NaN or Inf found in input tensor.
WARNING:root:NaN or Inf found in input tensor.
WARNING:root:NaN or Inf found in input tensor.
